<Event xmlns="http://schemas.microsoft.com/win/2004/08/events/event"><System><Provider Name="Microsoft-Windows-Security-Auditing" Guid="{54849625-5478-4994-a5ba-3e3b0328c30d}"></Provider>
<EventID Qualifiers="">4698</EventID>
<Version>1</Version>
<Level>0</Level>
<Task>12804</Task>
<Opcode>0</Opcode>
<Keywords>0x8020000000000000</Keywords>
<TimeCreated SystemTime="2024-07-15 16:33:46.792210+00:00"></TimeCreated>
<EventRecordID>169581</EventRecordID>
<Correlation ActivityID="{5c5fefd0-d6cd-0000-eaf0-5f5ccdd6da01}" RelatedActivityID=""></Correlation>
<Execution ProcessID="684" ThreadID="6568"></Execution>
<Channel>Security</Channel>
<Computer>DESKTOP-EKVR84B</Computer>
<Security UserID=""></Security>
</System>
<EventData><Data Name="SubjectUserSid">S-1-5-21-3576963320-1344788273-4164204335-1001</Data>
<Data Name="SubjectUserName">user</Data>
<Data Name="SubjectDomainName">DESKTOP-EKVR84B</Data>
<Data Name="SubjectLogonId">0x000000000005a428</Data>
<Data Name="TaskName">\Microsoft\VisualStudio\Updates\BackgroundDownload</Data>
<Data Name="TaskContent">&lt;?xml version="1.0" encoding="UTF-16"?&gt;
&lt;Task version="1.2" xmlns="http://schemas.microsoft.com/windows/2004/02/mit/task"&gt;
  &lt;RegistrationInfo&gt;
    &lt;Author&gt;Microsoft Visual Studio&lt;/Author&gt;
    &lt;URI&gt;\Microsoft\VisualStudio\Updates\BackgroundDownload&lt;/URI&gt;
  &lt;/RegistrationInfo&gt;
  &lt;Triggers&gt;
    &lt;IdleTrigger&gt;
      &lt;Enabled&gt;true&lt;/Enabled&gt;
    &lt;/IdleTrigger&gt;
  &lt;/Triggers&gt;
  &lt;Principals&gt;
    &lt;Principal id="Author"&gt;
      &lt;LogonType&gt;InteractiveToken&lt;/LogonType&gt;
      &lt;RunLevel&gt;LeastPrivilege&lt;/RunLevel&gt;
      &lt;UserId&gt;DESKTOP-EKVR84B\user&lt;/UserId&gt;
    &lt;/Principal&gt;
  &lt;/Principals&gt;
  &lt;Settings&gt;
    &lt;MultipleInstancesPolicy&gt;IgnoreNew&lt;/MultipleInstancesPolicy&gt;
    &lt;DisallowStartIfOnBatteries&gt;true&lt;/DisallowStartIfOnBatteries&gt;
    &lt;StopIfGoingOnBatteries&gt;false&lt;/StopIfGoingOnBatteries&gt;
    &lt;AllowHardTerminate&gt;true&lt;/AllowHardTerminate&gt;
    &lt;StartWhenAvailable&gt;false&lt;/StartWhenAvailable&gt;
    &lt;RunOnlyIfNetworkAvailable&gt;true&lt;/RunOnlyIfNetworkAvailable&gt;
    &lt;IdleSettings&gt;
      &lt;Duration&gt;PT10M&lt;/Duration&gt;
      &lt;WaitTimeout&gt;PT1H&lt;/WaitTimeout&gt;
      &lt;StopOnIdleEnd&gt;false&lt;/StopOnIdleEnd&gt;
      &lt;RestartOnIdle&gt;false&lt;/RestartOnIdle&gt;
    &lt;/IdleSettings&gt;
    &lt;AllowStartOnDemand&gt;true&lt;/AllowStartOnDemand&gt;
    &lt;Enabled&gt;true&lt;/Enabled&gt;
    &lt;Hidden&gt;true&lt;/Hidden&gt;
    &lt;RunOnlyIfIdle&gt;true&lt;/RunOnlyIfIdle&gt;
    &lt;WakeToRun&gt;false&lt;/WakeToRun&gt;
    &lt;ExecutionTimeLimit&gt;PT24H&lt;/ExecutionTimeLimit&gt;
    &lt;Priority&gt;7&lt;/Priority&gt;
  &lt;/Settings&gt;
  &lt;Actions Context="Author"&gt;
    &lt;Exec&gt;
      &lt;Command&gt;C:\Program Files (x86)\Microsoft Visual Studio\Installer\resources\app\ServiceHub\Services\Microsoft.VisualStudio.Setup.Service\BackgroundDownload.exe&lt;/Command&gt;
    &lt;/Exec&gt;
  &lt;/Actions&gt;
&lt;/Task&gt;</Data>
<Data Name="ClientProcessStartKey">10414574138295899</Data>
<Data Name="ClientProcessId">7536</Data>
<Data Name="ParentProcessId">4776</Data>
<Data Name="RpcCallClientLocality">0</Data>
<Data Name="FQDN">DESKTOP-EKVR84B</Data>
</EventData>
</Event>

<Event xmlns="http://schemas.microsoft.com/win/2004/08/events/event"><System><Provider Name="Microsoft-Windows-Security-Auditing" Guid="{54849625-5478-4994-a5ba-3e3b0328c30d}"></Provider>
<EventID Qualifiers="">4702</EventID>
<Version>1</Version>
<Level>0</Level>
<Task>12804</Task>
<Opcode>0</Opcode>
<Keywords>0x8020000000000000</Keywords>
<TimeCreated SystemTime="2024-07-15 16:33:47.169590+00:00"></TimeCreated>
<EventRecordID>169582</EventRecordID>
<Correlation ActivityID="{5c5fefd0-d6cd-0000-eaf0-5f5ccdd6da01}" RelatedActivityID=""></Correlation>
<Execution ProcessID="684" ThreadID="8800"></Execution>
<Channel>Security</Channel>
<Computer>DESKTOP-EKVR84B</Computer>
<Security UserID=""></Security>
</System>
<EventData><Data Name="SubjectUserSid">S-1-5-21-3576963320-1344788273-4164204335-1001</Data>
<Data Name="SubjectUserName">user</Data>
<Data Name="SubjectDomainName">DESKTOP-EKVR84B</Data>
<Data Name="SubjectLogonId">0x000000000005a428</Data>
<Data Name="TaskName">\Microsoft\Windows\.NET Framework\.NET Framework NGEN v4.0.30319</Data>
<Data Name="TaskContentNew">&lt;?xml version="1.0" encoding="UTF-16"?&gt;
&lt;Task version="1.6" xmlns="http://schemas.microsoft.com/windows/2004/02/mit/task"&gt;
  &lt;RegistrationInfo&gt;
    &lt;Date&gt;2010-09-30T14:53:37.9516706&lt;/Date&gt;
    &lt;URI&gt;\Microsoft\Windows\.NET Framework\.NET Framework NGEN v4.0.30319&lt;/URI&gt;
    &lt;SecurityDescriptor&gt;D:(A;OICI;FA;;;BA)(A;OICI;FA;;;SY)(A;OICI;GR;;;AU)(A;;FRFX;;;LS)&lt;/SecurityDescriptor&gt;
  &lt;/RegistrationInfo&gt;
  &lt;Triggers /&gt;
  &lt;Principals&gt;
    &lt;Principal id="Author"&gt;
      &lt;RunLevel&gt;LeastPrivilege&lt;/RunLevel&gt;
      &lt;UserId&gt;SYSTEM&lt;/UserId&gt;
    &lt;/Principal&gt;
  &lt;/Principals&gt;
  &lt;Settings&gt;
    &lt;MultipleInstancesPolicy&gt;IgnoreNew&lt;/MultipleInstancesPolicy&gt;
    &lt;DisallowStartIfOnBatteries&gt;true&lt;/DisallowStartIfOnBatteries&gt;
    &lt;StopIfGoingOnBatteries&gt;true&lt;/StopIfGoingOnBatteries&gt;
    &lt;AllowHardTerminate&gt;true&lt;/AllowHardTerminate&gt;
    &lt;StartWhenAvailable&gt;false&lt;/StartWhenAvailable&gt;
    &lt;RunOnlyIfNetworkAvailable&gt;false&lt;/RunOnlyIfNetworkAvailable&gt;
    &lt;IdleSettings&gt;
      &lt;StopOnIdleEnd&gt;true&lt;/StopOnIdleEnd&gt;
      &lt;RestartOnIdle&gt;false&lt;/RestartOnIdle&gt;
    &lt;/IdleSettings&gt;
    &lt;AllowStartOnDemand&gt;true&lt;/AllowStartOnDemand&gt;
    &lt;Enabled&gt;true&lt;/Enabled&gt;
    &lt;Hidden&gt;true&lt;/Hidden&gt;
    &lt;RunOnlyIfIdle&gt;false&lt;/RunOnlyIfIdle&gt;
    &lt;DisallowStartOnRemoteAppSession&gt;false&lt;/DisallowStartOnRemoteAppSession&gt;
    &lt;UseUnifiedSchedulingEngine&gt;true&lt;/UseUnifiedSchedulingEngine&gt;
    &lt;MaintenanceSettings&gt;
      &lt;Period&gt;P1D&lt;/Period&gt;
      &lt;Deadline&gt;P2D&lt;/Deadline&gt;
      &lt;Exclusive&gt;false&lt;/Exclusive&gt;
    &lt;/MaintenanceSettings&gt;
    &lt;WakeToRun&gt;false&lt;/WakeToRun&gt;
    &lt;ExecutionTimeLimit&gt;PT2H&lt;/ExecutionTimeLimit&gt;
    &lt;Priority&gt;7&lt;/Priority&gt;
  &lt;/Settings&gt;
  &lt;Actions Context="Author"&gt;
    &lt;ComHandler&gt;
      &lt;ClassId&gt;{84F0FAE1-C27B-4F6F-807B-28CF6F96287D}&lt;/ClassId&gt;
      &lt;Data&gt;&lt;![CDATA[/RuntimeWide]]&gt;&lt;/Data&gt;
    &lt;/ComHandler&gt;
  &lt;/Actions&gt;
&lt;/Task&gt;</Data>
<Data Name="ClientProcessStartKey">10414574138295901</Data>
<Data Name="ClientProcessId">6424</Data>
<Data Name="ParentProcessId">7536</Data>
<Data Name="RpcCallClientLocality">0</Data>
<Data Name="FQDN">DESKTOP-EKVR84B</Data>
</EventData>
</Event>

<Event xmlns="http://schemas.microsoft.com/win/2004/08/events/event"><System><Provider Name="Microsoft-Windows-Security-Auditing" Guid="{54849625-5478-4994-a5ba-3e3b0328c30d}"></Provider>
<EventID Qualifiers="">4702</EventID>
<Version>1</Version>
<Level>0</Level>
<Task>12804</Task>
<Opcode>0</Opcode>
<Keywords>0x8020000000000000</Keywords>
<TimeCreated SystemTime="2024-07-15 16:33:47.344553+00:00"></TimeCreated>
<EventRecordID>169583</EventRecordID>
<Correlation ActivityID="{5c5fefd0-d6cd-0000-eaf0-5f5ccdd6da01}" RelatedActivityID=""></Correlation>
<Execution ProcessID="684" ThreadID="8800"></Execution>
<Channel>Security</Channel>
<Computer>DESKTOP-EKVR84B</Computer>
<Security UserID=""></Security>
</System>
<EventData><Data Name="SubjectUserSid">S-1-5-21-3576963320-1344788273-4164204335-1001</Data>
<Data Name="SubjectUserName">user</Data>
<Data Name="SubjectDomainName">DESKTOP-EKVR84B</Data>
<Data Name="SubjectLogonId">0x000000000005a428</Data>
<Data Name="TaskName">\Microsoft\Windows\.NET Framework\.NET Framework NGEN v4.0.30319 64</Data>
<Data Name="TaskContentNew">&lt;?xml version="1.0" encoding="UTF-16"?&gt;
&lt;Task version="1.6" xmlns="http://schemas.microsoft.com/windows/2004/02/mit/task"&gt;
  &lt;RegistrationInfo&gt;
    &lt;Date&gt;2010-09-30T14:53:37.9516706&lt;/Date&gt;
    &lt;URI&gt;\Microsoft\Windows\.NET Framework\.NET Framework NGEN v4.0.30319 64&lt;/URI&gt;
    &lt;SecurityDescriptor&gt;D:(A;OICI;FA;;;BA)(A;OICI;FA;;;SY)(A;OICI;GR;;;AU)(A;;FRFX;;;LS)&lt;/SecurityDescriptor&gt;
  &lt;/RegistrationInfo&gt;
  &lt;Triggers /&gt;
  &lt;Principals&gt;
    &lt;Principal id="Author"&gt;
      &lt;RunLevel&gt;LeastPrivilege&lt;/RunLevel&gt;
      &lt;UserId&gt;SYSTEM&lt;/UserId&gt;
    &lt;/Principal&gt;
  &lt;/Principals&gt;
  &lt;Settings&gt;
    &lt;MultipleInstancesPolicy&gt;IgnoreNew&lt;/MultipleInstancesPolicy&gt;
    &lt;DisallowStartIfOnBatteries&gt;true&lt;/DisallowStartIfOnBatteries&gt;
    &lt;StopIfGoingOnBatteries&gt;true&lt;/StopIfGoingOnBatteries&gt;
    &lt;AllowHardTerminate&gt;true&lt;/AllowHardTerminate&gt;
    &lt;StartWhenAvailable&gt;false&lt;/StartWhenAvailable&gt;
    &lt;RunOnlyIfNetworkAvailable&gt;false&lt;/RunOnlyIfNetworkAvailable&gt;
    &lt;IdleSettings&gt;
      &lt;StopOnIdleEnd&gt;true&lt;/StopOnIdleEnd&gt;
      &lt;RestartOnIdle&gt;false&lt;/RestartOnIdle&gt;
    &lt;/IdleSettings&gt;
    &lt;AllowStartOnDemand&gt;true&lt;/AllowStartOnDemand&gt;
    &lt;Enabled&gt;true&lt;/Enabled&gt;
    &lt;Hidden&gt;true&lt;/Hidden&gt;
    &lt;RunOnlyIfIdle&gt;false&lt;/RunOnlyIfIdle&gt;
    &lt;DisallowStartOnRemoteAppSession&gt;false&lt;/DisallowStartOnRemoteAppSession&gt;
    &lt;UseUnifiedSchedulingEngine&gt;true&lt;/UseUnifiedSchedulingEngine&gt;
    &lt;MaintenanceSettings&gt;
      &lt;Period&gt;P1D&lt;/Period&gt;
      &lt;Deadline&gt;P2D&lt;/Deadline&gt;
      &lt;Exclusive&gt;false&lt;/Exclusive&gt;
    &lt;/MaintenanceSettings&gt;
    &lt;WakeToRun&gt;false&lt;/WakeToRun&gt;
    &lt;ExecutionTimeLimit&gt;PT2H&lt;/ExecutionTimeLimit&gt;
    &lt;Priority&gt;7&lt;/Priority&gt;
  &lt;/Settings&gt;
  &lt;Actions Context="Author"&gt;
    &lt;ComHandler&gt;
      &lt;ClassId&gt;{429BC048-379E-45E0-80E4-EB1977941B5C}&lt;/ClassId&gt;
      &lt;Data&gt;&lt;![CDATA[/RuntimeWide]]&gt;&lt;/Data&gt;
    &lt;/ComHandler&gt;
  &lt;/Actions&gt;
&lt;/Task&gt;</Data>
<Data Name="ClientProcessStartKey">10414574138295903</Data>
<Data Name="ClientProcessId">8560</Data>
<Data Name="ParentProcessId">7536</Data>
<Data Name="RpcCallClientLocality">0</Data>
<Data Name="FQDN">DESKTOP-EKVR84B</Data>
</EventData>
</Event>

<Event xmlns="http://schemas.microsoft.com/win/2004/08/events/event"><System><Provider Name="Microsoft-Windows-Security-Auditing" Guid="{54849625-5478-4994-a5ba-3e3b0328c30d}"></Provider>
<EventID Qualifiers="">5158</EventID>
<Version>0</Version>
<Level>0</Level>
<Task>12810</Task>
<Opcode>0</Opcode>
<Keywords>0x8020000000000000</Keywords>
<TimeCreated SystemTime="2024-07-15 16:33:53.497757+00:00"></TimeCreated>
<EventRecordID>169584</EventRecordID>
<Correlation ActivityID="" RelatedActivityID=""></Correlation>
<Execution ProcessID="4" ThreadID="9140"></Execution>
<Channel>Security</Channel>
<Computer>DESKTOP-EKVR84B</Computer>
<Security UserID=""></Security>
</System>
<EventData><Data Name="ProcessId">7536</Data>
<Data Name="Application">\device\harddiskvolume3\program files (x86)\microsoft visual studio\installer\setup.exe</Data>
<Data Name="SourceAddress">0.0.0.0</Data>
<Data Name="SourcePort">49911</Data>
<Data Name="Protocol">6</Data>
<Data Name="FilterRTID">0</Data>
<Data Name="LayerName">%%14608</Data>
<Data Name="LayerRTID">36</Data>
</EventData>
</Event>

<Event xmlns="http://schemas.microsoft.com/win/2004/08/events/event"><System><Provider Name="Microsoft-Windows-Security-Auditing" Guid="{54849625-5478-4994-a5ba-3e3b0328c30d}"></Provider>
<EventID Qualifiers="">5156</EventID>
<Version>1</Version>
<Level>0</Level>
<Task>12810</Task>
<Opcode>0</Opcode>
<Keywords>0x8020000000000000</Keywords>
<TimeCreated SystemTime="2024-07-15 16:33:53.497850+00:00"></TimeCreated>
<EventRecordID>169585</EventRecordID>
<Correlation ActivityID="" RelatedActivityID=""></Correlation>
<Execution ProcessID="4" ThreadID="9140"></Execution>
<Channel>Security</Channel>
<Computer>DESKTOP-EKVR84B</Computer>
<Security UserID=""></Security>
</System>
<EventData><Data Name="ProcessID">7536</Data>
<Data Name="Application">\device\harddiskvolume3\program files (x86)\microsoft visual studio\installer\setup.exe</Data>
<Data Name="Direction">%%14593</Data>
<Data Name="SourceAddress">192.168.27.159</Data>
<Data Name="SourcePort">49911</Data>
<Data Name="DestAddress">93.184.215.201</Data>
<Data Name="DestPort">443</Data>
<Data Name="Protocol">6</Data>
<Data Name="FilterRTID">67201</Data>
<Data Name="LayerName">%%14611</Data>
<Data Name="LayerRTID">48</Data>
<Data Name="RemoteUserID">S-1-0-0</Data>
<Data Name="RemoteMachineID">S-1-0-0</Data>
</EventData>
</Event>

<Event xmlns="http://schemas.microsoft.com/win/2004/08/events/event"><System><Provider Name="Microsoft-Windows-Security-Auditing" Guid="{54849625-5478-4994-a5ba-3e3b0328c30d}"></Provider>
<EventID Qualifiers="">5156</EventID>
<Version>1</Version>
<Level>0</Level>
<Task>12810</Task>
<Opcode>0</Opcode>
<Keywords>0x8020000000000000</Keywords>
<TimeCreated SystemTime="2024-07-15 16:33:55.129595+00:00"></TimeCreated>
<EventRecordID>169586</EventRecordID>
<Correlation ActivityID="" RelatedActivityID=""></Correlation>
<Execution ProcessID="4" ThreadID="3076"></Execution>
<Channel>Security</Channel>
<Computer>DESKTOP-EKVR84B</Computer>
<Security UserID=""></Security>
</System>
<EventData><Data Name="ProcessID">4</Data>
<Data Name="Application">System</Data>
<Data Name="Direction">%%14593</Data>
<Data Name="SourceAddress">192.168.27.159</Data>
<Data Name="SourcePort">137</Data>
<Data Name="DestAddress">192.168.27.2</Data>
<Data Name="DestPort">137</Data>
<Data Name="Protocol">17</Data>
<Data Name="FilterRTID">67201</Data>
<Data Name="LayerName">%%14611</Data>
<Data Name="LayerRTID">48</Data>
<Data Name="RemoteUserID">S-1-0-0</Data>
<Data Name="RemoteMachineID">S-1-0-0</Data>
</EventData>
</Event>

<Event xmlns="http://schemas.microsoft.com/win/2004/08/events/event"><System><Provider Name="Microsoft-Windows-Security-Auditing" Guid="{54849625-5478-4994-a5ba-3e3b0328c30d}"></Provider>
<EventID Qualifiers="">5158</EventID>
<Version>0</Version>
<Level>0</Level>
<Task>12810</Task>
<Opcode>0</Opcode>
<Keywords>0x8020000000000000</Keywords>
<TimeCreated SystemTime="2024-07-15 16:33:55.944393+00:00"></TimeCreated>
<EventRecordID>169587</EventRecordID>
<Correlation ActivityID="" RelatedActivityID=""></Correlation>
<Execution ProcessID="4" ThreadID="9128"></Execution>
<Channel>Security</Channel>
<Computer>DESKTOP-EKVR84B</Computer>
<Security UserID=""></Security>
</System>
<EventData><Data Name="ProcessId">2316</Data>
<Data Name="Application">\device\harddiskvolume3\windows\system32\svchost.exe</Data>
<Data Name="SourceAddress">::</Data>
<Data Name="SourcePort">52201</Data>
<Data Name="Protocol">17</Data>
<Data Name="FilterRTID">0</Data>
<Data Name="LayerName">%%14608</Data>
<Data Name="LayerRTID">36</Data>
</EventData>
</Event>

<Event xmlns="http://schemas.microsoft.com/win/2004/08/events/event"><System><Provider Name="Microsoft-Windows-Security-Auditing" Guid="{54849625-5478-4994-a5ba-3e3b0328c30d}"></Provider>
<EventID Qualifiers="">5158</EventID>
<Version>0</Version>
<Level>0</Level>
<Task>12810</Task>
<Opcode>0</Opcode>
<Keywords>0x8020000000000000</Keywords>
<TimeCreated SystemTime="2024-07-15 16:33:55.944397+00:00"></TimeCreated>
<EventRecordID>169588</EventRecordID>
<Correlation ActivityID="" RelatedActivityID=""></Correlation>
<Execution ProcessID="4" ThreadID="9128"></Execution>
<Channel>Security</Channel>
<Computer>DESKTOP-EKVR84B</Computer>
<Security UserID=""></Security>
</System>
<EventData><Data Name="ProcessId">2316</Data>
<Data Name="Application">\device\harddiskvolume3\windows\system32\svchost.exe</Data>
<Data Name="SourceAddress">::</Data>
<Data Name="SourcePort">52201</Data>
<Data Name="Protocol">17</Data>
<Data Name="FilterRTID">0</Data>
<Data Name="LayerName">%%14608</Data>
<Data Name="LayerRTID">38</Data>
</EventData>
</Event>

<Event xmlns="http://schemas.microsoft.com/win/2004/08/events/event"><System><Provider Name="Microsoft-Windows-Security-Auditing" Guid="{54849625-5478-4994-a5ba-3e3b0328c30d}"></Provider>
<EventID Qualifiers="">5156</EventID>
<Version>1</Version>
<Level>0</Level>
<Task>12810</Task>
<Opcode>0</Opcode>
<Keywords>0x8020000000000000</Keywords>
<TimeCreated SystemTime="2024-07-15 16:33:55.944468+00:00"></TimeCreated>
<EventRecordID>169589</EventRecordID>
<Correlation ActivityID="" RelatedActivityID=""></Correlation>
<Execution ProcessID="4" ThreadID="9128"></Execution>
<Channel>Security</Channel>
<Computer>DESKTOP-EKVR84B</Computer>
<Security UserID=""></Security>
</System>
<EventData><Data Name="ProcessID">2316</Data>
<Data Name="Application">\device\harddiskvolume3\windows\system32\svchost.exe</Data>
<Data Name="Direction">%%14593</Data>
<Data Name="SourceAddress">192.168.27.159</Data>
<Data Name="SourcePort">52201</Data>
<Data Name="DestAddress">192.168.27.2</Data>
<Data Name="DestPort">53</Data>
<Data Name="Protocol">17</Data>
<Data Name="FilterRTID">67201</Data>
<Data Name="LayerName">%%14611</Data>
<Data Name="LayerRTID">48</Data>
<Data Name="RemoteUserID">S-1-0-0</Data>
<Data Name="RemoteMachineID">S-1-0-0</Data>
</EventData>
</Event>

<Event xmlns="http://schemas.microsoft.com/win/2004/08/events/event"><System><Provider Name="Microsoft-Windows-Security-Auditing" Guid="{54849625-5478-4994-a5ba-3e3b0328c30d}"></Provider>
<EventID Qualifiers="">5158</EventID>
<Version>0</Version>
<Level>0</Level>
<Task>12810</Task>
<Opcode>0</Opcode>
<Keywords>0x8020000000000000</Keywords>
<TimeCreated SystemTime="2024-07-15 16:33:55.949850+00:00"></TimeCreated>
<EventRecordID>169590</EventRecordID>
<Correlation ActivityID="" RelatedActivityID=""></Correlation>
<Execution ProcessID="4" ThreadID="9128"></Execution>
<Channel>Security</Channel>
<Computer>DESKTOP-EKVR84B</Computer>
<Security UserID=""></Security>
</System>
<EventData><Data Name="ProcessId">7536</Data>
<Data Name="Application">\device\harddiskvolume3\program files (x86)\microsoft visual studio\installer\setup.exe</Data>
<Data Name="SourceAddress">0.0.0.0</Data>
<Data Name="SourcePort">49912</Data>
<Data Name="Protocol">6</Data>
<Data Name="FilterRTID">0</Data>
<Data Name="LayerName">%%14608</Data>
<Data Name="LayerRTID">36</Data>
</EventData>
</Event>

<Event xmlns="http://schemas.microsoft.com/win/2004/08/events/event"><System><Provider Name="Microsoft-Windows-Security-Auditing" Guid="{54849625-5478-4994-a5ba-3e3b0328c30d}"></Provider>
<EventID Qualifiers="">5156</EventID>
<Version>1</Version>
<Level>0</Level>
<Task>12810</Task>
<Opcode>0</Opcode>
<Keywords>0x8020000000000000</Keywords>
<TimeCreated SystemTime="2024-07-15 16:33:55.952751+00:00"></TimeCreated>
<EventRecordID>169591</EventRecordID>
<Correlation ActivityID="" RelatedActivityID=""></Correlation>
<Execution ProcessID="4" ThreadID="9128"></Execution>
<Channel>Security</Channel>
<Computer>DESKTOP-EKVR84B</Computer>
<Security UserID=""></Security>
</System>
<EventData><Data Name="ProcessID">7536</Data>
<Data Name="Application">\device\harddiskvolume3\program files (x86)\microsoft visual studio\installer\setup.exe</Data>
<Data Name="Direction">%%14593</Data>
<Data Name="SourceAddress">192.168.27.159</Data>
<Data Name="SourcePort">49912</Data>
<Data Name="DestAddress">23.48.10.36</Data>
<Data Name="DestPort">80</Data>
<Data Name="Protocol">6</Data>
<Data Name="FilterRTID">67201</Data>
<Data Name="LayerName">%%14611</Data>
<Data Name="LayerRTID">48</Data>
<Data Name="RemoteUserID">S-1-0-0</Data>
<Data Name="RemoteMachineID">S-1-0-0</Data>
</EventData>
</Event>

<Event xmlns="http://schemas.microsoft.com/win/2004/08/events/event"><System><Provider Name="MsiInstaller"></Provider>
<EventID Qualifiers="0">1040</EventID>
<Version>0</Version>
<Level>4</Level>
<Task>0</Task>
<Opcode>0</Opcode>
<Keywords>0x0080000000000000</Keywords>
<TimeCreated SystemTime="2024-07-15 16:33:58.112574+00:00"></TimeCreated>
<EventRecordID>2394</EventRecordID>
<Correlation ActivityID="" RelatedActivityID=""></Correlation>
<Execution ProcessID="0" ThreadID="0"></Execution>
<Channel>Application</Channel>
<Computer>DESKTOP-EKVR84B</Computer>
<Security UserID="S-1-5-21-3576963320-1344788273-4164204335-1001"></Security>
</System>
<EventData><Data>&lt;string&gt;C:\ProgramData\Microsoft\VisualStudio\Packages\Microsoft.VisualStudio.Setup.Configuration,version=3.9.2148.60653\Microsoft.VisualStudio.Setup.Configuration.msi&lt;/string&gt;
&lt;string&gt;7536&lt;/string&gt;
&lt;string&gt;(NULL)&lt;/string&gt;
&lt;string&gt;(NULL)&lt;/string&gt;
&lt;string&gt;(NULL)&lt;/string&gt;
&lt;string&gt;(NULL)&lt;/string&gt;
&lt;string&gt;&lt;/string&gt;
</Data>
<Binary></Binary>
</EventData>
</Event>

<Event xmlns="http://schemas.microsoft.com/win/2004/08/events/event"><System><Provider Name="Microsoft-Windows-Security-Auditing" Guid="{54849625-5478-4994-a5ba-3e3b0328c30d}"></Provider>
<EventID Qualifiers="">5158</EventID>
<Version>0</Version>
<Level>0</Level>
<Task>12810</Task>
<Opcode>0</Opcode>
<Keywords>0x8020000000000000</Keywords>
<TimeCreated SystemTime="2024-07-15 16:33:58.526966+00:00"></TimeCreated>
<EventRecordID>169592</EventRecordID>
<Correlation ActivityID="" RelatedActivityID=""></Correlation>
<Execution ProcessID="4" ThreadID="3996"></Execution>
<Channel>Security</Channel>
<Computer>DESKTOP-EKVR84B</Computer>
<Security UserID=""></Security>
</System>
<EventData><Data Name="ProcessId">2316</Data>
<Data Name="Application">\device\harddiskvolume3\windows\system32\svchost.exe</Data>
<Data Name="SourceAddress">::</Data>
<Data Name="SourcePort">59137</Data>
<Data Name="Protocol">17</Data>
<Data Name="FilterRTID">0</Data>
<Data Name="LayerName">%%14608</Data>
<Data Name="LayerRTID">36</Data>
</EventData>
</Event>

<Event xmlns="http://schemas.microsoft.com/win/2004/08/events/event"><System><Provider Name="Microsoft-Windows-Security-Auditing" Guid="{54849625-5478-4994-a5ba-3e3b0328c30d}"></Provider>
<EventID Qualifiers="">5158</EventID>
<Version>0</Version>
<Level>0</Level>
<Task>12810</Task>
<Opcode>0</Opcode>
<Keywords>0x8020000000000000</Keywords>
<TimeCreated SystemTime="2024-07-15 16:33:58.526974+00:00"></TimeCreated>
<EventRecordID>169593</EventRecordID>
<Correlation ActivityID="" RelatedActivityID=""></Correlation>
<Execution ProcessID="4" ThreadID="3996"></Execution>
<Channel>Security</Channel>
<Computer>DESKTOP-EKVR84B</Computer>
<Security UserID=""></Security>
</System>
<EventData><Data Name="ProcessId">2316</Data>
<Data Name="Application">\device\harddiskvolume3\windows\system32\svchost.exe</Data>
<Data Name="SourceAddress">::</Data>
<Data Name="SourcePort">59137</Data>
<Data Name="Protocol">17</Data>
<Data Name="FilterRTID">0</Data>
<Data Name="LayerName">%%14608</Data>
<Data Name="LayerRTID">38</Data>
</EventData>
</Event>

<Event xmlns="http://schemas.microsoft.com/win/2004/08/events/event"><System><Provider Name="Microsoft-Windows-Security-Auditing" Guid="{54849625-5478-4994-a5ba-3e3b0328c30d}"></Provider>
<EventID Qualifiers="">5156</EventID>
<Version>1</Version>
<Level>0</Level>
<Task>12810</Task>
<Opcode>0</Opcode>
<Keywords>0x8020000000000000</Keywords>
<TimeCreated SystemTime="2024-07-15 16:33:58.526979+00:00"></TimeCreated>
<EventRecordID>169594</EventRecordID>
<Correlation ActivityID="" RelatedActivityID=""></Correlation>
<Execution ProcessID="4" ThreadID="3996"></Execution>
<Channel>Security</Channel>
<Computer>DESKTOP-EKVR84B</Computer>
<Security UserID=""></Security>
</System>
<EventData><Data Name="ProcessID">2316</Data>
<Data Name="Application">\device\harddiskvolume3\windows\system32\svchost.exe</Data>
<Data Name="Direction">%%14593</Data>
<Data Name="SourceAddress">192.168.27.159</Data>
<Data Name="SourcePort">59137</Data>
<Data Name="DestAddress">192.168.27.2</Data>
<Data Name="DestPort">53</Data>
<Data Name="Protocol">17</Data>
<Data Name="FilterRTID">67201</Data>
<Data Name="LayerName">%%14611</Data>
<Data Name="LayerRTID">48</Data>
<Data Name="RemoteUserID">S-1-0-0</Data>
<Data Name="RemoteMachineID">S-1-0-0</Data>
</EventData>
</Event>

<Event xmlns="http://schemas.microsoft.com/win/2004/08/events/event"><System><Provider Name="Microsoft-Windows-Security-Auditing" Guid="{54849625-5478-4994-a5ba-3e3b0328c30d}"></Provider>
<EventID Qualifiers="">5158</EventID>
<Version>0</Version>
<Level>0</Level>
<Task>12810</Task>
<Opcode>0</Opcode>
<Keywords>0x8020000000000000</Keywords>
<TimeCreated SystemTime="2024-07-15 16:33:58.530563+00:00"></TimeCreated>
<EventRecordID>169595</EventRecordID>
<Correlation ActivityID="" RelatedActivityID=""></Correlation>
<Execution ProcessID="4" ThreadID="3996"></Execution>
<Channel>Security</Channel>
<Computer>DESKTOP-EKVR84B</Computer>
<Security UserID=""></Security>
</System>
<EventData><Data Name="ProcessId">4776</Data>
<Data Name="Application">\device\harddiskvolume3\program files (x86)\microsoft visual studio\installer\setup.exe</Data>
<Data Name="SourceAddress">0.0.0.0</Data>
<Data Name="SourcePort">49913</Data>
<Data Name="Protocol">6</Data>
<Data Name="FilterRTID">0</Data>
<Data Name="LayerName">%%14608</Data>
<Data Name="LayerRTID">36</Data>
</EventData>
</Event>

<Event xmlns="http://schemas.microsoft.com/win/2004/08/events/event"><System><Provider Name="Microsoft-Windows-Security-Auditing" Guid="{54849625-5478-4994-a5ba-3e3b0328c30d}"></Provider>
<EventID Qualifiers="">5156</EventID>
<Version>1</Version>
<Level>0</Level>
<Task>12810</Task>
<Opcode>0</Opcode>
<Keywords>0x8020000000000000</Keywords>
<TimeCreated SystemTime="2024-07-15 16:33:58.530630+00:00"></TimeCreated>
<EventRecordID>169596</EventRecordID>
<Correlation ActivityID="" RelatedActivityID=""></Correlation>
<Execution ProcessID="4" ThreadID="3996"></Execution>
<Channel>Security</Channel>
<Computer>DESKTOP-EKVR84B</Computer>
<Security UserID=""></Security>
</System>
<EventData><Data Name="ProcessID">4776</Data>
<Data Name="Application">\device\harddiskvolume3\program files (x86)\microsoft visual studio\installer\setup.exe</Data>
<Data Name="Direction">%%14593</Data>
<Data Name="SourceAddress">192.168.27.159</Data>
<Data Name="SourcePort">49913</Data>
<Data Name="DestAddress">13.69.239.78</Data>
<Data Name="DestPort">443</Data>
<Data Name="Protocol">6</Data>
<Data Name="FilterRTID">67201</Data>
<Data Name="LayerName">%%14611</Data>
<Data Name="LayerRTID">48</Data>
<Data Name="RemoteUserID">S-1-0-0</Data>
<Data Name="RemoteMachineID">S-1-0-0</Data>
</EventData>
</Event>

<Event xmlns="http://schemas.microsoft.com/win/2004/08/events/event"><System><Provider Name="MsiInstaller"></Provider>
<EventID Qualifiers="0">11707</EventID>
<Version>0</Version>
<Level>4</Level>
<Task>0</Task>
<Opcode>0</Opcode>
<Keywords>0x0080000000000000</Keywords>
<TimeCreated SystemTime="2024-07-15 16:33:58.597179+00:00"></TimeCreated>
<EventRecordID>2395</EventRecordID>
<Correlation ActivityID="" RelatedActivityID=""></Correlation>
<Execution ProcessID="0" ThreadID="0"></Execution>
<Channel>Application</Channel>
<Computer>DESKTOP-EKVR84B</Computer>
<Security UserID="S-1-5-21-3576963320-1344788273-4164204335-1001"></Security>
</System>
<EventData><Data>&lt;string&gt;Product: Microsoft Visual Studio Setup Configuration -- Installation completed successfully.&lt;/string&gt;
&lt;string&gt;(NULL)&lt;/string&gt;
&lt;string&gt;(NULL)&lt;/string&gt;
&lt;string&gt;(NULL)&lt;/string&gt;
&lt;string&gt;(NULL)&lt;/string&gt;
&lt;string&gt;(NULL)&lt;/string&gt;
&lt;string&gt;&lt;/string&gt;
</Data>
<Binary>ezZFN0Q5NUUxLURBMkEtNERFRC1BOEM2LTNGQkExNzE0REI2Mn0=</Binary>
</EventData>
</Event>

<Event xmlns="http://schemas.microsoft.com/win/2004/08/events/event"><System><Provider Name="MsiInstaller"></Provider>
<EventID Qualifiers="0">1033</EventID>
<Version>0</Version>
<Level>4</Level>
<Task>0</Task>
<Opcode>0</Opcode>
<Keywords>0x0080000000000000</Keywords>
<TimeCreated SystemTime="2024-07-15 16:33:58.597179+00:00"></TimeCreated>
<EventRecordID>2396</EventRecordID>
<Correlation ActivityID="" RelatedActivityID=""></Correlation>
<Execution ProcessID="0" ThreadID="0"></Execution>
<Channel>Application</Channel>
<Computer>DESKTOP-EKVR84B</Computer>
<Security UserID="S-1-5-21-3576963320-1344788273-4164204335-1001"></Security>
</System>
<EventData><Data>&lt;string&gt;Microsoft Visual Studio Setup Configuration&lt;/string&gt;
&lt;string&gt;3.9.2148.60653&lt;/string&gt;
&lt;string&gt;1033&lt;/string&gt;
&lt;string&gt;0&lt;/string&gt;
&lt;string&gt;Microsoft Corporation&lt;/string&gt;
&lt;string&gt;(NULL)&lt;/string&gt;
&lt;string&gt;&lt;/string&gt;
</Data>
<Binary>ezZFN0Q5NUUxLURBMkEtNERFRC1BOEM2LTNGQkExNzE0REI2Mn0wMDAwNGY5NDgzNjk3MzUzZTEzMzcwOGRiNTVkNmUwNzlmZGUwMDAwMDkwNA==</Binary>
</EventData>
</Event>

<Event xmlns="http://schemas.microsoft.com/win/2004/08/events/event"><System><Provider Name="MsiInstaller"></Provider>
<EventID Qualifiers="0">1042</EventID>
<Version>0</Version>
<Level>4</Level>
<Task>0</Task>
<Opcode>0</Opcode>
<Keywords>0x0080000000000000</Keywords>
<TimeCreated SystemTime="2024-07-15 16:33:58.628366+00:00"></TimeCreated>
<EventRecordID>2397</EventRecordID>
<Correlation ActivityID="" RelatedActivityID=""></Correlation>
<Execution ProcessID="0" ThreadID="0"></Execution>
<Channel>Application</Channel>
<Computer>DESKTOP-EKVR84B</Computer>
<Security UserID="S-1-5-18"></Security>
</System>
<EventData><Data>&lt;string&gt;C:\ProgramData\Microsoft\VisualStudio\Packages\Microsoft.VisualStudio.Setup.Configuration,version=3.9.2148.60653\Microsoft.VisualStudio.Setup.Configuration.msi&lt;/string&gt;
&lt;string&gt;7536&lt;/string&gt;
&lt;string&gt;(NULL)&lt;/string&gt;
&lt;string&gt;(NULL)&lt;/string&gt;
&lt;string&gt;(NULL)&lt;/string&gt;
&lt;string&gt;(NULL)&lt;/string&gt;
&lt;string&gt;&lt;/string&gt;
</Data>
<Binary></Binary>
</EventData>
</Event>

<Event xmlns="http://schemas.microsoft.com/win/2004/08/events/event"><System><Provider Name="MsiInstaller"></Provider>
<EventID Qualifiers="0">1040</EventID>
<Version>0</Version>
<Level>4</Level>
<Task>0</Task>
<Opcode>0</Opcode>
<Keywords>0x0080000000000000</Keywords>
<TimeCreated SystemTime="2024-07-15 16:33:58.721960+00:00"></TimeCreated>
<EventRecordID>2398</EventRecordID>
<Correlation ActivityID="" RelatedActivityID=""></Correlation>
<Execution ProcessID="0" ThreadID="0"></Execution>
<Channel>Application</Channel>
<Computer>DESKTOP-EKVR84B</Computer>
<Security UserID="S-1-5-21-3576963320-1344788273-4164204335-1001"></Security>
</System>
<EventData><Data>&lt;string&gt;C:\ProgramData\Microsoft\VisualStudio\Packages\Microsoft.VisualStudio.Setup.WMIProvider,version=3.9.2148.60653\Microsoft.VisualStudio.Setup.WMIProvider.msi&lt;/string&gt;
&lt;string&gt;7536&lt;/string&gt;
&lt;string&gt;(NULL)&lt;/string&gt;
&lt;string&gt;(NULL)&lt;/string&gt;
&lt;string&gt;(NULL)&lt;/string&gt;
&lt;string&gt;(NULL)&lt;/string&gt;
&lt;string&gt;&lt;/string&gt;
</Data>
<Binary></Binary>
</EventData>
</Event>

<Event xmlns="http://schemas.microsoft.com/win/2004/08/events/event"><System><Provider Name="Microsoft-Windows-RestartManager" Guid="{0888e5ef-9b98-4695-979d-e92ce4247224}"></Provider>
<EventID Qualifiers="">10000</EventID>
<Version>0</Version>
<Level>4</Level>
<Task>0</Task>
<Opcode>0</Opcode>
<Keywords>0x8000000000000000</Keywords>
<TimeCreated SystemTime="2024-07-15 16:33:58.175005+00:00"></TimeCreated>
<EventRecordID>2399</EventRecordID>
<Correlation ActivityID="" RelatedActivityID=""></Correlation>
<Execution ProcessID="2708" ThreadID="9236"></Execution>
<Channel>Application</Channel>
<Computer>DESKTOP-EKVR84B</Computer>
<Security UserID="S-1-5-21-3576963320-1344788273-4164204335-1001"></Security>
</System>
<UserData><RmSessionEvent xmlns="http://www.microsoft.com/2005/08/Windows/Reliability/RestartManager/"><RmSessionId>0</RmSessionId>
<UTCStartTime>2024-07-15 16:33:58.159615+00:00</UTCStartTime>
</RmSessionEvent>
</UserData>
</Event>

<Event xmlns="http://schemas.microsoft.com/win/2004/08/events/event"><System><Provider Name="Microsoft-Windows-RestartManager" Guid="{0888e5ef-9b98-4695-979d-e92ce4247224}"></Provider>
<EventID Qualifiers="">10001</EventID>
<Version>0</Version>
<Level>4</Level>
<Task>0</Task>
<Opcode>0</Opcode>
<Keywords>0x8000000000000000</Keywords>
<TimeCreated SystemTime="2024-07-15 16:33:58.617062+00:00"></TimeCreated>
<EventRecordID>2400</EventRecordID>
<Correlation ActivityID="" RelatedActivityID=""></Correlation>
<Execution ProcessID="2708" ThreadID="1380"></Execution>
<Channel>Application</Channel>
<Computer>DESKTOP-EKVR84B</Computer>
<Security UserID="S-1-5-21-3576963320-1344788273-4164204335-1001"></Security>
</System>
<UserData><RmSessionEvent xmlns="http://www.microsoft.com/2005/08/Windows/Reliability/RestartManager/"><RmSessionId>0</RmSessionId>
<UTCStartTime>2024-07-15 16:33:58.159615+00:00</UTCStartTime>
</RmSessionEvent>
</UserData>
</Event>

<Event xmlns="http://schemas.microsoft.com/win/2004/08/events/event"><System><Provider Name="Microsoft-Windows-RestartManager" Guid="{0888e5ef-9b98-4695-979d-e92ce4247224}"></Provider>
<EventID Qualifiers="">10000</EventID>
<Version>0</Version>
<Level>4</Level>
<Task>0</Task>
<Opcode>0</Opcode>
<Keywords>0x8000000000000000</Keywords>
<TimeCreated SystemTime="2024-07-15 16:33:58.775110+00:00"></TimeCreated>
<EventRecordID>2401</EventRecordID>
<Correlation ActivityID="" RelatedActivityID=""></Correlation>
<Execution ProcessID="2708" ThreadID="9564"></Execution>
<Channel>Application</Channel>
<Computer>DESKTOP-EKVR84B</Computer>
<Security UserID="S-1-5-21-3576963320-1344788273-4164204335-1001"></Security>
</System>
<UserData><RmSessionEvent xmlns="http://www.microsoft.com/2005/08/Windows/Reliability/RestartManager/"><RmSessionId>0</RmSessionId>
<UTCStartTime>2024-07-15 16:33:58.769035+00:00</UTCStartTime>
</RmSessionEvent>
</UserData>
</Event>

<Event xmlns="http://schemas.microsoft.com/win/2004/08/events/event"><System><Provider Name="MsiInstaller"></Provider>
<EventID Qualifiers="0">11707</EventID>
<Version>0</Version>
<Level>4</Level>
<Task>0</Task>
<Opcode>0</Opcode>
<Keywords>0x0080000000000000</Keywords>
<TimeCreated SystemTime="2024-07-15 16:33:59.956465+00:00"></TimeCreated>
<EventRecordID>2402</EventRecordID>
<Correlation ActivityID="" RelatedActivityID=""></Correlation>
<Execution ProcessID="0" ThreadID="0"></Execution>
<Channel>Application</Channel>
<Computer>DESKTOP-EKVR84B</Computer>
<Security UserID="S-1-5-21-3576963320-1344788273-4164204335-1001"></Security>
</System>
<EventData><Data>&lt;string&gt;Product: Microsoft Visual Studio Setup WMI Provider -- Installation completed successfully.&lt;/string&gt;
&lt;string&gt;(NULL)&lt;/string&gt;
&lt;string&gt;(NULL)&lt;/string&gt;
&lt;string&gt;(NULL)&lt;/string&gt;
&lt;string&gt;(NULL)&lt;/string&gt;
&lt;string&gt;(NULL)&lt;/string&gt;
&lt;string&gt;&lt;/string&gt;
</Data>
<Binary>ezBBQzM5QjFCLTRBRkMtNDY4NC1CMjJDLTYyNTg0OEUxNkM5Mn0=</Binary>
</EventData>
</Event>

<Event xmlns="http://schemas.microsoft.com/win/2004/08/events/event"><System><Provider Name="MsiInstaller"></Provider>
<EventID Qualifiers="0">1033</EventID>
<Version>0</Version>
<Level>4</Level>
<Task>0</Task>
<Opcode>0</Opcode>
<Keywords>0x0080000000000000</Keywords>
<TimeCreated SystemTime="2024-07-15 16:33:59.956465+00:00"></TimeCreated>
<EventRecordID>2403</EventRecordID>
<Correlation ActivityID="" RelatedActivityID=""></Correlation>
<Execution ProcessID="0" ThreadID="0"></Execution>
<Channel>Application</Channel>
<Computer>DESKTOP-EKVR84B</Computer>
<Security UserID="S-1-5-21-3576963320-1344788273-4164204335-1001"></Security>
</System>
<EventData><Data>&lt;string&gt;Microsoft Visual Studio Setup WMI Provider&lt;/string&gt;
&lt;string&gt;3.9.2148.60653&lt;/string&gt;
&lt;string&gt;1033&lt;/string&gt;
&lt;string&gt;0&lt;/string&gt;
&lt;string&gt;Microsoft Corporation&lt;/string&gt;
&lt;string&gt;(NULL)&lt;/string&gt;
&lt;string&gt;&lt;/string&gt;
</Data>
<Binary>ezBBQzM5QjFCLTRBRkMtNDY4NC1CMjJDLTYyNTg0OEUxNkM5Mn0wMDAwMTQ1NGM2YTIzYzNmZWNiMjcxNzU2OTAzNTBlNTQ5ZWMwMDAwMDkwNA==</Binary>
</EventData>
</Event>

<Event xmlns="http://schemas.microsoft.com/win/2004/08/events/event"><System><Provider Name="MsiInstaller"></Provider>
<EventID Qualifiers="0">1042</EventID>
<Version>0</Version>
<Level>4</Level>
<Task>0</Task>
<Opcode>0</Opcode>
<Keywords>0x0080000000000000</Keywords>
<TimeCreated SystemTime="2024-07-15 16:33:59.987898+00:00"></TimeCreated>
<EventRecordID>2404</EventRecordID>
<Correlation ActivityID="" RelatedActivityID=""></Correlation>
<Execution ProcessID="0" ThreadID="0"></Execution>
<Channel>Application</Channel>
<Computer>DESKTOP-EKVR84B</Computer>
<Security UserID="S-1-5-18"></Security>
</System>
<EventData><Data>&lt;string&gt;C:\ProgramData\Microsoft\VisualStudio\Packages\Microsoft.VisualStudio.Setup.WMIProvider,version=3.9.2148.60653\Microsoft.VisualStudio.Setup.WMIProvider.msi&lt;/string&gt;
&lt;string&gt;7536&lt;/string&gt;
&lt;string&gt;(NULL)&lt;/string&gt;
&lt;string&gt;(NULL)&lt;/string&gt;
&lt;string&gt;(NULL)&lt;/string&gt;
&lt;string&gt;(NULL)&lt;/string&gt;
&lt;string&gt;&lt;/string&gt;
</Data>
<Binary></Binary>
</EventData>
</Event>

<Event xmlns="http://schemas.microsoft.com/win/2004/08/events/event"><System><Provider Name="Microsoft-Windows-RestartManager" Guid="{0888e5ef-9b98-4695-979d-e92ce4247224}"></Provider>
<EventID Qualifiers="">10001</EventID>
<Version>0</Version>
<Level>4</Level>
<Task>0</Task>
<Opcode>0</Opcode>
<Keywords>0x8000000000000000</Keywords>
<TimeCreated SystemTime="2024-07-15 16:33:59.973825+00:00"></TimeCreated>
<EventRecordID>2405</EventRecordID>
<Correlation ActivityID="" RelatedActivityID=""></Correlation>
<Execution ProcessID="2708" ThreadID="1380"></Execution>
<Channel>Application</Channel>
<Computer>DESKTOP-EKVR84B</Computer>
<Security UserID="S-1-5-21-3576963320-1344788273-4164204335-1001"></Security>
</System>
<UserData><RmSessionEvent xmlns="http://www.microsoft.com/2005/08/Windows/Reliability/RestartManager/"><RmSessionId>0</RmSessionId>
<UTCStartTime>2024-07-15 16:33:58.769035+00:00</UTCStartTime>
</RmSessionEvent>
</UserData>
</Event>

<Event xmlns="http://schemas.microsoft.com/win/2004/08/events/event"><System><Provider Name="Microsoft-Windows-Security-Auditing" Guid="{54849625-5478-4994-a5ba-3e3b0328c30d}"></Provider>
<EventID Qualifiers="">5158</EventID>
<Version>0</Version>
<Level>0</Level>
<Task>12810</Task>
<Opcode>0</Opcode>
<Keywords>0x8020000000000000</Keywords>
<TimeCreated SystemTime="2024-07-15 16:34:01.167685+00:00"></TimeCreated>
<EventRecordID>169597</EventRecordID>
<Correlation ActivityID="" RelatedActivityID=""></Correlation>
<Execution ProcessID="4" ThreadID="3996"></Execution>
<Channel>Security</Channel>
<Computer>DESKTOP-EKVR84B</Computer>
<Security UserID=""></Security>
</System>
<EventData><Data Name="ProcessId">2316</Data>
<Data Name="Application">\device\harddiskvolume3\windows\system32\svchost.exe</Data>
<Data Name="SourceAddress">::</Data>
<Data Name="SourcePort">56943</Data>
<Data Name="Protocol">17</Data>
<Data Name="FilterRTID">0</Data>
<Data Name="LayerName">%%14608</Data>
<Data Name="LayerRTID">36</Data>
</EventData>
</Event>

<Event xmlns="http://schemas.microsoft.com/win/2004/08/events/event"><System><Provider Name="Microsoft-Windows-Security-Auditing" Guid="{54849625-5478-4994-a5ba-3e3b0328c30d}"></Provider>
<EventID Qualifiers="">5158</EventID>
<Version>0</Version>
<Level>0</Level>
<Task>12810</Task>
<Opcode>0</Opcode>
<Keywords>0x8020000000000000</Keywords>
<TimeCreated SystemTime="2024-07-15 16:34:01.167690+00:00"></TimeCreated>
<EventRecordID>169598</EventRecordID>
<Correlation ActivityID="" RelatedActivityID=""></Correlation>
<Execution ProcessID="4" ThreadID="3996"></Execution>
<Channel>Security</Channel>
<Computer>DESKTOP-EKVR84B</Computer>
<Security UserID=""></Security>
</System>
<EventData><Data Name="ProcessId">2316</Data>
<Data Name="Application">\device\harddiskvolume3\windows\system32\svchost.exe</Data>
<Data Name="SourceAddress">::</Data>
<Data Name="SourcePort">56943</Data>
<Data Name="Protocol">17</Data>
<Data Name="FilterRTID">0</Data>
<Data Name="LayerName">%%14608</Data>
<Data Name="LayerRTID">38</Data>
</EventData>
</Event>

<Event xmlns="http://schemas.microsoft.com/win/2004/08/events/event"><System><Provider Name="Microsoft-Windows-Security-Auditing" Guid="{54849625-5478-4994-a5ba-3e3b0328c30d}"></Provider>
<EventID Qualifiers="">5156</EventID>
<Version>1</Version>
<Level>0</Level>
<Task>12810</Task>
<Opcode>0</Opcode>
<Keywords>0x8020000000000000</Keywords>
<TimeCreated SystemTime="2024-07-15 16:34:01.167747+00:00"></TimeCreated>
<EventRecordID>169599</EventRecordID>
<Correlation ActivityID="" RelatedActivityID=""></Correlation>
<Execution ProcessID="4" ThreadID="3996"></Execution>
<Channel>Security</Channel>
<Computer>DESKTOP-EKVR84B</Computer>
<Security UserID=""></Security>
</System>
<EventData><Data Name="ProcessID">2316</Data>
<Data Name="Application">\device\harddiskvolume3\windows\system32\svchost.exe</Data>
<Data Name="Direction">%%14593</Data>
<Data Name="SourceAddress">192.168.27.159</Data>
<Data Name="SourcePort">56943</Data>
<Data Name="DestAddress">192.168.27.2</Data>
<Data Name="DestPort">53</Data>
<Data Name="Protocol">17</Data>
<Data Name="FilterRTID">67201</Data>
<Data Name="LayerName">%%14611</Data>
<Data Name="LayerRTID">48</Data>
<Data Name="RemoteUserID">S-1-0-0</Data>
<Data Name="RemoteMachineID">S-1-0-0</Data>
</EventData>
</Event>

<Event xmlns="http://schemas.microsoft.com/win/2004/08/events/event"><System><Provider Name="Microsoft-Windows-Security-Auditing" Guid="{54849625-5478-4994-a5ba-3e3b0328c30d}"></Provider>
<EventID Qualifiers="">5158</EventID>
<Version>0</Version>
<Level>0</Level>
<Task>12810</Task>
<Opcode>0</Opcode>
<Keywords>0x8020000000000000</Keywords>
<TimeCreated SystemTime="2024-07-15 16:34:01.174770+00:00"></TimeCreated>
<EventRecordID>169600</EventRecordID>
<Correlation ActivityID="" RelatedActivityID=""></Correlation>
<Execution ProcessID="4" ThreadID="3996"></Execution>
<Channel>Security</Channel>
<Computer>DESKTOP-EKVR84B</Computer>
<Security UserID=""></Security>
</System>
<EventData><Data Name="ProcessId">3248</Data>
<Data Name="Application">\device\harddiskvolume3\windows\system32\svchost.exe</Data>
<Data Name="SourceAddress">0.0.0.0</Data>
<Data Name="SourcePort">49914</Data>
<Data Name="Protocol">6</Data>
<Data Name="FilterRTID">0</Data>
<Data Name="LayerName">%%14608</Data>
<Data Name="LayerRTID">36</Data>
</EventData>
</Event>

<Event xmlns="http://schemas.microsoft.com/win/2004/08/events/event"><System><Provider Name="Microsoft-Windows-Security-Auditing" Guid="{54849625-5478-4994-a5ba-3e3b0328c30d}"></Provider>
<EventID Qualifiers="">5156</EventID>
<Version>1</Version>
<Level>0</Level>
<Task>12810</Task>
<Opcode>0</Opcode>
<Keywords>0x8020000000000000</Keywords>
<TimeCreated SystemTime="2024-07-15 16:34:01.175955+00:00"></TimeCreated>
<EventRecordID>169601</EventRecordID>
<Correlation ActivityID="" RelatedActivityID=""></Correlation>
<Execution ProcessID="4" ThreadID="3996"></Execution>
<Channel>Security</Channel>
<Computer>DESKTOP-EKVR84B</Computer>
<Security UserID=""></Security>
</System>
<EventData><Data Name="ProcessID">3248</Data>
<Data Name="Application">\device\harddiskvolume3\windows\system32\svchost.exe</Data>
<Data Name="Direction">%%14593</Data>
<Data Name="SourceAddress">192.168.27.159</Data>
<Data Name="SourcePort">49914</Data>
<Data Name="DestAddress">142.251.16.94</Data>
<Data Name="DestPort">80</Data>
<Data Name="Protocol">6</Data>
<Data Name="FilterRTID">67201</Data>
<Data Name="LayerName">%%14611</Data>
<Data Name="LayerRTID">48</Data>
<Data Name="RemoteUserID">S-1-0-0</Data>
<Data Name="RemoteMachineID">S-1-0-0</Data>
</EventData>
</Event>

<Event xmlns="http://schemas.microsoft.com/win/2004/08/events/event"><System><Provider Name="MsiInstaller"></Provider>
<EventID Qualifiers="0">1040</EventID>
<Version>0</Version>
<Level>4</Level>
<Task>0</Task>
<Opcode>0</Opcode>
<Keywords>0x0080000000000000</Keywords>
<TimeCreated SystemTime="2024-07-15 16:34:18.581825+00:00"></TimeCreated>
<EventRecordID>2406</EventRecordID>
<Correlation ActivityID="" RelatedActivityID=""></Correlation>
<Execution ProcessID="0" ThreadID="0"></Execution>
<Channel>Application</Channel>
<Computer>DESKTOP-EKVR84B</Computer>
<Security UserID="S-1-5-21-3576963320-1344788273-4164204335-1001"></Security>
</System>
<EventData><Data>&lt;string&gt;C:\ProgramData\Microsoft\VisualStudio\Packages\Microsoft.VisualStudio.VsWebProtocolSelector.Msi,version=17.10.34803.213\Microsoft.VisualStudio.VsWebProtocolSelector.Msi.msi&lt;/string&gt;
&lt;string&gt;7536&lt;/string&gt;
&lt;string&gt;(NULL)&lt;/string&gt;
&lt;string&gt;(NULL)&lt;/string&gt;
&lt;string&gt;(NULL)&lt;/string&gt;
&lt;string&gt;(NULL)&lt;/string&gt;
&lt;string&gt;&lt;/string&gt;
</Data>
<Binary></Binary>
</EventData>
</Event>

<Event xmlns="http://schemas.microsoft.com/win/2004/08/events/event"><System><Provider Name="MsiInstaller"></Provider>
<EventID Qualifiers="0">11707</EventID>
<Version>0</Version>
<Level>4</Level>
<Task>0</Task>
<Opcode>0</Opcode>
<Keywords>0x0080000000000000</Keywords>
<TimeCreated SystemTime="2024-07-15 16:34:18.815983+00:00"></TimeCreated>
<EventRecordID>2407</EventRecordID>
<Correlation ActivityID="" RelatedActivityID=""></Correlation>
<Execution ProcessID="0" ThreadID="0"></Execution>
<Channel>Application</Channel>
<Computer>DESKTOP-EKVR84B</Computer>
<Security UserID="S-1-5-21-3576963320-1344788273-4164204335-1001"></Security>
</System>
<EventData><Data>&lt;string&gt;Product: vs_vswebprotocolselectormsi -- Installation completed successfully.&lt;/string&gt;
&lt;string&gt;(NULL)&lt;/string&gt;
&lt;string&gt;(NULL)&lt;/string&gt;
&lt;string&gt;(NULL)&lt;/string&gt;
&lt;string&gt;(NULL)&lt;/string&gt;
&lt;string&gt;(NULL)&lt;/string&gt;
&lt;string&gt;&lt;/string&gt;
</Data>
<Binary>ezY2RENDRTU3LTEzRjctNDNBQy1CMTZFLTQ4RUE1Qzg5ODA2RH0=</Binary>
</EventData>
</Event>

<Event xmlns="http://schemas.microsoft.com/win/2004/08/events/event"><System><Provider Name="MsiInstaller"></Provider>
<EventID Qualifiers="0">1033</EventID>
<Version>0</Version>
<Level>4</Level>
<Task>0</Task>
<Opcode>0</Opcode>
<Keywords>0x0080000000000000</Keywords>
<TimeCreated SystemTime="2024-07-15 16:34:18.815983+00:00"></TimeCreated>
<EventRecordID>2408</EventRecordID>
<Correlation ActivityID="" RelatedActivityID=""></Correlation>
<Execution ProcessID="0" ThreadID="0"></Execution>
<Channel>Application</Channel>
<Computer>DESKTOP-EKVR84B</Computer>
<Security UserID="S-1-5-21-3576963320-1344788273-4164204335-1001"></Security>
</System>
<EventData><Data>&lt;string&gt;vs_vswebprotocolselectormsi&lt;/string&gt;
&lt;string&gt;17.10.34803&lt;/string&gt;
&lt;string&gt;1033&lt;/string&gt;
&lt;string&gt;0&lt;/string&gt;
&lt;string&gt;Microsoft Corporation&lt;/string&gt;
&lt;string&gt;(NULL)&lt;/string&gt;
&lt;string&gt;&lt;/string&gt;
</Data>
<Binary>ezY2RENDRTU3LTEzRjctNDNBQy1CMTZFLTQ4RUE1Qzg5ODA2RH0wMDAwYTQ4MzRlODZmOTY1ZTJmNDQ2MjkwZjkyY2RlMGZhYjIwMDAwMDkwNA==</Binary>
</EventData>
</Event>

<Event xmlns="http://schemas.microsoft.com/win/2004/08/events/event"><System><Provider Name="MsiInstaller"></Provider>
<EventID Qualifiers="0">1042</EventID>
<Version>0</Version>
<Level>4</Level>
<Task>0</Task>
<Opcode>0</Opcode>
<Keywords>0x0080000000000000</Keywords>
<TimeCreated SystemTime="2024-07-15 16:34:18.831442+00:00"></TimeCreated>
<EventRecordID>2409</EventRecordID>
<Correlation ActivityID="" RelatedActivityID=""></Correlation>
<Execution ProcessID="0" ThreadID="0"></Execution>
<Channel>Application</Channel>
<Computer>DESKTOP-EKVR84B</Computer>
<Security UserID="S-1-5-18"></Security>
</System>
<EventData><Data>&lt;string&gt;C:\ProgramData\Microsoft\VisualStudio\Packages\Microsoft.VisualStudio.VsWebProtocolSelector.Msi,version=17.10.34803.213\Microsoft.VisualStudio.VsWebProtocolSelector.Msi.msi&lt;/string&gt;
&lt;string&gt;7536&lt;/string&gt;
&lt;string&gt;(NULL)&lt;/string&gt;
&lt;string&gt;(NULL)&lt;/string&gt;
&lt;string&gt;(NULL)&lt;/string&gt;
&lt;string&gt;(NULL)&lt;/string&gt;
&lt;string&gt;&lt;/string&gt;
</Data>
<Binary></Binary>
</EventData>
</Event>

<Event xmlns="http://schemas.microsoft.com/win/2004/08/events/event"><System><Provider Name="MsiInstaller"></Provider>
<EventID Qualifiers="0">1040</EventID>
<Version>0</Version>
<Level>4</Level>
<Task>0</Task>
<Opcode>0</Opcode>
<Keywords>0x0080000000000000</Keywords>
<TimeCreated SystemTime="2024-07-15 16:34:18.878258+00:00"></TimeCreated>
<EventRecordID>2410</EventRecordID>
<Correlation ActivityID="" RelatedActivityID=""></Correlation>
<Execution ProcessID="0" ThreadID="0"></Execution>
<Channel>Application</Channel>
<Computer>DESKTOP-EKVR84B</Computer>
<Security UserID="S-1-5-21-3576963320-1344788273-4164204335-1001"></Security>
</System>
<EventData><Data>&lt;string&gt;C:\ProgramData\Microsoft\VisualStudio\Packages\Microsoft.VisualStudio.GitHubProtocolHandler.Msi,version=17.10.34803.213\Microsoft.VisualStudio.GitHubProtocolHandler.Msi.msi&lt;/string&gt;
&lt;string&gt;7536&lt;/string&gt;
&lt;string&gt;(NULL)&lt;/string&gt;
&lt;string&gt;(NULL)&lt;/string&gt;
&lt;string&gt;(NULL)&lt;/string&gt;
&lt;string&gt;(NULL)&lt;/string&gt;
&lt;string&gt;&lt;/string&gt;
</Data>
<Binary></Binary>
</EventData>
</Event>

