<Event xmlns="http://schemas.microsoft.com/win/2004/08/events/event"><System><Provider Name="Microsoft-Windows-Security-Auditing" Guid="{54849625-5478-4994-a5ba-3e3b0328c30d}"></Provider>
<EventID Qualifiers="">4658</EventID>
<Version>0</Version>
<Level>0</Level>
<Task>12804</Task>
<Opcode>0</Opcode>
<Keywords>0x8020000000000000</Keywords>
<TimeCreated SystemTime="2024-07-15 16:31:31.691265+00:00"></TimeCreated>
<EventRecordID>169238</EventRecordID>
<Correlation ActivityID="" RelatedActivityID=""></Correlation>
<Execution ProcessID="4" ThreadID="9120"></Execution>
<Channel>Security</Channel>
<Computer>DESKTOP-EKVR84B</Computer>
<Security UserID=""></Security>
</System>
<EventData><Data Name="SubjectUserSid">S-1-5-21-3576963320-1344788273-4164204335-1001</Data>
<Data Name="SubjectUserName">user</Data>
<Data Name="SubjectDomainName">DESKTOP-EKVR84B</Data>
<Data Name="SubjectLogonId">0x000000000005a45f</Data>
<Data Name="ObjectServer">Security Account Manager</Data>
<Data Name="HandleId">0x000001946c1e3740</Data>
<Data Name="ProcessId">0x00000000000002ac</Data>
<Data Name="ProcessName">C:\Windows\System32\lsass.exe</Data>
</EventData>
</Event>

<Event xmlns="http://schemas.microsoft.com/win/2004/08/events/event"><System><Provider Name="Microsoft-Windows-Security-Auditing" Guid="{54849625-5478-4994-a5ba-3e3b0328c30d}"></Provider>
<EventID Qualifiers="">4656</EventID>
<Version>1</Version>
<Level>0</Level>
<Task>12803</Task>
<Opcode>0</Opcode>
<Keywords>0x8020000000000000</Keywords>
<TimeCreated SystemTime="2024-07-15 16:31:32.504314+00:00"></TimeCreated>
<EventRecordID>169239</EventRecordID>
<Correlation ActivityID="" RelatedActivityID=""></Correlation>
<Execution ProcessID="4" ThreadID="9120"></Execution>
<Channel>Security</Channel>
<Computer>DESKTOP-EKVR84B</Computer>
<Security UserID=""></Security>
</System>
<EventData><Data Name="SubjectUserSid">S-1-5-21-3576963320-1344788273-4164204335-1001</Data>
<Data Name="SubjectUserName">user</Data>
<Data Name="SubjectDomainName">DESKTOP-EKVR84B</Data>
<Data Name="SubjectLogonId">0x000000000005a45f</Data>
<Data Name="ObjectServer">Security Account Manager</Data>
<Data Name="ObjectType">SAM_SERVER</Data>
<Data Name="ObjectName">SAM</Data>
<Data Name="HandleId">0x000001946c1e3740</Data>
<Data Name="TransactionId">{00000000-0000-0000-0000-000000000000}</Data>
<Data Name="AccessList">%%1538
				%%5376
				%%5380
				%%5381
				</Data>
<Data Name="AccessReason">-</Data>
<Data Name="AccessMask">0x00020031</Data>
<Data Name="PrivilegeList">-</Data>
<Data Name="RestrictedSidCount">0</Data>
<Data Name="ProcessId">0x00000000000002ac</Data>
<Data Name="ProcessName">C:\Windows\System32\lsass.exe</Data>
<Data Name="ResourceAttributes">-</Data>
</EventData>
</Event>

<Event xmlns="http://schemas.microsoft.com/win/2004/08/events/event"><System><Provider Name="Microsoft-Windows-Security-Auditing" Guid="{54849625-5478-4994-a5ba-3e3b0328c30d}"></Provider>
<EventID Qualifiers="">4656</EventID>
<Version>1</Version>
<Level>0</Level>
<Task>12803</Task>
<Opcode>0</Opcode>
<Keywords>0x8020000000000000</Keywords>
<TimeCreated SystemTime="2024-07-15 16:31:32.504450+00:00"></TimeCreated>
<EventRecordID>169240</EventRecordID>
<Correlation ActivityID="" RelatedActivityID=""></Correlation>
<Execution ProcessID="4" ThreadID="9120"></Execution>
<Channel>Security</Channel>
<Computer>DESKTOP-EKVR84B</Computer>
<Security UserID=""></Security>
</System>
<EventData><Data Name="SubjectUserSid">S-1-5-21-3576963320-1344788273-4164204335-1001</Data>
<Data Name="SubjectUserName">user</Data>
<Data Name="SubjectDomainName">DESKTOP-EKVR84B</Data>
<Data Name="SubjectLogonId">0x000000000005a45f</Data>
<Data Name="ObjectServer">Security Account Manager</Data>
<Data Name="ObjectType">SAM_DOMAIN</Data>
<Data Name="ObjectName">DESKTOP-EKVR84B</Data>
<Data Name="HandleId">0x000001946c1e0f40</Data>
<Data Name="TransactionId">{00000000-0000-0000-0000-000000000000}</Data>
<Data Name="AccessList">%%1538
				%%5392
				%%5394
				%%5399
				%%5400
				%%5401
				</Data>
<Data Name="AccessReason">-</Data>
<Data Name="AccessMask">0x00020385</Data>
<Data Name="PrivilegeList">-</Data>
<Data Name="RestrictedSidCount">0</Data>
<Data Name="ProcessId">0x00000000000002ac</Data>
<Data Name="ProcessName">C:\Windows\System32\lsass.exe</Data>
<Data Name="ResourceAttributes">-</Data>
</EventData>
</Event>

<Event xmlns="http://schemas.microsoft.com/win/2004/08/events/event"><System><Provider Name="Microsoft-Windows-Security-Auditing" Guid="{54849625-5478-4994-a5ba-3e3b0328c30d}"></Provider>
<EventID Qualifiers="">4656</EventID>
<Version>1</Version>
<Level>0</Level>
<Task>12803</Task>
<Opcode>0</Opcode>
<Keywords>0x8020000000000000</Keywords>
<TimeCreated SystemTime="2024-07-15 16:31:32.505089+00:00"></TimeCreated>
<EventRecordID>169241</EventRecordID>
<Correlation ActivityID="" RelatedActivityID=""></Correlation>
<Execution ProcessID="4" ThreadID="9120"></Execution>
<Channel>Security</Channel>
<Computer>DESKTOP-EKVR84B</Computer>
<Security UserID=""></Security>
</System>
<EventData><Data Name="SubjectUserSid">S-1-5-21-3576963320-1344788273-4164204335-1001</Data>
<Data Name="SubjectUserName">user</Data>
<Data Name="SubjectDomainName">DESKTOP-EKVR84B</Data>
<Data Name="SubjectLogonId">0x000000000005a45f</Data>
<Data Name="ObjectServer">Security Account Manager</Data>
<Data Name="ObjectType">SAM_USER</Data>
<Data Name="ObjectName">DOMAINS\Account\Users\000003E9</Data>
<Data Name="HandleId">0x000001946c1e0040</Data>
<Data Name="TransactionId">{00000000-0000-0000-0000-000000000000}</Data>
<Data Name="AccessList">%%1538
				%%5440
				%%5441
				%%5442
				%%5443
				%%5444
				%%5446
				%%5448
				%%5449
				</Data>
<Data Name="AccessReason">-</Data>
<Data Name="AccessMask">0x0002035f</Data>
<Data Name="PrivilegeList">-</Data>
<Data Name="RestrictedSidCount">0</Data>
<Data Name="ProcessId">0x00000000000002ac</Data>
<Data Name="ProcessName">C:\Windows\System32\lsass.exe</Data>
<Data Name="ResourceAttributes">-</Data>
</EventData>
</Event>

<Event xmlns="http://schemas.microsoft.com/win/2004/08/events/event"><System><Provider Name="Microsoft-Windows-Security-Auditing" Guid="{54849625-5478-4994-a5ba-3e3b0328c30d}"></Provider>
<EventID Qualifiers="">4658</EventID>
<Version>0</Version>
<Level>0</Level>
<Task>12804</Task>
<Opcode>0</Opcode>
<Keywords>0x8020000000000000</Keywords>
<TimeCreated SystemTime="2024-07-15 16:31:32.505232+00:00"></TimeCreated>
<EventRecordID>169242</EventRecordID>
<Correlation ActivityID="" RelatedActivityID=""></Correlation>
<Execution ProcessID="4" ThreadID="9120"></Execution>
<Channel>Security</Channel>
<Computer>DESKTOP-EKVR84B</Computer>
<Security UserID=""></Security>
</System>
<EventData><Data Name="SubjectUserSid">S-1-5-21-3576963320-1344788273-4164204335-1001</Data>
<Data Name="SubjectUserName">user</Data>
<Data Name="SubjectDomainName">DESKTOP-EKVR84B</Data>
<Data Name="SubjectLogonId">0x000000000005a45f</Data>
<Data Name="ObjectServer">Security Account Manager</Data>
<Data Name="HandleId">0x000001946c1e0040</Data>
<Data Name="ProcessId">0x00000000000002ac</Data>
<Data Name="ProcessName">C:\Windows\System32\lsass.exe</Data>
</EventData>
</Event>

<Event xmlns="http://schemas.microsoft.com/win/2004/08/events/event"><System><Provider Name="Microsoft-Windows-Security-Auditing" Guid="{54849625-5478-4994-a5ba-3e3b0328c30d}"></Provider>
<EventID Qualifiers="">4658</EventID>
<Version>0</Version>
<Level>0</Level>
<Task>12804</Task>
<Opcode>0</Opcode>
<Keywords>0x8020000000000000</Keywords>
<TimeCreated SystemTime="2024-07-15 16:31:32.505264+00:00"></TimeCreated>
<EventRecordID>169243</EventRecordID>
<Correlation ActivityID="" RelatedActivityID=""></Correlation>
<Execution ProcessID="4" ThreadID="9120"></Execution>
<Channel>Security</Channel>
<Computer>DESKTOP-EKVR84B</Computer>
<Security UserID=""></Security>
</System>
<EventData><Data Name="SubjectUserSid">S-1-5-21-3576963320-1344788273-4164204335-1001</Data>
<Data Name="SubjectUserName">user</Data>
<Data Name="SubjectDomainName">DESKTOP-EKVR84B</Data>
<Data Name="SubjectLogonId">0x000000000005a45f</Data>
<Data Name="ObjectServer">Security Account Manager</Data>
<Data Name="HandleId">0x000001946c1e0f40</Data>
<Data Name="ProcessId">0x00000000000002ac</Data>
<Data Name="ProcessName">C:\Windows\System32\lsass.exe</Data>
</EventData>
</Event>

<Event xmlns="http://schemas.microsoft.com/win/2004/08/events/event"><System><Provider Name="Microsoft-Windows-Security-Auditing" Guid="{54849625-5478-4994-a5ba-3e3b0328c30d}"></Provider>
<EventID Qualifiers="">4658</EventID>
<Version>0</Version>
<Level>0</Level>
<Task>12804</Task>
<Opcode>0</Opcode>
<Keywords>0x8020000000000000</Keywords>
<TimeCreated SystemTime="2024-07-15 16:31:32.505285+00:00"></TimeCreated>
<EventRecordID>169244</EventRecordID>
<Correlation ActivityID="" RelatedActivityID=""></Correlation>
<Execution ProcessID="4" ThreadID="9120"></Execution>
<Channel>Security</Channel>
<Computer>DESKTOP-EKVR84B</Computer>
<Security UserID=""></Security>
</System>
<EventData><Data Name="SubjectUserSid">S-1-5-21-3576963320-1344788273-4164204335-1001</Data>
<Data Name="SubjectUserName">user</Data>
<Data Name="SubjectDomainName">DESKTOP-EKVR84B</Data>
<Data Name="SubjectLogonId">0x000000000005a45f</Data>
<Data Name="ObjectServer">Security Account Manager</Data>
<Data Name="HandleId">0x000001946c1e3740</Data>
<Data Name="ProcessId">0x00000000000002ac</Data>
<Data Name="ProcessName">C:\Windows\System32\lsass.exe</Data>
</EventData>
</Event>

<Event xmlns="http://schemas.microsoft.com/win/2004/08/events/event"><System><Provider Name="Microsoft-Windows-Security-Auditing" Guid="{54849625-5478-4994-a5ba-3e3b0328c30d}"></Provider>
<EventID Qualifiers="">4656</EventID>
<Version>1</Version>
<Level>0</Level>
<Task>12803</Task>
<Opcode>0</Opcode>
<Keywords>0x8020000000000000</Keywords>
<TimeCreated SystemTime="2024-07-15 16:31:32.520517+00:00"></TimeCreated>
<EventRecordID>169245</EventRecordID>
<Correlation ActivityID="" RelatedActivityID=""></Correlation>
<Execution ProcessID="4" ThreadID="9120"></Execution>
<Channel>Security</Channel>
<Computer>DESKTOP-EKVR84B</Computer>
<Security UserID=""></Security>
</System>
<EventData><Data Name="SubjectUserSid">S-1-5-21-3576963320-1344788273-4164204335-1001</Data>
<Data Name="SubjectUserName">user</Data>
<Data Name="SubjectDomainName">DESKTOP-EKVR84B</Data>
<Data Name="SubjectLogonId">0x000000000005a45f</Data>
<Data Name="ObjectServer">Security Account Manager</Data>
<Data Name="ObjectType">SAM_SERVER</Data>
<Data Name="ObjectName">SAM</Data>
<Data Name="HandleId">0x000001946c1e2d40</Data>
<Data Name="TransactionId">{00000000-0000-0000-0000-000000000000}</Data>
<Data Name="AccessList">%%1538
				%%5376
				%%5380
				%%5381
				</Data>
<Data Name="AccessReason">-</Data>
<Data Name="AccessMask">0x00020031</Data>
<Data Name="PrivilegeList">-</Data>
<Data Name="RestrictedSidCount">0</Data>
<Data Name="ProcessId">0x00000000000002ac</Data>
<Data Name="ProcessName">C:\Windows\System32\lsass.exe</Data>
<Data Name="ResourceAttributes">-</Data>
</EventData>
</Event>

<Event xmlns="http://schemas.microsoft.com/win/2004/08/events/event"><System><Provider Name="Microsoft-Windows-Security-Auditing" Guid="{54849625-5478-4994-a5ba-3e3b0328c30d}"></Provider>
<EventID Qualifiers="">4656</EventID>
<Version>1</Version>
<Level>0</Level>
<Task>12803</Task>
<Opcode>0</Opcode>
<Keywords>0x8020000000000000</Keywords>
<TimeCreated SystemTime="2024-07-15 16:31:32.520769+00:00"></TimeCreated>
<EventRecordID>169246</EventRecordID>
<Correlation ActivityID="" RelatedActivityID=""></Correlation>
<Execution ProcessID="4" ThreadID="9120"></Execution>
<Channel>Security</Channel>
<Computer>DESKTOP-EKVR84B</Computer>
<Security UserID=""></Security>
</System>
<EventData><Data Name="SubjectUserSid">S-1-5-21-3576963320-1344788273-4164204335-1001</Data>
<Data Name="SubjectUserName">user</Data>
<Data Name="SubjectDomainName">DESKTOP-EKVR84B</Data>
<Data Name="SubjectLogonId">0x000000000005a45f</Data>
<Data Name="ObjectServer">Security Account Manager</Data>
<Data Name="ObjectType">SAM_DOMAIN</Data>
<Data Name="ObjectName">DESKTOP-EKVR84B</Data>
<Data Name="HandleId">0x000001946c1e3740</Data>
<Data Name="TransactionId">{00000000-0000-0000-0000-000000000000}</Data>
<Data Name="AccessList">%%1538
				%%5392
				%%5394
				%%5399
				%%5400
				%%5401
				</Data>
<Data Name="AccessReason">-</Data>
<Data Name="AccessMask">0x00020385</Data>
<Data Name="PrivilegeList">-</Data>
<Data Name="RestrictedSidCount">0</Data>
<Data Name="ProcessId">0x00000000000002ac</Data>
<Data Name="ProcessName">C:\Windows\System32\lsass.exe</Data>
<Data Name="ResourceAttributes">-</Data>
</EventData>
</Event>

<Event xmlns="http://schemas.microsoft.com/win/2004/08/events/event"><System><Provider Name="Microsoft-Windows-Security-Auditing" Guid="{54849625-5478-4994-a5ba-3e3b0328c30d}"></Provider>
<EventID Qualifiers="">4656</EventID>
<Version>1</Version>
<Level>0</Level>
<Task>12803</Task>
<Opcode>0</Opcode>
<Keywords>0x8020000000000000</Keywords>
<TimeCreated SystemTime="2024-07-15 16:31:32.521402+00:00"></TimeCreated>
<EventRecordID>169247</EventRecordID>
<Correlation ActivityID="" RelatedActivityID=""></Correlation>
<Execution ProcessID="4" ThreadID="9120"></Execution>
<Channel>Security</Channel>
<Computer>DESKTOP-EKVR84B</Computer>
<Security UserID=""></Security>
</System>
<EventData><Data Name="SubjectUserSid">S-1-5-21-3576963320-1344788273-4164204335-1001</Data>
<Data Name="SubjectUserName">user</Data>
<Data Name="SubjectDomainName">DESKTOP-EKVR84B</Data>
<Data Name="SubjectLogonId">0x000000000005a45f</Data>
<Data Name="ObjectServer">Security Account Manager</Data>
<Data Name="ObjectType">SAM_USER</Data>
<Data Name="ObjectName">DOMAINS\Account\Users\000003E9</Data>
<Data Name="HandleId">0x000001946c1e0040</Data>
<Data Name="TransactionId">{00000000-0000-0000-0000-000000000000}</Data>
<Data Name="AccessList">%%1538
				%%5440
				%%5441
				%%5442
				%%5443
				%%5444
				%%5446
				%%5448
				%%5449
				</Data>
<Data Name="AccessReason">-</Data>
<Data Name="AccessMask">0x0002035f</Data>
<Data Name="PrivilegeList">-</Data>
<Data Name="RestrictedSidCount">0</Data>
<Data Name="ProcessId">0x00000000000002ac</Data>
<Data Name="ProcessName">C:\Windows\System32\lsass.exe</Data>
<Data Name="ResourceAttributes">-</Data>
</EventData>
</Event>

<Event xmlns="http://schemas.microsoft.com/win/2004/08/events/event"><System><Provider Name="Microsoft-Windows-Security-Auditing" Guid="{54849625-5478-4994-a5ba-3e3b0328c30d}"></Provider>
<EventID Qualifiers="">4658</EventID>
<Version>0</Version>
<Level>0</Level>
<Task>12804</Task>
<Opcode>0</Opcode>
<Keywords>0x8020000000000000</Keywords>
<TimeCreated SystemTime="2024-07-15 16:31:32.521587+00:00"></TimeCreated>
<EventRecordID>169248</EventRecordID>
<Correlation ActivityID="" RelatedActivityID=""></Correlation>
<Execution ProcessID="4" ThreadID="9120"></Execution>
<Channel>Security</Channel>
<Computer>DESKTOP-EKVR84B</Computer>
<Security UserID=""></Security>
</System>
<EventData><Data Name="SubjectUserSid">S-1-5-21-3576963320-1344788273-4164204335-1001</Data>
<Data Name="SubjectUserName">user</Data>
<Data Name="SubjectDomainName">DESKTOP-EKVR84B</Data>
<Data Name="SubjectLogonId">0x000000000005a45f</Data>
<Data Name="ObjectServer">Security Account Manager</Data>
<Data Name="HandleId">0x000001946c1e0040</Data>
<Data Name="ProcessId">0x00000000000002ac</Data>
<Data Name="ProcessName">C:\Windows\System32\lsass.exe</Data>
</EventData>
</Event>

<Event xmlns="http://schemas.microsoft.com/win/2004/08/events/event"><System><Provider Name="Microsoft-Windows-Security-Auditing" Guid="{54849625-5478-4994-a5ba-3e3b0328c30d}"></Provider>
<EventID Qualifiers="">4658</EventID>
<Version>0</Version>
<Level>0</Level>
<Task>12804</Task>
<Opcode>0</Opcode>
<Keywords>0x8020000000000000</Keywords>
<TimeCreated SystemTime="2024-07-15 16:31:32.521648+00:00"></TimeCreated>
<EventRecordID>169249</EventRecordID>
<Correlation ActivityID="" RelatedActivityID=""></Correlation>
<Execution ProcessID="4" ThreadID="9120"></Execution>
<Channel>Security</Channel>
<Computer>DESKTOP-EKVR84B</Computer>
<Security UserID=""></Security>
</System>
<EventData><Data Name="SubjectUserSid">S-1-5-21-3576963320-1344788273-4164204335-1001</Data>
<Data Name="SubjectUserName">user</Data>
<Data Name="SubjectDomainName">DESKTOP-EKVR84B</Data>
<Data Name="SubjectLogonId">0x000000000005a45f</Data>
<Data Name="ObjectServer">Security Account Manager</Data>
<Data Name="HandleId">0x000001946c1e3740</Data>
<Data Name="ProcessId">0x00000000000002ac</Data>
<Data Name="ProcessName">C:\Windows\System32\lsass.exe</Data>
</EventData>
</Event>

<Event xmlns="http://schemas.microsoft.com/win/2004/08/events/event"><System><Provider Name="Microsoft-Windows-Security-Auditing" Guid="{54849625-5478-4994-a5ba-3e3b0328c30d}"></Provider>
<EventID Qualifiers="">4658</EventID>
<Version>0</Version>
<Level>0</Level>
<Task>12804</Task>
<Opcode>0</Opcode>
<Keywords>0x8020000000000000</Keywords>
<TimeCreated SystemTime="2024-07-15 16:31:32.521738+00:00"></TimeCreated>
<EventRecordID>169250</EventRecordID>
<Correlation ActivityID="" RelatedActivityID=""></Correlation>
<Execution ProcessID="4" ThreadID="9120"></Execution>
<Channel>Security</Channel>
<Computer>DESKTOP-EKVR84B</Computer>
<Security UserID=""></Security>
</System>
<EventData><Data Name="SubjectUserSid">S-1-5-21-3576963320-1344788273-4164204335-1001</Data>
<Data Name="SubjectUserName">user</Data>
<Data Name="SubjectDomainName">DESKTOP-EKVR84B</Data>
<Data Name="SubjectLogonId">0x000000000005a45f</Data>
<Data Name="ObjectServer">Security Account Manager</Data>
<Data Name="HandleId">0x000001946c1e2d40</Data>
<Data Name="ProcessId">0x00000000000002ac</Data>
<Data Name="ProcessName">C:\Windows\System32\lsass.exe</Data>
</EventData>
</Event>

<Event xmlns="http://schemas.microsoft.com/win/2004/08/events/event"><System><Provider Name="Microsoft-Windows-Security-Auditing" Guid="{54849625-5478-4994-a5ba-3e3b0328c30d}"></Provider>
<EventID Qualifiers="">4658</EventID>
<Version>0</Version>
<Level>0</Level>
<Task>12812</Task>
<Opcode>0</Opcode>
<Keywords>0x8020000000000000</Keywords>
<TimeCreated SystemTime="2024-07-15 16:31:36.355936+00:00"></TimeCreated>
<EventRecordID>169251</EventRecordID>
<Correlation ActivityID="" RelatedActivityID=""></Correlation>
<Execution ProcessID="4" ThreadID="9124"></Execution>
<Channel>Security</Channel>
<Computer>DESKTOP-EKVR84B</Computer>
<Security UserID=""></Security>
</System>
<EventData><Data Name="SubjectUserSid">S-1-5-21-3576963320-1344788273-4164204335-1001</Data>
<Data Name="SubjectUserName">user</Data>
<Data Name="SubjectDomainName">DESKTOP-EKVR84B</Data>
<Data Name="SubjectLogonId">0x000000000005a45f</Data>
<Data Name="ObjectServer">Security</Data>
<Data Name="HandleId">0x0000000000003ce4</Data>
<Data Name="ProcessId">0x0000000000001778</Data>
<Data Name="ProcessName">C:\Windows\explorer.exe</Data>
</EventData>
</Event>

<Event xmlns="http://schemas.microsoft.com/win/2004/08/events/event"><System><Provider Name="Microsoft-Windows-Security-Auditing" Guid="{54849625-5478-4994-a5ba-3e3b0328c30d}"></Provider>
<EventID Qualifiers="">4658</EventID>
<Version>0</Version>
<Level>0</Level>
<Task>12812</Task>
<Opcode>0</Opcode>
<Keywords>0x8020000000000000</Keywords>
<TimeCreated SystemTime="2024-07-15 16:31:36.356005+00:00"></TimeCreated>
<EventRecordID>169252</EventRecordID>
<Correlation ActivityID="" RelatedActivityID=""></Correlation>
<Execution ProcessID="4" ThreadID="9124"></Execution>
<Channel>Security</Channel>
<Computer>DESKTOP-EKVR84B</Computer>
<Security UserID=""></Security>
</System>
<EventData><Data Name="SubjectUserSid">S-1-5-21-3576963320-1344788273-4164204335-1001</Data>
<Data Name="SubjectUserName">user</Data>
<Data Name="SubjectDomainName">DESKTOP-EKVR84B</Data>
<Data Name="SubjectLogonId">0x000000000005a45f</Data>
<Data Name="ObjectServer">Security</Data>
<Data Name="HandleId">0x0000000000002468</Data>
<Data Name="ProcessId">0x0000000000001778</Data>
<Data Name="ProcessName">C:\Windows\explorer.exe</Data>
</EventData>
</Event>

<Event xmlns="http://schemas.microsoft.com/win/2004/08/events/event"><System><Provider Name="Microsoft-Windows-Security-Auditing" Guid="{54849625-5478-4994-a5ba-3e3b0328c30d}"></Provider>
<EventID Qualifiers="">5152</EventID>
<Version>0</Version>
<Level>0</Level>
<Task>12809</Task>
<Opcode>0</Opcode>
<Keywords>0x8010000000000000</Keywords>
<TimeCreated SystemTime="2024-07-15 16:31:42.099394+00:00"></TimeCreated>
<EventRecordID>169253</EventRecordID>
<Correlation ActivityID="" RelatedActivityID=""></Correlation>
<Execution ProcessID="4" ThreadID="2492"></Execution>
<Channel>Security</Channel>
<Computer>DESKTOP-EKVR84B</Computer>
<Security UserID=""></Security>
</System>
<EventData><Data Name="ProcessId">0</Data>
<Data Name="Application">-</Data>
<Data Name="Direction">%%14592</Data>
<Data Name="SourceAddress">204.79.197.237</Data>
<Data Name="SourcePort">443</Data>
<Data Name="DestAddress">192.168.27.159</Data>
<Data Name="DestPort">49860</Data>
<Data Name="Protocol">6</Data>
<Data Name="FilterRTID">67988</Data>
<Data Name="LayerName">%%14597</Data>
<Data Name="LayerRTID">13</Data>
</EventData>
</Event>

<Event xmlns="http://schemas.microsoft.com/win/2004/08/events/event"><System><Provider Name="Microsoft-Windows-Security-Auditing" Guid="{54849625-5478-4994-a5ba-3e3b0328c30d}"></Provider>
<EventID Qualifiers="">5158</EventID>
<Version>0</Version>
<Level>0</Level>
<Task>12810</Task>
<Opcode>0</Opcode>
<Keywords>0x8020000000000000</Keywords>
<TimeCreated SystemTime="2024-07-15 16:31:50.264105+00:00"></TimeCreated>
<EventRecordID>169254</EventRecordID>
<Correlation ActivityID="" RelatedActivityID=""></Correlation>
<Execution ProcessID="4" ThreadID="2492"></Execution>
<Channel>Security</Channel>
<Computer>DESKTOP-EKVR84B</Computer>
<Security UserID=""></Security>
</System>
<EventData><Data Name="ProcessId">5160</Data>
<Data Name="Application">\device\harddiskvolume3\program files (x86)\microsoft\edge\application\msedge.exe</Data>
<Data Name="SourceAddress">::</Data>
<Data Name="SourcePort">49627</Data>
<Data Name="Protocol">17</Data>
<Data Name="FilterRTID">0</Data>
<Data Name="LayerName">%%14608</Data>
<Data Name="LayerRTID">36</Data>
</EventData>
</Event>

<Event xmlns="http://schemas.microsoft.com/win/2004/08/events/event"><System><Provider Name="Microsoft-Windows-Security-Auditing" Guid="{54849625-5478-4994-a5ba-3e3b0328c30d}"></Provider>
<EventID Qualifiers="">5158</EventID>
<Version>0</Version>
<Level>0</Level>
<Task>12810</Task>
<Opcode>0</Opcode>
<Keywords>0x8020000000000000</Keywords>
<TimeCreated SystemTime="2024-07-15 16:31:50.264112+00:00"></TimeCreated>
<EventRecordID>169255</EventRecordID>
<Correlation ActivityID="" RelatedActivityID=""></Correlation>
<Execution ProcessID="4" ThreadID="2492"></Execution>
<Channel>Security</Channel>
<Computer>DESKTOP-EKVR84B</Computer>
<Security UserID=""></Security>
</System>
<EventData><Data Name="ProcessId">5160</Data>
<Data Name="Application">\device\harddiskvolume3\program files (x86)\microsoft\edge\application\msedge.exe</Data>
<Data Name="SourceAddress">::</Data>
<Data Name="SourcePort">49627</Data>
<Data Name="Protocol">17</Data>
<Data Name="FilterRTID">0</Data>
<Data Name="LayerName">%%14608</Data>
<Data Name="LayerRTID">38</Data>
</EventData>
</Event>

<Event xmlns="http://schemas.microsoft.com/win/2004/08/events/event"><System><Provider Name="Microsoft-Windows-Security-Auditing" Guid="{54849625-5478-4994-a5ba-3e3b0328c30d}"></Provider>
<EventID Qualifiers="">5158</EventID>
<Version>0</Version>
<Level>0</Level>
<Task>12810</Task>
<Opcode>0</Opcode>
<Keywords>0x8020000000000000</Keywords>
<TimeCreated SystemTime="2024-07-15 16:31:50.265177+00:00"></TimeCreated>
<EventRecordID>169256</EventRecordID>
<Correlation ActivityID="" RelatedActivityID=""></Correlation>
<Execution ProcessID="4" ThreadID="2492"></Execution>
<Channel>Security</Channel>
<Computer>DESKTOP-EKVR84B</Computer>
<Security UserID=""></Security>
</System>
<EventData><Data Name="ProcessId">5160</Data>
<Data Name="Application">\device\harddiskvolume3\program files (x86)\microsoft\edge\application\msedge.exe</Data>
<Data Name="SourceAddress">0.0.0.0</Data>
<Data Name="SourcePort">59996</Data>
<Data Name="Protocol">17</Data>
<Data Name="FilterRTID">0</Data>
<Data Name="LayerName">%%14608</Data>
<Data Name="LayerRTID">36</Data>
</EventData>
</Event>

<Event xmlns="http://schemas.microsoft.com/win/2004/08/events/event"><System><Provider Name="Microsoft-Windows-Security-Auditing" Guid="{54849625-5478-4994-a5ba-3e3b0328c30d}"></Provider>
<EventID Qualifiers="">5156</EventID>
<Version>1</Version>
<Level>0</Level>
<Task>12810</Task>
<Opcode>0</Opcode>
<Keywords>0x8020000000000000</Keywords>
<TimeCreated SystemTime="2024-07-15 16:31:50.265265+00:00"></TimeCreated>
<EventRecordID>169257</EventRecordID>
<Correlation ActivityID="" RelatedActivityID=""></Correlation>
<Execution ProcessID="4" ThreadID="2492"></Execution>
<Channel>Security</Channel>
<Computer>DESKTOP-EKVR84B</Computer>
<Security UserID=""></Security>
</System>
<EventData><Data Name="ProcessID">5160</Data>
<Data Name="Application">\device\harddiskvolume3\program files (x86)\microsoft\edge\application\msedge.exe</Data>
<Data Name="Direction">%%14593</Data>
<Data Name="SourceAddress">192.168.27.159</Data>
<Data Name="SourcePort">59996</Data>
<Data Name="DestAddress">192.168.27.2</Data>
<Data Name="DestPort">53</Data>
<Data Name="Protocol">17</Data>
<Data Name="FilterRTID">67201</Data>
<Data Name="LayerName">%%14611</Data>
<Data Name="LayerRTID">48</Data>
<Data Name="RemoteUserID">S-1-0-0</Data>
<Data Name="RemoteMachineID">S-1-0-0</Data>
</EventData>
</Event>

<Event xmlns="http://schemas.microsoft.com/win/2004/08/events/event"><System><Provider Name="Microsoft-Windows-Security-Auditing" Guid="{54849625-5478-4994-a5ba-3e3b0328c30d}"></Provider>
<EventID Qualifiers="">5158</EventID>
<Version>0</Version>
<Level>0</Level>
<Task>12810</Task>
<Opcode>0</Opcode>
<Keywords>0x8020000000000000</Keywords>
<TimeCreated SystemTime="2024-07-15 16:31:50.265505+00:00"></TimeCreated>
<EventRecordID>169258</EventRecordID>
<Correlation ActivityID="" RelatedActivityID=""></Correlation>
<Execution ProcessID="4" ThreadID="2492"></Execution>
<Channel>Security</Channel>
<Computer>DESKTOP-EKVR84B</Computer>
<Security UserID=""></Security>
</System>
<EventData><Data Name="ProcessId">5160</Data>
<Data Name="Application">\device\harddiskvolume3\program files (x86)\microsoft\edge\application\msedge.exe</Data>
<Data Name="SourceAddress">0.0.0.0</Data>
<Data Name="SourcePort">61942</Data>
<Data Name="Protocol">17</Data>
<Data Name="FilterRTID">0</Data>
<Data Name="LayerName">%%14608</Data>
<Data Name="LayerRTID">36</Data>
</EventData>
</Event>

<Event xmlns="http://schemas.microsoft.com/win/2004/08/events/event"><System><Provider Name="Microsoft-Windows-Security-Auditing" Guid="{54849625-5478-4994-a5ba-3e3b0328c30d}"></Provider>
<EventID Qualifiers="">5156</EventID>
<Version>1</Version>
<Level>0</Level>
<Task>12810</Task>
<Opcode>0</Opcode>
<Keywords>0x8020000000000000</Keywords>
<TimeCreated SystemTime="2024-07-15 16:31:50.265598+00:00"></TimeCreated>
<EventRecordID>169259</EventRecordID>
<Correlation ActivityID="" RelatedActivityID=""></Correlation>
<Execution ProcessID="4" ThreadID="2492"></Execution>
<Channel>Security</Channel>
<Computer>DESKTOP-EKVR84B</Computer>
<Security UserID=""></Security>
</System>
<EventData><Data Name="ProcessID">5160</Data>
<Data Name="Application">\device\harddiskvolume3\program files (x86)\microsoft\edge\application\msedge.exe</Data>
<Data Name="Direction">%%14593</Data>
<Data Name="SourceAddress">192.168.27.159</Data>
<Data Name="SourcePort">61942</Data>
<Data Name="DestAddress">192.168.27.2</Data>
<Data Name="DestPort">53</Data>
<Data Name="Protocol">17</Data>
<Data Name="FilterRTID">67201</Data>
<Data Name="LayerName">%%14611</Data>
<Data Name="LayerRTID">48</Data>
<Data Name="RemoteUserID">S-1-0-0</Data>
<Data Name="RemoteMachineID">S-1-0-0</Data>
</EventData>
</Event>

<Event xmlns="http://schemas.microsoft.com/win/2004/08/events/event"><System><Provider Name="Microsoft-Windows-Security-Auditing" Guid="{54849625-5478-4994-a5ba-3e3b0328c30d}"></Provider>
<EventID Qualifiers="">5158</EventID>
<Version>0</Version>
<Level>0</Level>
<Task>12810</Task>
<Opcode>0</Opcode>
<Keywords>0x8020000000000000</Keywords>
<TimeCreated SystemTime="2024-07-15 16:31:50.270386+00:00"></TimeCreated>
<EventRecordID>169260</EventRecordID>
<Correlation ActivityID="" RelatedActivityID=""></Correlation>
<Execution ProcessID="4" ThreadID="2492"></Execution>
<Channel>Security</Channel>
<Computer>DESKTOP-EKVR84B</Computer>
<Security UserID=""></Security>
</System>
<EventData><Data Name="ProcessId">5160</Data>
<Data Name="Application">\device\harddiskvolume3\program files (x86)\microsoft\edge\application\msedge.exe</Data>
<Data Name="SourceAddress">0.0.0.0</Data>
<Data Name="SourcePort">49865</Data>
<Data Name="Protocol">6</Data>
<Data Name="FilterRTID">0</Data>
<Data Name="LayerName">%%14608</Data>
<Data Name="LayerRTID">36</Data>
</EventData>
</Event>

<Event xmlns="http://schemas.microsoft.com/win/2004/08/events/event"><System><Provider Name="Microsoft-Windows-Security-Auditing" Guid="{54849625-5478-4994-a5ba-3e3b0328c30d}"></Provider>
<EventID Qualifiers="">5156</EventID>
<Version>1</Version>
<Level>0</Level>
<Task>12810</Task>
<Opcode>0</Opcode>
<Keywords>0x8020000000000000</Keywords>
<TimeCreated SystemTime="2024-07-15 16:31:50.270395+00:00"></TimeCreated>
<EventRecordID>169261</EventRecordID>
<Correlation ActivityID="" RelatedActivityID=""></Correlation>
<Execution ProcessID="4" ThreadID="2492"></Execution>
<Channel>Security</Channel>
<Computer>DESKTOP-EKVR84B</Computer>
<Security UserID=""></Security>
</System>
<EventData><Data Name="ProcessID">5160</Data>
<Data Name="Application">\device\harddiskvolume3\program files (x86)\microsoft\edge\application\msedge.exe</Data>
<Data Name="Direction">%%14593</Data>
<Data Name="SourceAddress">192.168.27.159</Data>
<Data Name="SourcePort">49865</Data>
<Data Name="DestAddress">13.107.253.40</Data>
<Data Name="DestPort">443</Data>
<Data Name="Protocol">6</Data>
<Data Name="FilterRTID">67201</Data>
<Data Name="LayerName">%%14611</Data>
<Data Name="LayerRTID">48</Data>
<Data Name="RemoteUserID">S-1-0-0</Data>
<Data Name="RemoteMachineID">S-1-0-0</Data>
</EventData>
</Event>

<Event xmlns="http://schemas.microsoft.com/win/2004/08/events/event"><System><Provider Name="Microsoft-Windows-Security-Auditing" Guid="{54849625-5478-4994-a5ba-3e3b0328c30d}"></Provider>
<EventID Qualifiers="">5156</EventID>
<Version>1</Version>
<Level>0</Level>
<Task>12810</Task>
<Opcode>0</Opcode>
<Keywords>0x8020000000000000</Keywords>
<TimeCreated SystemTime="2024-07-15 16:31:55.123158+00:00"></TimeCreated>
<EventRecordID>169262</EventRecordID>
<Correlation ActivityID="" RelatedActivityID=""></Correlation>
<Execution ProcessID="4" ThreadID="6000"></Execution>
<Channel>Security</Channel>
<Computer>DESKTOP-EKVR84B</Computer>
<Security UserID=""></Security>
</System>
<EventData><Data Name="ProcessID">4</Data>
<Data Name="Application">System</Data>
<Data Name="Direction">%%14593</Data>
<Data Name="SourceAddress">192.168.27.159</Data>
<Data Name="SourcePort">137</Data>
<Data Name="DestAddress">192.168.27.2</Data>
<Data Name="DestPort">137</Data>
<Data Name="Protocol">17</Data>
<Data Name="FilterRTID">67201</Data>
<Data Name="LayerName">%%14611</Data>
<Data Name="LayerRTID">48</Data>
<Data Name="RemoteUserID">S-1-0-0</Data>
<Data Name="RemoteMachineID">S-1-0-0</Data>
</EventData>
</Event>

<Event xmlns="http://schemas.microsoft.com/win/2004/08/events/event"><System><Provider Name="Microsoft-Windows-Security-Auditing" Guid="{54849625-5478-4994-a5ba-3e3b0328c30d}"></Provider>
<EventID Qualifiers="">5156</EventID>
<Version>1</Version>
<Level>0</Level>
<Task>12810</Task>
<Opcode>0</Opcode>
<Keywords>0x8020000000000000</Keywords>
<TimeCreated SystemTime="2024-07-15 16:32:01.331680+00:00"></TimeCreated>
<EventRecordID>169263</EventRecordID>
<Correlation ActivityID="" RelatedActivityID=""></Correlation>
<Execution ProcessID="4" ThreadID="6000"></Execution>
<Channel>Security</Channel>
<Computer>DESKTOP-EKVR84B</Computer>
<Security UserID=""></Security>
</System>
<EventData><Data Name="ProcessID">4</Data>
<Data Name="Application">System</Data>
<Data Name="Direction">%%14593</Data>
<Data Name="SourceAddress">192.168.27.159</Data>
<Data Name="SourcePort">138</Data>
<Data Name="DestAddress">192.168.27.255</Data>
<Data Name="DestPort">138</Data>
<Data Name="Protocol">17</Data>
<Data Name="FilterRTID">67201</Data>
<Data Name="LayerName">%%14611</Data>
<Data Name="LayerRTID">48</Data>
<Data Name="RemoteUserID">S-1-0-0</Data>
<Data Name="RemoteMachineID">S-1-0-0</Data>
</EventData>
</Event>

<Event xmlns="http://schemas.microsoft.com/win/2004/08/events/event"><System><Provider Name="Microsoft-Windows-Security-Auditing" Guid="{54849625-5478-4994-a5ba-3e3b0328c30d}"></Provider>
<EventID Qualifiers="">5156</EventID>
<Version>1</Version>
<Level>0</Level>
<Task>12810</Task>
<Opcode>0</Opcode>
<Keywords>0x8020000000000000</Keywords>
<TimeCreated SystemTime="2024-07-15 16:32:01.331770+00:00"></TimeCreated>
<EventRecordID>169264</EventRecordID>
<Correlation ActivityID="" RelatedActivityID=""></Correlation>
<Execution ProcessID="4" ThreadID="6000"></Execution>
<Channel>Security</Channel>
<Computer>DESKTOP-EKVR84B</Computer>
<Security UserID=""></Security>
</System>
<EventData><Data Name="ProcessID">4</Data>
<Data Name="Application">System</Data>
<Data Name="Direction">%%14592</Data>
<Data Name="SourceAddress">192.168.27.159</Data>
<Data Name="SourcePort">138</Data>
<Data Name="DestAddress">192.168.27.255</Data>
<Data Name="DestPort">138</Data>
<Data Name="Protocol">17</Data>
<Data Name="FilterRTID">65888</Data>
<Data Name="LayerName">%%14610</Data>
<Data Name="LayerRTID">44</Data>
<Data Name="RemoteUserID">S-1-0-0</Data>
<Data Name="RemoteMachineID">S-1-0-0</Data>
</EventData>
</Event>

<Event xmlns="http://schemas.microsoft.com/win/2004/08/events/event"><System><Provider Name="Microsoft-Windows-Security-Auditing" Guid="{54849625-5478-4994-a5ba-3e3b0328c30d}"></Provider>
<EventID Qualifiers="">4656</EventID>
<Version>1</Version>
<Level>0</Level>
<Task>12802</Task>
<Opcode>0</Opcode>
<Keywords>0x8010000000000000</Keywords>
<TimeCreated SystemTime="2024-07-15 16:32:20.285925+00:00"></TimeCreated>
<EventRecordID>169265</EventRecordID>
<Correlation ActivityID="" RelatedActivityID=""></Correlation>
<Execution ProcessID="4" ThreadID="6000"></Execution>
<Channel>Security</Channel>
<Computer>DESKTOP-EKVR84B</Computer>
<Security UserID=""></Security>
</System>
<EventData><Data Name="SubjectUserSid">S-1-5-21-3576963320-1344788273-4164204335-1001</Data>
<Data Name="SubjectUserName">user</Data>
<Data Name="SubjectDomainName">DESKTOP-EKVR84B</Data>
<Data Name="SubjectLogonId">0x000000000005a45f</Data>
<Data Name="ObjectServer">Security</Data>
<Data Name="ObjectType">Process</Data>
<Data Name="ObjectName">\Device\HarddiskVolume3\Windows\System32\lsass.exe</Data>
<Data Name="HandleId">0x0000000000000000</Data>
<Data Name="TransactionId">{00000000-0000-0000-0000-000000000000}</Data>
<Data Name="AccessList">%%4484
				%%4490
				</Data>
<Data Name="AccessReason">-</Data>
<Data Name="AccessMask">0x00000410</Data>
<Data Name="PrivilegeList">-</Data>
<Data Name="RestrictedSidCount">0</Data>
<Data Name="ProcessId">0x00000000000008bc</Data>
<Data Name="ProcessName">C:\Program Files (x86)\Microsoft\Edge\Application\msedge.exe</Data>
<Data Name="ResourceAttributes">-</Data>
</EventData>
</Event>

<Event xmlns="http://schemas.microsoft.com/win/2004/08/events/event"><System><Provider Name="Microsoft-Windows-Security-Auditing" Guid="{54849625-5478-4994-a5ba-3e3b0328c30d}"></Provider>
<EventID Qualifiers="">5158</EventID>
<Version>0</Version>
<Level>0</Level>
<Task>12810</Task>
<Opcode>0</Opcode>
<Keywords>0x8020000000000000</Keywords>
<TimeCreated SystemTime="2024-07-15 16:32:20.454384+00:00"></TimeCreated>
<EventRecordID>169266</EventRecordID>
<Correlation ActivityID="" RelatedActivityID=""></Correlation>
<Execution ProcessID="4" ThreadID="6000"></Execution>
<Channel>Security</Channel>
<Computer>DESKTOP-EKVR84B</Computer>
<Security UserID=""></Security>
</System>
<EventData><Data Name="ProcessId">5160</Data>
<Data Name="Application">\device\harddiskvolume3\program files (x86)\microsoft\edge\application\msedge.exe</Data>
<Data Name="SourceAddress">::</Data>
<Data Name="SourcePort">54375</Data>
<Data Name="Protocol">17</Data>
<Data Name="FilterRTID">0</Data>
<Data Name="LayerName">%%14608</Data>
<Data Name="LayerRTID">36</Data>
</EventData>
</Event>

<Event xmlns="http://schemas.microsoft.com/win/2004/08/events/event"><System><Provider Name="Microsoft-Windows-Security-Auditing" Guid="{54849625-5478-4994-a5ba-3e3b0328c30d}"></Provider>
<EventID Qualifiers="">5158</EventID>
<Version>0</Version>
<Level>0</Level>
<Task>12810</Task>
<Opcode>0</Opcode>
<Keywords>0x8020000000000000</Keywords>
<TimeCreated SystemTime="2024-07-15 16:32:20.454435+00:00"></TimeCreated>
<EventRecordID>169267</EventRecordID>
<Correlation ActivityID="" RelatedActivityID=""></Correlation>
<Execution ProcessID="4" ThreadID="6000"></Execution>
<Channel>Security</Channel>
<Computer>DESKTOP-EKVR84B</Computer>
<Security UserID=""></Security>
</System>
<EventData><Data Name="ProcessId">5160</Data>
<Data Name="Application">\device\harddiskvolume3\program files (x86)\microsoft\edge\application\msedge.exe</Data>
<Data Name="SourceAddress">::</Data>
<Data Name="SourcePort">54375</Data>
<Data Name="Protocol">17</Data>
<Data Name="FilterRTID">0</Data>
<Data Name="LayerName">%%14608</Data>
<Data Name="LayerRTID">38</Data>
</EventData>
</Event>

<Event xmlns="http://schemas.microsoft.com/win/2004/08/events/event"><System><Provider Name="Microsoft-Windows-Security-Auditing" Guid="{54849625-5478-4994-a5ba-3e3b0328c30d}"></Provider>
<EventID Qualifiers="">5158</EventID>
<Version>0</Version>
<Level>0</Level>
<Task>12810</Task>
<Opcode>0</Opcode>
<Keywords>0x8020000000000000</Keywords>
<TimeCreated SystemTime="2024-07-15 16:32:20.455196+00:00"></TimeCreated>
<EventRecordID>169268</EventRecordID>
<Correlation ActivityID="" RelatedActivityID=""></Correlation>
<Execution ProcessID="4" ThreadID="6000"></Execution>
<Channel>Security</Channel>
<Computer>DESKTOP-EKVR84B</Computer>
<Security UserID=""></Security>
</System>
<EventData><Data Name="ProcessId">5160</Data>
<Data Name="Application">\device\harddiskvolume3\program files (x86)\microsoft\edge\application\msedge.exe</Data>
<Data Name="SourceAddress">0.0.0.0</Data>
<Data Name="SourcePort">49866</Data>
<Data Name="Protocol">6</Data>
<Data Name="FilterRTID">0</Data>
<Data Name="LayerName">%%14608</Data>
<Data Name="LayerRTID">36</Data>
</EventData>
</Event>

<Event xmlns="http://schemas.microsoft.com/win/2004/08/events/event"><System><Provider Name="Microsoft-Windows-Security-Auditing" Guid="{54849625-5478-4994-a5ba-3e3b0328c30d}"></Provider>
<EventID Qualifiers="">5156</EventID>
<Version>1</Version>
<Level>0</Level>
<Task>12810</Task>
<Opcode>0</Opcode>
<Keywords>0x8020000000000000</Keywords>
<TimeCreated SystemTime="2024-07-15 16:32:20.455294+00:00"></TimeCreated>
<EventRecordID>169269</EventRecordID>
<Correlation ActivityID="" RelatedActivityID=""></Correlation>
<Execution ProcessID="4" ThreadID="6000"></Execution>
<Channel>Security</Channel>
<Computer>DESKTOP-EKVR84B</Computer>
<Security UserID=""></Security>
</System>
<EventData><Data Name="ProcessID">5160</Data>
<Data Name="Application">\device\harddiskvolume3\program files (x86)\microsoft\edge\application\msedge.exe</Data>
<Data Name="Direction">%%14593</Data>
<Data Name="SourceAddress">192.168.27.159</Data>
<Data Name="SourcePort">49866</Data>
<Data Name="DestAddress">204.79.197.239</Data>
<Data Name="DestPort">443</Data>
<Data Name="Protocol">6</Data>
<Data Name="FilterRTID">67201</Data>
<Data Name="LayerName">%%14611</Data>
<Data Name="LayerRTID">48</Data>
<Data Name="RemoteUserID">S-1-0-0</Data>
<Data Name="RemoteMachineID">S-1-0-0</Data>
</EventData>
</Event>

<Event xmlns="http://schemas.microsoft.com/win/2004/08/events/event"><System><Provider Name="Microsoft-Windows-Security-Auditing" Guid="{54849625-5478-4994-a5ba-3e3b0328c30d}"></Provider>
<EventID Qualifiers="">4624</EventID>
<Version>2</Version>
<Level>0</Level>
<Task>12544</Task>
<Opcode>0</Opcode>
<Keywords>0x8020000000000000</Keywords>
<TimeCreated SystemTime="2024-07-15 16:32:20.520355+00:00"></TimeCreated>
<EventRecordID>169270</EventRecordID>
<Correlation ActivityID="{5c5fefd0-d6cd-0000-eaf0-5f5ccdd6da01}" RelatedActivityID=""></Correlation>
<Execution ProcessID="684" ThreadID="764"></Execution>
<Channel>Security</Channel>
<Computer>DESKTOP-EKVR84B</Computer>
<Security UserID=""></Security>
</System>
<EventData><Data Name="SubjectUserSid">S-1-5-18</Data>
<Data Name="SubjectUserName">DESKTOP-EKVR84B$</Data>
<Data Name="SubjectDomainName">WORKGROUP</Data>
<Data Name="SubjectLogonId">0x00000000000003e7</Data>
<Data Name="TargetUserSid">S-1-5-18</Data>
<Data Name="TargetUserName">SYSTEM</Data>
<Data Name="TargetDomainName">NT AUTHORITY</Data>
<Data Name="TargetLogonId">0x00000000000003e7</Data>
<Data Name="LogonType">5</Data>
<Data Name="LogonProcessName">Advapi  </Data>
<Data Name="AuthenticationPackageName">Negotiate</Data>
<Data Name="WorkstationName">-</Data>
<Data Name="LogonGuid">{00000000-0000-0000-0000-000000000000}</Data>
<Data Name="TransmittedServices">-</Data>
<Data Name="LmPackageName">-</Data>
<Data Name="KeyLength">0</Data>
<Data Name="ProcessId">0x0000000000000298</Data>
<Data Name="ProcessName">C:\Windows\System32\services.exe</Data>
<Data Name="IpAddress">-</Data>
<Data Name="IpPort">-</Data>
<Data Name="ImpersonationLevel">%%1833</Data>
<Data Name="RestrictedAdminMode">-</Data>
<Data Name="TargetOutboundUserName">-</Data>
<Data Name="TargetOutboundDomainName">-</Data>
<Data Name="VirtualAccount">%%1843</Data>
<Data Name="TargetLinkedLogonId">0x0000000000000000</Data>
<Data Name="ElevatedToken">%%1842</Data>
</EventData>
</Event>

<Event xmlns="http://schemas.microsoft.com/win/2004/08/events/event"><System><Provider Name="Microsoft-Windows-Security-Auditing" Guid="{54849625-5478-4994-a5ba-3e3b0328c30d}"></Provider>
<EventID Qualifiers="">4672</EventID>
<Version>0</Version>
<Level>0</Level>
<Task>12548</Task>
<Opcode>0</Opcode>
<Keywords>0x8020000000000000</Keywords>
<TimeCreated SystemTime="2024-07-15 16:32:20.520361+00:00"></TimeCreated>
<EventRecordID>169271</EventRecordID>
<Correlation ActivityID="{5c5fefd0-d6cd-0000-eaf0-5f5ccdd6da01}" RelatedActivityID=""></Correlation>
<Execution ProcessID="684" ThreadID="764"></Execution>
<Channel>Security</Channel>
<Computer>DESKTOP-EKVR84B</Computer>
<Security UserID=""></Security>
</System>
<EventData><Data Name="SubjectUserSid">S-1-5-18</Data>
<Data Name="SubjectUserName">SYSTEM</Data>
<Data Name="SubjectDomainName">NT AUTHORITY</Data>
<Data Name="SubjectLogonId">0x00000000000003e7</Data>
<Data Name="PrivilegeList">SeAssignPrimaryTokenPrivilege
			SeTcbPrivilege
			SeSecurityPrivilege
			SeTakeOwnershipPrivilege
			SeLoadDriverPrivilege
			SeBackupPrivilege
			SeRestorePrivilege
			SeDebugPrivilege
			SeAuditPrivilege
			SeSystemEnvironmentPrivilege
			SeImpersonatePrivilege
			SeDelegateSessionUserImpersonatePrivilege</Data>
</EventData>
</Event>

<Event xmlns="http://schemas.microsoft.com/win/2004/08/events/event"><System><Provider Name="Service Control Manager" Guid="{555908d1-a6d7-4695-8e1e-26931d2012f4}" EventSourceName="Service Control Manager"></Provider>
<EventID Qualifiers="16384">7040</EventID>
<Version>0</Version>
<Level>4</Level>
<Task>0</Task>
<Opcode>0</Opcode>
<Keywords>0x8080000000000000</Keywords>
<TimeCreated SystemTime="2024-07-15 16:32:20.560015+00:00"></TimeCreated>
<EventRecordID>3665</EventRecordID>
<Correlation ActivityID="" RelatedActivityID=""></Correlation>
<Execution ProcessID="664" ThreadID="6792"></Execution>
<Channel>System</Channel>
<Computer>DESKTOP-EKVR84B</Computer>
<Security UserID="S-1-5-18"></Security>
</System>
<EventData><Data Name="param1">Background Intelligent Transfer Service</Data>
<Data Name="param2">demand start</Data>
<Data Name="param3">auto start</Data>
<Data Name="param4">BITS</Data>
</EventData>
</Event>

<Event xmlns="http://schemas.microsoft.com/win/2004/08/events/event"><System><Provider Name="Microsoft-Windows-Security-Auditing" Guid="{54849625-5478-4994-a5ba-3e3b0328c30d}"></Provider>
<EventID Qualifiers="">5156</EventID>
<Version>1</Version>
<Level>0</Level>
<Task>12810</Task>
<Opcode>0</Opcode>
<Keywords>0x8020000000000000</Keywords>
<TimeCreated SystemTime="2024-07-15 16:32:20.577360+00:00"></TimeCreated>
<EventRecordID>169272</EventRecordID>
<Correlation ActivityID="" RelatedActivityID=""></Correlation>
<Execution ProcessID="4" ThreadID="9120"></Execution>
<Channel>Security</Channel>
<Computer>DESKTOP-EKVR84B</Computer>
<Security UserID=""></Security>
</System>
<EventData><Data Name="ProcessID">4664</Data>
<Data Name="Application">\device\harddiskvolume3\windows\system32\svchost.exe</Data>
<Data Name="Direction">%%14593</Data>
<Data Name="SourceAddress">192.168.27.159</Data>
<Data Name="SourcePort">50933</Data>
<Data Name="DestAddress">239.255.255.250</Data>
<Data Name="DestPort">1900</Data>
<Data Name="Protocol">17</Data>
<Data Name="FilterRTID">67201</Data>
<Data Name="LayerName">%%14611</Data>
<Data Name="LayerRTID">48</Data>
<Data Name="RemoteUserID">S-1-0-0</Data>
<Data Name="RemoteMachineID">S-1-0-0</Data>
</EventData>
</Event>

<Event xmlns="http://schemas.microsoft.com/win/2004/08/events/event"><System><Provider Name="Microsoft-Windows-Security-Auditing" Guid="{54849625-5478-4994-a5ba-3e3b0328c30d}"></Provider>
<EventID Qualifiers="">5156</EventID>
<Version>1</Version>
<Level>0</Level>
<Task>12810</Task>
<Opcode>0</Opcode>
<Keywords>0x8020000000000000</Keywords>
<TimeCreated SystemTime="2024-07-15 16:32:20.577789+00:00"></TimeCreated>
<EventRecordID>169273</EventRecordID>
<Correlation ActivityID="" RelatedActivityID=""></Correlation>
<Execution ProcessID="4" ThreadID="9120"></Execution>
<Channel>Security</Channel>
<Computer>DESKTOP-EKVR84B</Computer>
<Security UserID=""></Security>
</System>
<EventData><Data Name="ProcessID">4664</Data>
<Data Name="Application">\device\harddiskvolume3\windows\system32\svchost.exe</Data>
<Data Name="Direction">%%14593</Data>
<Data Name="SourceAddress">127.0.0.1</Data>
<Data Name="SourcePort">50934</Data>
<Data Name="DestAddress">239.255.255.250</Data>
<Data Name="DestPort">1900</Data>
<Data Name="Protocol">17</Data>
<Data Name="FilterRTID">67205</Data>
<Data Name="LayerName">%%14611</Data>
<Data Name="LayerRTID">48</Data>
<Data Name="RemoteUserID">S-1-0-0</Data>
<Data Name="RemoteMachineID">S-1-0-0</Data>
</EventData>
</Event>

<Event xmlns="http://schemas.microsoft.com/win/2004/08/events/event"><System><Provider Name="Microsoft-Windows-Security-Auditing" Guid="{54849625-5478-4994-a5ba-3e3b0328c30d}"></Provider>
<EventID Qualifiers="">5156</EventID>
<Version>1</Version>
<Level>0</Level>
<Task>12810</Task>
<Opcode>0</Opcode>
<Keywords>0x8020000000000000</Keywords>
<TimeCreated SystemTime="2024-07-15 16:32:20.577917+00:00"></TimeCreated>
<EventRecordID>169274</EventRecordID>
<Correlation ActivityID="" RelatedActivityID=""></Correlation>
<Execution ProcessID="4" ThreadID="9120"></Execution>
<Channel>Security</Channel>
<Computer>DESKTOP-EKVR84B</Computer>
<Security UserID=""></Security>
</System>
<EventData><Data Name="ProcessID">4664</Data>
<Data Name="Application">\device\harddiskvolume3\windows\system32\svchost.exe</Data>
<Data Name="Direction">%%14592</Data>
<Data Name="SourceAddress">127.0.0.1</Data>
<Data Name="SourcePort">50934</Data>
<Data Name="DestAddress">239.255.255.250</Data>
<Data Name="DestPort">1900</Data>
<Data Name="Protocol">17</Data>
<Data Name="FilterRTID">65888</Data>
<Data Name="LayerName">%%14610</Data>
<Data Name="LayerRTID">44</Data>
<Data Name="RemoteUserID">S-1-0-0</Data>
<Data Name="RemoteMachineID">S-1-0-0</Data>
</EventData>
</Event>

<Event xmlns="http://schemas.microsoft.com/win/2004/08/events/event"><System><Provider Name="Microsoft-Windows-Security-Auditing" Guid="{54849625-5478-4994-a5ba-3e3b0328c30d}"></Provider>
<EventID Qualifiers="">5156</EventID>
<Version>1</Version>
<Level>0</Level>
<Task>12810</Task>
<Opcode>0</Opcode>
<Keywords>0x8020000000000000</Keywords>
<TimeCreated SystemTime="2024-07-15 16:32:20.578142+00:00"></TimeCreated>
<EventRecordID>169275</EventRecordID>
<Correlation ActivityID="" RelatedActivityID=""></Correlation>
<Execution ProcessID="4" ThreadID="9120"></Execution>
<Channel>Security</Channel>
<Computer>DESKTOP-EKVR84B</Computer>
<Security UserID=""></Security>
</System>
<EventData><Data Name="ProcessID">4664</Data>
<Data Name="Application">\device\harddiskvolume3\windows\system32\svchost.exe</Data>
<Data Name="Direction">%%14592</Data>
<Data Name="SourceAddress">192.168.27.1</Data>
<Data Name="SourcePort">61198</Data>
<Data Name="DestAddress">239.255.255.250</Data>
<Data Name="DestPort">1900</Data>
<Data Name="Protocol">17</Data>
<Data Name="FilterRTID">66842</Data>
<Data Name="LayerName">%%14610</Data>
<Data Name="LayerRTID">44</Data>
<Data Name="RemoteUserID">S-1-0-0</Data>
<Data Name="RemoteMachineID">S-1-0-0</Data>
</EventData>
</Event>

