<Event xmlns="http://schemas.microsoft.com/win/2004/08/events/event"><System><Provider Name="Microsoft-Windows-Security-Auditing" Guid="{54849625-5478-4994-a5ba-3e3b0328c30d}"></Provider>
<EventID Qualifiers="">4702</EventID>
<Version>1</Version>
<Level>0</Level>
<Task>12804</Task>
<Opcode>0</Opcode>
<Keywords>0x8020000000000000</Keywords>
<TimeCreated SystemTime="2024-07-15 16:27:44.673075+00:00"></TimeCreated>
<EventRecordID>169092</EventRecordID>
<Correlation ActivityID="{5c5fefd0-d6cd-0000-eaf0-5f5ccdd6da01}" RelatedActivityID=""></Correlation>
<Execution ProcessID="684" ThreadID="9100"></Execution>
<Channel>Security</Channel>
<Computer>DESKTOP-EKVR84B</Computer>
<Security UserID=""></Security>
</System>
<EventData><Data Name="SubjectUserSid">S-1-5-18</Data>
<Data Name="SubjectUserName">DESKTOP-EKVR84B$</Data>
<Data Name="SubjectDomainName">WORKGROUP</Data>
<Data Name="SubjectLogonId">0x00000000000003e7</Data>
<Data Name="TaskName">\Microsoft\Windows\UpdateOrchestrator\Schedule Maintenance Work</Data>
<Data Name="TaskContentNew">&lt;?xml version="1.0" encoding="UTF-16"?&gt;
&lt;Task version="1.2" xmlns="http://schemas.microsoft.com/windows/2004/02/mit/task"&gt;
  &lt;RegistrationInfo&gt;
    &lt;URI&gt;\Microsoft\Windows\UpdateOrchestrator\Schedule Maintenance Work&lt;/URI&gt;
    &lt;SecurityDescriptor&gt;D:P(A;;FA;;;SY)(A;;FRFX;;;LS)(A;;FRFX;;;BA)&lt;/SecurityDescriptor&gt;
  &lt;/RegistrationInfo&gt;
  &lt;Triggers /&gt;
  &lt;Principals&gt;
    &lt;Principal id="Author"&gt;
      &lt;UserId&gt;S-1-5-18&lt;/UserId&gt;
      &lt;RunLevel&gt;LeastPrivilege&lt;/RunLevel&gt;
    &lt;/Principal&gt;
  &lt;/Principals&gt;
  &lt;Settings&gt;
    &lt;MultipleInstancesPolicy&gt;IgnoreNew&lt;/MultipleInstancesPolicy&gt;
    &lt;DisallowStartIfOnBatteries&gt;true&lt;/DisallowStartIfOnBatteries&gt;
    &lt;StopIfGoingOnBatteries&gt;true&lt;/StopIfGoingOnBatteries&gt;
    &lt;AllowHardTerminate&gt;true&lt;/AllowHardTerminate&gt;
    &lt;StartWhenAvailable&gt;false&lt;/StartWhenAvailable&gt;
    &lt;RunOnlyIfNetworkAvailable&gt;false&lt;/RunOnlyIfNetworkAvailable&gt;
    &lt;IdleSettings&gt;
      &lt;Duration&gt;PT10M&lt;/Duration&gt;
      &lt;WaitTimeout&gt;PT1H&lt;/WaitTimeout&gt;
      &lt;StopOnIdleEnd&gt;true&lt;/StopOnIdleEnd&gt;
      &lt;RestartOnIdle&gt;false&lt;/RestartOnIdle&gt;
    &lt;/IdleSettings&gt;
    &lt;AllowStartOnDemand&gt;true&lt;/AllowStartOnDemand&gt;
    &lt;Enabled&gt;false&lt;/Enabled&gt;
    &lt;Hidden&gt;false&lt;/Hidden&gt;
    &lt;RunOnlyIfIdle&gt;false&lt;/RunOnlyIfIdle&gt;
    &lt;WakeToRun&gt;false&lt;/WakeToRun&gt;
    &lt;ExecutionTimeLimit&gt;PT72H&lt;/ExecutionTimeLimit&gt;
    &lt;Priority&gt;7&lt;/Priority&gt;
  &lt;/Settings&gt;
  &lt;Actions Context="Author"&gt;
    &lt;Exec&gt;
      &lt;Command&gt;%systemroot%\system32\usoclient.exe&lt;/Command&gt;
      &lt;Arguments&gt;StartMaintenanceWork&lt;/Arguments&gt;
    &lt;/Exec&gt;
  &lt;/Actions&gt;
&lt;/Task&gt;</Data>
<Data Name="ClientProcessStartKey">10414574138295806</Data>
<Data Name="ClientProcessId">1964</Data>
<Data Name="ParentProcessId">664</Data>
<Data Name="RpcCallClientLocality">0</Data>
<Data Name="FQDN">DESKTOP-EKVR84B</Data>
</EventData>
</Event>

<Event xmlns="http://schemas.microsoft.com/win/2004/08/events/event"><System><Provider Name="Microsoft-Windows-Security-Auditing" Guid="{54849625-5478-4994-a5ba-3e3b0328c30d}"></Provider>
<EventID Qualifiers="">4702</EventID>
<Version>1</Version>
<Level>0</Level>
<Task>12804</Task>
<Opcode>0</Opcode>
<Keywords>0x8020000000000000</Keywords>
<TimeCreated SystemTime="2024-07-15 16:27:44.705942+00:00"></TimeCreated>
<EventRecordID>169093</EventRecordID>
<Correlation ActivityID="{5c5fefd0-d6cd-0000-eaf0-5f5ccdd6da01}" RelatedActivityID=""></Correlation>
<Execution ProcessID="684" ThreadID="9100"></Execution>
<Channel>Security</Channel>
<Computer>DESKTOP-EKVR84B</Computer>
<Security UserID=""></Security>
</System>
<EventData><Data Name="SubjectUserSid">S-1-5-18</Data>
<Data Name="SubjectUserName">DESKTOP-EKVR84B$</Data>
<Data Name="SubjectDomainName">WORKGROUP</Data>
<Data Name="SubjectLogonId">0x00000000000003e7</Data>
<Data Name="TaskName">\Microsoft\Windows\UpdateOrchestrator\Schedule Work</Data>
<Data Name="TaskContentNew">&lt;?xml version="1.0" encoding="UTF-16"?&gt;
&lt;Task version="1.2" xmlns="http://schemas.microsoft.com/windows/2004/02/mit/task"&gt;
  &lt;RegistrationInfo&gt;
    &lt;URI&gt;\Microsoft\Windows\UpdateOrchestrator\Schedule Work&lt;/URI&gt;
    &lt;SecurityDescriptor&gt;D:P(A;;FA;;;SY)(A;;FRFX;;;LS)(A;;FRFX;;;BA)&lt;/SecurityDescriptor&gt;
  &lt;/RegistrationInfo&gt;
  &lt;Triggers&gt;
    &lt;TimeTrigger&gt;
      &lt;StartBoundary&gt;2024-07-16T00:48:42-07:00&lt;/StartBoundary&gt;
      &lt;Enabled&gt;true&lt;/Enabled&gt;
    &lt;/TimeTrigger&gt;
  &lt;/Triggers&gt;
  &lt;Principals&gt;
    &lt;Principal id="Author"&gt;
      &lt;RunLevel&gt;LeastPrivilege&lt;/RunLevel&gt;
      &lt;UserId&gt;S-1-5-18&lt;/UserId&gt;
    &lt;/Principal&gt;
  &lt;/Principals&gt;
  &lt;Settings&gt;
    &lt;MultipleInstancesPolicy&gt;IgnoreNew&lt;/MultipleInstancesPolicy&gt;
    &lt;DisallowStartIfOnBatteries&gt;true&lt;/DisallowStartIfOnBatteries&gt;
    &lt;StopIfGoingOnBatteries&gt;true&lt;/StopIfGoingOnBatteries&gt;
    &lt;AllowHardTerminate&gt;true&lt;/AllowHardTerminate&gt;
    &lt;StartWhenAvailable&gt;true&lt;/StartWhenAvailable&gt;
    &lt;RunOnlyIfNetworkAvailable&gt;false&lt;/RunOnlyIfNetworkAvailable&gt;
    &lt;IdleSettings&gt;
      &lt;Duration&gt;PT10M&lt;/Duration&gt;
      &lt;WaitTimeout&gt;PT1H&lt;/WaitTimeout&gt;
      &lt;StopOnIdleEnd&gt;true&lt;/StopOnIdleEnd&gt;
      &lt;RestartOnIdle&gt;false&lt;/RestartOnIdle&gt;
    &lt;/IdleSettings&gt;
    &lt;AllowStartOnDemand&gt;true&lt;/AllowStartOnDemand&gt;
    &lt;Enabled&gt;false&lt;/Enabled&gt;
    &lt;Hidden&gt;false&lt;/Hidden&gt;
    &lt;RunOnlyIfIdle&gt;false&lt;/RunOnlyIfIdle&gt;
    &lt;WakeToRun&gt;false&lt;/WakeToRun&gt;
    &lt;ExecutionTimeLimit&gt;PT72H&lt;/ExecutionTimeLimit&gt;
    &lt;Priority&gt;7&lt;/Priority&gt;
  &lt;/Settings&gt;
  &lt;Actions Context="Author"&gt;
    &lt;Exec&gt;
      &lt;Command&gt;%systemroot%\system32\usoclient.exe&lt;/Command&gt;
      &lt;Arguments&gt;StartWork&lt;/Arguments&gt;
    &lt;/Exec&gt;
  &lt;/Actions&gt;
&lt;/Task&gt;</Data>
<Data Name="ClientProcessStartKey">10414574138295846</Data>
<Data Name="ClientProcessId">2508</Data>
<Data Name="ParentProcessId">792</Data>
<Data Name="RpcCallClientLocality">0</Data>
<Data Name="FQDN">DESKTOP-EKVR84B</Data>
</EventData>
</Event>

<Event xmlns="http://schemas.microsoft.com/win/2004/08/events/event"><System><Provider Name="Microsoft-Windows-Security-Auditing" Guid="{54849625-5478-4994-a5ba-3e3b0328c30d}"></Provider>
<EventID Qualifiers="">4702</EventID>
<Version>1</Version>
<Level>0</Level>
<Task>12804</Task>
<Opcode>0</Opcode>
<Keywords>0x8020000000000000</Keywords>
<TimeCreated SystemTime="2024-07-15 16:27:44.712912+00:00"></TimeCreated>
<EventRecordID>169094</EventRecordID>
<Correlation ActivityID="{5c5fefd0-d6cd-0000-eaf0-5f5ccdd6da01}" RelatedActivityID=""></Correlation>
<Execution ProcessID="684" ThreadID="9100"></Execution>
<Channel>Security</Channel>
<Computer>DESKTOP-EKVR84B</Computer>
<Security UserID=""></Security>
</System>
<EventData><Data Name="SubjectUserSid">S-1-5-18</Data>
<Data Name="SubjectUserName">DESKTOP-EKVR84B$</Data>
<Data Name="SubjectDomainName">WORKGROUP</Data>
<Data Name="SubjectLogonId">0x00000000000003e7</Data>
<Data Name="TaskName">\Microsoft\Windows\UpdateOrchestrator\Schedule Work</Data>
<Data Name="TaskContentNew">&lt;?xml version="1.0" encoding="UTF-16"?&gt;
&lt;Task version="1.2" xmlns="http://schemas.microsoft.com/windows/2004/02/mit/task"&gt;
  &lt;RegistrationInfo&gt;
    &lt;URI&gt;\Microsoft\Windows\UpdateOrchestrator\Schedule Work&lt;/URI&gt;
    &lt;SecurityDescriptor&gt;D:P(A;;FA;;;SY)(A;;FRFX;;;LS)(A;;FRFX;;;BA)&lt;/SecurityDescriptor&gt;
  &lt;/RegistrationInfo&gt;
  &lt;Triggers&gt;
    &lt;TimeTrigger&gt;
      &lt;StartBoundary&gt;2024-07-16T00:48:42-07:00&lt;/StartBoundary&gt;
      &lt;Enabled&gt;true&lt;/Enabled&gt;
    &lt;/TimeTrigger&gt;
  &lt;/Triggers&gt;
  &lt;Principals&gt;
    &lt;Principal id="Author"&gt;
      &lt;UserId&gt;S-1-5-18&lt;/UserId&gt;
      &lt;RunLevel&gt;LeastPrivilege&lt;/RunLevel&gt;
    &lt;/Principal&gt;
  &lt;/Principals&gt;
  &lt;Settings&gt;
    &lt;MultipleInstancesPolicy&gt;IgnoreNew&lt;/MultipleInstancesPolicy&gt;
    &lt;DisallowStartIfOnBatteries&gt;true&lt;/DisallowStartIfOnBatteries&gt;
    &lt;StopIfGoingOnBatteries&gt;true&lt;/StopIfGoingOnBatteries&gt;
    &lt;AllowHardTerminate&gt;true&lt;/AllowHardTerminate&gt;
    &lt;StartWhenAvailable&gt;true&lt;/StartWhenAvailable&gt;
    &lt;RunOnlyIfNetworkAvailable&gt;false&lt;/RunOnlyIfNetworkAvailable&gt;
    &lt;IdleSettings&gt;
      &lt;Duration&gt;PT10M&lt;/Duration&gt;
      &lt;WaitTimeout&gt;PT1H&lt;/WaitTimeout&gt;
      &lt;StopOnIdleEnd&gt;true&lt;/StopOnIdleEnd&gt;
      &lt;RestartOnIdle&gt;false&lt;/RestartOnIdle&gt;
    &lt;/IdleSettings&gt;
    &lt;AllowStartOnDemand&gt;true&lt;/AllowStartOnDemand&gt;
    &lt;Enabled&gt;false&lt;/Enabled&gt;
    &lt;Hidden&gt;false&lt;/Hidden&gt;
    &lt;RunOnlyIfIdle&gt;false&lt;/RunOnlyIfIdle&gt;
    &lt;WakeToRun&gt;false&lt;/WakeToRun&gt;
    &lt;ExecutionTimeLimit&gt;PT72H&lt;/ExecutionTimeLimit&gt;
    &lt;Priority&gt;7&lt;/Priority&gt;
  &lt;/Settings&gt;
  &lt;Actions Context="Author"&gt;
    &lt;Exec&gt;
      &lt;Command&gt;%systemroot%\system32\usoclient.exe&lt;/Command&gt;
      &lt;Arguments&gt;StartWork&lt;/Arguments&gt;
    &lt;/Exec&gt;
  &lt;/Actions&gt;
&lt;/Task&gt;</Data>
<Data Name="ClientProcessStartKey">10414574138295806</Data>
<Data Name="ClientProcessId">1964</Data>
<Data Name="ParentProcessId">664</Data>
<Data Name="RpcCallClientLocality">0</Data>
<Data Name="FQDN">DESKTOP-EKVR84B</Data>
</EventData>
</Event>

<Event xmlns="http://schemas.microsoft.com/win/2004/08/events/event"><System><Provider Name="Microsoft-Windows-Security-Auditing" Guid="{54849625-5478-4994-a5ba-3e3b0328c30d}"></Provider>
<EventID Qualifiers="">4702</EventID>
<Version>1</Version>
<Level>0</Level>
<Task>12804</Task>
<Opcode>0</Opcode>
<Keywords>0x8020000000000000</Keywords>
<TimeCreated SystemTime="2024-07-15 16:27:44.726746+00:00"></TimeCreated>
<EventRecordID>169095</EventRecordID>
<Correlation ActivityID="{5c5fefd0-d6cd-0000-eaf0-5f5ccdd6da01}" RelatedActivityID=""></Correlation>
<Execution ProcessID="684" ThreadID="9100"></Execution>
<Channel>Security</Channel>
<Computer>DESKTOP-EKVR84B</Computer>
<Security UserID=""></Security>
</System>
<EventData><Data Name="SubjectUserSid">S-1-5-18</Data>
<Data Name="SubjectUserName">DESKTOP-EKVR84B$</Data>
<Data Name="SubjectDomainName">WORKGROUP</Data>
<Data Name="SubjectLogonId">0x00000000000003e7</Data>
<Data Name="TaskName">\Microsoft\Windows\UpdateOrchestrator\Schedule Wake To Work</Data>
<Data Name="TaskContentNew">&lt;?xml version="1.0" encoding="UTF-16"?&gt;
&lt;Task version="1.2" xmlns="http://schemas.microsoft.com/windows/2004/02/mit/task"&gt;
  &lt;RegistrationInfo&gt;
    &lt;URI&gt;\Microsoft\Windows\UpdateOrchestrator\Schedule Wake To Work&lt;/URI&gt;
    &lt;SecurityDescriptor&gt;D:P(A;;FA;;;SY)(A;;FRFX;;;LS)(A;;FRFX;;;BA)&lt;/SecurityDescriptor&gt;
  &lt;/RegistrationInfo&gt;
  &lt;Triggers /&gt;
  &lt;Principals&gt;
    &lt;Principal id="Author"&gt;
      &lt;RunLevel&gt;LeastPrivilege&lt;/RunLevel&gt;
      &lt;UserId&gt;S-1-5-18&lt;/UserId&gt;
    &lt;/Principal&gt;
  &lt;/Principals&gt;
  &lt;Settings&gt;
    &lt;MultipleInstancesPolicy&gt;IgnoreNew&lt;/MultipleInstancesPolicy&gt;
    &lt;DisallowStartIfOnBatteries&gt;true&lt;/DisallowStartIfOnBatteries&gt;
    &lt;StopIfGoingOnBatteries&gt;true&lt;/StopIfGoingOnBatteries&gt;
    &lt;AllowHardTerminate&gt;true&lt;/AllowHardTerminate&gt;
    &lt;StartWhenAvailable&gt;false&lt;/StartWhenAvailable&gt;
    &lt;RunOnlyIfNetworkAvailable&gt;false&lt;/RunOnlyIfNetworkAvailable&gt;
    &lt;IdleSettings&gt;
      &lt;Duration&gt;PT10M&lt;/Duration&gt;
      &lt;WaitTimeout&gt;PT1H&lt;/WaitTimeout&gt;
      &lt;StopOnIdleEnd&gt;true&lt;/StopOnIdleEnd&gt;
      &lt;RestartOnIdle&gt;false&lt;/RestartOnIdle&gt;
    &lt;/IdleSettings&gt;
    &lt;AllowStartOnDemand&gt;true&lt;/AllowStartOnDemand&gt;
    &lt;Enabled&gt;false&lt;/Enabled&gt;
    &lt;Hidden&gt;false&lt;/Hidden&gt;
    &lt;RunOnlyIfIdle&gt;false&lt;/RunOnlyIfIdle&gt;
    &lt;WakeToRun&gt;false&lt;/WakeToRun&gt;
    &lt;ExecutionTimeLimit&gt;PT72H&lt;/ExecutionTimeLimit&gt;
    &lt;Priority&gt;7&lt;/Priority&gt;
  &lt;/Settings&gt;
  &lt;Actions Context="Author"&gt;
    &lt;Exec&gt;
      &lt;Command&gt;%systemroot%\system32\usoclient.exe&lt;/Command&gt;
      &lt;Arguments&gt;StartWork&lt;/Arguments&gt;
    &lt;/Exec&gt;
  &lt;/Actions&gt;
&lt;/Task&gt;</Data>
<Data Name="ClientProcessStartKey">10414574138295846</Data>
<Data Name="ClientProcessId">2508</Data>
<Data Name="ParentProcessId">792</Data>
<Data Name="RpcCallClientLocality">0</Data>
<Data Name="FQDN">DESKTOP-EKVR84B</Data>
</EventData>
</Event>

<Event xmlns="http://schemas.microsoft.com/win/2004/08/events/event"><System><Provider Name="Microsoft-Windows-Security-Auditing" Guid="{54849625-5478-4994-a5ba-3e3b0328c30d}"></Provider>
<EventID Qualifiers="">4702</EventID>
<Version>1</Version>
<Level>0</Level>
<Task>12804</Task>
<Opcode>0</Opcode>
<Keywords>0x8020000000000000</Keywords>
<TimeCreated SystemTime="2024-07-15 16:27:44.736568+00:00"></TimeCreated>
<EventRecordID>169096</EventRecordID>
<Correlation ActivityID="{5c5fefd0-d6cd-0000-eaf0-5f5ccdd6da01}" RelatedActivityID=""></Correlation>
<Execution ProcessID="684" ThreadID="9100"></Execution>
<Channel>Security</Channel>
<Computer>DESKTOP-EKVR84B</Computer>
<Security UserID=""></Security>
</System>
<EventData><Data Name="SubjectUserSid">S-1-5-18</Data>
<Data Name="SubjectUserName">DESKTOP-EKVR84B$</Data>
<Data Name="SubjectDomainName">WORKGROUP</Data>
<Data Name="SubjectLogonId">0x00000000000003e7</Data>
<Data Name="TaskName">\Microsoft\Windows\UpdateOrchestrator\Schedule Wake To Work</Data>
<Data Name="TaskContentNew">&lt;?xml version="1.0" encoding="UTF-16"?&gt;
&lt;Task version="1.2" xmlns="http://schemas.microsoft.com/windows/2004/02/mit/task"&gt;
  &lt;RegistrationInfo&gt;
    &lt;URI&gt;\Microsoft\Windows\UpdateOrchestrator\Schedule Wake To Work&lt;/URI&gt;
    &lt;SecurityDescriptor&gt;D:P(A;;FA;;;SY)(A;;FRFX;;;LS)(A;;FRFX;;;BA)&lt;/SecurityDescriptor&gt;
  &lt;/RegistrationInfo&gt;
  &lt;Triggers /&gt;
  &lt;Principals&gt;
    &lt;Principal id="Author"&gt;
      &lt;UserId&gt;S-1-5-18&lt;/UserId&gt;
      &lt;RunLevel&gt;LeastPrivilege&lt;/RunLevel&gt;
    &lt;/Principal&gt;
  &lt;/Principals&gt;
  &lt;Settings&gt;
    &lt;MultipleInstancesPolicy&gt;IgnoreNew&lt;/MultipleInstancesPolicy&gt;
    &lt;DisallowStartIfOnBatteries&gt;true&lt;/DisallowStartIfOnBatteries&gt;
    &lt;StopIfGoingOnBatteries&gt;true&lt;/StopIfGoingOnBatteries&gt;
    &lt;AllowHardTerminate&gt;true&lt;/AllowHardTerminate&gt;
    &lt;StartWhenAvailable&gt;false&lt;/StartWhenAvailable&gt;
    &lt;RunOnlyIfNetworkAvailable&gt;false&lt;/RunOnlyIfNetworkAvailable&gt;
    &lt;IdleSettings&gt;
      &lt;Duration&gt;PT10M&lt;/Duration&gt;
      &lt;WaitTimeout&gt;PT1H&lt;/WaitTimeout&gt;
      &lt;StopOnIdleEnd&gt;true&lt;/StopOnIdleEnd&gt;
      &lt;RestartOnIdle&gt;false&lt;/RestartOnIdle&gt;
    &lt;/IdleSettings&gt;
    &lt;AllowStartOnDemand&gt;true&lt;/AllowStartOnDemand&gt;
    &lt;Enabled&gt;false&lt;/Enabled&gt;
    &lt;Hidden&gt;false&lt;/Hidden&gt;
    &lt;RunOnlyIfIdle&gt;false&lt;/RunOnlyIfIdle&gt;
    &lt;WakeToRun&gt;false&lt;/WakeToRun&gt;
    &lt;ExecutionTimeLimit&gt;PT72H&lt;/ExecutionTimeLimit&gt;
    &lt;Priority&gt;7&lt;/Priority&gt;
  &lt;/Settings&gt;
  &lt;Actions Context="Author"&gt;
    &lt;Exec&gt;
      &lt;Command&gt;%systemroot%\system32\usoclient.exe&lt;/Command&gt;
      &lt;Arguments&gt;StartWork&lt;/Arguments&gt;
    &lt;/Exec&gt;
  &lt;/Actions&gt;
&lt;/Task&gt;</Data>
<Data Name="ClientProcessStartKey">10414574138295806</Data>
<Data Name="ClientProcessId">1964</Data>
<Data Name="ParentProcessId">664</Data>
<Data Name="RpcCallClientLocality">0</Data>
<Data Name="FQDN">DESKTOP-EKVR84B</Data>
</EventData>
</Event>

<Event xmlns="http://schemas.microsoft.com/win/2004/08/events/event"><System><Provider Name="Microsoft-Windows-Security-Auditing" Guid="{54849625-5478-4994-a5ba-3e3b0328c30d}"></Provider>
<EventID Qualifiers="">4702</EventID>
<Version>1</Version>
<Level>0</Level>
<Task>12804</Task>
<Opcode>0</Opcode>
<Keywords>0x8020000000000000</Keywords>
<TimeCreated SystemTime="2024-07-15 16:27:44.745766+00:00"></TimeCreated>
<EventRecordID>169097</EventRecordID>
<Correlation ActivityID="{5c5fefd0-d6cd-0000-eaf0-5f5ccdd6da01}" RelatedActivityID=""></Correlation>
<Execution ProcessID="684" ThreadID="9100"></Execution>
<Channel>Security</Channel>
<Computer>DESKTOP-EKVR84B</Computer>
<Security UserID=""></Security>
</System>
<EventData><Data Name="SubjectUserSid">S-1-5-18</Data>
<Data Name="SubjectUserName">DESKTOP-EKVR84B$</Data>
<Data Name="SubjectDomainName">WORKGROUP</Data>
<Data Name="SubjectLogonId">0x00000000000003e7</Data>
<Data Name="TaskName">\Microsoft\Windows\UpdateOrchestrator\Schedule Maintenance Work</Data>
<Data Name="TaskContentNew">&lt;?xml version="1.0" encoding="UTF-16"?&gt;
&lt;Task version="1.2" xmlns="http://schemas.microsoft.com/windows/2004/02/mit/task"&gt;
  &lt;RegistrationInfo&gt;
    &lt;URI&gt;\Microsoft\Windows\UpdateOrchestrator\Schedule Maintenance Work&lt;/URI&gt;
    &lt;SecurityDescriptor&gt;D:P(A;;FA;;;SY)(A;;FRFX;;;LS)(A;;FRFX;;;BA)&lt;/SecurityDescriptor&gt;
  &lt;/RegistrationInfo&gt;
  &lt;Triggers /&gt;
  &lt;Principals&gt;
    &lt;Principal id="Author"&gt;
      &lt;RunLevel&gt;LeastPrivilege&lt;/RunLevel&gt;
      &lt;UserId&gt;S-1-5-18&lt;/UserId&gt;
    &lt;/Principal&gt;
  &lt;/Principals&gt;
  &lt;Settings&gt;
    &lt;MultipleInstancesPolicy&gt;IgnoreNew&lt;/MultipleInstancesPolicy&gt;
    &lt;DisallowStartIfOnBatteries&gt;true&lt;/DisallowStartIfOnBatteries&gt;
    &lt;StopIfGoingOnBatteries&gt;true&lt;/StopIfGoingOnBatteries&gt;
    &lt;AllowHardTerminate&gt;true&lt;/AllowHardTerminate&gt;
    &lt;StartWhenAvailable&gt;false&lt;/StartWhenAvailable&gt;
    &lt;RunOnlyIfNetworkAvailable&gt;false&lt;/RunOnlyIfNetworkAvailable&gt;
    &lt;IdleSettings&gt;
      &lt;Duration&gt;PT10M&lt;/Duration&gt;
      &lt;WaitTimeout&gt;PT1H&lt;/WaitTimeout&gt;
      &lt;StopOnIdleEnd&gt;true&lt;/StopOnIdleEnd&gt;
      &lt;RestartOnIdle&gt;false&lt;/RestartOnIdle&gt;
    &lt;/IdleSettings&gt;
    &lt;AllowStartOnDemand&gt;true&lt;/AllowStartOnDemand&gt;
    &lt;Enabled&gt;false&lt;/Enabled&gt;
    &lt;Hidden&gt;false&lt;/Hidden&gt;
    &lt;RunOnlyIfIdle&gt;false&lt;/RunOnlyIfIdle&gt;
    &lt;WakeToRun&gt;false&lt;/WakeToRun&gt;
    &lt;ExecutionTimeLimit&gt;PT72H&lt;/ExecutionTimeLimit&gt;
    &lt;Priority&gt;7&lt;/Priority&gt;
  &lt;/Settings&gt;
  &lt;Actions Context="Author"&gt;
    &lt;Exec&gt;
      &lt;Command&gt;%systemroot%\system32\usoclient.exe&lt;/Command&gt;
      &lt;Arguments&gt;StartMaintenanceWork&lt;/Arguments&gt;
    &lt;/Exec&gt;
  &lt;/Actions&gt;
&lt;/Task&gt;</Data>
<Data Name="ClientProcessStartKey">10414574138295846</Data>
<Data Name="ClientProcessId">2508</Data>
<Data Name="ParentProcessId">792</Data>
<Data Name="RpcCallClientLocality">0</Data>
<Data Name="FQDN">DESKTOP-EKVR84B</Data>
</EventData>
</Event>

<Event xmlns="http://schemas.microsoft.com/win/2004/08/events/event"><System><Provider Name="Microsoft-Windows-Security-Auditing" Guid="{54849625-5478-4994-a5ba-3e3b0328c30d}"></Provider>
<EventID Qualifiers="">4702</EventID>
<Version>1</Version>
<Level>0</Level>
<Task>12804</Task>
<Opcode>0</Opcode>
<Keywords>0x8020000000000000</Keywords>
<TimeCreated SystemTime="2024-07-15 16:27:44.752619+00:00"></TimeCreated>
<EventRecordID>169098</EventRecordID>
<Correlation ActivityID="{5c5fefd0-d6cd-0000-eaf0-5f5ccdd6da01}" RelatedActivityID=""></Correlation>
<Execution ProcessID="684" ThreadID="9100"></Execution>
<Channel>Security</Channel>
<Computer>DESKTOP-EKVR84B</Computer>
<Security UserID=""></Security>
</System>
<EventData><Data Name="SubjectUserSid">S-1-5-18</Data>
<Data Name="SubjectUserName">DESKTOP-EKVR84B$</Data>
<Data Name="SubjectDomainName">WORKGROUP</Data>
<Data Name="SubjectLogonId">0x00000000000003e7</Data>
<Data Name="TaskName">\Microsoft\Windows\UpdateOrchestrator\Schedule Maintenance Work</Data>
<Data Name="TaskContentNew">&lt;?xml version="1.0" encoding="UTF-16"?&gt;
&lt;Task version="1.2" xmlns="http://schemas.microsoft.com/windows/2004/02/mit/task"&gt;
  &lt;RegistrationInfo&gt;
    &lt;URI&gt;\Microsoft\Windows\UpdateOrchestrator\Schedule Maintenance Work&lt;/URI&gt;
    &lt;SecurityDescriptor&gt;D:P(A;;FA;;;SY)(A;;FRFX;;;LS)(A;;FRFX;;;BA)&lt;/SecurityDescriptor&gt;
  &lt;/RegistrationInfo&gt;
  &lt;Triggers /&gt;
  &lt;Principals&gt;
    &lt;Principal id="Author"&gt;
      &lt;UserId&gt;S-1-5-18&lt;/UserId&gt;
      &lt;RunLevel&gt;LeastPrivilege&lt;/RunLevel&gt;
    &lt;/Principal&gt;
  &lt;/Principals&gt;
  &lt;Settings&gt;
    &lt;MultipleInstancesPolicy&gt;IgnoreNew&lt;/MultipleInstancesPolicy&gt;
    &lt;DisallowStartIfOnBatteries&gt;true&lt;/DisallowStartIfOnBatteries&gt;
    &lt;StopIfGoingOnBatteries&gt;true&lt;/StopIfGoingOnBatteries&gt;
    &lt;AllowHardTerminate&gt;true&lt;/AllowHardTerminate&gt;
    &lt;StartWhenAvailable&gt;false&lt;/StartWhenAvailable&gt;
    &lt;RunOnlyIfNetworkAvailable&gt;false&lt;/RunOnlyIfNetworkAvailable&gt;
    &lt;IdleSettings&gt;
      &lt;Duration&gt;PT10M&lt;/Duration&gt;
      &lt;WaitTimeout&gt;PT1H&lt;/WaitTimeout&gt;
      &lt;StopOnIdleEnd&gt;true&lt;/StopOnIdleEnd&gt;
      &lt;RestartOnIdle&gt;false&lt;/RestartOnIdle&gt;
    &lt;/IdleSettings&gt;
    &lt;AllowStartOnDemand&gt;true&lt;/AllowStartOnDemand&gt;
    &lt;Enabled&gt;false&lt;/Enabled&gt;
    &lt;Hidden&gt;false&lt;/Hidden&gt;
    &lt;RunOnlyIfIdle&gt;false&lt;/RunOnlyIfIdle&gt;
    &lt;WakeToRun&gt;false&lt;/WakeToRun&gt;
    &lt;ExecutionTimeLimit&gt;PT72H&lt;/ExecutionTimeLimit&gt;
    &lt;Priority&gt;7&lt;/Priority&gt;
  &lt;/Settings&gt;
  &lt;Actions Context="Author"&gt;
    &lt;Exec&gt;
      &lt;Command&gt;%systemroot%\system32\usoclient.exe&lt;/Command&gt;
      &lt;Arguments&gt;StartMaintenanceWork&lt;/Arguments&gt;
    &lt;/Exec&gt;
  &lt;/Actions&gt;
&lt;/Task&gt;</Data>
<Data Name="ClientProcessStartKey">10414574138295806</Data>
<Data Name="ClientProcessId">1964</Data>
<Data Name="ParentProcessId">664</Data>
<Data Name="RpcCallClientLocality">0</Data>
<Data Name="FQDN">DESKTOP-EKVR84B</Data>
</EventData>
</Event>

<Event xmlns="http://schemas.microsoft.com/win/2004/08/events/event"><System><Provider Name="Microsoft-Windows-Security-Auditing" Guid="{54849625-5478-4994-a5ba-3e3b0328c30d}"></Provider>
<EventID Qualifiers="">5158</EventID>
<Version>0</Version>
<Level>0</Level>
<Task>12810</Task>
<Opcode>0</Opcode>
<Keywords>0x8020000000000000</Keywords>
<TimeCreated SystemTime="2024-07-15 16:29:36.656977+00:00"></TimeCreated>
<EventRecordID>169099</EventRecordID>
<Correlation ActivityID="" RelatedActivityID=""></Correlation>
<Execution ProcessID="4" ThreadID="9120"></Execution>
<Channel>Security</Channel>
<Computer>DESKTOP-EKVR84B</Computer>
<Security UserID=""></Security>
</System>
<EventData><Data Name="ProcessId">9360</Data>
<Data Name="Application">\device\harddiskvolume3\program files (x86)\microsoft\edge\application\msedge.exe</Data>
<Data Name="SourceAddress">192.168.27.159</Data>
<Data Name="SourcePort">56934</Data>
<Data Name="Protocol">17</Data>
<Data Name="FilterRTID">0</Data>
<Data Name="LayerName">%%14608</Data>
<Data Name="LayerRTID">36</Data>
</EventData>
</Event>

<Event xmlns="http://schemas.microsoft.com/win/2004/08/events/event"><System><Provider Name="Microsoft-Windows-Security-Auditing" Guid="{54849625-5478-4994-a5ba-3e3b0328c30d}"></Provider>
<EventID Qualifiers="">5156</EventID>
<Version>1</Version>
<Level>0</Level>
<Task>12810</Task>
<Opcode>0</Opcode>
<Keywords>0x8020000000000000</Keywords>
<TimeCreated SystemTime="2024-07-15 16:29:36.657127+00:00"></TimeCreated>
<EventRecordID>169100</EventRecordID>
<Correlation ActivityID="" RelatedActivityID=""></Correlation>
<Execution ProcessID="4" ThreadID="9120"></Execution>
<Channel>Security</Channel>
<Computer>DESKTOP-EKVR84B</Computer>
<Security UserID=""></Security>
</System>
<EventData><Data Name="ProcessID">9360</Data>
<Data Name="Application">\device\harddiskvolume3\program files (x86)\microsoft\edge\application\msedge.exe</Data>
<Data Name="Direction">%%14593</Data>
<Data Name="SourceAddress">192.168.27.159</Data>
<Data Name="SourcePort">56934</Data>
<Data Name="DestAddress">239.255.255.250</Data>
<Data Name="DestPort">1900</Data>
<Data Name="Protocol">17</Data>
<Data Name="FilterRTID">67201</Data>
<Data Name="LayerName">%%14611</Data>
<Data Name="LayerRTID">48</Data>
<Data Name="RemoteUserID">S-1-0-0</Data>
<Data Name="RemoteMachineID">S-1-0-0</Data>
</EventData>
</Event>

<Event xmlns="http://schemas.microsoft.com/win/2004/08/events/event"><System><Provider Name="Microsoft-Windows-Security-Auditing" Guid="{54849625-5478-4994-a5ba-3e3b0328c30d}"></Provider>
<EventID Qualifiers="">5156</EventID>
<Version>1</Version>
<Level>0</Level>
<Task>12810</Task>
<Opcode>0</Opcode>
<Keywords>0x8020000000000000</Keywords>
<TimeCreated SystemTime="2024-07-15 16:29:55.107306+00:00"></TimeCreated>
<EventRecordID>169101</EventRecordID>
<Correlation ActivityID="" RelatedActivityID=""></Correlation>
<Execution ProcessID="4" ThreadID="9128"></Execution>
<Channel>Security</Channel>
<Computer>DESKTOP-EKVR84B</Computer>
<Security UserID=""></Security>
</System>
<EventData><Data Name="ProcessID">4</Data>
<Data Name="Application">System</Data>
<Data Name="Direction">%%14593</Data>
<Data Name="SourceAddress">192.168.27.159</Data>
<Data Name="SourcePort">137</Data>
<Data Name="DestAddress">192.168.27.2</Data>
<Data Name="DestPort">137</Data>
<Data Name="Protocol">17</Data>
<Data Name="FilterRTID">67201</Data>
<Data Name="LayerName">%%14611</Data>
<Data Name="LayerRTID">48</Data>
<Data Name="RemoteUserID">S-1-0-0</Data>
<Data Name="RemoteMachineID">S-1-0-0</Data>
</EventData>
</Event>

<Event xmlns="http://schemas.microsoft.com/win/2004/08/events/event"><System><Provider Name="Microsoft-Windows-Security-Auditing" Guid="{54849625-5478-4994-a5ba-3e3b0328c30d}"></Provider>
<EventID Qualifiers="">5158</EventID>
<Version>0</Version>
<Level>0</Level>
<Task>12810</Task>
<Opcode>0</Opcode>
<Keywords>0x8020000000000000</Keywords>
<TimeCreated SystemTime="2024-07-15 16:30:22.523651+00:00"></TimeCreated>
<EventRecordID>169102</EventRecordID>
<Correlation ActivityID="" RelatedActivityID=""></Correlation>
<Execution ProcessID="4" ThreadID="9128"></Execution>
<Channel>Security</Channel>
<Computer>DESKTOP-EKVR84B</Computer>
<Security UserID=""></Security>
</System>
<EventData><Data Name="ProcessId">2316</Data>
<Data Name="Application">\device\harddiskvolume3\windows\system32\svchost.exe</Data>
<Data Name="SourceAddress">::</Data>
<Data Name="SourcePort">49712</Data>
<Data Name="Protocol">17</Data>
<Data Name="FilterRTID">0</Data>
<Data Name="LayerName">%%14608</Data>
<Data Name="LayerRTID">36</Data>
</EventData>
</Event>

<Event xmlns="http://schemas.microsoft.com/win/2004/08/events/event"><System><Provider Name="Microsoft-Windows-Security-Auditing" Guid="{54849625-5478-4994-a5ba-3e3b0328c30d}"></Provider>
<EventID Qualifiers="">5158</EventID>
<Version>0</Version>
<Level>0</Level>
<Task>12810</Task>
<Opcode>0</Opcode>
<Keywords>0x8020000000000000</Keywords>
<TimeCreated SystemTime="2024-07-15 16:30:22.523706+00:00"></TimeCreated>
<EventRecordID>169103</EventRecordID>
<Correlation ActivityID="" RelatedActivityID=""></Correlation>
<Execution ProcessID="4" ThreadID="9128"></Execution>
<Channel>Security</Channel>
<Computer>DESKTOP-EKVR84B</Computer>
<Security UserID=""></Security>
</System>
<EventData><Data Name="ProcessId">2316</Data>
<Data Name="Application">\device\harddiskvolume3\windows\system32\svchost.exe</Data>
<Data Name="SourceAddress">::</Data>
<Data Name="SourcePort">49712</Data>
<Data Name="Protocol">17</Data>
<Data Name="FilterRTID">0</Data>
<Data Name="LayerName">%%14608</Data>
<Data Name="LayerRTID">38</Data>
</EventData>
</Event>

<Event xmlns="http://schemas.microsoft.com/win/2004/08/events/event"><System><Provider Name="Microsoft-Windows-Security-Auditing" Guid="{54849625-5478-4994-a5ba-3e3b0328c30d}"></Provider>
<EventID Qualifiers="">5156</EventID>
<Version>1</Version>
<Level>0</Level>
<Task>12810</Task>
<Opcode>0</Opcode>
<Keywords>0x8020000000000000</Keywords>
<TimeCreated SystemTime="2024-07-15 16:30:22.523855+00:00"></TimeCreated>
<EventRecordID>169104</EventRecordID>
<Correlation ActivityID="" RelatedActivityID=""></Correlation>
<Execution ProcessID="4" ThreadID="9128"></Execution>
<Channel>Security</Channel>
<Computer>DESKTOP-EKVR84B</Computer>
<Security UserID=""></Security>
</System>
<EventData><Data Name="ProcessID">2316</Data>
<Data Name="Application">\device\harddiskvolume3\windows\system32\svchost.exe</Data>
<Data Name="Direction">%%14593</Data>
<Data Name="SourceAddress">192.168.27.159</Data>
<Data Name="SourcePort">49712</Data>
<Data Name="DestAddress">192.168.27.2</Data>
<Data Name="DestPort">53</Data>
<Data Name="Protocol">17</Data>
<Data Name="FilterRTID">67201</Data>
<Data Name="LayerName">%%14611</Data>
<Data Name="LayerRTID">48</Data>
<Data Name="RemoteUserID">S-1-0-0</Data>
<Data Name="RemoteMachineID">S-1-0-0</Data>
</EventData>
</Event>

<Event xmlns="http://schemas.microsoft.com/win/2004/08/events/event"><System><Provider Name="Microsoft-Windows-Security-Auditing" Guid="{54849625-5478-4994-a5ba-3e3b0328c30d}"></Provider>
<EventID Qualifiers="">5158</EventID>
<Version>0</Version>
<Level>0</Level>
<Task>12810</Task>
<Opcode>0</Opcode>
<Keywords>0x8020000000000000</Keywords>
<TimeCreated SystemTime="2024-07-15 16:30:22.528797+00:00"></TimeCreated>
<EventRecordID>169105</EventRecordID>
<Correlation ActivityID="" RelatedActivityID=""></Correlation>
<Execution ProcessID="4" ThreadID="9128"></Execution>
<Channel>Security</Channel>
<Computer>DESKTOP-EKVR84B</Computer>
<Security UserID=""></Security>
</System>
<EventData><Data Name="ProcessId">2460</Data>
<Data Name="Application">\device\harddiskvolume3\windows\system32\svchost.exe</Data>
<Data Name="SourceAddress">0.0.0.0</Data>
<Data Name="SourcePort">49851</Data>
<Data Name="Protocol">6</Data>
<Data Name="FilterRTID">0</Data>
<Data Name="LayerName">%%14608</Data>
<Data Name="LayerRTID">36</Data>
</EventData>
</Event>

<Event xmlns="http://schemas.microsoft.com/win/2004/08/events/event"><System><Provider Name="Microsoft-Windows-Security-Auditing" Guid="{54849625-5478-4994-a5ba-3e3b0328c30d}"></Provider>
<EventID Qualifiers="">5156</EventID>
<Version>1</Version>
<Level>0</Level>
<Task>12810</Task>
<Opcode>0</Opcode>
<Keywords>0x8020000000000000</Keywords>
<TimeCreated SystemTime="2024-07-15 16:30:22.528925+00:00"></TimeCreated>
<EventRecordID>169106</EventRecordID>
<Correlation ActivityID="" RelatedActivityID=""></Correlation>
<Execution ProcessID="4" ThreadID="9128"></Execution>
<Channel>Security</Channel>
<Computer>DESKTOP-EKVR84B</Computer>
<Security UserID=""></Security>
</System>
<EventData><Data Name="ProcessID">2460</Data>
<Data Name="Application">\device\harddiskvolume3\windows\system32\svchost.exe</Data>
<Data Name="Direction">%%14593</Data>
<Data Name="SourceAddress">192.168.27.159</Data>
<Data Name="SourcePort">49851</Data>
<Data Name="DestAddress">52.167.160.43</Data>
<Data Name="DestPort">443</Data>
<Data Name="Protocol">6</Data>
<Data Name="FilterRTID">67201</Data>
<Data Name="LayerName">%%14611</Data>
<Data Name="LayerRTID">48</Data>
<Data Name="RemoteUserID">S-1-0-0</Data>
<Data Name="RemoteMachineID">S-1-0-0</Data>
</EventData>
</Event>

<Event xmlns="http://schemas.microsoft.com/win/2004/08/events/event"><System><Provider Name="Microsoft-Windows-Security-Auditing" Guid="{54849625-5478-4994-a5ba-3e3b0328c30d}"></Provider>
<EventID Qualifiers="">5158</EventID>
<Version>0</Version>
<Level>0</Level>
<Task>12810</Task>
<Opcode>0</Opcode>
<Keywords>0x8020000000000000</Keywords>
<TimeCreated SystemTime="2024-07-15 16:31:18.868633+00:00"></TimeCreated>
<EventRecordID>169107</EventRecordID>
<Correlation ActivityID="" RelatedActivityID=""></Correlation>
<Execution ProcessID="4" ThreadID="6000"></Execution>
<Channel>Security</Channel>
<Computer>DESKTOP-EKVR84B</Computer>
<Security UserID=""></Security>
</System>
<EventData><Data Name="ProcessId">9680</Data>
<Data Name="Application">\device\harddiskvolume3\program files (x86)\microsoft\edge\application\msedge.exe</Data>
<Data Name="SourceAddress">::</Data>
<Data Name="SourcePort">55332</Data>
<Data Name="Protocol">17</Data>
<Data Name="FilterRTID">0</Data>
<Data Name="LayerName">%%14608</Data>
<Data Name="LayerRTID">36</Data>
</EventData>
</Event>

<Event xmlns="http://schemas.microsoft.com/win/2004/08/events/event"><System><Provider Name="Microsoft-Windows-Security-Auditing" Guid="{54849625-5478-4994-a5ba-3e3b0328c30d}"></Provider>
<EventID Qualifiers="">5158</EventID>
<Version>0</Version>
<Level>0</Level>
<Task>12810</Task>
<Opcode>0</Opcode>
<Keywords>0x8020000000000000</Keywords>
<TimeCreated SystemTime="2024-07-15 16:31:18.868656+00:00"></TimeCreated>
<EventRecordID>169108</EventRecordID>
<Correlation ActivityID="" RelatedActivityID=""></Correlation>
<Execution ProcessID="4" ThreadID="6000"></Execution>
<Channel>Security</Channel>
<Computer>DESKTOP-EKVR84B</Computer>
<Security UserID=""></Security>
</System>
<EventData><Data Name="ProcessId">9680</Data>
<Data Name="Application">\device\harddiskvolume3\program files (x86)\microsoft\edge\application\msedge.exe</Data>
<Data Name="SourceAddress">::</Data>
<Data Name="SourcePort">55332</Data>
<Data Name="Protocol">17</Data>
<Data Name="FilterRTID">0</Data>
<Data Name="LayerName">%%14608</Data>
<Data Name="LayerRTID">38</Data>
</EventData>
</Event>

<Event xmlns="http://schemas.microsoft.com/win/2004/08/events/event"><System><Provider Name="Microsoft-Windows-Security-Auditing" Guid="{54849625-5478-4994-a5ba-3e3b0328c30d}"></Provider>
<EventID Qualifiers="">5158</EventID>
<Version>0</Version>
<Level>0</Level>
<Task>12810</Task>
<Opcode>0</Opcode>
<Keywords>0x8020000000000000</Keywords>
<TimeCreated SystemTime="2024-07-15 16:31:18.870493+00:00"></TimeCreated>
<EventRecordID>169109</EventRecordID>
<Correlation ActivityID="" RelatedActivityID=""></Correlation>
<Execution ProcessID="4" ThreadID="6000"></Execution>
<Channel>Security</Channel>
<Computer>DESKTOP-EKVR84B</Computer>
<Security UserID=""></Security>
</System>
<EventData><Data Name="ProcessId">9680</Data>
<Data Name="Application">\device\harddiskvolume3\program files (x86)\microsoft\edge\application\msedge.exe</Data>
<Data Name="SourceAddress">0.0.0.0</Data>
<Data Name="SourcePort">60185</Data>
<Data Name="Protocol">17</Data>
<Data Name="FilterRTID">0</Data>
<Data Name="LayerName">%%14608</Data>
<Data Name="LayerRTID">36</Data>
</EventData>
</Event>

<Event xmlns="http://schemas.microsoft.com/win/2004/08/events/event"><System><Provider Name="Microsoft-Windows-Security-Auditing" Guid="{54849625-5478-4994-a5ba-3e3b0328c30d}"></Provider>
<EventID Qualifiers="">5156</EventID>
<Version>1</Version>
<Level>0</Level>
<Task>12810</Task>
<Opcode>0</Opcode>
<Keywords>0x8020000000000000</Keywords>
<TimeCreated SystemTime="2024-07-15 16:31:18.870852+00:00"></TimeCreated>
<EventRecordID>169110</EventRecordID>
<Correlation ActivityID="" RelatedActivityID=""></Correlation>
<Execution ProcessID="4" ThreadID="6000"></Execution>
<Channel>Security</Channel>
<Computer>DESKTOP-EKVR84B</Computer>
<Security UserID=""></Security>
</System>
<EventData><Data Name="ProcessID">9680</Data>
<Data Name="Application">\device\harddiskvolume3\program files (x86)\microsoft\edge\application\msedge.exe</Data>
<Data Name="Direction">%%14593</Data>
<Data Name="SourceAddress">192.168.27.159</Data>
<Data Name="SourcePort">60185</Data>
<Data Name="DestAddress">192.168.27.2</Data>
<Data Name="DestPort">53</Data>
<Data Name="Protocol">17</Data>
<Data Name="FilterRTID">67201</Data>
<Data Name="LayerName">%%14611</Data>
<Data Name="LayerRTID">48</Data>
<Data Name="RemoteUserID">S-1-0-0</Data>
<Data Name="RemoteMachineID">S-1-0-0</Data>
</EventData>
</Event>

<Event xmlns="http://schemas.microsoft.com/win/2004/08/events/event"><System><Provider Name="Microsoft-Windows-Security-Auditing" Guid="{54849625-5478-4994-a5ba-3e3b0328c30d}"></Provider>
<EventID Qualifiers="">5158</EventID>
<Version>0</Version>
<Level>0</Level>
<Task>12810</Task>
<Opcode>0</Opcode>
<Keywords>0x8020000000000000</Keywords>
<TimeCreated SystemTime="2024-07-15 16:31:18.871010+00:00"></TimeCreated>
<EventRecordID>169111</EventRecordID>
<Correlation ActivityID="" RelatedActivityID=""></Correlation>
<Execution ProcessID="4" ThreadID="6000"></Execution>
<Channel>Security</Channel>
<Computer>DESKTOP-EKVR84B</Computer>
<Security UserID=""></Security>
</System>
<EventData><Data Name="ProcessId">9680</Data>
<Data Name="Application">\device\harddiskvolume3\program files (x86)\microsoft\edge\application\msedge.exe</Data>
<Data Name="SourceAddress">0.0.0.0</Data>
<Data Name="SourcePort">58913</Data>
<Data Name="Protocol">17</Data>
<Data Name="FilterRTID">0</Data>
<Data Name="LayerName">%%14608</Data>
<Data Name="LayerRTID">36</Data>
</EventData>
</Event>

<Event xmlns="http://schemas.microsoft.com/win/2004/08/events/event"><System><Provider Name="Microsoft-Windows-Security-Auditing" Guid="{54849625-5478-4994-a5ba-3e3b0328c30d}"></Provider>
<EventID Qualifiers="">5156</EventID>
<Version>1</Version>
<Level>0</Level>
<Task>12810</Task>
<Opcode>0</Opcode>
<Keywords>0x8020000000000000</Keywords>
<TimeCreated SystemTime="2024-07-15 16:31:18.871155+00:00"></TimeCreated>
<EventRecordID>169112</EventRecordID>
<Correlation ActivityID="" RelatedActivityID=""></Correlation>
<Execution ProcessID="4" ThreadID="6000"></Execution>
<Channel>Security</Channel>
<Computer>DESKTOP-EKVR84B</Computer>
<Security UserID=""></Security>
</System>
<EventData><Data Name="ProcessID">9680</Data>
<Data Name="Application">\device\harddiskvolume3\program files (x86)\microsoft\edge\application\msedge.exe</Data>
<Data Name="Direction">%%14593</Data>
<Data Name="SourceAddress">192.168.27.159</Data>
<Data Name="SourcePort">58913</Data>
<Data Name="DestAddress">192.168.27.2</Data>
<Data Name="DestPort">53</Data>
<Data Name="Protocol">17</Data>
<Data Name="FilterRTID">67201</Data>
<Data Name="LayerName">%%14611</Data>
<Data Name="LayerRTID">48</Data>
<Data Name="RemoteUserID">S-1-0-0</Data>
<Data Name="RemoteMachineID">S-1-0-0</Data>
</EventData>
</Event>

<Event xmlns="http://schemas.microsoft.com/win/2004/08/events/event"><System><Provider Name="Microsoft-Windows-Security-Auditing" Guid="{54849625-5478-4994-a5ba-3e3b0328c30d}"></Provider>
<EventID Qualifiers="">5158</EventID>
<Version>0</Version>
<Level>0</Level>
<Task>12810</Task>
<Opcode>0</Opcode>
<Keywords>0x8020000000000000</Keywords>
<TimeCreated SystemTime="2024-07-15 16:31:18.877630+00:00"></TimeCreated>
<EventRecordID>169113</EventRecordID>
<Correlation ActivityID="" RelatedActivityID=""></Correlation>
<Execution ProcessID="4" ThreadID="6000"></Execution>
<Channel>Security</Channel>
<Computer>DESKTOP-EKVR84B</Computer>
<Security UserID=""></Security>
</System>
<EventData><Data Name="ProcessId">9680</Data>
<Data Name="Application">\device\harddiskvolume3\program files (x86)\microsoft\edge\application\msedge.exe</Data>
<Data Name="SourceAddress">0.0.0.0</Data>
<Data Name="SourcePort">49852</Data>
<Data Name="Protocol">6</Data>
<Data Name="FilterRTID">0</Data>
<Data Name="LayerName">%%14608</Data>
<Data Name="LayerRTID">36</Data>
</EventData>
</Event>

<Event xmlns="http://schemas.microsoft.com/win/2004/08/events/event"><System><Provider Name="Microsoft-Windows-Security-Auditing" Guid="{54849625-5478-4994-a5ba-3e3b0328c30d}"></Provider>
<EventID Qualifiers="">5156</EventID>
<Version>1</Version>
<Level>0</Level>
<Task>12810</Task>
<Opcode>0</Opcode>
<Keywords>0x8020000000000000</Keywords>
<TimeCreated SystemTime="2024-07-15 16:31:18.878330+00:00"></TimeCreated>
<EventRecordID>169114</EventRecordID>
<Correlation ActivityID="" RelatedActivityID=""></Correlation>
<Execution ProcessID="4" ThreadID="6000"></Execution>
<Channel>Security</Channel>
<Computer>DESKTOP-EKVR84B</Computer>
<Security UserID=""></Security>
</System>
<EventData><Data Name="ProcessID">9680</Data>
<Data Name="Application">\device\harddiskvolume3\program files (x86)\microsoft\edge\application\msedge.exe</Data>
<Data Name="Direction">%%14593</Data>
<Data Name="SourceAddress">192.168.27.159</Data>
<Data Name="SourcePort">49852</Data>
<Data Name="DestAddress">23.48.203.205</Data>
<Data Name="DestPort">443</Data>
<Data Name="Protocol">6</Data>
<Data Name="FilterRTID">67201</Data>
<Data Name="LayerName">%%14611</Data>
<Data Name="LayerRTID">48</Data>
<Data Name="RemoteUserID">S-1-0-0</Data>
<Data Name="RemoteMachineID">S-1-0-0</Data>
</EventData>
</Event>

<Event xmlns="http://schemas.microsoft.com/win/2004/08/events/event"><System><Provider Name="Microsoft-Windows-Security-Auditing" Guid="{54849625-5478-4994-a5ba-3e3b0328c30d}"></Provider>
<EventID Qualifiers="">5158</EventID>
<Version>0</Version>
<Level>0</Level>
<Task>12810</Task>
<Opcode>0</Opcode>
<Keywords>0x8020000000000000</Keywords>
<TimeCreated SystemTime="2024-07-15 16:31:19.391394+00:00"></TimeCreated>
<EventRecordID>169115</EventRecordID>
<Correlation ActivityID="" RelatedActivityID=""></Correlation>
<Execution ProcessID="4" ThreadID="6000"></Execution>
<Channel>Security</Channel>
<Computer>DESKTOP-EKVR84B</Computer>
<Security UserID=""></Security>
</System>
<EventData><Data Name="ProcessId">9680</Data>
<Data Name="Application">\device\harddiskvolume3\program files (x86)\microsoft\edge\application\msedge.exe</Data>
<Data Name="SourceAddress">0.0.0.0</Data>
<Data Name="SourcePort">61438</Data>
<Data Name="Protocol">17</Data>
<Data Name="FilterRTID">0</Data>
<Data Name="LayerName">%%14608</Data>
<Data Name="LayerRTID">36</Data>
</EventData>
</Event>

<Event xmlns="http://schemas.microsoft.com/win/2004/08/events/event"><System><Provider Name="Microsoft-Windows-Security-Auditing" Guid="{54849625-5478-4994-a5ba-3e3b0328c30d}"></Provider>
<EventID Qualifiers="">5156</EventID>
<Version>1</Version>
<Level>0</Level>
<Task>12810</Task>
<Opcode>0</Opcode>
<Keywords>0x8020000000000000</Keywords>
<TimeCreated SystemTime="2024-07-15 16:31:19.391752+00:00"></TimeCreated>
<EventRecordID>169116</EventRecordID>
<Correlation ActivityID="" RelatedActivityID=""></Correlation>
<Execution ProcessID="4" ThreadID="6000"></Execution>
<Channel>Security</Channel>
<Computer>DESKTOP-EKVR84B</Computer>
<Security UserID=""></Security>
</System>
<EventData><Data Name="ProcessID">9680</Data>
<Data Name="Application">\device\harddiskvolume3\program files (x86)\microsoft\edge\application\msedge.exe</Data>
<Data Name="Direction">%%14593</Data>
<Data Name="SourceAddress">192.168.27.159</Data>
<Data Name="SourcePort">61438</Data>
<Data Name="DestAddress">192.168.27.2</Data>
<Data Name="DestPort">53</Data>
<Data Name="Protocol">17</Data>
<Data Name="FilterRTID">67201</Data>
<Data Name="LayerName">%%14611</Data>
<Data Name="LayerRTID">48</Data>
<Data Name="RemoteUserID">S-1-0-0</Data>
<Data Name="RemoteMachineID">S-1-0-0</Data>
</EventData>
</Event>

<Event xmlns="http://schemas.microsoft.com/win/2004/08/events/event"><System><Provider Name="Microsoft-Windows-Security-Auditing" Guid="{54849625-5478-4994-a5ba-3e3b0328c30d}"></Provider>
<EventID Qualifiers="">5158</EventID>
<Version>0</Version>
<Level>0</Level>
<Task>12810</Task>
<Opcode>0</Opcode>
<Keywords>0x8020000000000000</Keywords>
<TimeCreated SystemTime="2024-07-15 16:31:19.392056+00:00"></TimeCreated>
<EventRecordID>169117</EventRecordID>
<Correlation ActivityID="" RelatedActivityID=""></Correlation>
<Execution ProcessID="4" ThreadID="6000"></Execution>
<Channel>Security</Channel>
<Computer>DESKTOP-EKVR84B</Computer>
<Security UserID=""></Security>
</System>
<EventData><Data Name="ProcessId">9680</Data>
<Data Name="Application">\device\harddiskvolume3\program files (x86)\microsoft\edge\application\msedge.exe</Data>
<Data Name="SourceAddress">0.0.0.0</Data>
<Data Name="SourcePort">65367</Data>
<Data Name="Protocol">17</Data>
<Data Name="FilterRTID">0</Data>
<Data Name="LayerName">%%14608</Data>
<Data Name="LayerRTID">36</Data>
</EventData>
</Event>

<Event xmlns="http://schemas.microsoft.com/win/2004/08/events/event"><System><Provider Name="Microsoft-Windows-Security-Auditing" Guid="{54849625-5478-4994-a5ba-3e3b0328c30d}"></Provider>
<EventID Qualifiers="">5156</EventID>
<Version>1</Version>
<Level>0</Level>
<Task>12810</Task>
<Opcode>0</Opcode>
<Keywords>0x8020000000000000</Keywords>
<TimeCreated SystemTime="2024-07-15 16:31:19.392319+00:00"></TimeCreated>
<EventRecordID>169118</EventRecordID>
<Correlation ActivityID="" RelatedActivityID=""></Correlation>
<Execution ProcessID="4" ThreadID="6000"></Execution>
<Channel>Security</Channel>
<Computer>DESKTOP-EKVR84B</Computer>
<Security UserID=""></Security>
</System>
<EventData><Data Name="ProcessID">9680</Data>
<Data Name="Application">\device\harddiskvolume3\program files (x86)\microsoft\edge\application\msedge.exe</Data>
<Data Name="Direction">%%14593</Data>
<Data Name="SourceAddress">192.168.27.159</Data>
<Data Name="SourcePort">65367</Data>
<Data Name="DestAddress">192.168.27.2</Data>
<Data Name="DestPort">53</Data>
<Data Name="Protocol">17</Data>
<Data Name="FilterRTID">67201</Data>
<Data Name="LayerName">%%14611</Data>
<Data Name="LayerRTID">48</Data>
<Data Name="RemoteUserID">S-1-0-0</Data>
<Data Name="RemoteMachineID">S-1-0-0</Data>
</EventData>
</Event>

<Event xmlns="http://schemas.microsoft.com/win/2004/08/events/event"><System><Provider Name="Microsoft-Windows-Security-Auditing" Guid="{54849625-5478-4994-a5ba-3e3b0328c30d}"></Provider>
<EventID Qualifiers="">5158</EventID>
<Version>0</Version>
<Level>0</Level>
<Task>12810</Task>
<Opcode>0</Opcode>
<Keywords>0x8020000000000000</Keywords>
<TimeCreated SystemTime="2024-07-15 16:31:19.416859+00:00"></TimeCreated>
<EventRecordID>169119</EventRecordID>
<Correlation ActivityID="" RelatedActivityID=""></Correlation>
<Execution ProcessID="4" ThreadID="6000"></Execution>
<Channel>Security</Channel>
<Computer>DESKTOP-EKVR84B</Computer>
<Security UserID=""></Security>
</System>
<EventData><Data Name="ProcessId">9680</Data>
<Data Name="Application">\device\harddiskvolume3\program files (x86)\microsoft\edge\application\msedge.exe</Data>
<Data Name="SourceAddress">0.0.0.0</Data>
<Data Name="SourcePort">49853</Data>
<Data Name="Protocol">6</Data>
<Data Name="FilterRTID">0</Data>
<Data Name="LayerName">%%14608</Data>
<Data Name="LayerRTID">36</Data>
</EventData>
</Event>

<Event xmlns="http://schemas.microsoft.com/win/2004/08/events/event"><System><Provider Name="Microsoft-Windows-Security-Auditing" Guid="{54849625-5478-4994-a5ba-3e3b0328c30d}"></Provider>
<EventID Qualifiers="">5156</EventID>
<Version>1</Version>
<Level>0</Level>
<Task>12810</Task>
<Opcode>0</Opcode>
<Keywords>0x8020000000000000</Keywords>
<TimeCreated SystemTime="2024-07-15 16:31:19.416950+00:00"></TimeCreated>
<EventRecordID>169120</EventRecordID>
<Correlation ActivityID="" RelatedActivityID=""></Correlation>
<Execution ProcessID="4" ThreadID="6000"></Execution>
<Channel>Security</Channel>
<Computer>DESKTOP-EKVR84B</Computer>
<Security UserID=""></Security>
</System>
<EventData><Data Name="ProcessID">9680</Data>
<Data Name="Application">\device\harddiskvolume3\program files (x86)\microsoft\edge\application\msedge.exe</Data>
<Data Name="Direction">%%14593</Data>
<Data Name="SourceAddress">192.168.27.159</Data>
<Data Name="SourcePort">49853</Data>
<Data Name="DestAddress">51.104.15.253</Data>
<Data Name="DestPort">443</Data>
<Data Name="Protocol">6</Data>
<Data Name="FilterRTID">67201</Data>
<Data Name="LayerName">%%14611</Data>
<Data Name="LayerRTID">48</Data>
<Data Name="RemoteUserID">S-1-0-0</Data>
<Data Name="RemoteMachineID">S-1-0-0</Data>
</EventData>
</Event>

