<Event xmlns="http://schemas.microsoft.com/win/2004/08/events/event"><System><Provider Name="Microsoft-Windows-Security-Auditing" Guid="{54849625-5478-4994-a5ba-3e3b0328c30d}"></Provider>
<EventID Qualifiers="">4690</EventID>
<Version>0</Version>
<Level>0</Level>
<Task>12807</Task>
<Opcode>0</Opcode>
<Keywords>0x8020000000000000</Keywords>
<TimeCreated SystemTime="2024-07-15 16:01:24.730261+00:00"></TimeCreated>
<EventRecordID>168700</EventRecordID>
<Correlation ActivityID="" RelatedActivityID=""></Correlation>
<Execution ProcessID="4" ThreadID="6672"></Execution>
<Channel>Security</Channel>
<Computer>DESKTOP-EKVR84B</Computer>
<Security UserID=""></Security>
</System>
<EventData><Data Name="SubjectUserSid">S-1-5-18</Data>
<Data Name="SubjectUserName">DESKTOP-EKVR84B$</Data>
<Data Name="SubjectDomainName">WORKGROUP</Data>
<Data Name="SubjectLogonId">0x00000000000003e7</Data>
<Data Name="SourceHandleId">0x000000000000061c</Data>
<Data Name="SourceProcessId">0x0000000000000d98</Data>
<Data Name="TargetHandleId">0x0000000000001204</Data>
<Data Name="TargetProcessId">0x0000000000000004</Data>
</EventData>
</Event>

<Event xmlns="http://schemas.microsoft.com/win/2004/08/events/event"><System><Provider Name="Microsoft-Windows-Security-Auditing" Guid="{54849625-5478-4994-a5ba-3e3b0328c30d}"></Provider>
<EventID Qualifiers="">4658</EventID>
<Version>0</Version>
<Level>0</Level>
<Task>12812</Task>
<Opcode>0</Opcode>
<Keywords>0x8020000000000000</Keywords>
<TimeCreated SystemTime="2024-07-15 16:01:24.730278+00:00"></TimeCreated>
<EventRecordID>168701</EventRecordID>
<Correlation ActivityID="" RelatedActivityID=""></Correlation>
<Execution ProcessID="4" ThreadID="6672"></Execution>
<Channel>Security</Channel>
<Computer>DESKTOP-EKVR84B</Computer>
<Security UserID=""></Security>
</System>
<EventData><Data Name="SubjectUserSid">S-1-5-18</Data>
<Data Name="SubjectUserName">DESKTOP-EKVR84B$</Data>
<Data Name="SubjectDomainName">WORKGROUP</Data>
<Data Name="SubjectLogonId">0x00000000000003e7</Data>
<Data Name="ObjectServer">Security</Data>
<Data Name="HandleId">0x0000000000001204</Data>
<Data Name="ProcessId">0x0000000000000d98</Data>
<Data Name="ProcessName">C:\Windows\System32\wbem\WmiPrvSE.exe</Data>
</EventData>
</Event>

<Event xmlns="http://schemas.microsoft.com/win/2004/08/events/event"><System><Provider Name="Microsoft-Windows-Security-Auditing" Guid="{54849625-5478-4994-a5ba-3e3b0328c30d}"></Provider>
<EventID Qualifiers="">4656</EventID>
<Version>1</Version>
<Level>0</Level>
<Task>12812</Task>
<Opcode>0</Opcode>
<Keywords>0x8020000000000000</Keywords>
<TimeCreated SystemTime="2024-07-15 16:01:24.730295+00:00"></TimeCreated>
<EventRecordID>168702</EventRecordID>
<Correlation ActivityID="" RelatedActivityID=""></Correlation>
<Execution ProcessID="4" ThreadID="6672"></Execution>
<Channel>Security</Channel>
<Computer>DESKTOP-EKVR84B</Computer>
<Security UserID=""></Security>
</System>
<EventData><Data Name="SubjectUserSid">S-1-5-18</Data>
<Data Name="SubjectUserName">DESKTOP-EKVR84B$</Data>
<Data Name="SubjectDomainName">WORKGROUP</Data>
<Data Name="SubjectLogonId">0x00000000000003e7</Data>
<Data Name="ObjectServer">Security</Data>
<Data Name="ObjectType">File</Data>
<Data Name="ObjectName">\Device\CdRom0</Data>
<Data Name="HandleId">0x000000000000061c</Data>
<Data Name="TransactionId">{00000000-0000-0000-0000-000000000000}</Data>
<Data Name="AccessList">%%1538
				%%1541
				%%4416
				%%4417
				%%4418
				%%4419
				%%4420
				%%4423
				%%4424
				</Data>
<Data Name="AccessReason">-</Data>
<Data Name="AccessMask">0x0012019f</Data>
<Data Name="PrivilegeList">-</Data>
<Data Name="RestrictedSidCount">0</Data>
<Data Name="ProcessId">0x0000000000000d98</Data>
<Data Name="ProcessName">C:\Windows\System32\wbem\WmiPrvSE.exe</Data>
<Data Name="ResourceAttributes">-</Data>
</EventData>
</Event>

<Event xmlns="http://schemas.microsoft.com/win/2004/08/events/event"><System><Provider Name="Microsoft-Windows-Security-Auditing" Guid="{54849625-5478-4994-a5ba-3e3b0328c30d}"></Provider>
<EventID Qualifiers="">4658</EventID>
<Version>0</Version>
<Level>0</Level>
<Task>12812</Task>
<Opcode>0</Opcode>
<Keywords>0x8020000000000000</Keywords>
<TimeCreated SystemTime="2024-07-15 16:01:24.730333+00:00"></TimeCreated>
<EventRecordID>168703</EventRecordID>
<Correlation ActivityID="" RelatedActivityID=""></Correlation>
<Execution ProcessID="4" ThreadID="6672"></Execution>
<Channel>Security</Channel>
<Computer>DESKTOP-EKVR84B</Computer>
<Security UserID=""></Security>
</System>
<EventData><Data Name="SubjectUserSid">S-1-5-18</Data>
<Data Name="SubjectUserName">DESKTOP-EKVR84B$</Data>
<Data Name="SubjectDomainName">WORKGROUP</Data>
<Data Name="SubjectLogonId">0x00000000000003e7</Data>
<Data Name="ObjectServer">Security</Data>
<Data Name="HandleId">0x000000000000061c</Data>
<Data Name="ProcessId">0x0000000000000d98</Data>
<Data Name="ProcessName">C:\Windows\System32\wbem\WmiPrvSE.exe</Data>
</EventData>
</Event>

<Event xmlns="http://schemas.microsoft.com/win/2004/08/events/event"><System><Provider Name="Microsoft-Windows-Security-Auditing" Guid="{54849625-5478-4994-a5ba-3e3b0328c30d}"></Provider>
<EventID Qualifiers="">4658</EventID>
<Version>0</Version>
<Level>0</Level>
<Task>12812</Task>
<Opcode>0</Opcode>
<Keywords>0x8020000000000000</Keywords>
<TimeCreated SystemTime="2024-07-15 16:01:24.730364+00:00"></TimeCreated>
<EventRecordID>168704</EventRecordID>
<Correlation ActivityID="" RelatedActivityID=""></Correlation>
<Execution ProcessID="4" ThreadID="6672"></Execution>
<Channel>Security</Channel>
<Computer>DESKTOP-EKVR84B</Computer>
<Security UserID=""></Security>
</System>
<EventData><Data Name="SubjectUserSid">S-1-5-18</Data>
<Data Name="SubjectUserName">DESKTOP-EKVR84B$</Data>
<Data Name="SubjectDomainName">WORKGROUP</Data>
<Data Name="SubjectLogonId">0x00000000000003e7</Data>
<Data Name="ObjectServer">Security</Data>
<Data Name="HandleId">0x0000000000000618</Data>
<Data Name="ProcessId">0x0000000000000d98</Data>
<Data Name="ProcessName">C:\Windows\System32\wbem\WmiPrvSE.exe</Data>
</EventData>
</Event>

<Event xmlns="http://schemas.microsoft.com/win/2004/08/events/event"><System><Provider Name="Microsoft-Windows-Security-Auditing" Guid="{54849625-5478-4994-a5ba-3e3b0328c30d}"></Provider>
<EventID Qualifiers="">4702</EventID>
<Version>1</Version>
<Level>0</Level>
<Task>12804</Task>
<Opcode>0</Opcode>
<Keywords>0x8020000000000000</Keywords>
<TimeCreated SystemTime="2024-07-15 16:01:25.036810+00:00"></TimeCreated>
<EventRecordID>168705</EventRecordID>
<Correlation ActivityID="{5c5fefd0-d6cd-0000-eaf0-5f5ccdd6da01}" RelatedActivityID=""></Correlation>
<Execution ProcessID="684" ThreadID="8616"></Execution>
<Channel>Security</Channel>
<Computer>DESKTOP-EKVR84B</Computer>
<Security UserID=""></Security>
</System>
<EventData><Data Name="SubjectUserSid">S-1-5-18</Data>
<Data Name="SubjectUserName">DESKTOP-EKVR84B$</Data>
<Data Name="SubjectDomainName">WORKGROUP</Data>
<Data Name="SubjectLogonId">0x00000000000003e7</Data>
<Data Name="TaskName">\Microsoft\Windows\UpdateOrchestrator\Schedule Work</Data>
<Data Name="TaskContentNew">&lt;?xml version="1.0" encoding="UTF-16"?&gt;
&lt;Task version="1.2" xmlns="http://schemas.microsoft.com/windows/2004/02/mit/task"&gt;
  &lt;RegistrationInfo&gt;
    &lt;URI&gt;\Microsoft\Windows\UpdateOrchestrator\Schedule Work&lt;/URI&gt;
    &lt;SecurityDescriptor&gt;D:P(A;;FA;;;SY)(A;;FRFX;;;LS)(A;;FRFX;;;BA)&lt;/SecurityDescriptor&gt;
  &lt;/RegistrationInfo&gt;
  &lt;Triggers&gt;
    &lt;TimeTrigger&gt;
      &lt;StartBoundary&gt;2024-07-16T00:48:42-07:00&lt;/StartBoundary&gt;
      &lt;Enabled&gt;true&lt;/Enabled&gt;
    &lt;/TimeTrigger&gt;
  &lt;/Triggers&gt;
  &lt;Principals&gt;
    &lt;Principal id="Author"&gt;
      &lt;RunLevel&gt;LeastPrivilege&lt;/RunLevel&gt;
      &lt;UserId&gt;S-1-5-18&lt;/UserId&gt;
    &lt;/Principal&gt;
  &lt;/Principals&gt;
  &lt;Settings&gt;
    &lt;MultipleInstancesPolicy&gt;IgnoreNew&lt;/MultipleInstancesPolicy&gt;
    &lt;DisallowStartIfOnBatteries&gt;true&lt;/DisallowStartIfOnBatteries&gt;
    &lt;StopIfGoingOnBatteries&gt;true&lt;/StopIfGoingOnBatteries&gt;
    &lt;AllowHardTerminate&gt;true&lt;/AllowHardTerminate&gt;
    &lt;StartWhenAvailable&gt;true&lt;/StartWhenAvailable&gt;
    &lt;RunOnlyIfNetworkAvailable&gt;false&lt;/RunOnlyIfNetworkAvailable&gt;
    &lt;IdleSettings&gt;
      &lt;Duration&gt;PT10M&lt;/Duration&gt;
      &lt;WaitTimeout&gt;PT1H&lt;/WaitTimeout&gt;
      &lt;StopOnIdleEnd&gt;true&lt;/StopOnIdleEnd&gt;
      &lt;RestartOnIdle&gt;false&lt;/RestartOnIdle&gt;
    &lt;/IdleSettings&gt;
    &lt;AllowStartOnDemand&gt;true&lt;/AllowStartOnDemand&gt;
    &lt;Enabled&gt;false&lt;/Enabled&gt;
    &lt;Hidden&gt;false&lt;/Hidden&gt;
    &lt;RunOnlyIfIdle&gt;false&lt;/RunOnlyIfIdle&gt;
    &lt;WakeToRun&gt;false&lt;/WakeToRun&gt;
    &lt;ExecutionTimeLimit&gt;PT72H&lt;/ExecutionTimeLimit&gt;
    &lt;Priority&gt;7&lt;/Priority&gt;
  &lt;/Settings&gt;
  &lt;Actions Context="Author"&gt;
    &lt;Exec&gt;
      &lt;Command&gt;%systemroot%\system32\usoclient.exe&lt;/Command&gt;
      &lt;Arguments&gt;StartWork&lt;/Arguments&gt;
    &lt;/Exec&gt;
  &lt;/Actions&gt;
&lt;/Task&gt;</Data>
<Data Name="ClientProcessStartKey">10414574138295799</Data>
<Data Name="ClientProcessId">6168</Data>
<Data Name="ParentProcessId">792</Data>
<Data Name="RpcCallClientLocality">0</Data>
<Data Name="FQDN">DESKTOP-EKVR84B</Data>
</EventData>
</Event>

<Event xmlns="http://schemas.microsoft.com/win/2004/08/events/event"><System><Provider Name="Microsoft-Windows-Security-Auditing" Guid="{54849625-5478-4994-a5ba-3e3b0328c30d}"></Provider>
<EventID Qualifiers="">4624</EventID>
<Version>2</Version>
<Level>0</Level>
<Task>12544</Task>
<Opcode>0</Opcode>
<Keywords>0x8020000000000000</Keywords>
<TimeCreated SystemTime="2024-07-15 16:01:25.039610+00:00"></TimeCreated>
<EventRecordID>168706</EventRecordID>
<Correlation ActivityID="{5c5fefd0-d6cd-0000-eaf0-5f5ccdd6da01}" RelatedActivityID=""></Correlation>
<Execution ProcessID="684" ThreadID="8616"></Execution>
<Channel>Security</Channel>
<Computer>DESKTOP-EKVR84B</Computer>
<Security UserID=""></Security>
</System>
<EventData><Data Name="SubjectUserSid">S-1-5-18</Data>
<Data Name="SubjectUserName">DESKTOP-EKVR84B$</Data>
<Data Name="SubjectDomainName">WORKGROUP</Data>
<Data Name="SubjectLogonId">0x00000000000003e7</Data>
<Data Name="TargetUserSid">S-1-5-18</Data>
<Data Name="TargetUserName">SYSTEM</Data>
<Data Name="TargetDomainName">NT AUTHORITY</Data>
<Data Name="TargetLogonId">0x00000000000003e7</Data>
<Data Name="LogonType">5</Data>
<Data Name="LogonProcessName">Advapi  </Data>
<Data Name="AuthenticationPackageName">Negotiate</Data>
<Data Name="WorkstationName">-</Data>
<Data Name="LogonGuid">{00000000-0000-0000-0000-000000000000}</Data>
<Data Name="TransmittedServices">-</Data>
<Data Name="LmPackageName">-</Data>
<Data Name="KeyLength">0</Data>
<Data Name="ProcessId">0x0000000000000298</Data>
<Data Name="ProcessName">C:\Windows\System32\services.exe</Data>
<Data Name="IpAddress">-</Data>
<Data Name="IpPort">-</Data>
<Data Name="ImpersonationLevel">%%1833</Data>
<Data Name="RestrictedAdminMode">-</Data>
<Data Name="TargetOutboundUserName">-</Data>
<Data Name="TargetOutboundDomainName">-</Data>
<Data Name="VirtualAccount">%%1843</Data>
<Data Name="TargetLinkedLogonId">0x0000000000000000</Data>
<Data Name="ElevatedToken">%%1842</Data>
</EventData>
</Event>

<Event xmlns="http://schemas.microsoft.com/win/2004/08/events/event"><System><Provider Name="Microsoft-Windows-Security-Auditing" Guid="{54849625-5478-4994-a5ba-3e3b0328c30d}"></Provider>
<EventID Qualifiers="">4672</EventID>
<Version>0</Version>
<Level>0</Level>
<Task>12548</Task>
<Opcode>0</Opcode>
<Keywords>0x8020000000000000</Keywords>
<TimeCreated SystemTime="2024-07-15 16:01:25.039616+00:00"></TimeCreated>
<EventRecordID>168707</EventRecordID>
<Correlation ActivityID="{5c5fefd0-d6cd-0000-eaf0-5f5ccdd6da01}" RelatedActivityID=""></Correlation>
<Execution ProcessID="684" ThreadID="8616"></Execution>
<Channel>Security</Channel>
<Computer>DESKTOP-EKVR84B</Computer>
<Security UserID=""></Security>
</System>
<EventData><Data Name="SubjectUserSid">S-1-5-18</Data>
<Data Name="SubjectUserName">SYSTEM</Data>
<Data Name="SubjectDomainName">NT AUTHORITY</Data>
<Data Name="SubjectLogonId">0x00000000000003e7</Data>
<Data Name="PrivilegeList">SeAssignPrimaryTokenPrivilege
			SeTcbPrivilege
			SeSecurityPrivilege
			SeTakeOwnershipPrivilege
			SeLoadDriverPrivilege
			SeBackupPrivilege
			SeRestorePrivilege
			SeDebugPrivilege
			SeAuditPrivilege
			SeSystemEnvironmentPrivilege
			SeImpersonatePrivilege
			SeDelegateSessionUserImpersonatePrivilege</Data>
</EventData>
</Event>

<Event xmlns="http://schemas.microsoft.com/win/2004/08/events/event"><System><Provider Name="Microsoft-Windows-Security-Auditing" Guid="{54849625-5478-4994-a5ba-3e3b0328c30d}"></Provider>
<EventID Qualifiers="">4702</EventID>
<Version>1</Version>
<Level>0</Level>
<Task>12804</Task>
<Opcode>0</Opcode>
<Keywords>0x8020000000000000</Keywords>
<TimeCreated SystemTime="2024-07-15 16:01:25.101757+00:00"></TimeCreated>
<EventRecordID>168708</EventRecordID>
<Correlation ActivityID="{5c5fefd0-d6cd-0000-eaf0-5f5ccdd6da01}" RelatedActivityID=""></Correlation>
<Execution ProcessID="684" ThreadID="8616"></Execution>
<Channel>Security</Channel>
<Computer>DESKTOP-EKVR84B</Computer>
<Security UserID=""></Security>
</System>
<EventData><Data Name="SubjectUserSid">S-1-5-18</Data>
<Data Name="SubjectUserName">DESKTOP-EKVR84B$</Data>
<Data Name="SubjectDomainName">WORKGROUP</Data>
<Data Name="SubjectLogonId">0x00000000000003e7</Data>
<Data Name="TaskName">\Microsoft\Windows\UpdateOrchestrator\Schedule Work</Data>
<Data Name="TaskContentNew">&lt;?xml version="1.0" encoding="UTF-16"?&gt;
&lt;Task version="1.2" xmlns="http://schemas.microsoft.com/windows/2004/02/mit/task"&gt;
  &lt;RegistrationInfo&gt;
    &lt;URI&gt;\Microsoft\Windows\UpdateOrchestrator\Schedule Work&lt;/URI&gt;
    &lt;SecurityDescriptor&gt;D:P(A;;FA;;;SY)(A;;FRFX;;;LS)(A;;FRFX;;;BA)&lt;/SecurityDescriptor&gt;
  &lt;/RegistrationInfo&gt;
  &lt;Triggers&gt;
    &lt;TimeTrigger&gt;
      &lt;StartBoundary&gt;2024-07-16T00:48:42-07:00&lt;/StartBoundary&gt;
      &lt;Enabled&gt;true&lt;/Enabled&gt;
    &lt;/TimeTrigger&gt;
  &lt;/Triggers&gt;
  &lt;Principals&gt;
    &lt;Principal id="Author"&gt;
      &lt;UserId&gt;S-1-5-18&lt;/UserId&gt;
      &lt;RunLevel&gt;LeastPrivilege&lt;/RunLevel&gt;
    &lt;/Principal&gt;
  &lt;/Principals&gt;
  &lt;Settings&gt;
    &lt;MultipleInstancesPolicy&gt;IgnoreNew&lt;/MultipleInstancesPolicy&gt;
    &lt;DisallowStartIfOnBatteries&gt;true&lt;/DisallowStartIfOnBatteries&gt;
    &lt;StopIfGoingOnBatteries&gt;true&lt;/StopIfGoingOnBatteries&gt;
    &lt;AllowHardTerminate&gt;true&lt;/AllowHardTerminate&gt;
    &lt;StartWhenAvailable&gt;true&lt;/StartWhenAvailable&gt;
    &lt;RunOnlyIfNetworkAvailable&gt;false&lt;/RunOnlyIfNetworkAvailable&gt;
    &lt;IdleSettings&gt;
      &lt;Duration&gt;PT10M&lt;/Duration&gt;
      &lt;WaitTimeout&gt;PT1H&lt;/WaitTimeout&gt;
      &lt;StopOnIdleEnd&gt;true&lt;/StopOnIdleEnd&gt;
      &lt;RestartOnIdle&gt;false&lt;/RestartOnIdle&gt;
    &lt;/IdleSettings&gt;
    &lt;AllowStartOnDemand&gt;true&lt;/AllowStartOnDemand&gt;
    &lt;Enabled&gt;false&lt;/Enabled&gt;
    &lt;Hidden&gt;false&lt;/Hidden&gt;
    &lt;RunOnlyIfIdle&gt;false&lt;/RunOnlyIfIdle&gt;
    &lt;WakeToRun&gt;false&lt;/WakeToRun&gt;
    &lt;ExecutionTimeLimit&gt;PT72H&lt;/ExecutionTimeLimit&gt;
    &lt;Priority&gt;7&lt;/Priority&gt;
  &lt;/Settings&gt;
  &lt;Actions Context="Author"&gt;
    &lt;Exec&gt;
      &lt;Command&gt;%systemroot%\system32\usoclient.exe&lt;/Command&gt;
      &lt;Arguments&gt;StartWork&lt;/Arguments&gt;
    &lt;/Exec&gt;
  &lt;/Actions&gt;
&lt;/Task&gt;</Data>
<Data Name="ClientProcessStartKey">10414574138295806</Data>
<Data Name="ClientProcessId">1964</Data>
<Data Name="ParentProcessId">664</Data>
<Data Name="RpcCallClientLocality">0</Data>
<Data Name="FQDN">DESKTOP-EKVR84B</Data>
</EventData>
</Event>

<Event xmlns="http://schemas.microsoft.com/win/2004/08/events/event"><System><Provider Name="Microsoft-Windows-Security-Auditing" Guid="{54849625-5478-4994-a5ba-3e3b0328c30d}"></Provider>
<EventID Qualifiers="">4702</EventID>
<Version>1</Version>
<Level>0</Level>
<Task>12804</Task>
<Opcode>0</Opcode>
<Keywords>0x8020000000000000</Keywords>
<TimeCreated SystemTime="2024-07-15 16:01:25.110254+00:00"></TimeCreated>
<EventRecordID>168709</EventRecordID>
<Correlation ActivityID="{5c5fefd0-d6cd-0000-eaf0-5f5ccdd6da01}" RelatedActivityID=""></Correlation>
<Execution ProcessID="684" ThreadID="8616"></Execution>
<Channel>Security</Channel>
<Computer>DESKTOP-EKVR84B</Computer>
<Security UserID=""></Security>
</System>
<EventData><Data Name="SubjectUserSid">S-1-5-18</Data>
<Data Name="SubjectUserName">DESKTOP-EKVR84B$</Data>
<Data Name="SubjectDomainName">WORKGROUP</Data>
<Data Name="SubjectLogonId">0x00000000000003e7</Data>
<Data Name="TaskName">\Microsoft\Windows\UpdateOrchestrator\Schedule Wake To Work</Data>
<Data Name="TaskContentNew">&lt;?xml version="1.0" encoding="UTF-16"?&gt;
&lt;Task version="1.2" xmlns="http://schemas.microsoft.com/windows/2004/02/mit/task"&gt;
  &lt;RegistrationInfo&gt;
    &lt;URI&gt;\Microsoft\Windows\UpdateOrchestrator\Schedule Wake To Work&lt;/URI&gt;
    &lt;SecurityDescriptor&gt;D:P(A;;FA;;;SY)(A;;FRFX;;;LS)(A;;FRFX;;;BA)&lt;/SecurityDescriptor&gt;
  &lt;/RegistrationInfo&gt;
  &lt;Triggers /&gt;
  &lt;Principals&gt;
    &lt;Principal id="Author"&gt;
      &lt;RunLevel&gt;LeastPrivilege&lt;/RunLevel&gt;
      &lt;UserId&gt;S-1-5-18&lt;/UserId&gt;
    &lt;/Principal&gt;
  &lt;/Principals&gt;
  &lt;Settings&gt;
    &lt;MultipleInstancesPolicy&gt;IgnoreNew&lt;/MultipleInstancesPolicy&gt;
    &lt;DisallowStartIfOnBatteries&gt;true&lt;/DisallowStartIfOnBatteries&gt;
    &lt;StopIfGoingOnBatteries&gt;true&lt;/StopIfGoingOnBatteries&gt;
    &lt;AllowHardTerminate&gt;true&lt;/AllowHardTerminate&gt;
    &lt;StartWhenAvailable&gt;false&lt;/StartWhenAvailable&gt;
    &lt;RunOnlyIfNetworkAvailable&gt;false&lt;/RunOnlyIfNetworkAvailable&gt;
    &lt;IdleSettings&gt;
      &lt;Duration&gt;PT10M&lt;/Duration&gt;
      &lt;WaitTimeout&gt;PT1H&lt;/WaitTimeout&gt;
      &lt;StopOnIdleEnd&gt;true&lt;/StopOnIdleEnd&gt;
      &lt;RestartOnIdle&gt;false&lt;/RestartOnIdle&gt;
    &lt;/IdleSettings&gt;
    &lt;AllowStartOnDemand&gt;true&lt;/AllowStartOnDemand&gt;
    &lt;Enabled&gt;false&lt;/Enabled&gt;
    &lt;Hidden&gt;false&lt;/Hidden&gt;
    &lt;RunOnlyIfIdle&gt;false&lt;/RunOnlyIfIdle&gt;
    &lt;WakeToRun&gt;false&lt;/WakeToRun&gt;
    &lt;ExecutionTimeLimit&gt;PT72H&lt;/ExecutionTimeLimit&gt;
    &lt;Priority&gt;7&lt;/Priority&gt;
  &lt;/Settings&gt;
  &lt;Actions Context="Author"&gt;
    &lt;Exec&gt;
      &lt;Command&gt;%systemroot%\system32\usoclient.exe&lt;/Command&gt;
      &lt;Arguments&gt;StartWork&lt;/Arguments&gt;
    &lt;/Exec&gt;
  &lt;/Actions&gt;
&lt;/Task&gt;</Data>
<Data Name="ClientProcessStartKey">10414574138295799</Data>
<Data Name="ClientProcessId">6168</Data>
<Data Name="ParentProcessId">792</Data>
<Data Name="RpcCallClientLocality">0</Data>
<Data Name="FQDN">DESKTOP-EKVR84B</Data>
</EventData>
</Event>

<Event xmlns="http://schemas.microsoft.com/win/2004/08/events/event"><System><Provider Name="Microsoft-Windows-Security-Auditing" Guid="{54849625-5478-4994-a5ba-3e3b0328c30d}"></Provider>
<EventID Qualifiers="">4702</EventID>
<Version>1</Version>
<Level>0</Level>
<Task>12804</Task>
<Opcode>0</Opcode>
<Keywords>0x8020000000000000</Keywords>
<TimeCreated SystemTime="2024-07-15 16:01:25.115957+00:00"></TimeCreated>
<EventRecordID>168710</EventRecordID>
<Correlation ActivityID="{5c5fefd0-d6cd-0000-eaf0-5f5ccdd6da01}" RelatedActivityID=""></Correlation>
<Execution ProcessID="684" ThreadID="8616"></Execution>
<Channel>Security</Channel>
<Computer>DESKTOP-EKVR84B</Computer>
<Security UserID=""></Security>
</System>
<EventData><Data Name="SubjectUserSid">S-1-5-18</Data>
<Data Name="SubjectUserName">DESKTOP-EKVR84B$</Data>
<Data Name="SubjectDomainName">WORKGROUP</Data>
<Data Name="SubjectLogonId">0x00000000000003e7</Data>
<Data Name="TaskName">\Microsoft\Windows\UpdateOrchestrator\Schedule Wake To Work</Data>
<Data Name="TaskContentNew">&lt;?xml version="1.0" encoding="UTF-16"?&gt;
&lt;Task version="1.2" xmlns="http://schemas.microsoft.com/windows/2004/02/mit/task"&gt;
  &lt;RegistrationInfo&gt;
    &lt;URI&gt;\Microsoft\Windows\UpdateOrchestrator\Schedule Wake To Work&lt;/URI&gt;
    &lt;SecurityDescriptor&gt;D:P(A;;FA;;;SY)(A;;FRFX;;;LS)(A;;FRFX;;;BA)&lt;/SecurityDescriptor&gt;
  &lt;/RegistrationInfo&gt;
  &lt;Triggers /&gt;
  &lt;Principals&gt;
    &lt;Principal id="Author"&gt;
      &lt;UserId&gt;S-1-5-18&lt;/UserId&gt;
      &lt;RunLevel&gt;LeastPrivilege&lt;/RunLevel&gt;
    &lt;/Principal&gt;
  &lt;/Principals&gt;
  &lt;Settings&gt;
    &lt;MultipleInstancesPolicy&gt;IgnoreNew&lt;/MultipleInstancesPolicy&gt;
    &lt;DisallowStartIfOnBatteries&gt;true&lt;/DisallowStartIfOnBatteries&gt;
    &lt;StopIfGoingOnBatteries&gt;true&lt;/StopIfGoingOnBatteries&gt;
    &lt;AllowHardTerminate&gt;true&lt;/AllowHardTerminate&gt;
    &lt;StartWhenAvailable&gt;false&lt;/StartWhenAvailable&gt;
    &lt;RunOnlyIfNetworkAvailable&gt;false&lt;/RunOnlyIfNetworkAvailable&gt;
    &lt;IdleSettings&gt;
      &lt;Duration&gt;PT10M&lt;/Duration&gt;
      &lt;WaitTimeout&gt;PT1H&lt;/WaitTimeout&gt;
      &lt;StopOnIdleEnd&gt;true&lt;/StopOnIdleEnd&gt;
      &lt;RestartOnIdle&gt;false&lt;/RestartOnIdle&gt;
    &lt;/IdleSettings&gt;
    &lt;AllowStartOnDemand&gt;true&lt;/AllowStartOnDemand&gt;
    &lt;Enabled&gt;false&lt;/Enabled&gt;
    &lt;Hidden&gt;false&lt;/Hidden&gt;
    &lt;RunOnlyIfIdle&gt;false&lt;/RunOnlyIfIdle&gt;
    &lt;WakeToRun&gt;false&lt;/WakeToRun&gt;
    &lt;ExecutionTimeLimit&gt;PT72H&lt;/ExecutionTimeLimit&gt;
    &lt;Priority&gt;7&lt;/Priority&gt;
  &lt;/Settings&gt;
  &lt;Actions Context="Author"&gt;
    &lt;Exec&gt;
      &lt;Command&gt;%systemroot%\system32\usoclient.exe&lt;/Command&gt;
      &lt;Arguments&gt;StartWork&lt;/Arguments&gt;
    &lt;/Exec&gt;
  &lt;/Actions&gt;
&lt;/Task&gt;</Data>
<Data Name="ClientProcessStartKey">10414574138295806</Data>
<Data Name="ClientProcessId">1964</Data>
<Data Name="ParentProcessId">664</Data>
<Data Name="RpcCallClientLocality">0</Data>
<Data Name="FQDN">DESKTOP-EKVR84B</Data>
</EventData>
</Event>

<Event xmlns="http://schemas.microsoft.com/win/2004/08/events/event"><System><Provider Name="Microsoft-Windows-Security-Auditing" Guid="{54849625-5478-4994-a5ba-3e3b0328c30d}"></Provider>
<EventID Qualifiers="">4702</EventID>
<Version>1</Version>
<Level>0</Level>
<Task>12804</Task>
<Opcode>0</Opcode>
<Keywords>0x8020000000000000</Keywords>
<TimeCreated SystemTime="2024-07-15 16:01:25.124392+00:00"></TimeCreated>
<EventRecordID>168711</EventRecordID>
<Correlation ActivityID="{5c5fefd0-d6cd-0000-eaf0-5f5ccdd6da01}" RelatedActivityID=""></Correlation>
<Execution ProcessID="684" ThreadID="8616"></Execution>
<Channel>Security</Channel>
<Computer>DESKTOP-EKVR84B</Computer>
<Security UserID=""></Security>
</System>
<EventData><Data Name="SubjectUserSid">S-1-5-18</Data>
<Data Name="SubjectUserName">DESKTOP-EKVR84B$</Data>
<Data Name="SubjectDomainName">WORKGROUP</Data>
<Data Name="SubjectLogonId">0x00000000000003e7</Data>
<Data Name="TaskName">\Microsoft\Windows\UpdateOrchestrator\Schedule Maintenance Work</Data>
<Data Name="TaskContentNew">&lt;?xml version="1.0" encoding="UTF-16"?&gt;
&lt;Task version="1.2" xmlns="http://schemas.microsoft.com/windows/2004/02/mit/task"&gt;
  &lt;RegistrationInfo&gt;
    &lt;URI&gt;\Microsoft\Windows\UpdateOrchestrator\Schedule Maintenance Work&lt;/URI&gt;
    &lt;SecurityDescriptor&gt;D:P(A;;FA;;;SY)(A;;FRFX;;;LS)(A;;FRFX;;;BA)&lt;/SecurityDescriptor&gt;
  &lt;/RegistrationInfo&gt;
  &lt;Triggers /&gt;
  &lt;Principals&gt;
    &lt;Principal id="Author"&gt;
      &lt;RunLevel&gt;LeastPrivilege&lt;/RunLevel&gt;
      &lt;UserId&gt;S-1-5-18&lt;/UserId&gt;
    &lt;/Principal&gt;
  &lt;/Principals&gt;
  &lt;Settings&gt;
    &lt;MultipleInstancesPolicy&gt;IgnoreNew&lt;/MultipleInstancesPolicy&gt;
    &lt;DisallowStartIfOnBatteries&gt;true&lt;/DisallowStartIfOnBatteries&gt;
    &lt;StopIfGoingOnBatteries&gt;true&lt;/StopIfGoingOnBatteries&gt;
    &lt;AllowHardTerminate&gt;true&lt;/AllowHardTerminate&gt;
    &lt;StartWhenAvailable&gt;false&lt;/StartWhenAvailable&gt;
    &lt;RunOnlyIfNetworkAvailable&gt;false&lt;/RunOnlyIfNetworkAvailable&gt;
    &lt;IdleSettings&gt;
      &lt;Duration&gt;PT10M&lt;/Duration&gt;
      &lt;WaitTimeout&gt;PT1H&lt;/WaitTimeout&gt;
      &lt;StopOnIdleEnd&gt;true&lt;/StopOnIdleEnd&gt;
      &lt;RestartOnIdle&gt;false&lt;/RestartOnIdle&gt;
    &lt;/IdleSettings&gt;
    &lt;AllowStartOnDemand&gt;true&lt;/AllowStartOnDemand&gt;
    &lt;Enabled&gt;false&lt;/Enabled&gt;
    &lt;Hidden&gt;false&lt;/Hidden&gt;
    &lt;RunOnlyIfIdle&gt;false&lt;/RunOnlyIfIdle&gt;
    &lt;WakeToRun&gt;false&lt;/WakeToRun&gt;
    &lt;ExecutionTimeLimit&gt;PT72H&lt;/ExecutionTimeLimit&gt;
    &lt;Priority&gt;7&lt;/Priority&gt;
  &lt;/Settings&gt;
  &lt;Actions Context="Author"&gt;
    &lt;Exec&gt;
      &lt;Command&gt;%systemroot%\system32\usoclient.exe&lt;/Command&gt;
      &lt;Arguments&gt;StartMaintenanceWork&lt;/Arguments&gt;
    &lt;/Exec&gt;
  &lt;/Actions&gt;
&lt;/Task&gt;</Data>
<Data Name="ClientProcessStartKey">10414574138295799</Data>
<Data Name="ClientProcessId">6168</Data>
<Data Name="ParentProcessId">792</Data>
<Data Name="RpcCallClientLocality">0</Data>
<Data Name="FQDN">DESKTOP-EKVR84B</Data>
</EventData>
</Event>

<Event xmlns="http://schemas.microsoft.com/win/2004/08/events/event"><System><Provider Name="Microsoft-Windows-Security-Auditing" Guid="{54849625-5478-4994-a5ba-3e3b0328c30d}"></Provider>
<EventID Qualifiers="">4702</EventID>
<Version>1</Version>
<Level>0</Level>
<Task>12804</Task>
<Opcode>0</Opcode>
<Keywords>0x8020000000000000</Keywords>
<TimeCreated SystemTime="2024-07-15 16:01:25.130836+00:00"></TimeCreated>
<EventRecordID>168712</EventRecordID>
<Correlation ActivityID="{5c5fefd0-d6cd-0000-eaf0-5f5ccdd6da01}" RelatedActivityID=""></Correlation>
<Execution ProcessID="684" ThreadID="8616"></Execution>
<Channel>Security</Channel>
<Computer>DESKTOP-EKVR84B</Computer>
<Security UserID=""></Security>
</System>
<EventData><Data Name="SubjectUserSid">S-1-5-18</Data>
<Data Name="SubjectUserName">DESKTOP-EKVR84B$</Data>
<Data Name="SubjectDomainName">WORKGROUP</Data>
<Data Name="SubjectLogonId">0x00000000000003e7</Data>
<Data Name="TaskName">\Microsoft\Windows\UpdateOrchestrator\Schedule Maintenance Work</Data>
<Data Name="TaskContentNew">&lt;?xml version="1.0" encoding="UTF-16"?&gt;
&lt;Task version="1.2" xmlns="http://schemas.microsoft.com/windows/2004/02/mit/task"&gt;
  &lt;RegistrationInfo&gt;
    &lt;URI&gt;\Microsoft\Windows\UpdateOrchestrator\Schedule Maintenance Work&lt;/URI&gt;
    &lt;SecurityDescriptor&gt;D:P(A;;FA;;;SY)(A;;FRFX;;;LS)(A;;FRFX;;;BA)&lt;/SecurityDescriptor&gt;
  &lt;/RegistrationInfo&gt;
  &lt;Triggers /&gt;
  &lt;Principals&gt;
    &lt;Principal id="Author"&gt;
      &lt;UserId&gt;S-1-5-18&lt;/UserId&gt;
      &lt;RunLevel&gt;LeastPrivilege&lt;/RunLevel&gt;
    &lt;/Principal&gt;
  &lt;/Principals&gt;
  &lt;Settings&gt;
    &lt;MultipleInstancesPolicy&gt;IgnoreNew&lt;/MultipleInstancesPolicy&gt;
    &lt;DisallowStartIfOnBatteries&gt;true&lt;/DisallowStartIfOnBatteries&gt;
    &lt;StopIfGoingOnBatteries&gt;true&lt;/StopIfGoingOnBatteries&gt;
    &lt;AllowHardTerminate&gt;true&lt;/AllowHardTerminate&gt;
    &lt;StartWhenAvailable&gt;false&lt;/StartWhenAvailable&gt;
    &lt;RunOnlyIfNetworkAvailable&gt;false&lt;/RunOnlyIfNetworkAvailable&gt;
    &lt;IdleSettings&gt;
      &lt;Duration&gt;PT10M&lt;/Duration&gt;
      &lt;WaitTimeout&gt;PT1H&lt;/WaitTimeout&gt;
      &lt;StopOnIdleEnd&gt;true&lt;/StopOnIdleEnd&gt;
      &lt;RestartOnIdle&gt;false&lt;/RestartOnIdle&gt;
    &lt;/IdleSettings&gt;
    &lt;AllowStartOnDemand&gt;true&lt;/AllowStartOnDemand&gt;
    &lt;Enabled&gt;false&lt;/Enabled&gt;
    &lt;Hidden&gt;false&lt;/Hidden&gt;
    &lt;RunOnlyIfIdle&gt;false&lt;/RunOnlyIfIdle&gt;
    &lt;WakeToRun&gt;false&lt;/WakeToRun&gt;
    &lt;ExecutionTimeLimit&gt;PT72H&lt;/ExecutionTimeLimit&gt;
    &lt;Priority&gt;7&lt;/Priority&gt;
  &lt;/Settings&gt;
  &lt;Actions Context="Author"&gt;
    &lt;Exec&gt;
      &lt;Command&gt;%systemroot%\system32\usoclient.exe&lt;/Command&gt;
      &lt;Arguments&gt;StartMaintenanceWork&lt;/Arguments&gt;
    &lt;/Exec&gt;
  &lt;/Actions&gt;
&lt;/Task&gt;</Data>
<Data Name="ClientProcessStartKey">10414574138295806</Data>
<Data Name="ClientProcessId">1964</Data>
<Data Name="ParentProcessId">664</Data>
<Data Name="RpcCallClientLocality">0</Data>
<Data Name="FQDN">DESKTOP-EKVR84B</Data>
</EventData>
</Event>

<Event xmlns="http://schemas.microsoft.com/win/2004/08/events/event"><System><Provider Name="Microsoft-Windows-Security-Auditing" Guid="{54849625-5478-4994-a5ba-3e3b0328c30d}"></Provider>
<EventID Qualifiers="">4702</EventID>
<Version>1</Version>
<Level>0</Level>
<Task>12804</Task>
<Opcode>0</Opcode>
<Keywords>0x8020000000000000</Keywords>
<TimeCreated SystemTime="2024-07-15 16:01:25.167648+00:00"></TimeCreated>
<EventRecordID>168713</EventRecordID>
<Correlation ActivityID="{5c5fefd0-d6cd-0000-eaf0-5f5ccdd6da01}" RelatedActivityID=""></Correlation>
<Execution ProcessID="684" ThreadID="8616"></Execution>
<Channel>Security</Channel>
<Computer>DESKTOP-EKVR84B</Computer>
<Security UserID=""></Security>
</System>
<EventData><Data Name="SubjectUserSid">S-1-5-18</Data>
<Data Name="SubjectUserName">DESKTOP-EKVR84B$</Data>
<Data Name="SubjectDomainName">WORKGROUP</Data>
<Data Name="SubjectLogonId">0x00000000000003e7</Data>
<Data Name="TaskName">\Microsoft\Windows\UpdateOrchestrator\Schedule Work</Data>
<Data Name="TaskContentNew">&lt;?xml version="1.0" encoding="UTF-16"?&gt;
&lt;Task version="1.2" xmlns="http://schemas.microsoft.com/windows/2004/02/mit/task"&gt;
  &lt;RegistrationInfo&gt;
    &lt;URI&gt;\Microsoft\Windows\UpdateOrchestrator\Schedule Work&lt;/URI&gt;
    &lt;SecurityDescriptor&gt;D:P(A;;FA;;;SY)(A;;FRFX;;;LS)(A;;FRFX;;;BA)&lt;/SecurityDescriptor&gt;
  &lt;/RegistrationInfo&gt;
  &lt;Triggers&gt;
    &lt;TimeTrigger&gt;
      &lt;StartBoundary&gt;2024-07-16T00:48:42-07:00&lt;/StartBoundary&gt;
      &lt;Enabled&gt;true&lt;/Enabled&gt;
    &lt;/TimeTrigger&gt;
  &lt;/Triggers&gt;
  &lt;Principals&gt;
    &lt;Principal id="Author"&gt;
      &lt;RunLevel&gt;LeastPrivilege&lt;/RunLevel&gt;
      &lt;UserId&gt;S-1-5-18&lt;/UserId&gt;
    &lt;/Principal&gt;
  &lt;/Principals&gt;
  &lt;Settings&gt;
    &lt;MultipleInstancesPolicy&gt;IgnoreNew&lt;/MultipleInstancesPolicy&gt;
    &lt;DisallowStartIfOnBatteries&gt;true&lt;/DisallowStartIfOnBatteries&gt;
    &lt;StopIfGoingOnBatteries&gt;true&lt;/StopIfGoingOnBatteries&gt;
    &lt;AllowHardTerminate&gt;true&lt;/AllowHardTerminate&gt;
    &lt;StartWhenAvailable&gt;true&lt;/StartWhenAvailable&gt;
    &lt;RunOnlyIfNetworkAvailable&gt;false&lt;/RunOnlyIfNetworkAvailable&gt;
    &lt;IdleSettings&gt;
      &lt;Duration&gt;PT10M&lt;/Duration&gt;
      &lt;WaitTimeout&gt;PT1H&lt;/WaitTimeout&gt;
      &lt;StopOnIdleEnd&gt;true&lt;/StopOnIdleEnd&gt;
      &lt;RestartOnIdle&gt;false&lt;/RestartOnIdle&gt;
    &lt;/IdleSettings&gt;
    &lt;AllowStartOnDemand&gt;true&lt;/AllowStartOnDemand&gt;
    &lt;Enabled&gt;false&lt;/Enabled&gt;
    &lt;Hidden&gt;false&lt;/Hidden&gt;
    &lt;RunOnlyIfIdle&gt;false&lt;/RunOnlyIfIdle&gt;
    &lt;WakeToRun&gt;false&lt;/WakeToRun&gt;
    &lt;ExecutionTimeLimit&gt;PT72H&lt;/ExecutionTimeLimit&gt;
    &lt;Priority&gt;7&lt;/Priority&gt;
  &lt;/Settings&gt;
  &lt;Actions Context="Author"&gt;
    &lt;Exec&gt;
      &lt;Command&gt;%systemroot%\system32\usoclient.exe&lt;/Command&gt;
      &lt;Arguments&gt;StartWork&lt;/Arguments&gt;
    &lt;/Exec&gt;
  &lt;/Actions&gt;
&lt;/Task&gt;</Data>
<Data Name="ClientProcessStartKey">10414574138295799</Data>
<Data Name="ClientProcessId">6168</Data>
<Data Name="ParentProcessId">792</Data>
<Data Name="RpcCallClientLocality">0</Data>
<Data Name="FQDN">DESKTOP-EKVR84B</Data>
</EventData>
</Event>

<Event xmlns="http://schemas.microsoft.com/win/2004/08/events/event"><System><Provider Name="Microsoft-Windows-Security-Auditing" Guid="{54849625-5478-4994-a5ba-3e3b0328c30d}"></Provider>
<EventID Qualifiers="">4702</EventID>
<Version>1</Version>
<Level>0</Level>
<Task>12804</Task>
<Opcode>0</Opcode>
<Keywords>0x8020000000000000</Keywords>
<TimeCreated SystemTime="2024-07-15 16:01:25.182850+00:00"></TimeCreated>
<EventRecordID>168714</EventRecordID>
<Correlation ActivityID="{5c5fefd0-d6cd-0000-eaf0-5f5ccdd6da01}" RelatedActivityID=""></Correlation>
<Execution ProcessID="684" ThreadID="8616"></Execution>
<Channel>Security</Channel>
<Computer>DESKTOP-EKVR84B</Computer>
<Security UserID=""></Security>
</System>
<EventData><Data Name="SubjectUserSid">S-1-5-18</Data>
<Data Name="SubjectUserName">DESKTOP-EKVR84B$</Data>
<Data Name="SubjectDomainName">WORKGROUP</Data>
<Data Name="SubjectLogonId">0x00000000000003e7</Data>
<Data Name="TaskName">\Microsoft\Windows\UpdateOrchestrator\Schedule Work</Data>
<Data Name="TaskContentNew">&lt;?xml version="1.0" encoding="UTF-16"?&gt;
&lt;Task version="1.2" xmlns="http://schemas.microsoft.com/windows/2004/02/mit/task"&gt;
  &lt;RegistrationInfo&gt;
    &lt;URI&gt;\Microsoft\Windows\UpdateOrchestrator\Schedule Work&lt;/URI&gt;
    &lt;SecurityDescriptor&gt;D:P(A;;FA;;;SY)(A;;FRFX;;;LS)(A;;FRFX;;;BA)&lt;/SecurityDescriptor&gt;
  &lt;/RegistrationInfo&gt;
  &lt;Triggers&gt;
    &lt;TimeTrigger&gt;
      &lt;StartBoundary&gt;2024-07-16T00:48:42-07:00&lt;/StartBoundary&gt;
      &lt;Enabled&gt;true&lt;/Enabled&gt;
    &lt;/TimeTrigger&gt;
  &lt;/Triggers&gt;
  &lt;Principals&gt;
    &lt;Principal id="Author"&gt;
      &lt;UserId&gt;S-1-5-18&lt;/UserId&gt;
      &lt;RunLevel&gt;LeastPrivilege&lt;/RunLevel&gt;
    &lt;/Principal&gt;
  &lt;/Principals&gt;
  &lt;Settings&gt;
    &lt;MultipleInstancesPolicy&gt;IgnoreNew&lt;/MultipleInstancesPolicy&gt;
    &lt;DisallowStartIfOnBatteries&gt;true&lt;/DisallowStartIfOnBatteries&gt;
    &lt;StopIfGoingOnBatteries&gt;true&lt;/StopIfGoingOnBatteries&gt;
    &lt;AllowHardTerminate&gt;true&lt;/AllowHardTerminate&gt;
    &lt;StartWhenAvailable&gt;true&lt;/StartWhenAvailable&gt;
    &lt;RunOnlyIfNetworkAvailable&gt;false&lt;/RunOnlyIfNetworkAvailable&gt;
    &lt;IdleSettings&gt;
      &lt;Duration&gt;PT10M&lt;/Duration&gt;
      &lt;WaitTimeout&gt;PT1H&lt;/WaitTimeout&gt;
      &lt;StopOnIdleEnd&gt;true&lt;/StopOnIdleEnd&gt;
      &lt;RestartOnIdle&gt;false&lt;/RestartOnIdle&gt;
    &lt;/IdleSettings&gt;
    &lt;AllowStartOnDemand&gt;true&lt;/AllowStartOnDemand&gt;
    &lt;Enabled&gt;false&lt;/Enabled&gt;
    &lt;Hidden&gt;false&lt;/Hidden&gt;
    &lt;RunOnlyIfIdle&gt;false&lt;/RunOnlyIfIdle&gt;
    &lt;WakeToRun&gt;false&lt;/WakeToRun&gt;
    &lt;ExecutionTimeLimit&gt;PT72H&lt;/ExecutionTimeLimit&gt;
    &lt;Priority&gt;7&lt;/Priority&gt;
  &lt;/Settings&gt;
  &lt;Actions Context="Author"&gt;
    &lt;Exec&gt;
      &lt;Command&gt;%systemroot%\system32\usoclient.exe&lt;/Command&gt;
      &lt;Arguments&gt;StartWork&lt;/Arguments&gt;
    &lt;/Exec&gt;
  &lt;/Actions&gt;
&lt;/Task&gt;</Data>
<Data Name="ClientProcessStartKey">10414574138295806</Data>
<Data Name="ClientProcessId">1964</Data>
<Data Name="ParentProcessId">664</Data>
<Data Name="RpcCallClientLocality">0</Data>
<Data Name="FQDN">DESKTOP-EKVR84B</Data>
</EventData>
</Event>

<Event xmlns="http://schemas.microsoft.com/win/2004/08/events/event"><System><Provider Name="Microsoft-Windows-Security-Auditing" Guid="{54849625-5478-4994-a5ba-3e3b0328c30d}"></Provider>
<EventID Qualifiers="">4702</EventID>
<Version>1</Version>
<Level>0</Level>
<Task>12804</Task>
<Opcode>0</Opcode>
<Keywords>0x8020000000000000</Keywords>
<TimeCreated SystemTime="2024-07-15 16:01:25.198494+00:00"></TimeCreated>
<EventRecordID>168715</EventRecordID>
<Correlation ActivityID="{5c5fefd0-d6cd-0000-eaf0-5f5ccdd6da01}" RelatedActivityID=""></Correlation>
<Execution ProcessID="684" ThreadID="8616"></Execution>
<Channel>Security</Channel>
<Computer>DESKTOP-EKVR84B</Computer>
<Security UserID=""></Security>
</System>
<EventData><Data Name="SubjectUserSid">S-1-5-18</Data>
<Data Name="SubjectUserName">DESKTOP-EKVR84B$</Data>
<Data Name="SubjectDomainName">WORKGROUP</Data>
<Data Name="SubjectLogonId">0x00000000000003e7</Data>
<Data Name="TaskName">\Microsoft\Windows\UpdateOrchestrator\Schedule Wake To Work</Data>
<Data Name="TaskContentNew">&lt;?xml version="1.0" encoding="UTF-16"?&gt;
&lt;Task version="1.2" xmlns="http://schemas.microsoft.com/windows/2004/02/mit/task"&gt;
  &lt;RegistrationInfo&gt;
    &lt;URI&gt;\Microsoft\Windows\UpdateOrchestrator\Schedule Wake To Work&lt;/URI&gt;
    &lt;SecurityDescriptor&gt;D:P(A;;FA;;;SY)(A;;FRFX;;;LS)(A;;FRFX;;;BA)&lt;/SecurityDescriptor&gt;
  &lt;/RegistrationInfo&gt;
  &lt;Triggers /&gt;
  &lt;Principals&gt;
    &lt;Principal id="Author"&gt;
      &lt;RunLevel&gt;LeastPrivilege&lt;/RunLevel&gt;
      &lt;UserId&gt;S-1-5-18&lt;/UserId&gt;
    &lt;/Principal&gt;
  &lt;/Principals&gt;
  &lt;Settings&gt;
    &lt;MultipleInstancesPolicy&gt;IgnoreNew&lt;/MultipleInstancesPolicy&gt;
    &lt;DisallowStartIfOnBatteries&gt;true&lt;/DisallowStartIfOnBatteries&gt;
    &lt;StopIfGoingOnBatteries&gt;true&lt;/StopIfGoingOnBatteries&gt;
    &lt;AllowHardTerminate&gt;true&lt;/AllowHardTerminate&gt;
    &lt;StartWhenAvailable&gt;false&lt;/StartWhenAvailable&gt;
    &lt;RunOnlyIfNetworkAvailable&gt;false&lt;/RunOnlyIfNetworkAvailable&gt;
    &lt;IdleSettings&gt;
      &lt;Duration&gt;PT10M&lt;/Duration&gt;
      &lt;WaitTimeout&gt;PT1H&lt;/WaitTimeout&gt;
      &lt;StopOnIdleEnd&gt;true&lt;/StopOnIdleEnd&gt;
      &lt;RestartOnIdle&gt;false&lt;/RestartOnIdle&gt;
    &lt;/IdleSettings&gt;
    &lt;AllowStartOnDemand&gt;true&lt;/AllowStartOnDemand&gt;
    &lt;Enabled&gt;false&lt;/Enabled&gt;
    &lt;Hidden&gt;false&lt;/Hidden&gt;
    &lt;RunOnlyIfIdle&gt;false&lt;/RunOnlyIfIdle&gt;
    &lt;WakeToRun&gt;false&lt;/WakeToRun&gt;
    &lt;ExecutionTimeLimit&gt;PT72H&lt;/ExecutionTimeLimit&gt;
    &lt;Priority&gt;7&lt;/Priority&gt;
  &lt;/Settings&gt;
  &lt;Actions Context="Author"&gt;
    &lt;Exec&gt;
      &lt;Command&gt;%systemroot%\system32\usoclient.exe&lt;/Command&gt;
      &lt;Arguments&gt;StartWork&lt;/Arguments&gt;
    &lt;/Exec&gt;
  &lt;/Actions&gt;
&lt;/Task&gt;</Data>
<Data Name="ClientProcessStartKey">10414574138295799</Data>
<Data Name="ClientProcessId">6168</Data>
<Data Name="ParentProcessId">792</Data>
<Data Name="RpcCallClientLocality">0</Data>
<Data Name="FQDN">DESKTOP-EKVR84B</Data>
</EventData>
</Event>

<Event xmlns="http://schemas.microsoft.com/win/2004/08/events/event"><System><Provider Name="Microsoft-Windows-Security-Auditing" Guid="{54849625-5478-4994-a5ba-3e3b0328c30d}"></Provider>
<EventID Qualifiers="">4702</EventID>
<Version>1</Version>
<Level>0</Level>
<Task>12804</Task>
<Opcode>0</Opcode>
<Keywords>0x8020000000000000</Keywords>
<TimeCreated SystemTime="2024-07-15 16:01:25.204391+00:00"></TimeCreated>
<EventRecordID>168716</EventRecordID>
<Correlation ActivityID="{5c5fefd0-d6cd-0000-eaf0-5f5ccdd6da01}" RelatedActivityID=""></Correlation>
<Execution ProcessID="684" ThreadID="8616"></Execution>
<Channel>Security</Channel>
<Computer>DESKTOP-EKVR84B</Computer>
<Security UserID=""></Security>
</System>
<EventData><Data Name="SubjectUserSid">S-1-5-18</Data>
<Data Name="SubjectUserName">DESKTOP-EKVR84B$</Data>
<Data Name="SubjectDomainName">WORKGROUP</Data>
<Data Name="SubjectLogonId">0x00000000000003e7</Data>
<Data Name="TaskName">\Microsoft\Windows\UpdateOrchestrator\Schedule Wake To Work</Data>
<Data Name="TaskContentNew">&lt;?xml version="1.0" encoding="UTF-16"?&gt;
&lt;Task version="1.2" xmlns="http://schemas.microsoft.com/windows/2004/02/mit/task"&gt;
  &lt;RegistrationInfo&gt;
    &lt;URI&gt;\Microsoft\Windows\UpdateOrchestrator\Schedule Wake To Work&lt;/URI&gt;
    &lt;SecurityDescriptor&gt;D:P(A;;FA;;;SY)(A;;FRFX;;;LS)(A;;FRFX;;;BA)&lt;/SecurityDescriptor&gt;
  &lt;/RegistrationInfo&gt;
  &lt;Triggers /&gt;
  &lt;Principals&gt;
    &lt;Principal id="Author"&gt;
      &lt;UserId&gt;S-1-5-18&lt;/UserId&gt;
      &lt;RunLevel&gt;LeastPrivilege&lt;/RunLevel&gt;
    &lt;/Principal&gt;
  &lt;/Principals&gt;
  &lt;Settings&gt;
    &lt;MultipleInstancesPolicy&gt;IgnoreNew&lt;/MultipleInstancesPolicy&gt;
    &lt;DisallowStartIfOnBatteries&gt;true&lt;/DisallowStartIfOnBatteries&gt;
    &lt;StopIfGoingOnBatteries&gt;true&lt;/StopIfGoingOnBatteries&gt;
    &lt;AllowHardTerminate&gt;true&lt;/AllowHardTerminate&gt;
    &lt;StartWhenAvailable&gt;false&lt;/StartWhenAvailable&gt;
    &lt;RunOnlyIfNetworkAvailable&gt;false&lt;/RunOnlyIfNetworkAvailable&gt;
    &lt;IdleSettings&gt;
      &lt;Duration&gt;PT10M&lt;/Duration&gt;
      &lt;WaitTimeout&gt;PT1H&lt;/WaitTimeout&gt;
      &lt;StopOnIdleEnd&gt;true&lt;/StopOnIdleEnd&gt;
      &lt;RestartOnIdle&gt;false&lt;/RestartOnIdle&gt;
    &lt;/IdleSettings&gt;
    &lt;AllowStartOnDemand&gt;true&lt;/AllowStartOnDemand&gt;
    &lt;Enabled&gt;false&lt;/Enabled&gt;
    &lt;Hidden&gt;false&lt;/Hidden&gt;
    &lt;RunOnlyIfIdle&gt;false&lt;/RunOnlyIfIdle&gt;
    &lt;WakeToRun&gt;false&lt;/WakeToRun&gt;
    &lt;ExecutionTimeLimit&gt;PT72H&lt;/ExecutionTimeLimit&gt;
    &lt;Priority&gt;7&lt;/Priority&gt;
  &lt;/Settings&gt;
  &lt;Actions Context="Author"&gt;
    &lt;Exec&gt;
      &lt;Command&gt;%systemroot%\system32\usoclient.exe&lt;/Command&gt;
      &lt;Arguments&gt;StartWork&lt;/Arguments&gt;
    &lt;/Exec&gt;
  &lt;/Actions&gt;
&lt;/Task&gt;</Data>
<Data Name="ClientProcessStartKey">10414574138295806</Data>
<Data Name="ClientProcessId">1964</Data>
<Data Name="ParentProcessId">664</Data>
<Data Name="RpcCallClientLocality">0</Data>
<Data Name="FQDN">DESKTOP-EKVR84B</Data>
</EventData>
</Event>

<Event xmlns="http://schemas.microsoft.com/win/2004/08/events/event"><System><Provider Name="Microsoft-Windows-Security-Auditing" Guid="{54849625-5478-4994-a5ba-3e3b0328c30d}"></Provider>
<EventID Qualifiers="">4702</EventID>
<Version>1</Version>
<Level>0</Level>
<Task>12804</Task>
<Opcode>0</Opcode>
<Keywords>0x8020000000000000</Keywords>
<TimeCreated SystemTime="2024-07-15 16:01:25.213676+00:00"></TimeCreated>
<EventRecordID>168717</EventRecordID>
<Correlation ActivityID="{5c5fefd0-d6cd-0000-eaf0-5f5ccdd6da01}" RelatedActivityID=""></Correlation>
<Execution ProcessID="684" ThreadID="8616"></Execution>
<Channel>Security</Channel>
<Computer>DESKTOP-EKVR84B</Computer>
<Security UserID=""></Security>
</System>
<EventData><Data Name="SubjectUserSid">S-1-5-18</Data>
<Data Name="SubjectUserName">DESKTOP-EKVR84B$</Data>
<Data Name="SubjectDomainName">WORKGROUP</Data>
<Data Name="SubjectLogonId">0x00000000000003e7</Data>
<Data Name="TaskName">\Microsoft\Windows\UpdateOrchestrator\Schedule Maintenance Work</Data>
<Data Name="TaskContentNew">&lt;?xml version="1.0" encoding="UTF-16"?&gt;
&lt;Task version="1.2" xmlns="http://schemas.microsoft.com/windows/2004/02/mit/task"&gt;
  &lt;RegistrationInfo&gt;
    &lt;URI&gt;\Microsoft\Windows\UpdateOrchestrator\Schedule Maintenance Work&lt;/URI&gt;
    &lt;SecurityDescriptor&gt;D:P(A;;FA;;;SY)(A;;FRFX;;;LS)(A;;FRFX;;;BA)&lt;/SecurityDescriptor&gt;
  &lt;/RegistrationInfo&gt;
  &lt;Triggers /&gt;
  &lt;Principals&gt;
    &lt;Principal id="Author"&gt;
      &lt;RunLevel&gt;LeastPrivilege&lt;/RunLevel&gt;
      &lt;UserId&gt;S-1-5-18&lt;/UserId&gt;
    &lt;/Principal&gt;
  &lt;/Principals&gt;
  &lt;Settings&gt;
    &lt;MultipleInstancesPolicy&gt;IgnoreNew&lt;/MultipleInstancesPolicy&gt;
    &lt;DisallowStartIfOnBatteries&gt;true&lt;/DisallowStartIfOnBatteries&gt;
    &lt;StopIfGoingOnBatteries&gt;true&lt;/StopIfGoingOnBatteries&gt;
    &lt;AllowHardTerminate&gt;true&lt;/AllowHardTerminate&gt;
    &lt;StartWhenAvailable&gt;false&lt;/StartWhenAvailable&gt;
    &lt;RunOnlyIfNetworkAvailable&gt;false&lt;/RunOnlyIfNetworkAvailable&gt;
    &lt;IdleSettings&gt;
      &lt;Duration&gt;PT10M&lt;/Duration&gt;
      &lt;WaitTimeout&gt;PT1H&lt;/WaitTimeout&gt;
      &lt;StopOnIdleEnd&gt;true&lt;/StopOnIdleEnd&gt;
      &lt;RestartOnIdle&gt;false&lt;/RestartOnIdle&gt;
    &lt;/IdleSettings&gt;
    &lt;AllowStartOnDemand&gt;true&lt;/AllowStartOnDemand&gt;
    &lt;Enabled&gt;false&lt;/Enabled&gt;
    &lt;Hidden&gt;false&lt;/Hidden&gt;
    &lt;RunOnlyIfIdle&gt;false&lt;/RunOnlyIfIdle&gt;
    &lt;WakeToRun&gt;false&lt;/WakeToRun&gt;
    &lt;ExecutionTimeLimit&gt;PT72H&lt;/ExecutionTimeLimit&gt;
    &lt;Priority&gt;7&lt;/Priority&gt;
  &lt;/Settings&gt;
  &lt;Actions Context="Author"&gt;
    &lt;Exec&gt;
      &lt;Command&gt;%systemroot%\system32\usoclient.exe&lt;/Command&gt;
      &lt;Arguments&gt;StartMaintenanceWork&lt;/Arguments&gt;
    &lt;/Exec&gt;
  &lt;/Actions&gt;
&lt;/Task&gt;</Data>
<Data Name="ClientProcessStartKey">10414574138295799</Data>
<Data Name="ClientProcessId">6168</Data>
<Data Name="ParentProcessId">792</Data>
<Data Name="RpcCallClientLocality">0</Data>
<Data Name="FQDN">DESKTOP-EKVR84B</Data>
</EventData>
</Event>

<Event xmlns="http://schemas.microsoft.com/win/2004/08/events/event"><System><Provider Name="Microsoft-Windows-Security-Auditing" Guid="{54849625-5478-4994-a5ba-3e3b0328c30d}"></Provider>
<EventID Qualifiers="">4702</EventID>
<Version>1</Version>
<Level>0</Level>
<Task>12804</Task>
<Opcode>0</Opcode>
<Keywords>0x8020000000000000</Keywords>
<TimeCreated SystemTime="2024-07-15 16:01:25.219965+00:00"></TimeCreated>
<EventRecordID>168718</EventRecordID>
<Correlation ActivityID="{5c5fefd0-d6cd-0000-eaf0-5f5ccdd6da01}" RelatedActivityID=""></Correlation>
<Execution ProcessID="684" ThreadID="8616"></Execution>
<Channel>Security</Channel>
<Computer>DESKTOP-EKVR84B</Computer>
<Security UserID=""></Security>
</System>
<EventData><Data Name="SubjectUserSid">S-1-5-18</Data>
<Data Name="SubjectUserName">DESKTOP-EKVR84B$</Data>
<Data Name="SubjectDomainName">WORKGROUP</Data>
<Data Name="SubjectLogonId">0x00000000000003e7</Data>
<Data Name="TaskName">\Microsoft\Windows\UpdateOrchestrator\Schedule Maintenance Work</Data>
<Data Name="TaskContentNew">&lt;?xml version="1.0" encoding="UTF-16"?&gt;
&lt;Task version="1.2" xmlns="http://schemas.microsoft.com/windows/2004/02/mit/task"&gt;
  &lt;RegistrationInfo&gt;
    &lt;URI&gt;\Microsoft\Windows\UpdateOrchestrator\Schedule Maintenance Work&lt;/URI&gt;
    &lt;SecurityDescriptor&gt;D:P(A;;FA;;;SY)(A;;FRFX;;;LS)(A;;FRFX;;;BA)&lt;/SecurityDescriptor&gt;
  &lt;/RegistrationInfo&gt;
  &lt;Triggers /&gt;
  &lt;Principals&gt;
    &lt;Principal id="Author"&gt;
      &lt;UserId&gt;S-1-5-18&lt;/UserId&gt;
      &lt;RunLevel&gt;LeastPrivilege&lt;/RunLevel&gt;
    &lt;/Principal&gt;
  &lt;/Principals&gt;
  &lt;Settings&gt;
    &lt;MultipleInstancesPolicy&gt;IgnoreNew&lt;/MultipleInstancesPolicy&gt;
    &lt;DisallowStartIfOnBatteries&gt;true&lt;/DisallowStartIfOnBatteries&gt;
    &lt;StopIfGoingOnBatteries&gt;true&lt;/StopIfGoingOnBatteries&gt;
    &lt;AllowHardTerminate&gt;true&lt;/AllowHardTerminate&gt;
    &lt;StartWhenAvailable&gt;false&lt;/StartWhenAvailable&gt;
    &lt;RunOnlyIfNetworkAvailable&gt;false&lt;/RunOnlyIfNetworkAvailable&gt;
    &lt;IdleSettings&gt;
      &lt;Duration&gt;PT10M&lt;/Duration&gt;
      &lt;WaitTimeout&gt;PT1H&lt;/WaitTimeout&gt;
      &lt;StopOnIdleEnd&gt;true&lt;/StopOnIdleEnd&gt;
      &lt;RestartOnIdle&gt;false&lt;/RestartOnIdle&gt;
    &lt;/IdleSettings&gt;
    &lt;AllowStartOnDemand&gt;true&lt;/AllowStartOnDemand&gt;
    &lt;Enabled&gt;false&lt;/Enabled&gt;
    &lt;Hidden&gt;false&lt;/Hidden&gt;
    &lt;RunOnlyIfIdle&gt;false&lt;/RunOnlyIfIdle&gt;
    &lt;WakeToRun&gt;false&lt;/WakeToRun&gt;
    &lt;ExecutionTimeLimit&gt;PT72H&lt;/ExecutionTimeLimit&gt;
    &lt;Priority&gt;7&lt;/Priority&gt;
  &lt;/Settings&gt;
  &lt;Actions Context="Author"&gt;
    &lt;Exec&gt;
      &lt;Command&gt;%systemroot%\system32\usoclient.exe&lt;/Command&gt;
      &lt;Arguments&gt;StartMaintenanceWork&lt;/Arguments&gt;
    &lt;/Exec&gt;
  &lt;/Actions&gt;
&lt;/Task&gt;</Data>
<Data Name="ClientProcessStartKey">10414574138295806</Data>
<Data Name="ClientProcessId">1964</Data>
<Data Name="ParentProcessId">664</Data>
<Data Name="RpcCallClientLocality">0</Data>
<Data Name="FQDN">DESKTOP-EKVR84B</Data>
</EventData>
</Event>

