<Event xmlns="http://schemas.microsoft.com/win/2004/08/events/event"><System><Provider Name="Microsoft-Windows-Security-Auditing" Guid="{54849625-5478-4994-a5ba-3e3b0328c30d}"></Provider>
<EventID Qualifiers="">4702</EventID>
<Version>1</Version>
<Level>0</Level>
<Task>12804</Task>
<Opcode>0</Opcode>
<Keywords>0x8020000000000000</Keywords>
<TimeCreated SystemTime="2024-07-15 16:15:03.324095+00:00"></TimeCreated>
<EventRecordID>168948</EventRecordID>
<Correlation ActivityID="{5c5fefd0-d6cd-0000-eaf0-5f5ccdd6da01}" RelatedActivityID=""></Correlation>
<Execution ProcessID="684" ThreadID="8756"></Execution>
<Channel>Security</Channel>
<Computer>DESKTOP-EKVR84B</Computer>
<Security UserID=""></Security>
</System>
<EventData><Data Name="SubjectUserSid">S-1-5-18</Data>
<Data Name="SubjectUserName">DESKTOP-EKVR84B$</Data>
<Data Name="SubjectDomainName">WORKGROUP</Data>
<Data Name="SubjectLogonId">0x00000000000003e7</Data>
<Data Name="TaskName">\Microsoft\Windows\UpdateOrchestrator\Schedule Work</Data>
<Data Name="TaskContentNew">&lt;?xml version="1.0" encoding="UTF-16"?&gt;
&lt;Task version="1.2" xmlns="http://schemas.microsoft.com/windows/2004/02/mit/task"&gt;
  &lt;RegistrationInfo&gt;
    &lt;URI&gt;\Microsoft\Windows\UpdateOrchestrator\Schedule Work&lt;/URI&gt;
    &lt;SecurityDescriptor&gt;D:P(A;;FA;;;SY)(A;;FRFX;;;LS)(A;;FRFX;;;BA)&lt;/SecurityDescriptor&gt;
  &lt;/RegistrationInfo&gt;
  &lt;Triggers&gt;
    &lt;TimeTrigger&gt;
      &lt;StartBoundary&gt;2024-07-16T00:48:42-07:00&lt;/StartBoundary&gt;
      &lt;Enabled&gt;true&lt;/Enabled&gt;
    &lt;/TimeTrigger&gt;
  &lt;/Triggers&gt;
  &lt;Principals&gt;
    &lt;Principal id="Author"&gt;
      &lt;RunLevel&gt;LeastPrivilege&lt;/RunLevel&gt;
      &lt;UserId&gt;S-1-5-18&lt;/UserId&gt;
    &lt;/Principal&gt;
  &lt;/Principals&gt;
  &lt;Settings&gt;
    &lt;MultipleInstancesPolicy&gt;IgnoreNew&lt;/MultipleInstancesPolicy&gt;
    &lt;DisallowStartIfOnBatteries&gt;true&lt;/DisallowStartIfOnBatteries&gt;
    &lt;StopIfGoingOnBatteries&gt;true&lt;/StopIfGoingOnBatteries&gt;
    &lt;AllowHardTerminate&gt;true&lt;/AllowHardTerminate&gt;
    &lt;StartWhenAvailable&gt;true&lt;/StartWhenAvailable&gt;
    &lt;RunOnlyIfNetworkAvailable&gt;false&lt;/RunOnlyIfNetworkAvailable&gt;
    &lt;IdleSettings&gt;
      &lt;Duration&gt;PT10M&lt;/Duration&gt;
      &lt;WaitTimeout&gt;PT1H&lt;/WaitTimeout&gt;
      &lt;StopOnIdleEnd&gt;true&lt;/StopOnIdleEnd&gt;
      &lt;RestartOnIdle&gt;false&lt;/RestartOnIdle&gt;
    &lt;/IdleSettings&gt;
    &lt;AllowStartOnDemand&gt;true&lt;/AllowStartOnDemand&gt;
    &lt;Enabled&gt;false&lt;/Enabled&gt;
    &lt;Hidden&gt;false&lt;/Hidden&gt;
    &lt;RunOnlyIfIdle&gt;false&lt;/RunOnlyIfIdle&gt;
    &lt;WakeToRun&gt;false&lt;/WakeToRun&gt;
    &lt;ExecutionTimeLimit&gt;PT72H&lt;/ExecutionTimeLimit&gt;
    &lt;Priority&gt;7&lt;/Priority&gt;
  &lt;/Settings&gt;
  &lt;Actions Context="Author"&gt;
    &lt;Exec&gt;
      &lt;Command&gt;%systemroot%\system32\usoclient.exe&lt;/Command&gt;
      &lt;Arguments&gt;StartWork&lt;/Arguments&gt;
    &lt;/Exec&gt;
  &lt;/Actions&gt;
&lt;/Task&gt;</Data>
<Data Name="ClientProcessStartKey">10414574138295827</Data>
<Data Name="ClientProcessId">10156</Data>
<Data Name="ParentProcessId">792</Data>
<Data Name="RpcCallClientLocality">0</Data>
<Data Name="FQDN">DESKTOP-EKVR84B</Data>
</EventData>
</Event>

<Event xmlns="http://schemas.microsoft.com/win/2004/08/events/event"><System><Provider Name="Microsoft-Windows-Security-Auditing" Guid="{54849625-5478-4994-a5ba-3e3b0328c30d}"></Provider>
<EventID Qualifiers="">4702</EventID>
<Version>1</Version>
<Level>0</Level>
<Task>12804</Task>
<Opcode>0</Opcode>
<Keywords>0x8020000000000000</Keywords>
<TimeCreated SystemTime="2024-07-15 16:15:03.338356+00:00"></TimeCreated>
<EventRecordID>168949</EventRecordID>
<Correlation ActivityID="{5c5fefd0-d6cd-0000-eaf0-5f5ccdd6da01}" RelatedActivityID=""></Correlation>
<Execution ProcessID="684" ThreadID="764"></Execution>
<Channel>Security</Channel>
<Computer>DESKTOP-EKVR84B</Computer>
<Security UserID=""></Security>
</System>
<EventData><Data Name="SubjectUserSid">S-1-5-18</Data>
<Data Name="SubjectUserName">DESKTOP-EKVR84B$</Data>
<Data Name="SubjectDomainName">WORKGROUP</Data>
<Data Name="SubjectLogonId">0x00000000000003e7</Data>
<Data Name="TaskName">\Microsoft\Windows\UpdateOrchestrator\Schedule Work</Data>
<Data Name="TaskContentNew">&lt;?xml version="1.0" encoding="UTF-16"?&gt;
&lt;Task version="1.2" xmlns="http://schemas.microsoft.com/windows/2004/02/mit/task"&gt;
  &lt;RegistrationInfo&gt;
    &lt;URI&gt;\Microsoft\Windows\UpdateOrchestrator\Schedule Work&lt;/URI&gt;
    &lt;SecurityDescriptor&gt;D:P(A;;FA;;;SY)(A;;FRFX;;;LS)(A;;FRFX;;;BA)&lt;/SecurityDescriptor&gt;
  &lt;/RegistrationInfo&gt;
  &lt;Triggers&gt;
    &lt;TimeTrigger&gt;
      &lt;StartBoundary&gt;2024-07-16T00:48:42-07:00&lt;/StartBoundary&gt;
      &lt;Enabled&gt;true&lt;/Enabled&gt;
    &lt;/TimeTrigger&gt;
  &lt;/Triggers&gt;
  &lt;Principals&gt;
    &lt;Principal id="Author"&gt;
      &lt;UserId&gt;S-1-5-18&lt;/UserId&gt;
      &lt;RunLevel&gt;LeastPrivilege&lt;/RunLevel&gt;
    &lt;/Principal&gt;
  &lt;/Principals&gt;
  &lt;Settings&gt;
    &lt;MultipleInstancesPolicy&gt;IgnoreNew&lt;/MultipleInstancesPolicy&gt;
    &lt;DisallowStartIfOnBatteries&gt;true&lt;/DisallowStartIfOnBatteries&gt;
    &lt;StopIfGoingOnBatteries&gt;true&lt;/StopIfGoingOnBatteries&gt;
    &lt;AllowHardTerminate&gt;true&lt;/AllowHardTerminate&gt;
    &lt;StartWhenAvailable&gt;true&lt;/StartWhenAvailable&gt;
    &lt;RunOnlyIfNetworkAvailable&gt;false&lt;/RunOnlyIfNetworkAvailable&gt;
    &lt;IdleSettings&gt;
      &lt;Duration&gt;PT10M&lt;/Duration&gt;
      &lt;WaitTimeout&gt;PT1H&lt;/WaitTimeout&gt;
      &lt;StopOnIdleEnd&gt;true&lt;/StopOnIdleEnd&gt;
      &lt;RestartOnIdle&gt;false&lt;/RestartOnIdle&gt;
    &lt;/IdleSettings&gt;
    &lt;AllowStartOnDemand&gt;true&lt;/AllowStartOnDemand&gt;
    &lt;Enabled&gt;false&lt;/Enabled&gt;
    &lt;Hidden&gt;false&lt;/Hidden&gt;
    &lt;RunOnlyIfIdle&gt;false&lt;/RunOnlyIfIdle&gt;
    &lt;WakeToRun&gt;false&lt;/WakeToRun&gt;
    &lt;ExecutionTimeLimit&gt;PT72H&lt;/ExecutionTimeLimit&gt;
    &lt;Priority&gt;7&lt;/Priority&gt;
  &lt;/Settings&gt;
  &lt;Actions Context="Author"&gt;
    &lt;Exec&gt;
      &lt;Command&gt;%systemroot%\system32\usoclient.exe&lt;/Command&gt;
      &lt;Arguments&gt;StartWork&lt;/Arguments&gt;
    &lt;/Exec&gt;
  &lt;/Actions&gt;
&lt;/Task&gt;</Data>
<Data Name="ClientProcessStartKey">10414574138295806</Data>
<Data Name="ClientProcessId">1964</Data>
<Data Name="ParentProcessId">664</Data>
<Data Name="RpcCallClientLocality">0</Data>
<Data Name="FQDN">DESKTOP-EKVR84B</Data>
</EventData>
</Event>

<Event xmlns="http://schemas.microsoft.com/win/2004/08/events/event"><System><Provider Name="Microsoft-Windows-Security-Auditing" Guid="{54849625-5478-4994-a5ba-3e3b0328c30d}"></Provider>
<EventID Qualifiers="">4702</EventID>
<Version>1</Version>
<Level>0</Level>
<Task>12804</Task>
<Opcode>0</Opcode>
<Keywords>0x8020000000000000</Keywords>
<TimeCreated SystemTime="2024-07-15 16:15:03.347689+00:00"></TimeCreated>
<EventRecordID>168950</EventRecordID>
<Correlation ActivityID="{5c5fefd0-d6cd-0000-eaf0-5f5ccdd6da01}" RelatedActivityID=""></Correlation>
<Execution ProcessID="684" ThreadID="764"></Execution>
<Channel>Security</Channel>
<Computer>DESKTOP-EKVR84B</Computer>
<Security UserID=""></Security>
</System>
<EventData><Data Name="SubjectUserSid">S-1-5-18</Data>
<Data Name="SubjectUserName">DESKTOP-EKVR84B$</Data>
<Data Name="SubjectDomainName">WORKGROUP</Data>
<Data Name="SubjectLogonId">0x00000000000003e7</Data>
<Data Name="TaskName">\Microsoft\Windows\UpdateOrchestrator\Schedule Wake To Work</Data>
<Data Name="TaskContentNew">&lt;?xml version="1.0" encoding="UTF-16"?&gt;
&lt;Task version="1.2" xmlns="http://schemas.microsoft.com/windows/2004/02/mit/task"&gt;
  &lt;RegistrationInfo&gt;
    &lt;URI&gt;\Microsoft\Windows\UpdateOrchestrator\Schedule Wake To Work&lt;/URI&gt;
    &lt;SecurityDescriptor&gt;D:P(A;;FA;;;SY)(A;;FRFX;;;LS)(A;;FRFX;;;BA)&lt;/SecurityDescriptor&gt;
  &lt;/RegistrationInfo&gt;
  &lt;Triggers /&gt;
  &lt;Principals&gt;
    &lt;Principal id="Author"&gt;
      &lt;RunLevel&gt;LeastPrivilege&lt;/RunLevel&gt;
      &lt;UserId&gt;S-1-5-18&lt;/UserId&gt;
    &lt;/Principal&gt;
  &lt;/Principals&gt;
  &lt;Settings&gt;
    &lt;MultipleInstancesPolicy&gt;IgnoreNew&lt;/MultipleInstancesPolicy&gt;
    &lt;DisallowStartIfOnBatteries&gt;true&lt;/DisallowStartIfOnBatteries&gt;
    &lt;StopIfGoingOnBatteries&gt;true&lt;/StopIfGoingOnBatteries&gt;
    &lt;AllowHardTerminate&gt;true&lt;/AllowHardTerminate&gt;
    &lt;StartWhenAvailable&gt;false&lt;/StartWhenAvailable&gt;
    &lt;RunOnlyIfNetworkAvailable&gt;false&lt;/RunOnlyIfNetworkAvailable&gt;
    &lt;IdleSettings&gt;
      &lt;Duration&gt;PT10M&lt;/Duration&gt;
      &lt;WaitTimeout&gt;PT1H&lt;/WaitTimeout&gt;
      &lt;StopOnIdleEnd&gt;true&lt;/StopOnIdleEnd&gt;
      &lt;RestartOnIdle&gt;false&lt;/RestartOnIdle&gt;
    &lt;/IdleSettings&gt;
    &lt;AllowStartOnDemand&gt;true&lt;/AllowStartOnDemand&gt;
    &lt;Enabled&gt;false&lt;/Enabled&gt;
    &lt;Hidden&gt;false&lt;/Hidden&gt;
    &lt;RunOnlyIfIdle&gt;false&lt;/RunOnlyIfIdle&gt;
    &lt;WakeToRun&gt;false&lt;/WakeToRun&gt;
    &lt;ExecutionTimeLimit&gt;PT72H&lt;/ExecutionTimeLimit&gt;
    &lt;Priority&gt;7&lt;/Priority&gt;
  &lt;/Settings&gt;
  &lt;Actions Context="Author"&gt;
    &lt;Exec&gt;
      &lt;Command&gt;%systemroot%\system32\usoclient.exe&lt;/Command&gt;
      &lt;Arguments&gt;StartWork&lt;/Arguments&gt;
    &lt;/Exec&gt;
  &lt;/Actions&gt;
&lt;/Task&gt;</Data>
<Data Name="ClientProcessStartKey">10414574138295827</Data>
<Data Name="ClientProcessId">10156</Data>
<Data Name="ParentProcessId">792</Data>
<Data Name="RpcCallClientLocality">0</Data>
<Data Name="FQDN">DESKTOP-EKVR84B</Data>
</EventData>
</Event>

<Event xmlns="http://schemas.microsoft.com/win/2004/08/events/event"><System><Provider Name="Microsoft-Windows-Security-Auditing" Guid="{54849625-5478-4994-a5ba-3e3b0328c30d}"></Provider>
<EventID Qualifiers="">4702</EventID>
<Version>1</Version>
<Level>0</Level>
<Task>12804</Task>
<Opcode>0</Opcode>
<Keywords>0x8020000000000000</Keywords>
<TimeCreated SystemTime="2024-07-15 16:15:03.353832+00:00"></TimeCreated>
<EventRecordID>168951</EventRecordID>
<Correlation ActivityID="{5c5fefd0-d6cd-0000-eaf0-5f5ccdd6da01}" RelatedActivityID=""></Correlation>
<Execution ProcessID="684" ThreadID="764"></Execution>
<Channel>Security</Channel>
<Computer>DESKTOP-EKVR84B</Computer>
<Security UserID=""></Security>
</System>
<EventData><Data Name="SubjectUserSid">S-1-5-18</Data>
<Data Name="SubjectUserName">DESKTOP-EKVR84B$</Data>
<Data Name="SubjectDomainName">WORKGROUP</Data>
<Data Name="SubjectLogonId">0x00000000000003e7</Data>
<Data Name="TaskName">\Microsoft\Windows\UpdateOrchestrator\Schedule Wake To Work</Data>
<Data Name="TaskContentNew">&lt;?xml version="1.0" encoding="UTF-16"?&gt;
&lt;Task version="1.2" xmlns="http://schemas.microsoft.com/windows/2004/02/mit/task"&gt;
  &lt;RegistrationInfo&gt;
    &lt;URI&gt;\Microsoft\Windows\UpdateOrchestrator\Schedule Wake To Work&lt;/URI&gt;
    &lt;SecurityDescriptor&gt;D:P(A;;FA;;;SY)(A;;FRFX;;;LS)(A;;FRFX;;;BA)&lt;/SecurityDescriptor&gt;
  &lt;/RegistrationInfo&gt;
  &lt;Triggers /&gt;
  &lt;Principals&gt;
    &lt;Principal id="Author"&gt;
      &lt;UserId&gt;S-1-5-18&lt;/UserId&gt;
      &lt;RunLevel&gt;LeastPrivilege&lt;/RunLevel&gt;
    &lt;/Principal&gt;
  &lt;/Principals&gt;
  &lt;Settings&gt;
    &lt;MultipleInstancesPolicy&gt;IgnoreNew&lt;/MultipleInstancesPolicy&gt;
    &lt;DisallowStartIfOnBatteries&gt;true&lt;/DisallowStartIfOnBatteries&gt;
    &lt;StopIfGoingOnBatteries&gt;true&lt;/StopIfGoingOnBatteries&gt;
    &lt;AllowHardTerminate&gt;true&lt;/AllowHardTerminate&gt;
    &lt;StartWhenAvailable&gt;false&lt;/StartWhenAvailable&gt;
    &lt;RunOnlyIfNetworkAvailable&gt;false&lt;/RunOnlyIfNetworkAvailable&gt;
    &lt;IdleSettings&gt;
      &lt;Duration&gt;PT10M&lt;/Duration&gt;
      &lt;WaitTimeout&gt;PT1H&lt;/WaitTimeout&gt;
      &lt;StopOnIdleEnd&gt;true&lt;/StopOnIdleEnd&gt;
      &lt;RestartOnIdle&gt;false&lt;/RestartOnIdle&gt;
    &lt;/IdleSettings&gt;
    &lt;AllowStartOnDemand&gt;true&lt;/AllowStartOnDemand&gt;
    &lt;Enabled&gt;false&lt;/Enabled&gt;
    &lt;Hidden&gt;false&lt;/Hidden&gt;
    &lt;RunOnlyIfIdle&gt;false&lt;/RunOnlyIfIdle&gt;
    &lt;WakeToRun&gt;false&lt;/WakeToRun&gt;
    &lt;ExecutionTimeLimit&gt;PT72H&lt;/ExecutionTimeLimit&gt;
    &lt;Priority&gt;7&lt;/Priority&gt;
  &lt;/Settings&gt;
  &lt;Actions Context="Author"&gt;
    &lt;Exec&gt;
      &lt;Command&gt;%systemroot%\system32\usoclient.exe&lt;/Command&gt;
      &lt;Arguments&gt;StartWork&lt;/Arguments&gt;
    &lt;/Exec&gt;
  &lt;/Actions&gt;
&lt;/Task&gt;</Data>
<Data Name="ClientProcessStartKey">10414574138295806</Data>
<Data Name="ClientProcessId">1964</Data>
<Data Name="ParentProcessId">664</Data>
<Data Name="RpcCallClientLocality">0</Data>
<Data Name="FQDN">DESKTOP-EKVR84B</Data>
</EventData>
</Event>

<Event xmlns="http://schemas.microsoft.com/win/2004/08/events/event"><System><Provider Name="Microsoft-Windows-Security-Auditing" Guid="{54849625-5478-4994-a5ba-3e3b0328c30d}"></Provider>
<EventID Qualifiers="">4702</EventID>
<Version>1</Version>
<Level>0</Level>
<Task>12804</Task>
<Opcode>0</Opcode>
<Keywords>0x8020000000000000</Keywords>
<TimeCreated SystemTime="2024-07-15 16:15:03.362127+00:00"></TimeCreated>
<EventRecordID>168952</EventRecordID>
<Correlation ActivityID="{5c5fefd0-d6cd-0000-eaf0-5f5ccdd6da01}" RelatedActivityID=""></Correlation>
<Execution ProcessID="684" ThreadID="764"></Execution>
<Channel>Security</Channel>
<Computer>DESKTOP-EKVR84B</Computer>
<Security UserID=""></Security>
</System>
<EventData><Data Name="SubjectUserSid">S-1-5-18</Data>
<Data Name="SubjectUserName">DESKTOP-EKVR84B$</Data>
<Data Name="SubjectDomainName">WORKGROUP</Data>
<Data Name="SubjectLogonId">0x00000000000003e7</Data>
<Data Name="TaskName">\Microsoft\Windows\UpdateOrchestrator\Schedule Maintenance Work</Data>
<Data Name="TaskContentNew">&lt;?xml version="1.0" encoding="UTF-16"?&gt;
&lt;Task version="1.2" xmlns="http://schemas.microsoft.com/windows/2004/02/mit/task"&gt;
  &lt;RegistrationInfo&gt;
    &lt;URI&gt;\Microsoft\Windows\UpdateOrchestrator\Schedule Maintenance Work&lt;/URI&gt;
    &lt;SecurityDescriptor&gt;D:P(A;;FA;;;SY)(A;;FRFX;;;LS)(A;;FRFX;;;BA)&lt;/SecurityDescriptor&gt;
  &lt;/RegistrationInfo&gt;
  &lt;Triggers /&gt;
  &lt;Principals&gt;
    &lt;Principal id="Author"&gt;
      &lt;RunLevel&gt;LeastPrivilege&lt;/RunLevel&gt;
      &lt;UserId&gt;S-1-5-18&lt;/UserId&gt;
    &lt;/Principal&gt;
  &lt;/Principals&gt;
  &lt;Settings&gt;
    &lt;MultipleInstancesPolicy&gt;IgnoreNew&lt;/MultipleInstancesPolicy&gt;
    &lt;DisallowStartIfOnBatteries&gt;true&lt;/DisallowStartIfOnBatteries&gt;
    &lt;StopIfGoingOnBatteries&gt;true&lt;/StopIfGoingOnBatteries&gt;
    &lt;AllowHardTerminate&gt;true&lt;/AllowHardTerminate&gt;
    &lt;StartWhenAvailable&gt;false&lt;/StartWhenAvailable&gt;
    &lt;RunOnlyIfNetworkAvailable&gt;false&lt;/RunOnlyIfNetworkAvailable&gt;
    &lt;IdleSettings&gt;
      &lt;Duration&gt;PT10M&lt;/Duration&gt;
      &lt;WaitTimeout&gt;PT1H&lt;/WaitTimeout&gt;
      &lt;StopOnIdleEnd&gt;true&lt;/StopOnIdleEnd&gt;
      &lt;RestartOnIdle&gt;false&lt;/RestartOnIdle&gt;
    &lt;/IdleSettings&gt;
    &lt;AllowStartOnDemand&gt;true&lt;/AllowStartOnDemand&gt;
    &lt;Enabled&gt;false&lt;/Enabled&gt;
    &lt;Hidden&gt;false&lt;/Hidden&gt;
    &lt;RunOnlyIfIdle&gt;false&lt;/RunOnlyIfIdle&gt;
    &lt;WakeToRun&gt;false&lt;/WakeToRun&gt;
    &lt;ExecutionTimeLimit&gt;PT72H&lt;/ExecutionTimeLimit&gt;
    &lt;Priority&gt;7&lt;/Priority&gt;
  &lt;/Settings&gt;
  &lt;Actions Context="Author"&gt;
    &lt;Exec&gt;
      &lt;Command&gt;%systemroot%\system32\usoclient.exe&lt;/Command&gt;
      &lt;Arguments&gt;StartMaintenanceWork&lt;/Arguments&gt;
    &lt;/Exec&gt;
  &lt;/Actions&gt;
&lt;/Task&gt;</Data>
<Data Name="ClientProcessStartKey">10414574138295827</Data>
<Data Name="ClientProcessId">10156</Data>
<Data Name="ParentProcessId">792</Data>
<Data Name="RpcCallClientLocality">0</Data>
<Data Name="FQDN">DESKTOP-EKVR84B</Data>
</EventData>
</Event>

<Event xmlns="http://schemas.microsoft.com/win/2004/08/events/event"><System><Provider Name="Microsoft-Windows-Security-Auditing" Guid="{54849625-5478-4994-a5ba-3e3b0328c30d}"></Provider>
<EventID Qualifiers="">4702</EventID>
<Version>1</Version>
<Level>0</Level>
<Task>12804</Task>
<Opcode>0</Opcode>
<Keywords>0x8020000000000000</Keywords>
<TimeCreated SystemTime="2024-07-15 16:15:03.368002+00:00"></TimeCreated>
<EventRecordID>168953</EventRecordID>
<Correlation ActivityID="{5c5fefd0-d6cd-0000-eaf0-5f5ccdd6da01}" RelatedActivityID=""></Correlation>
<Execution ProcessID="684" ThreadID="764"></Execution>
<Channel>Security</Channel>
<Computer>DESKTOP-EKVR84B</Computer>
<Security UserID=""></Security>
</System>
<EventData><Data Name="SubjectUserSid">S-1-5-18</Data>
<Data Name="SubjectUserName">DESKTOP-EKVR84B$</Data>
<Data Name="SubjectDomainName">WORKGROUP</Data>
<Data Name="SubjectLogonId">0x00000000000003e7</Data>
<Data Name="TaskName">\Microsoft\Windows\UpdateOrchestrator\Schedule Maintenance Work</Data>
<Data Name="TaskContentNew">&lt;?xml version="1.0" encoding="UTF-16"?&gt;
&lt;Task version="1.2" xmlns="http://schemas.microsoft.com/windows/2004/02/mit/task"&gt;
  &lt;RegistrationInfo&gt;
    &lt;URI&gt;\Microsoft\Windows\UpdateOrchestrator\Schedule Maintenance Work&lt;/URI&gt;
    &lt;SecurityDescriptor&gt;D:P(A;;FA;;;SY)(A;;FRFX;;;LS)(A;;FRFX;;;BA)&lt;/SecurityDescriptor&gt;
  &lt;/RegistrationInfo&gt;
  &lt;Triggers /&gt;
  &lt;Principals&gt;
    &lt;Principal id="Author"&gt;
      &lt;UserId&gt;S-1-5-18&lt;/UserId&gt;
      &lt;RunLevel&gt;LeastPrivilege&lt;/RunLevel&gt;
    &lt;/Principal&gt;
  &lt;/Principals&gt;
  &lt;Settings&gt;
    &lt;MultipleInstancesPolicy&gt;IgnoreNew&lt;/MultipleInstancesPolicy&gt;
    &lt;DisallowStartIfOnBatteries&gt;true&lt;/DisallowStartIfOnBatteries&gt;
    &lt;StopIfGoingOnBatteries&gt;true&lt;/StopIfGoingOnBatteries&gt;
    &lt;AllowHardTerminate&gt;true&lt;/AllowHardTerminate&gt;
    &lt;StartWhenAvailable&gt;false&lt;/StartWhenAvailable&gt;
    &lt;RunOnlyIfNetworkAvailable&gt;false&lt;/RunOnlyIfNetworkAvailable&gt;
    &lt;IdleSettings&gt;
      &lt;Duration&gt;PT10M&lt;/Duration&gt;
      &lt;WaitTimeout&gt;PT1H&lt;/WaitTimeout&gt;
      &lt;StopOnIdleEnd&gt;true&lt;/StopOnIdleEnd&gt;
      &lt;RestartOnIdle&gt;false&lt;/RestartOnIdle&gt;
    &lt;/IdleSettings&gt;
    &lt;AllowStartOnDemand&gt;true&lt;/AllowStartOnDemand&gt;
    &lt;Enabled&gt;false&lt;/Enabled&gt;
    &lt;Hidden&gt;false&lt;/Hidden&gt;
    &lt;RunOnlyIfIdle&gt;false&lt;/RunOnlyIfIdle&gt;
    &lt;WakeToRun&gt;false&lt;/WakeToRun&gt;
    &lt;ExecutionTimeLimit&gt;PT72H&lt;/ExecutionTimeLimit&gt;
    &lt;Priority&gt;7&lt;/Priority&gt;
  &lt;/Settings&gt;
  &lt;Actions Context="Author"&gt;
    &lt;Exec&gt;
      &lt;Command&gt;%systemroot%\system32\usoclient.exe&lt;/Command&gt;
      &lt;Arguments&gt;StartMaintenanceWork&lt;/Arguments&gt;
    &lt;/Exec&gt;
  &lt;/Actions&gt;
&lt;/Task&gt;</Data>
<Data Name="ClientProcessStartKey">10414574138295806</Data>
<Data Name="ClientProcessId">1964</Data>
<Data Name="ParentProcessId">664</Data>
<Data Name="RpcCallClientLocality">0</Data>
<Data Name="FQDN">DESKTOP-EKVR84B</Data>
</EventData>
</Event>

<Event xmlns="http://schemas.microsoft.com/win/2004/08/events/event"><System><Provider Name="Microsoft-Windows-Security-Auditing" Guid="{54849625-5478-4994-a5ba-3e3b0328c30d}"></Provider>
<EventID Qualifiers="">4702</EventID>
<Version>1</Version>
<Level>0</Level>
<Task>12804</Task>
<Opcode>0</Opcode>
<Keywords>0x8020000000000000</Keywords>
<TimeCreated SystemTime="2024-07-15 16:15:03.393089+00:00"></TimeCreated>
<EventRecordID>168954</EventRecordID>
<Correlation ActivityID="{5c5fefd0-d6cd-0000-eaf0-5f5ccdd6da01}" RelatedActivityID=""></Correlation>
<Execution ProcessID="684" ThreadID="764"></Execution>
<Channel>Security</Channel>
<Computer>DESKTOP-EKVR84B</Computer>
<Security UserID=""></Security>
</System>
<EventData><Data Name="SubjectUserSid">S-1-5-18</Data>
<Data Name="SubjectUserName">DESKTOP-EKVR84B$</Data>
<Data Name="SubjectDomainName">WORKGROUP</Data>
<Data Name="SubjectLogonId">0x00000000000003e7</Data>
<Data Name="TaskName">\Microsoft\Windows\UpdateOrchestrator\Schedule Work</Data>
<Data Name="TaskContentNew">&lt;?xml version="1.0" encoding="UTF-16"?&gt;
&lt;Task version="1.2" xmlns="http://schemas.microsoft.com/windows/2004/02/mit/task"&gt;
  &lt;RegistrationInfo&gt;
    &lt;URI&gt;\Microsoft\Windows\UpdateOrchestrator\Schedule Work&lt;/URI&gt;
    &lt;SecurityDescriptor&gt;D:P(A;;FA;;;SY)(A;;FRFX;;;LS)(A;;FRFX;;;BA)&lt;/SecurityDescriptor&gt;
  &lt;/RegistrationInfo&gt;
  &lt;Triggers&gt;
    &lt;TimeTrigger&gt;
      &lt;StartBoundary&gt;2024-07-16T00:48:42-07:00&lt;/StartBoundary&gt;
      &lt;Enabled&gt;true&lt;/Enabled&gt;
    &lt;/TimeTrigger&gt;
  &lt;/Triggers&gt;
  &lt;Principals&gt;
    &lt;Principal id="Author"&gt;
      &lt;RunLevel&gt;LeastPrivilege&lt;/RunLevel&gt;
      &lt;UserId&gt;S-1-5-18&lt;/UserId&gt;
    &lt;/Principal&gt;
  &lt;/Principals&gt;
  &lt;Settings&gt;
    &lt;MultipleInstancesPolicy&gt;IgnoreNew&lt;/MultipleInstancesPolicy&gt;
    &lt;DisallowStartIfOnBatteries&gt;true&lt;/DisallowStartIfOnBatteries&gt;
    &lt;StopIfGoingOnBatteries&gt;true&lt;/StopIfGoingOnBatteries&gt;
    &lt;AllowHardTerminate&gt;true&lt;/AllowHardTerminate&gt;
    &lt;StartWhenAvailable&gt;true&lt;/StartWhenAvailable&gt;
    &lt;RunOnlyIfNetworkAvailable&gt;false&lt;/RunOnlyIfNetworkAvailable&gt;
    &lt;IdleSettings&gt;
      &lt;Duration&gt;PT10M&lt;/Duration&gt;
      &lt;WaitTimeout&gt;PT1H&lt;/WaitTimeout&gt;
      &lt;StopOnIdleEnd&gt;true&lt;/StopOnIdleEnd&gt;
      &lt;RestartOnIdle&gt;false&lt;/RestartOnIdle&gt;
    &lt;/IdleSettings&gt;
    &lt;AllowStartOnDemand&gt;true&lt;/AllowStartOnDemand&gt;
    &lt;Enabled&gt;false&lt;/Enabled&gt;
    &lt;Hidden&gt;false&lt;/Hidden&gt;
    &lt;RunOnlyIfIdle&gt;false&lt;/RunOnlyIfIdle&gt;
    &lt;WakeToRun&gt;false&lt;/WakeToRun&gt;
    &lt;ExecutionTimeLimit&gt;PT72H&lt;/ExecutionTimeLimit&gt;
    &lt;Priority&gt;7&lt;/Priority&gt;
  &lt;/Settings&gt;
  &lt;Actions Context="Author"&gt;
    &lt;Exec&gt;
      &lt;Command&gt;%systemroot%\system32\usoclient.exe&lt;/Command&gt;
      &lt;Arguments&gt;StartWork&lt;/Arguments&gt;
    &lt;/Exec&gt;
  &lt;/Actions&gt;
&lt;/Task&gt;</Data>
<Data Name="ClientProcessStartKey">10414574138295827</Data>
<Data Name="ClientProcessId">10156</Data>
<Data Name="ParentProcessId">792</Data>
<Data Name="RpcCallClientLocality">0</Data>
<Data Name="FQDN">DESKTOP-EKVR84B</Data>
</EventData>
</Event>

<Event xmlns="http://schemas.microsoft.com/win/2004/08/events/event"><System><Provider Name="Microsoft-Windows-Security-Auditing" Guid="{54849625-5478-4994-a5ba-3e3b0328c30d}"></Provider>
<EventID Qualifiers="">4702</EventID>
<Version>1</Version>
<Level>0</Level>
<Task>12804</Task>
<Opcode>0</Opcode>
<Keywords>0x8020000000000000</Keywords>
<TimeCreated SystemTime="2024-07-15 16:15:03.399805+00:00"></TimeCreated>
<EventRecordID>168955</EventRecordID>
<Correlation ActivityID="{5c5fefd0-d6cd-0000-eaf0-5f5ccdd6da01}" RelatedActivityID=""></Correlation>
<Execution ProcessID="684" ThreadID="764"></Execution>
<Channel>Security</Channel>
<Computer>DESKTOP-EKVR84B</Computer>
<Security UserID=""></Security>
</System>
<EventData><Data Name="SubjectUserSid">S-1-5-18</Data>
<Data Name="SubjectUserName">DESKTOP-EKVR84B$</Data>
<Data Name="SubjectDomainName">WORKGROUP</Data>
<Data Name="SubjectLogonId">0x00000000000003e7</Data>
<Data Name="TaskName">\Microsoft\Windows\UpdateOrchestrator\Schedule Work</Data>
<Data Name="TaskContentNew">&lt;?xml version="1.0" encoding="UTF-16"?&gt;
&lt;Task version="1.2" xmlns="http://schemas.microsoft.com/windows/2004/02/mit/task"&gt;
  &lt;RegistrationInfo&gt;
    &lt;URI&gt;\Microsoft\Windows\UpdateOrchestrator\Schedule Work&lt;/URI&gt;
    &lt;SecurityDescriptor&gt;D:P(A;;FA;;;SY)(A;;FRFX;;;LS)(A;;FRFX;;;BA)&lt;/SecurityDescriptor&gt;
  &lt;/RegistrationInfo&gt;
  &lt;Triggers&gt;
    &lt;TimeTrigger&gt;
      &lt;StartBoundary&gt;2024-07-16T00:48:42-07:00&lt;/StartBoundary&gt;
      &lt;Enabled&gt;true&lt;/Enabled&gt;
    &lt;/TimeTrigger&gt;
  &lt;/Triggers&gt;
  &lt;Principals&gt;
    &lt;Principal id="Author"&gt;
      &lt;UserId&gt;S-1-5-18&lt;/UserId&gt;
      &lt;RunLevel&gt;LeastPrivilege&lt;/RunLevel&gt;
    &lt;/Principal&gt;
  &lt;/Principals&gt;
  &lt;Settings&gt;
    &lt;MultipleInstancesPolicy&gt;IgnoreNew&lt;/MultipleInstancesPolicy&gt;
    &lt;DisallowStartIfOnBatteries&gt;true&lt;/DisallowStartIfOnBatteries&gt;
    &lt;StopIfGoingOnBatteries&gt;true&lt;/StopIfGoingOnBatteries&gt;
    &lt;AllowHardTerminate&gt;true&lt;/AllowHardTerminate&gt;
    &lt;StartWhenAvailable&gt;true&lt;/StartWhenAvailable&gt;
    &lt;RunOnlyIfNetworkAvailable&gt;false&lt;/RunOnlyIfNetworkAvailable&gt;
    &lt;IdleSettings&gt;
      &lt;Duration&gt;PT10M&lt;/Duration&gt;
      &lt;WaitTimeout&gt;PT1H&lt;/WaitTimeout&gt;
      &lt;StopOnIdleEnd&gt;true&lt;/StopOnIdleEnd&gt;
      &lt;RestartOnIdle&gt;false&lt;/RestartOnIdle&gt;
    &lt;/IdleSettings&gt;
    &lt;AllowStartOnDemand&gt;true&lt;/AllowStartOnDemand&gt;
    &lt;Enabled&gt;false&lt;/Enabled&gt;
    &lt;Hidden&gt;false&lt;/Hidden&gt;
    &lt;RunOnlyIfIdle&gt;false&lt;/RunOnlyIfIdle&gt;
    &lt;WakeToRun&gt;false&lt;/WakeToRun&gt;
    &lt;ExecutionTimeLimit&gt;PT72H&lt;/ExecutionTimeLimit&gt;
    &lt;Priority&gt;7&lt;/Priority&gt;
  &lt;/Settings&gt;
  &lt;Actions Context="Author"&gt;
    &lt;Exec&gt;
      &lt;Command&gt;%systemroot%\system32\usoclient.exe&lt;/Command&gt;
      &lt;Arguments&gt;StartWork&lt;/Arguments&gt;
    &lt;/Exec&gt;
  &lt;/Actions&gt;
&lt;/Task&gt;</Data>
<Data Name="ClientProcessStartKey">10414574138295806</Data>
<Data Name="ClientProcessId">1964</Data>
<Data Name="ParentProcessId">664</Data>
<Data Name="RpcCallClientLocality">0</Data>
<Data Name="FQDN">DESKTOP-EKVR84B</Data>
</EventData>
</Event>

<Event xmlns="http://schemas.microsoft.com/win/2004/08/events/event"><System><Provider Name="Microsoft-Windows-Security-Auditing" Guid="{54849625-5478-4994-a5ba-3e3b0328c30d}"></Provider>
<EventID Qualifiers="">4702</EventID>
<Version>1</Version>
<Level>0</Level>
<Task>12804</Task>
<Opcode>0</Opcode>
<Keywords>0x8020000000000000</Keywords>
<TimeCreated SystemTime="2024-07-15 16:15:03.409506+00:00"></TimeCreated>
<EventRecordID>168956</EventRecordID>
<Correlation ActivityID="{5c5fefd0-d6cd-0000-eaf0-5f5ccdd6da01}" RelatedActivityID=""></Correlation>
<Execution ProcessID="684" ThreadID="764"></Execution>
<Channel>Security</Channel>
<Computer>DESKTOP-EKVR84B</Computer>
<Security UserID=""></Security>
</System>
<EventData><Data Name="SubjectUserSid">S-1-5-18</Data>
<Data Name="SubjectUserName">DESKTOP-EKVR84B$</Data>
<Data Name="SubjectDomainName">WORKGROUP</Data>
<Data Name="SubjectLogonId">0x00000000000003e7</Data>
<Data Name="TaskName">\Microsoft\Windows\UpdateOrchestrator\Schedule Wake To Work</Data>
<Data Name="TaskContentNew">&lt;?xml version="1.0" encoding="UTF-16"?&gt;
&lt;Task version="1.2" xmlns="http://schemas.microsoft.com/windows/2004/02/mit/task"&gt;
  &lt;RegistrationInfo&gt;
    &lt;URI&gt;\Microsoft\Windows\UpdateOrchestrator\Schedule Wake To Work&lt;/URI&gt;
    &lt;SecurityDescriptor&gt;D:P(A;;FA;;;SY)(A;;FRFX;;;LS)(A;;FRFX;;;BA)&lt;/SecurityDescriptor&gt;
  &lt;/RegistrationInfo&gt;
  &lt;Triggers /&gt;
  &lt;Principals&gt;
    &lt;Principal id="Author"&gt;
      &lt;RunLevel&gt;LeastPrivilege&lt;/RunLevel&gt;
      &lt;UserId&gt;S-1-5-18&lt;/UserId&gt;
    &lt;/Principal&gt;
  &lt;/Principals&gt;
  &lt;Settings&gt;
    &lt;MultipleInstancesPolicy&gt;IgnoreNew&lt;/MultipleInstancesPolicy&gt;
    &lt;DisallowStartIfOnBatteries&gt;true&lt;/DisallowStartIfOnBatteries&gt;
    &lt;StopIfGoingOnBatteries&gt;true&lt;/StopIfGoingOnBatteries&gt;
    &lt;AllowHardTerminate&gt;true&lt;/AllowHardTerminate&gt;
    &lt;StartWhenAvailable&gt;false&lt;/StartWhenAvailable&gt;
    &lt;RunOnlyIfNetworkAvailable&gt;false&lt;/RunOnlyIfNetworkAvailable&gt;
    &lt;IdleSettings&gt;
      &lt;Duration&gt;PT10M&lt;/Duration&gt;
      &lt;WaitTimeout&gt;PT1H&lt;/WaitTimeout&gt;
      &lt;StopOnIdleEnd&gt;true&lt;/StopOnIdleEnd&gt;
      &lt;RestartOnIdle&gt;false&lt;/RestartOnIdle&gt;
    &lt;/IdleSettings&gt;
    &lt;AllowStartOnDemand&gt;true&lt;/AllowStartOnDemand&gt;
    &lt;Enabled&gt;false&lt;/Enabled&gt;
    &lt;Hidden&gt;false&lt;/Hidden&gt;
    &lt;RunOnlyIfIdle&gt;false&lt;/RunOnlyIfIdle&gt;
    &lt;WakeToRun&gt;false&lt;/WakeToRun&gt;
    &lt;ExecutionTimeLimit&gt;PT72H&lt;/ExecutionTimeLimit&gt;
    &lt;Priority&gt;7&lt;/Priority&gt;
  &lt;/Settings&gt;
  &lt;Actions Context="Author"&gt;
    &lt;Exec&gt;
      &lt;Command&gt;%systemroot%\system32\usoclient.exe&lt;/Command&gt;
      &lt;Arguments&gt;StartWork&lt;/Arguments&gt;
    &lt;/Exec&gt;
  &lt;/Actions&gt;
&lt;/Task&gt;</Data>
<Data Name="ClientProcessStartKey">10414574138295827</Data>
<Data Name="ClientProcessId">10156</Data>
<Data Name="ParentProcessId">792</Data>
<Data Name="RpcCallClientLocality">0</Data>
<Data Name="FQDN">DESKTOP-EKVR84B</Data>
</EventData>
</Event>

<Event xmlns="http://schemas.microsoft.com/win/2004/08/events/event"><System><Provider Name="Microsoft-Windows-Security-Auditing" Guid="{54849625-5478-4994-a5ba-3e3b0328c30d}"></Provider>
<EventID Qualifiers="">4702</EventID>
<Version>1</Version>
<Level>0</Level>
<Task>12804</Task>
<Opcode>0</Opcode>
<Keywords>0x8020000000000000</Keywords>
<TimeCreated SystemTime="2024-07-15 16:15:03.414982+00:00"></TimeCreated>
<EventRecordID>168957</EventRecordID>
<Correlation ActivityID="{5c5fefd0-d6cd-0000-eaf0-5f5ccdd6da01}" RelatedActivityID=""></Correlation>
<Execution ProcessID="684" ThreadID="764"></Execution>
<Channel>Security</Channel>
<Computer>DESKTOP-EKVR84B</Computer>
<Security UserID=""></Security>
</System>
<EventData><Data Name="SubjectUserSid">S-1-5-18</Data>
<Data Name="SubjectUserName">DESKTOP-EKVR84B$</Data>
<Data Name="SubjectDomainName">WORKGROUP</Data>
<Data Name="SubjectLogonId">0x00000000000003e7</Data>
<Data Name="TaskName">\Microsoft\Windows\UpdateOrchestrator\Schedule Wake To Work</Data>
<Data Name="TaskContentNew">&lt;?xml version="1.0" encoding="UTF-16"?&gt;
&lt;Task version="1.2" xmlns="http://schemas.microsoft.com/windows/2004/02/mit/task"&gt;
  &lt;RegistrationInfo&gt;
    &lt;URI&gt;\Microsoft\Windows\UpdateOrchestrator\Schedule Wake To Work&lt;/URI&gt;
    &lt;SecurityDescriptor&gt;D:P(A;;FA;;;SY)(A;;FRFX;;;LS)(A;;FRFX;;;BA)&lt;/SecurityDescriptor&gt;
  &lt;/RegistrationInfo&gt;
  &lt;Triggers /&gt;
  &lt;Principals&gt;
    &lt;Principal id="Author"&gt;
      &lt;UserId&gt;S-1-5-18&lt;/UserId&gt;
      &lt;RunLevel&gt;LeastPrivilege&lt;/RunLevel&gt;
    &lt;/Principal&gt;
  &lt;/Principals&gt;
  &lt;Settings&gt;
    &lt;MultipleInstancesPolicy&gt;IgnoreNew&lt;/MultipleInstancesPolicy&gt;
    &lt;DisallowStartIfOnBatteries&gt;true&lt;/DisallowStartIfOnBatteries&gt;
    &lt;StopIfGoingOnBatteries&gt;true&lt;/StopIfGoingOnBatteries&gt;
    &lt;AllowHardTerminate&gt;true&lt;/AllowHardTerminate&gt;
    &lt;StartWhenAvailable&gt;false&lt;/StartWhenAvailable&gt;
    &lt;RunOnlyIfNetworkAvailable&gt;false&lt;/RunOnlyIfNetworkAvailable&gt;
    &lt;IdleSettings&gt;
      &lt;Duration&gt;PT10M&lt;/Duration&gt;
      &lt;WaitTimeout&gt;PT1H&lt;/WaitTimeout&gt;
      &lt;StopOnIdleEnd&gt;true&lt;/StopOnIdleEnd&gt;
      &lt;RestartOnIdle&gt;false&lt;/RestartOnIdle&gt;
    &lt;/IdleSettings&gt;
    &lt;AllowStartOnDemand&gt;true&lt;/AllowStartOnDemand&gt;
    &lt;Enabled&gt;false&lt;/Enabled&gt;
    &lt;Hidden&gt;false&lt;/Hidden&gt;
    &lt;RunOnlyIfIdle&gt;false&lt;/RunOnlyIfIdle&gt;
    &lt;WakeToRun&gt;false&lt;/WakeToRun&gt;
    &lt;ExecutionTimeLimit&gt;PT72H&lt;/ExecutionTimeLimit&gt;
    &lt;Priority&gt;7&lt;/Priority&gt;
  &lt;/Settings&gt;
  &lt;Actions Context="Author"&gt;
    &lt;Exec&gt;
      &lt;Command&gt;%systemroot%\system32\usoclient.exe&lt;/Command&gt;
      &lt;Arguments&gt;StartWork&lt;/Arguments&gt;
    &lt;/Exec&gt;
  &lt;/Actions&gt;
&lt;/Task&gt;</Data>
<Data Name="ClientProcessStartKey">10414574138295806</Data>
<Data Name="ClientProcessId">1964</Data>
<Data Name="ParentProcessId">664</Data>
<Data Name="RpcCallClientLocality">0</Data>
<Data Name="FQDN">DESKTOP-EKVR84B</Data>
</EventData>
</Event>

<Event xmlns="http://schemas.microsoft.com/win/2004/08/events/event"><System><Provider Name="Microsoft-Windows-Security-Auditing" Guid="{54849625-5478-4994-a5ba-3e3b0328c30d}"></Provider>
<EventID Qualifiers="">4702</EventID>
<Version>1</Version>
<Level>0</Level>
<Task>12804</Task>
<Opcode>0</Opcode>
<Keywords>0x8020000000000000</Keywords>
<TimeCreated SystemTime="2024-07-15 16:15:03.422201+00:00"></TimeCreated>
<EventRecordID>168958</EventRecordID>
<Correlation ActivityID="{5c5fefd0-d6cd-0000-eaf0-5f5ccdd6da01}" RelatedActivityID=""></Correlation>
<Execution ProcessID="684" ThreadID="764"></Execution>
<Channel>Security</Channel>
<Computer>DESKTOP-EKVR84B</Computer>
<Security UserID=""></Security>
</System>
<EventData><Data Name="SubjectUserSid">S-1-5-18</Data>
<Data Name="SubjectUserName">DESKTOP-EKVR84B$</Data>
<Data Name="SubjectDomainName">WORKGROUP</Data>
<Data Name="SubjectLogonId">0x00000000000003e7</Data>
<Data Name="TaskName">\Microsoft\Windows\UpdateOrchestrator\Schedule Maintenance Work</Data>
<Data Name="TaskContentNew">&lt;?xml version="1.0" encoding="UTF-16"?&gt;
&lt;Task version="1.2" xmlns="http://schemas.microsoft.com/windows/2004/02/mit/task"&gt;
  &lt;RegistrationInfo&gt;
    &lt;URI&gt;\Microsoft\Windows\UpdateOrchestrator\Schedule Maintenance Work&lt;/URI&gt;
    &lt;SecurityDescriptor&gt;D:P(A;;FA;;;SY)(A;;FRFX;;;LS)(A;;FRFX;;;BA)&lt;/SecurityDescriptor&gt;
  &lt;/RegistrationInfo&gt;
  &lt;Triggers /&gt;
  &lt;Principals&gt;
    &lt;Principal id="Author"&gt;
      &lt;RunLevel&gt;LeastPrivilege&lt;/RunLevel&gt;
      &lt;UserId&gt;S-1-5-18&lt;/UserId&gt;
    &lt;/Principal&gt;
  &lt;/Principals&gt;
  &lt;Settings&gt;
    &lt;MultipleInstancesPolicy&gt;IgnoreNew&lt;/MultipleInstancesPolicy&gt;
    &lt;DisallowStartIfOnBatteries&gt;true&lt;/DisallowStartIfOnBatteries&gt;
    &lt;StopIfGoingOnBatteries&gt;true&lt;/StopIfGoingOnBatteries&gt;
    &lt;AllowHardTerminate&gt;true&lt;/AllowHardTerminate&gt;
    &lt;StartWhenAvailable&gt;false&lt;/StartWhenAvailable&gt;
    &lt;RunOnlyIfNetworkAvailable&gt;false&lt;/RunOnlyIfNetworkAvailable&gt;
    &lt;IdleSettings&gt;
      &lt;Duration&gt;PT10M&lt;/Duration&gt;
      &lt;WaitTimeout&gt;PT1H&lt;/WaitTimeout&gt;
      &lt;StopOnIdleEnd&gt;true&lt;/StopOnIdleEnd&gt;
      &lt;RestartOnIdle&gt;false&lt;/RestartOnIdle&gt;
    &lt;/IdleSettings&gt;
    &lt;AllowStartOnDemand&gt;true&lt;/AllowStartOnDemand&gt;
    &lt;Enabled&gt;false&lt;/Enabled&gt;
    &lt;Hidden&gt;false&lt;/Hidden&gt;
    &lt;RunOnlyIfIdle&gt;false&lt;/RunOnlyIfIdle&gt;
    &lt;WakeToRun&gt;false&lt;/WakeToRun&gt;
    &lt;ExecutionTimeLimit&gt;PT72H&lt;/ExecutionTimeLimit&gt;
    &lt;Priority&gt;7&lt;/Priority&gt;
  &lt;/Settings&gt;
  &lt;Actions Context="Author"&gt;
    &lt;Exec&gt;
      &lt;Command&gt;%systemroot%\system32\usoclient.exe&lt;/Command&gt;
      &lt;Arguments&gt;StartMaintenanceWork&lt;/Arguments&gt;
    &lt;/Exec&gt;
  &lt;/Actions&gt;
&lt;/Task&gt;</Data>
<Data Name="ClientProcessStartKey">10414574138295827</Data>
<Data Name="ClientProcessId">10156</Data>
<Data Name="ParentProcessId">792</Data>
<Data Name="RpcCallClientLocality">0</Data>
<Data Name="FQDN">DESKTOP-EKVR84B</Data>
</EventData>
</Event>

<Event xmlns="http://schemas.microsoft.com/win/2004/08/events/event"><System><Provider Name="Microsoft-Windows-Security-Auditing" Guid="{54849625-5478-4994-a5ba-3e3b0328c30d}"></Provider>
<EventID Qualifiers="">4702</EventID>
<Version>1</Version>
<Level>0</Level>
<Task>12804</Task>
<Opcode>0</Opcode>
<Keywords>0x8020000000000000</Keywords>
<TimeCreated SystemTime="2024-07-15 16:15:03.427904+00:00"></TimeCreated>
<EventRecordID>168959</EventRecordID>
<Correlation ActivityID="{5c5fefd0-d6cd-0000-eaf0-5f5ccdd6da01}" RelatedActivityID=""></Correlation>
<Execution ProcessID="684" ThreadID="764"></Execution>
<Channel>Security</Channel>
<Computer>DESKTOP-EKVR84B</Computer>
<Security UserID=""></Security>
</System>
<EventData><Data Name="SubjectUserSid">S-1-5-18</Data>
<Data Name="SubjectUserName">DESKTOP-EKVR84B$</Data>
<Data Name="SubjectDomainName">WORKGROUP</Data>
<Data Name="SubjectLogonId">0x00000000000003e7</Data>
<Data Name="TaskName">\Microsoft\Windows\UpdateOrchestrator\Schedule Maintenance Work</Data>
<Data Name="TaskContentNew">&lt;?xml version="1.0" encoding="UTF-16"?&gt;
&lt;Task version="1.2" xmlns="http://schemas.microsoft.com/windows/2004/02/mit/task"&gt;
  &lt;RegistrationInfo&gt;
    &lt;URI&gt;\Microsoft\Windows\UpdateOrchestrator\Schedule Maintenance Work&lt;/URI&gt;
    &lt;SecurityDescriptor&gt;D:P(A;;FA;;;SY)(A;;FRFX;;;LS)(A;;FRFX;;;BA)&lt;/SecurityDescriptor&gt;
  &lt;/RegistrationInfo&gt;
  &lt;Triggers /&gt;
  &lt;Principals&gt;
    &lt;Principal id="Author"&gt;
      &lt;UserId&gt;S-1-5-18&lt;/UserId&gt;
      &lt;RunLevel&gt;LeastPrivilege&lt;/RunLevel&gt;
    &lt;/Principal&gt;
  &lt;/Principals&gt;
  &lt;Settings&gt;
    &lt;MultipleInstancesPolicy&gt;IgnoreNew&lt;/MultipleInstancesPolicy&gt;
    &lt;DisallowStartIfOnBatteries&gt;true&lt;/DisallowStartIfOnBatteries&gt;
    &lt;StopIfGoingOnBatteries&gt;true&lt;/StopIfGoingOnBatteries&gt;
    &lt;AllowHardTerminate&gt;true&lt;/AllowHardTerminate&gt;
    &lt;StartWhenAvailable&gt;false&lt;/StartWhenAvailable&gt;
    &lt;RunOnlyIfNetworkAvailable&gt;false&lt;/RunOnlyIfNetworkAvailable&gt;
    &lt;IdleSettings&gt;
      &lt;Duration&gt;PT10M&lt;/Duration&gt;
      &lt;WaitTimeout&gt;PT1H&lt;/WaitTimeout&gt;
      &lt;StopOnIdleEnd&gt;true&lt;/StopOnIdleEnd&gt;
      &lt;RestartOnIdle&gt;false&lt;/RestartOnIdle&gt;
    &lt;/IdleSettings&gt;
    &lt;AllowStartOnDemand&gt;true&lt;/AllowStartOnDemand&gt;
    &lt;Enabled&gt;false&lt;/Enabled&gt;
    &lt;Hidden&gt;false&lt;/Hidden&gt;
    &lt;RunOnlyIfIdle&gt;false&lt;/RunOnlyIfIdle&gt;
    &lt;WakeToRun&gt;false&lt;/WakeToRun&gt;
    &lt;ExecutionTimeLimit&gt;PT72H&lt;/ExecutionTimeLimit&gt;
    &lt;Priority&gt;7&lt;/Priority&gt;
  &lt;/Settings&gt;
  &lt;Actions Context="Author"&gt;
    &lt;Exec&gt;
      &lt;Command&gt;%systemroot%\system32\usoclient.exe&lt;/Command&gt;
      &lt;Arguments&gt;StartMaintenanceWork&lt;/Arguments&gt;
    &lt;/Exec&gt;
  &lt;/Actions&gt;
&lt;/Task&gt;</Data>
<Data Name="ClientProcessStartKey">10414574138295806</Data>
<Data Name="ClientProcessId">1964</Data>
<Data Name="ParentProcessId">664</Data>
<Data Name="RpcCallClientLocality">0</Data>
<Data Name="FQDN">DESKTOP-EKVR84B</Data>
</EventData>
</Event>

<Event xmlns="http://schemas.microsoft.com/win/2004/08/events/event"><System><Provider Name="Microsoft-Windows-Security-Auditing" Guid="{54849625-5478-4994-a5ba-3e3b0328c30d}"></Provider>
<EventID Qualifiers="">5158</EventID>
<Version>0</Version>
<Level>0</Level>
<Task>12810</Task>
<Opcode>0</Opcode>
<Keywords>0x8020000000000000</Keywords>
<TimeCreated SystemTime="2024-07-15 16:15:36.580051+00:00"></TimeCreated>
<EventRecordID>168960</EventRecordID>
<Correlation ActivityID="" RelatedActivityID=""></Correlation>
<Execution ProcessID="4" ThreadID="3076"></Execution>
<Channel>Security</Channel>
<Computer>DESKTOP-EKVR84B</Computer>
<Security UserID=""></Security>
</System>
<EventData><Data Name="ProcessId">9360</Data>
<Data Name="Application">\device\harddiskvolume3\program files (x86)\microsoft\edge\application\msedge.exe</Data>
<Data Name="SourceAddress">192.168.27.159</Data>
<Data Name="SourcePort">55250</Data>
<Data Name="Protocol">17</Data>
<Data Name="FilterRTID">0</Data>
<Data Name="LayerName">%%14608</Data>
<Data Name="LayerRTID">36</Data>
</EventData>
</Event>

<Event xmlns="http://schemas.microsoft.com/win/2004/08/events/event"><System><Provider Name="Microsoft-Windows-Security-Auditing" Guid="{54849625-5478-4994-a5ba-3e3b0328c30d}"></Provider>
<EventID Qualifiers="">5156</EventID>
<Version>1</Version>
<Level>0</Level>
<Task>12810</Task>
<Opcode>0</Opcode>
<Keywords>0x8020000000000000</Keywords>
<TimeCreated SystemTime="2024-07-15 16:15:36.580227+00:00"></TimeCreated>
<EventRecordID>168961</EventRecordID>
<Correlation ActivityID="" RelatedActivityID=""></Correlation>
<Execution ProcessID="4" ThreadID="3076"></Execution>
<Channel>Security</Channel>
<Computer>DESKTOP-EKVR84B</Computer>
<Security UserID=""></Security>
</System>
<EventData><Data Name="ProcessID">9360</Data>
<Data Name="Application">\device\harddiskvolume3\program files (x86)\microsoft\edge\application\msedge.exe</Data>
<Data Name="Direction">%%14593</Data>
<Data Name="SourceAddress">192.168.27.159</Data>
<Data Name="SourcePort">55250</Data>
<Data Name="DestAddress">239.255.255.250</Data>
<Data Name="DestPort">1900</Data>
<Data Name="Protocol">17</Data>
<Data Name="FilterRTID">67201</Data>
<Data Name="LayerName">%%14611</Data>
<Data Name="LayerRTID">48</Data>
<Data Name="RemoteUserID">S-1-0-0</Data>
<Data Name="RemoteMachineID">S-1-0-0</Data>
</EventData>
</Event>

<Event xmlns="http://schemas.microsoft.com/win/2004/08/events/event"><System><Provider Name="Microsoft-Windows-Security-Auditing" Guid="{54849625-5478-4994-a5ba-3e3b0328c30d}"></Provider>
<EventID Qualifiers="">4702</EventID>
<Version>1</Version>
<Level>0</Level>
<Task>12804</Task>
<Opcode>0</Opcode>
<Keywords>0x8020000000000000</Keywords>
<TimeCreated SystemTime="2024-07-15 16:16:20.070288+00:00"></TimeCreated>
<EventRecordID>168962</EventRecordID>
<Correlation ActivityID="{5c5fefd0-d6cd-0000-eaf0-5f5ccdd6da01}" RelatedActivityID=""></Correlation>
<Execution ProcessID="684" ThreadID="10812"></Execution>
<Channel>Security</Channel>
<Computer>DESKTOP-EKVR84B</Computer>
<Security UserID=""></Security>
</System>
<EventData><Data Name="SubjectUserSid">S-1-5-18</Data>
<Data Name="SubjectUserName">DESKTOP-EKVR84B$</Data>
<Data Name="SubjectDomainName">WORKGROUP</Data>
<Data Name="SubjectLogonId">0x00000000000003e7</Data>
<Data Name="TaskName">\Microsoft\Windows\UpdateOrchestrator\Schedule Work</Data>
<Data Name="TaskContentNew">&lt;?xml version="1.0" encoding="UTF-16"?&gt;
&lt;Task version="1.2" xmlns="http://schemas.microsoft.com/windows/2004/02/mit/task"&gt;
  &lt;RegistrationInfo&gt;
    &lt;URI&gt;\Microsoft\Windows\UpdateOrchestrator\Schedule Work&lt;/URI&gt;
    &lt;SecurityDescriptor&gt;D:P(A;;FA;;;SY)(A;;FRFX;;;LS)(A;;FRFX;;;BA)&lt;/SecurityDescriptor&gt;
  &lt;/RegistrationInfo&gt;
  &lt;Triggers&gt;
    &lt;TimeTrigger&gt;
      &lt;StartBoundary&gt;2024-07-16T00:48:42-07:00&lt;/StartBoundary&gt;
      &lt;Enabled&gt;true&lt;/Enabled&gt;
    &lt;/TimeTrigger&gt;
  &lt;/Triggers&gt;
  &lt;Principals&gt;
    &lt;Principal id="Author"&gt;
      &lt;RunLevel&gt;LeastPrivilege&lt;/RunLevel&gt;
      &lt;UserId&gt;S-1-5-18&lt;/UserId&gt;
    &lt;/Principal&gt;
  &lt;/Principals&gt;
  &lt;Settings&gt;
    &lt;MultipleInstancesPolicy&gt;IgnoreNew&lt;/MultipleInstancesPolicy&gt;
    &lt;DisallowStartIfOnBatteries&gt;true&lt;/DisallowStartIfOnBatteries&gt;
    &lt;StopIfGoingOnBatteries&gt;true&lt;/StopIfGoingOnBatteries&gt;
    &lt;AllowHardTerminate&gt;true&lt;/AllowHardTerminate&gt;
    &lt;StartWhenAvailable&gt;true&lt;/StartWhenAvailable&gt;
    &lt;RunOnlyIfNetworkAvailable&gt;false&lt;/RunOnlyIfNetworkAvailable&gt;
    &lt;IdleSettings&gt;
      &lt;Duration&gt;PT10M&lt;/Duration&gt;
      &lt;WaitTimeout&gt;PT1H&lt;/WaitTimeout&gt;
      &lt;StopOnIdleEnd&gt;true&lt;/StopOnIdleEnd&gt;
      &lt;RestartOnIdle&gt;false&lt;/RestartOnIdle&gt;
    &lt;/IdleSettings&gt;
    &lt;AllowStartOnDemand&gt;true&lt;/AllowStartOnDemand&gt;
    &lt;Enabled&gt;false&lt;/Enabled&gt;
    &lt;Hidden&gt;false&lt;/Hidden&gt;
    &lt;RunOnlyIfIdle&gt;false&lt;/RunOnlyIfIdle&gt;
    &lt;WakeToRun&gt;false&lt;/WakeToRun&gt;
    &lt;ExecutionTimeLimit&gt;PT72H&lt;/ExecutionTimeLimit&gt;
    &lt;Priority&gt;7&lt;/Priority&gt;
  &lt;/Settings&gt;
  &lt;Actions Context="Author"&gt;
    &lt;Exec&gt;
      &lt;Command&gt;%systemroot%\system32\usoclient.exe&lt;/Command&gt;
      &lt;Arguments&gt;StartWork&lt;/Arguments&gt;
    &lt;/Exec&gt;
  &lt;/Actions&gt;
&lt;/Task&gt;</Data>
<Data Name="ClientProcessStartKey">10414574138295832</Data>
<Data Name="ClientProcessId">9024</Data>
<Data Name="ParentProcessId">792</Data>
<Data Name="RpcCallClientLocality">0</Data>
<Data Name="FQDN">DESKTOP-EKVR84B</Data>
</EventData>
</Event>

<Event xmlns="http://schemas.microsoft.com/win/2004/08/events/event"><System><Provider Name="Microsoft-Windows-Security-Auditing" Guid="{54849625-5478-4994-a5ba-3e3b0328c30d}"></Provider>
<EventID Qualifiers="">4702</EventID>
<Version>1</Version>
<Level>0</Level>
<Task>12804</Task>
<Opcode>0</Opcode>
<Keywords>0x8020000000000000</Keywords>
<TimeCreated SystemTime="2024-07-15 16:16:20.082533+00:00"></TimeCreated>
<EventRecordID>168963</EventRecordID>
<Correlation ActivityID="{5c5fefd0-d6cd-0000-eaf0-5f5ccdd6da01}" RelatedActivityID=""></Correlation>
<Execution ProcessID="684" ThreadID="10812"></Execution>
<Channel>Security</Channel>
<Computer>DESKTOP-EKVR84B</Computer>
<Security UserID=""></Security>
</System>
<EventData><Data Name="SubjectUserSid">S-1-5-18</Data>
<Data Name="SubjectUserName">DESKTOP-EKVR84B$</Data>
<Data Name="SubjectDomainName">WORKGROUP</Data>
<Data Name="SubjectLogonId">0x00000000000003e7</Data>
<Data Name="TaskName">\Microsoft\Windows\UpdateOrchestrator\Schedule Work</Data>
<Data Name="TaskContentNew">&lt;?xml version="1.0" encoding="UTF-16"?&gt;
&lt;Task version="1.2" xmlns="http://schemas.microsoft.com/windows/2004/02/mit/task"&gt;
  &lt;RegistrationInfo&gt;
    &lt;URI&gt;\Microsoft\Windows\UpdateOrchestrator\Schedule Work&lt;/URI&gt;
    &lt;SecurityDescriptor&gt;D:P(A;;FA;;;SY)(A;;FRFX;;;LS)(A;;FRFX;;;BA)&lt;/SecurityDescriptor&gt;
  &lt;/RegistrationInfo&gt;
  &lt;Triggers&gt;
    &lt;TimeTrigger&gt;
      &lt;StartBoundary&gt;2024-07-16T00:48:42-07:00&lt;/StartBoundary&gt;
      &lt;Enabled&gt;true&lt;/Enabled&gt;
    &lt;/TimeTrigger&gt;
  &lt;/Triggers&gt;
  &lt;Principals&gt;
    &lt;Principal id="Author"&gt;
      &lt;UserId&gt;S-1-5-18&lt;/UserId&gt;
      &lt;RunLevel&gt;LeastPrivilege&lt;/RunLevel&gt;
    &lt;/Principal&gt;
  &lt;/Principals&gt;
  &lt;Settings&gt;
    &lt;MultipleInstancesPolicy&gt;IgnoreNew&lt;/MultipleInstancesPolicy&gt;
    &lt;DisallowStartIfOnBatteries&gt;true&lt;/DisallowStartIfOnBatteries&gt;
    &lt;StopIfGoingOnBatteries&gt;true&lt;/StopIfGoingOnBatteries&gt;
    &lt;AllowHardTerminate&gt;true&lt;/AllowHardTerminate&gt;
    &lt;StartWhenAvailable&gt;true&lt;/StartWhenAvailable&gt;
    &lt;RunOnlyIfNetworkAvailable&gt;false&lt;/RunOnlyIfNetworkAvailable&gt;
    &lt;IdleSettings&gt;
      &lt;Duration&gt;PT10M&lt;/Duration&gt;
      &lt;WaitTimeout&gt;PT1H&lt;/WaitTimeout&gt;
      &lt;StopOnIdleEnd&gt;true&lt;/StopOnIdleEnd&gt;
      &lt;RestartOnIdle&gt;false&lt;/RestartOnIdle&gt;
    &lt;/IdleSettings&gt;
    &lt;AllowStartOnDemand&gt;true&lt;/AllowStartOnDemand&gt;
    &lt;Enabled&gt;false&lt;/Enabled&gt;
    &lt;Hidden&gt;false&lt;/Hidden&gt;
    &lt;RunOnlyIfIdle&gt;false&lt;/RunOnlyIfIdle&gt;
    &lt;WakeToRun&gt;false&lt;/WakeToRun&gt;
    &lt;ExecutionTimeLimit&gt;PT72H&lt;/ExecutionTimeLimit&gt;
    &lt;Priority&gt;7&lt;/Priority&gt;
  &lt;/Settings&gt;
  &lt;Actions Context="Author"&gt;
    &lt;Exec&gt;
      &lt;Command&gt;%systemroot%\system32\usoclient.exe&lt;/Command&gt;
      &lt;Arguments&gt;StartWork&lt;/Arguments&gt;
    &lt;/Exec&gt;
  &lt;/Actions&gt;
&lt;/Task&gt;</Data>
<Data Name="ClientProcessStartKey">10414574138295806</Data>
<Data Name="ClientProcessId">1964</Data>
<Data Name="ParentProcessId">664</Data>
<Data Name="RpcCallClientLocality">0</Data>
<Data Name="FQDN">DESKTOP-EKVR84B</Data>
</EventData>
</Event>

