<Event xmlns="http://schemas.microsoft.com/win/2004/08/events/event"><System><Provider Name="Microsoft-Windows-Security-Auditing" Guid="{54849625-5478-4994-a5ba-3e3b0328c30d}"></Provider>
<EventID Qualifiers="">5158</EventID>
<Version>0</Version>
<Level>0</Level>
<Task>12810</Task>
<Opcode>0</Opcode>
<Keywords>0x8020000000000000</Keywords>
<TimeCreated SystemTime="2024-07-15 16:31:21.047201+00:00"></TimeCreated>
<EventRecordID>169198</EventRecordID>
<Correlation ActivityID="" RelatedActivityID=""></Correlation>
<Execution ProcessID="4" ThreadID="9128"></Execution>
<Channel>Security</Channel>
<Computer>DESKTOP-EKVR84B</Computer>
<Security UserID=""></Security>
</System>
<EventData><Data Name="ProcessId">5160</Data>
<Data Name="Application">\device\harddiskvolume3\program files (x86)\microsoft\edge\application\msedge.exe</Data>
<Data Name="SourceAddress">0.0.0.0</Data>
<Data Name="SourcePort">53068</Data>
<Data Name="Protocol">17</Data>
<Data Name="FilterRTID">0</Data>
<Data Name="LayerName">%%14608</Data>
<Data Name="LayerRTID">36</Data>
</EventData>
</Event>

<Event xmlns="http://schemas.microsoft.com/win/2004/08/events/event"><System><Provider Name="Microsoft-Windows-Security-Auditing" Guid="{54849625-5478-4994-a5ba-3e3b0328c30d}"></Provider>
<EventID Qualifiers="">5156</EventID>
<Version>1</Version>
<Level>0</Level>
<Task>12810</Task>
<Opcode>0</Opcode>
<Keywords>0x8020000000000000</Keywords>
<TimeCreated SystemTime="2024-07-15 16:31:21.047539+00:00"></TimeCreated>
<EventRecordID>169199</EventRecordID>
<Correlation ActivityID="" RelatedActivityID=""></Correlation>
<Execution ProcessID="4" ThreadID="9128"></Execution>
<Channel>Security</Channel>
<Computer>DESKTOP-EKVR84B</Computer>
<Security UserID=""></Security>
</System>
<EventData><Data Name="ProcessID">5160</Data>
<Data Name="Application">\device\harddiskvolume3\program files (x86)\microsoft\edge\application\msedge.exe</Data>
<Data Name="Direction">%%14593</Data>
<Data Name="SourceAddress">192.168.27.159</Data>
<Data Name="SourcePort">53068</Data>
<Data Name="DestAddress">192.168.27.2</Data>
<Data Name="DestPort">53</Data>
<Data Name="Protocol">17</Data>
<Data Name="FilterRTID">67201</Data>
<Data Name="LayerName">%%14611</Data>
<Data Name="LayerRTID">48</Data>
<Data Name="RemoteUserID">S-1-0-0</Data>
<Data Name="RemoteMachineID">S-1-0-0</Data>
</EventData>
</Event>

<Event xmlns="http://schemas.microsoft.com/win/2004/08/events/event"><System><Provider Name="Microsoft-Windows-Security-Auditing" Guid="{54849625-5478-4994-a5ba-3e3b0328c30d}"></Provider>
<EventID Qualifiers="">5158</EventID>
<Version>0</Version>
<Level>0</Level>
<Task>12810</Task>
<Opcode>0</Opcode>
<Keywords>0x8020000000000000</Keywords>
<TimeCreated SystemTime="2024-07-15 16:31:21.047791+00:00"></TimeCreated>
<EventRecordID>169200</EventRecordID>
<Correlation ActivityID="" RelatedActivityID=""></Correlation>
<Execution ProcessID="4" ThreadID="9128"></Execution>
<Channel>Security</Channel>
<Computer>DESKTOP-EKVR84B</Computer>
<Security UserID=""></Security>
</System>
<EventData><Data Name="ProcessId">5160</Data>
<Data Name="Application">\device\harddiskvolume3\program files (x86)\microsoft\edge\application\msedge.exe</Data>
<Data Name="SourceAddress">0.0.0.0</Data>
<Data Name="SourcePort">51330</Data>
<Data Name="Protocol">17</Data>
<Data Name="FilterRTID">0</Data>
<Data Name="LayerName">%%14608</Data>
<Data Name="LayerRTID">36</Data>
</EventData>
</Event>

<Event xmlns="http://schemas.microsoft.com/win/2004/08/events/event"><System><Provider Name="Microsoft-Windows-Security-Auditing" Guid="{54849625-5478-4994-a5ba-3e3b0328c30d}"></Provider>
<EventID Qualifiers="">5156</EventID>
<Version>1</Version>
<Level>0</Level>
<Task>12810</Task>
<Opcode>0</Opcode>
<Keywords>0x8020000000000000</Keywords>
<TimeCreated SystemTime="2024-07-15 16:31:21.047905+00:00"></TimeCreated>
<EventRecordID>169201</EventRecordID>
<Correlation ActivityID="" RelatedActivityID=""></Correlation>
<Execution ProcessID="4" ThreadID="9128"></Execution>
<Channel>Security</Channel>
<Computer>DESKTOP-EKVR84B</Computer>
<Security UserID=""></Security>
</System>
<EventData><Data Name="ProcessID">5160</Data>
<Data Name="Application">\device\harddiskvolume3\program files (x86)\microsoft\edge\application\msedge.exe</Data>
<Data Name="Direction">%%14593</Data>
<Data Name="SourceAddress">192.168.27.159</Data>
<Data Name="SourcePort">51330</Data>
<Data Name="DestAddress">192.168.27.2</Data>
<Data Name="DestPort">53</Data>
<Data Name="Protocol">17</Data>
<Data Name="FilterRTID">67201</Data>
<Data Name="LayerName">%%14611</Data>
<Data Name="LayerRTID">48</Data>
<Data Name="RemoteUserID">S-1-0-0</Data>
<Data Name="RemoteMachineID">S-1-0-0</Data>
</EventData>
</Event>

<Event xmlns="http://schemas.microsoft.com/win/2004/08/events/event"><System><Provider Name="Microsoft-Windows-Security-Auditing" Guid="{54849625-5478-4994-a5ba-3e3b0328c30d}"></Provider>
<EventID Qualifiers="">5158</EventID>
<Version>0</Version>
<Level>0</Level>
<Task>12810</Task>
<Opcode>0</Opcode>
<Keywords>0x8020000000000000</Keywords>
<TimeCreated SystemTime="2024-07-15 16:31:21.048496+00:00"></TimeCreated>
<EventRecordID>169202</EventRecordID>
<Correlation ActivityID="" RelatedActivityID=""></Correlation>
<Execution ProcessID="4" ThreadID="9128"></Execution>
<Channel>Security</Channel>
<Computer>DESKTOP-EKVR84B</Computer>
<Security UserID=""></Security>
</System>
<EventData><Data Name="ProcessId">5160</Data>
<Data Name="Application">\device\harddiskvolume3\program files (x86)\microsoft\edge\application\msedge.exe</Data>
<Data Name="SourceAddress">0.0.0.0</Data>
<Data Name="SourcePort">51765</Data>
<Data Name="Protocol">17</Data>
<Data Name="FilterRTID">0</Data>
<Data Name="LayerName">%%14608</Data>
<Data Name="LayerRTID">36</Data>
</EventData>
</Event>

<Event xmlns="http://schemas.microsoft.com/win/2004/08/events/event"><System><Provider Name="Microsoft-Windows-Security-Auditing" Guid="{54849625-5478-4994-a5ba-3e3b0328c30d}"></Provider>
<EventID Qualifiers="">5156</EventID>
<Version>1</Version>
<Level>0</Level>
<Task>12810</Task>
<Opcode>0</Opcode>
<Keywords>0x8020000000000000</Keywords>
<TimeCreated SystemTime="2024-07-15 16:31:21.048618+00:00"></TimeCreated>
<EventRecordID>169203</EventRecordID>
<Correlation ActivityID="" RelatedActivityID=""></Correlation>
<Execution ProcessID="4" ThreadID="9128"></Execution>
<Channel>Security</Channel>
<Computer>DESKTOP-EKVR84B</Computer>
<Security UserID=""></Security>
</System>
<EventData><Data Name="ProcessID">5160</Data>
<Data Name="Application">\device\harddiskvolume3\program files (x86)\microsoft\edge\application\msedge.exe</Data>
<Data Name="Direction">%%14593</Data>
<Data Name="SourceAddress">192.168.27.159</Data>
<Data Name="SourcePort">51765</Data>
<Data Name="DestAddress">192.168.27.2</Data>
<Data Name="DestPort">53</Data>
<Data Name="Protocol">17</Data>
<Data Name="FilterRTID">67201</Data>
<Data Name="LayerName">%%14611</Data>
<Data Name="LayerRTID">48</Data>
<Data Name="RemoteUserID">S-1-0-0</Data>
<Data Name="RemoteMachineID">S-1-0-0</Data>
</EventData>
</Event>

<Event xmlns="http://schemas.microsoft.com/win/2004/08/events/event"><System><Provider Name="Microsoft-Windows-Security-Auditing" Guid="{54849625-5478-4994-a5ba-3e3b0328c30d}"></Provider>
<EventID Qualifiers="">5158</EventID>
<Version>0</Version>
<Level>0</Level>
<Task>12810</Task>
<Opcode>0</Opcode>
<Keywords>0x8020000000000000</Keywords>
<TimeCreated SystemTime="2024-07-15 16:31:21.048929+00:00"></TimeCreated>
<EventRecordID>169204</EventRecordID>
<Correlation ActivityID="" RelatedActivityID=""></Correlation>
<Execution ProcessID="4" ThreadID="9128"></Execution>
<Channel>Security</Channel>
<Computer>DESKTOP-EKVR84B</Computer>
<Security UserID=""></Security>
</System>
<EventData><Data Name="ProcessId">5160</Data>
<Data Name="Application">\device\harddiskvolume3\program files (x86)\microsoft\edge\application\msedge.exe</Data>
<Data Name="SourceAddress">0.0.0.0</Data>
<Data Name="SourcePort">58935</Data>
<Data Name="Protocol">17</Data>
<Data Name="FilterRTID">0</Data>
<Data Name="LayerName">%%14608</Data>
<Data Name="LayerRTID">36</Data>
</EventData>
</Event>

<Event xmlns="http://schemas.microsoft.com/win/2004/08/events/event"><System><Provider Name="Microsoft-Windows-Security-Auditing" Guid="{54849625-5478-4994-a5ba-3e3b0328c30d}"></Provider>
<EventID Qualifiers="">5156</EventID>
<Version>1</Version>
<Level>0</Level>
<Task>12810</Task>
<Opcode>0</Opcode>
<Keywords>0x8020000000000000</Keywords>
<TimeCreated SystemTime="2024-07-15 16:31:21.049044+00:00"></TimeCreated>
<EventRecordID>169205</EventRecordID>
<Correlation ActivityID="" RelatedActivityID=""></Correlation>
<Execution ProcessID="4" ThreadID="9128"></Execution>
<Channel>Security</Channel>
<Computer>DESKTOP-EKVR84B</Computer>
<Security UserID=""></Security>
</System>
<EventData><Data Name="ProcessID">5160</Data>
<Data Name="Application">\device\harddiskvolume3\program files (x86)\microsoft\edge\application\msedge.exe</Data>
<Data Name="Direction">%%14593</Data>
<Data Name="SourceAddress">192.168.27.159</Data>
<Data Name="SourcePort">58935</Data>
<Data Name="DestAddress">192.168.27.2</Data>
<Data Name="DestPort">53</Data>
<Data Name="Protocol">17</Data>
<Data Name="FilterRTID">67201</Data>
<Data Name="LayerName">%%14611</Data>
<Data Name="LayerRTID">48</Data>
<Data Name="RemoteUserID">S-1-0-0</Data>
<Data Name="RemoteMachineID">S-1-0-0</Data>
</EventData>
</Event>

<Event xmlns="http://schemas.microsoft.com/win/2004/08/events/event"><System><Provider Name="Microsoft-Windows-Security-Auditing" Guid="{54849625-5478-4994-a5ba-3e3b0328c30d}"></Provider>
<EventID Qualifiers="">5158</EventID>
<Version>0</Version>
<Level>0</Level>
<Task>12810</Task>
<Opcode>0</Opcode>
<Keywords>0x8020000000000000</Keywords>
<TimeCreated SystemTime="2024-07-15 16:31:21.050831+00:00"></TimeCreated>
<EventRecordID>169206</EventRecordID>
<Correlation ActivityID="" RelatedActivityID=""></Correlation>
<Execution ProcessID="4" ThreadID="6000"></Execution>
<Channel>Security</Channel>
<Computer>DESKTOP-EKVR84B</Computer>
<Security UserID=""></Security>
</System>
<EventData><Data Name="ProcessId">5160</Data>
<Data Name="Application">\device\harddiskvolume3\program files (x86)\microsoft\edge\application\msedge.exe</Data>
<Data Name="SourceAddress">0.0.0.0</Data>
<Data Name="SourcePort">49857</Data>
<Data Name="Protocol">6</Data>
<Data Name="FilterRTID">0</Data>
<Data Name="LayerName">%%14608</Data>
<Data Name="LayerRTID">36</Data>
</EventData>
</Event>

<Event xmlns="http://schemas.microsoft.com/win/2004/08/events/event"><System><Provider Name="Microsoft-Windows-Security-Auditing" Guid="{54849625-5478-4994-a5ba-3e3b0328c30d}"></Provider>
<EventID Qualifiers="">5156</EventID>
<Version>1</Version>
<Level>0</Level>
<Task>12810</Task>
<Opcode>0</Opcode>
<Keywords>0x8020000000000000</Keywords>
<TimeCreated SystemTime="2024-07-15 16:31:21.051346+00:00"></TimeCreated>
<EventRecordID>169207</EventRecordID>
<Correlation ActivityID="" RelatedActivityID=""></Correlation>
<Execution ProcessID="4" ThreadID="6000"></Execution>
<Channel>Security</Channel>
<Computer>DESKTOP-EKVR84B</Computer>
<Security UserID=""></Security>
</System>
<EventData><Data Name="ProcessID">5160</Data>
<Data Name="Application">\device\harddiskvolume3\program files (x86)\microsoft\edge\application\msedge.exe</Data>
<Data Name="Direction">%%14593</Data>
<Data Name="SourceAddress">192.168.27.159</Data>
<Data Name="SourcePort">49857</Data>
<Data Name="DestAddress">204.79.197.239</Data>
<Data Name="DestPort">443</Data>
<Data Name="Protocol">6</Data>
<Data Name="FilterRTID">67201</Data>
<Data Name="LayerName">%%14611</Data>
<Data Name="LayerRTID">48</Data>
<Data Name="RemoteUserID">S-1-0-0</Data>
<Data Name="RemoteMachineID">S-1-0-0</Data>
</EventData>
</Event>

<Event xmlns="http://schemas.microsoft.com/win/2004/08/events/event"><System><Provider Name="Microsoft-Windows-Security-Auditing" Guid="{54849625-5478-4994-a5ba-3e3b0328c30d}"></Provider>
<EventID Qualifiers="">5158</EventID>
<Version>0</Version>
<Level>0</Level>
<Task>12810</Task>
<Opcode>0</Opcode>
<Keywords>0x8020000000000000</Keywords>
<TimeCreated SystemTime="2024-07-15 16:31:21.052448+00:00"></TimeCreated>
<EventRecordID>169208</EventRecordID>
<Correlation ActivityID="" RelatedActivityID=""></Correlation>
<Execution ProcessID="4" ThreadID="6000"></Execution>
<Channel>Security</Channel>
<Computer>DESKTOP-EKVR84B</Computer>
<Security UserID=""></Security>
</System>
<EventData><Data Name="ProcessId">5160</Data>
<Data Name="Application">\device\harddiskvolume3\program files (x86)\microsoft\edge\application\msedge.exe</Data>
<Data Name="SourceAddress">0.0.0.0</Data>
<Data Name="SourcePort">49858</Data>
<Data Name="Protocol">6</Data>
<Data Name="FilterRTID">0</Data>
<Data Name="LayerName">%%14608</Data>
<Data Name="LayerRTID">36</Data>
</EventData>
</Event>

<Event xmlns="http://schemas.microsoft.com/win/2004/08/events/event"><System><Provider Name="Microsoft-Windows-Security-Auditing" Guid="{54849625-5478-4994-a5ba-3e3b0328c30d}"></Provider>
<EventID Qualifiers="">5156</EventID>
<Version>1</Version>
<Level>0</Level>
<Task>12810</Task>
<Opcode>0</Opcode>
<Keywords>0x8020000000000000</Keywords>
<TimeCreated SystemTime="2024-07-15 16:31:21.052629+00:00"></TimeCreated>
<EventRecordID>169209</EventRecordID>
<Correlation ActivityID="" RelatedActivityID=""></Correlation>
<Execution ProcessID="4" ThreadID="6000"></Execution>
<Channel>Security</Channel>
<Computer>DESKTOP-EKVR84B</Computer>
<Security UserID=""></Security>
</System>
<EventData><Data Name="ProcessID">5160</Data>
<Data Name="Application">\device\harddiskvolume3\program files (x86)\microsoft\edge\application\msedge.exe</Data>
<Data Name="Direction">%%14593</Data>
<Data Name="SourceAddress">192.168.27.159</Data>
<Data Name="SourcePort">49858</Data>
<Data Name="DestAddress">204.79.197.239</Data>
<Data Name="DestPort">443</Data>
<Data Name="Protocol">6</Data>
<Data Name="FilterRTID">67201</Data>
<Data Name="LayerName">%%14611</Data>
<Data Name="LayerRTID">48</Data>
<Data Name="RemoteUserID">S-1-0-0</Data>
<Data Name="RemoteMachineID">S-1-0-0</Data>
</EventData>
</Event>

<Event xmlns="http://schemas.microsoft.com/win/2004/08/events/event"><System><Provider Name="Microsoft-Windows-Security-Auditing" Guid="{54849625-5478-4994-a5ba-3e3b0328c30d}"></Provider>
<EventID Qualifiers="">5158</EventID>
<Version>0</Version>
<Level>0</Level>
<Task>12810</Task>
<Opcode>0</Opcode>
<Keywords>0x8020000000000000</Keywords>
<TimeCreated SystemTime="2024-07-15 16:31:21.053579+00:00"></TimeCreated>
<EventRecordID>169210</EventRecordID>
<Correlation ActivityID="" RelatedActivityID=""></Correlation>
<Execution ProcessID="4" ThreadID="6000"></Execution>
<Channel>Security</Channel>
<Computer>DESKTOP-EKVR84B</Computer>
<Security UserID=""></Security>
</System>
<EventData><Data Name="ProcessId">5160</Data>
<Data Name="Application">\device\harddiskvolume3\program files (x86)\microsoft\edge\application\msedge.exe</Data>
<Data Name="SourceAddress">0.0.0.0</Data>
<Data Name="SourcePort">49859</Data>
<Data Name="Protocol">6</Data>
<Data Name="FilterRTID">0</Data>
<Data Name="LayerName">%%14608</Data>
<Data Name="LayerRTID">36</Data>
</EventData>
</Event>

<Event xmlns="http://schemas.microsoft.com/win/2004/08/events/event"><System><Provider Name="Microsoft-Windows-Security-Auditing" Guid="{54849625-5478-4994-a5ba-3e3b0328c30d}"></Provider>
<EventID Qualifiers="">5156</EventID>
<Version>1</Version>
<Level>0</Level>
<Task>12810</Task>
<Opcode>0</Opcode>
<Keywords>0x8020000000000000</Keywords>
<TimeCreated SystemTime="2024-07-15 16:31:21.053799+00:00"></TimeCreated>
<EventRecordID>169211</EventRecordID>
<Correlation ActivityID="" RelatedActivityID=""></Correlation>
<Execution ProcessID="4" ThreadID="6000"></Execution>
<Channel>Security</Channel>
<Computer>DESKTOP-EKVR84B</Computer>
<Security UserID=""></Security>
</System>
<EventData><Data Name="ProcessID">5160</Data>
<Data Name="Application">\device\harddiskvolume3\program files (x86)\microsoft\edge\application\msedge.exe</Data>
<Data Name="Direction">%%14593</Data>
<Data Name="SourceAddress">192.168.27.159</Data>
<Data Name="SourcePort">49859</Data>
<Data Name="DestAddress">13.107.253.40</Data>
<Data Name="DestPort">443</Data>
<Data Name="Protocol">6</Data>
<Data Name="FilterRTID">67201</Data>
<Data Name="LayerName">%%14611</Data>
<Data Name="LayerRTID">48</Data>
<Data Name="RemoteUserID">S-1-0-0</Data>
<Data Name="RemoteMachineID">S-1-0-0</Data>
</EventData>
</Event>

<Event xmlns="http://schemas.microsoft.com/win/2004/08/events/event"><System><Provider Name="Microsoft-Windows-Security-Auditing" Guid="{54849625-5478-4994-a5ba-3e3b0328c30d}"></Provider>
<EventID Qualifiers="">5158</EventID>
<Version>0</Version>
<Level>0</Level>
<Task>12810</Task>
<Opcode>0</Opcode>
<Keywords>0x8020000000000000</Keywords>
<TimeCreated SystemTime="2024-07-15 16:31:21.054796+00:00"></TimeCreated>
<EventRecordID>169212</EventRecordID>
<Correlation ActivityID="" RelatedActivityID=""></Correlation>
<Execution ProcessID="4" ThreadID="6000"></Execution>
<Channel>Security</Channel>
<Computer>DESKTOP-EKVR84B</Computer>
<Security UserID=""></Security>
</System>
<EventData><Data Name="ProcessId">5160</Data>
<Data Name="Application">\device\harddiskvolume3\program files (x86)\microsoft\edge\application\msedge.exe</Data>
<Data Name="SourceAddress">0.0.0.0</Data>
<Data Name="SourcePort">49860</Data>
<Data Name="Protocol">6</Data>
<Data Name="FilterRTID">0</Data>
<Data Name="LayerName">%%14608</Data>
<Data Name="LayerRTID">36</Data>
</EventData>
</Event>

<Event xmlns="http://schemas.microsoft.com/win/2004/08/events/event"><System><Provider Name="Microsoft-Windows-Security-Auditing" Guid="{54849625-5478-4994-a5ba-3e3b0328c30d}"></Provider>
<EventID Qualifiers="">5156</EventID>
<Version>1</Version>
<Level>0</Level>
<Task>12810</Task>
<Opcode>0</Opcode>
<Keywords>0x8020000000000000</Keywords>
<TimeCreated SystemTime="2024-07-15 16:31:21.054882+00:00"></TimeCreated>
<EventRecordID>169213</EventRecordID>
<Correlation ActivityID="" RelatedActivityID=""></Correlation>
<Execution ProcessID="4" ThreadID="6000"></Execution>
<Channel>Security</Channel>
<Computer>DESKTOP-EKVR84B</Computer>
<Security UserID=""></Security>
</System>
<EventData><Data Name="ProcessID">5160</Data>
<Data Name="Application">\device\harddiskvolume3\program files (x86)\microsoft\edge\application\msedge.exe</Data>
<Data Name="Direction">%%14593</Data>
<Data Name="SourceAddress">192.168.27.159</Data>
<Data Name="SourcePort">49860</Data>
<Data Name="DestAddress">204.79.197.237</Data>
<Data Name="DestPort">443</Data>
<Data Name="Protocol">6</Data>
<Data Name="FilterRTID">67201</Data>
<Data Name="LayerName">%%14611</Data>
<Data Name="LayerRTID">48</Data>
<Data Name="RemoteUserID">S-1-0-0</Data>
<Data Name="RemoteMachineID">S-1-0-0</Data>
</EventData>
</Event>

<Event xmlns="http://schemas.microsoft.com/win/2004/08/events/event"><System><Provider Name="Microsoft-Windows-Security-Auditing" Guid="{54849625-5478-4994-a5ba-3e3b0328c30d}"></Provider>
<EventID Qualifiers="">5158</EventID>
<Version>0</Version>
<Level>0</Level>
<Task>12810</Task>
<Opcode>0</Opcode>
<Keywords>0x8020000000000000</Keywords>
<TimeCreated SystemTime="2024-07-15 16:31:21.060909+00:00"></TimeCreated>
<EventRecordID>169214</EventRecordID>
<Correlation ActivityID="" RelatedActivityID=""></Correlation>
<Execution ProcessID="4" ThreadID="6000"></Execution>
<Channel>Security</Channel>
<Computer>DESKTOP-EKVR84B</Computer>
<Security UserID=""></Security>
</System>
<EventData><Data Name="ProcessId">5160</Data>
<Data Name="Application">\device\harddiskvolume3\program files (x86)\microsoft\edge\application\msedge.exe</Data>
<Data Name="SourceAddress">0.0.0.0</Data>
<Data Name="SourcePort">49861</Data>
<Data Name="Protocol">6</Data>
<Data Name="FilterRTID">0</Data>
<Data Name="LayerName">%%14608</Data>
<Data Name="LayerRTID">36</Data>
</EventData>
</Event>

<Event xmlns="http://schemas.microsoft.com/win/2004/08/events/event"><System><Provider Name="Microsoft-Windows-Security-Auditing" Guid="{54849625-5478-4994-a5ba-3e3b0328c30d}"></Provider>
<EventID Qualifiers="">5156</EventID>
<Version>1</Version>
<Level>0</Level>
<Task>12810</Task>
<Opcode>0</Opcode>
<Keywords>0x8020000000000000</Keywords>
<TimeCreated SystemTime="2024-07-15 16:31:21.060984+00:00"></TimeCreated>
<EventRecordID>169215</EventRecordID>
<Correlation ActivityID="" RelatedActivityID=""></Correlation>
<Execution ProcessID="4" ThreadID="6000"></Execution>
<Channel>Security</Channel>
<Computer>DESKTOP-EKVR84B</Computer>
<Security UserID=""></Security>
</System>
<EventData><Data Name="ProcessID">5160</Data>
<Data Name="Application">\device\harddiskvolume3\program files (x86)\microsoft\edge\application\msedge.exe</Data>
<Data Name="Direction">%%14593</Data>
<Data Name="SourceAddress">192.168.27.159</Data>
<Data Name="SourcePort">49861</Data>
<Data Name="DestAddress">23.96.180.189</Data>
<Data Name="DestPort">443</Data>
<Data Name="Protocol">6</Data>
<Data Name="FilterRTID">67201</Data>
<Data Name="LayerName">%%14611</Data>
<Data Name="LayerRTID">48</Data>
<Data Name="RemoteUserID">S-1-0-0</Data>
<Data Name="RemoteMachineID">S-1-0-0</Data>
</EventData>
</Event>

<Event xmlns="http://schemas.microsoft.com/win/2004/08/events/event"><System><Provider Name="Microsoft-Windows-Security-Auditing" Guid="{54849625-5478-4994-a5ba-3e3b0328c30d}"></Provider>
<EventID Qualifiers="">5158</EventID>
<Version>0</Version>
<Level>0</Level>
<Task>12810</Task>
<Opcode>0</Opcode>
<Keywords>0x8020000000000000</Keywords>
<TimeCreated SystemTime="2024-07-15 16:31:21.314165+00:00"></TimeCreated>
<EventRecordID>169216</EventRecordID>
<Correlation ActivityID="" RelatedActivityID=""></Correlation>
<Execution ProcessID="4" ThreadID="6000"></Execution>
<Channel>Security</Channel>
<Computer>DESKTOP-EKVR84B</Computer>
<Security UserID=""></Security>
</System>
<EventData><Data Name="ProcessId">5160</Data>
<Data Name="Application">\device\harddiskvolume3\program files (x86)\microsoft\edge\application\msedge.exe</Data>
<Data Name="SourceAddress">0.0.0.0</Data>
<Data Name="SourcePort">49862</Data>
<Data Name="Protocol">6</Data>
<Data Name="FilterRTID">0</Data>
<Data Name="LayerName">%%14608</Data>
<Data Name="LayerRTID">36</Data>
</EventData>
</Event>

<Event xmlns="http://schemas.microsoft.com/win/2004/08/events/event"><System><Provider Name="Microsoft-Windows-Security-Auditing" Guid="{54849625-5478-4994-a5ba-3e3b0328c30d}"></Provider>
<EventID Qualifiers="">5156</EventID>
<Version>1</Version>
<Level>0</Level>
<Task>12810</Task>
<Opcode>0</Opcode>
<Keywords>0x8020000000000000</Keywords>
<TimeCreated SystemTime="2024-07-15 16:31:21.314268+00:00"></TimeCreated>
<EventRecordID>169217</EventRecordID>
<Correlation ActivityID="" RelatedActivityID=""></Correlation>
<Execution ProcessID="4" ThreadID="6000"></Execution>
<Channel>Security</Channel>
<Computer>DESKTOP-EKVR84B</Computer>
<Security UserID=""></Security>
</System>
<EventData><Data Name="ProcessID">5160</Data>
<Data Name="Application">\device\harddiskvolume3\program files (x86)\microsoft\edge\application\msedge.exe</Data>
<Data Name="Direction">%%14593</Data>
<Data Name="SourceAddress">192.168.27.159</Data>
<Data Name="SourcePort">49862</Data>
<Data Name="DestAddress">204.79.197.237</Data>
<Data Name="DestPort">443</Data>
<Data Name="Protocol">6</Data>
<Data Name="FilterRTID">67201</Data>
<Data Name="LayerName">%%14611</Data>
<Data Name="LayerRTID">48</Data>
<Data Name="RemoteUserID">S-1-0-0</Data>
<Data Name="RemoteMachineID">S-1-0-0</Data>
</EventData>
</Event>

<Event xmlns="http://schemas.microsoft.com/win/2004/08/events/event"><System><Provider Name="Microsoft-Windows-Security-Auditing" Guid="{54849625-5478-4994-a5ba-3e3b0328c30d}"></Provider>
<EventID Qualifiers="">5158</EventID>
<Version>0</Version>
<Level>0</Level>
<Task>12810</Task>
<Opcode>0</Opcode>
<Keywords>0x8020000000000000</Keywords>
<TimeCreated SystemTime="2024-07-15 16:31:21.733900+00:00"></TimeCreated>
<EventRecordID>169218</EventRecordID>
<Correlation ActivityID="" RelatedActivityID=""></Correlation>
<Execution ProcessID="4" ThreadID="6000"></Execution>
<Channel>Security</Channel>
<Computer>DESKTOP-EKVR84B</Computer>
<Security UserID=""></Security>
</System>
<EventData><Data Name="ProcessId">5160</Data>
<Data Name="Application">\device\harddiskvolume3\program files (x86)\microsoft\edge\application\msedge.exe</Data>
<Data Name="SourceAddress">0.0.0.0</Data>
<Data Name="SourcePort">64956</Data>
<Data Name="Protocol">17</Data>
<Data Name="FilterRTID">0</Data>
<Data Name="LayerName">%%14608</Data>
<Data Name="LayerRTID">36</Data>
</EventData>
</Event>

<Event xmlns="http://schemas.microsoft.com/win/2004/08/events/event"><System><Provider Name="Microsoft-Windows-Security-Auditing" Guid="{54849625-5478-4994-a5ba-3e3b0328c30d}"></Provider>
<EventID Qualifiers="">5156</EventID>
<Version>1</Version>
<Level>0</Level>
<Task>12810</Task>
<Opcode>0</Opcode>
<Keywords>0x8020000000000000</Keywords>
<TimeCreated SystemTime="2024-07-15 16:31:21.734005+00:00"></TimeCreated>
<EventRecordID>169219</EventRecordID>
<Correlation ActivityID="" RelatedActivityID=""></Correlation>
<Execution ProcessID="4" ThreadID="6000"></Execution>
<Channel>Security</Channel>
<Computer>DESKTOP-EKVR84B</Computer>
<Security UserID=""></Security>
</System>
<EventData><Data Name="ProcessID">5160</Data>
<Data Name="Application">\device\harddiskvolume3\program files (x86)\microsoft\edge\application\msedge.exe</Data>
<Data Name="Direction">%%14593</Data>
<Data Name="SourceAddress">192.168.27.159</Data>
<Data Name="SourcePort">64956</Data>
<Data Name="DestAddress">192.168.27.2</Data>
<Data Name="DestPort">53</Data>
<Data Name="Protocol">17</Data>
<Data Name="FilterRTID">67201</Data>
<Data Name="LayerName">%%14611</Data>
<Data Name="LayerRTID">48</Data>
<Data Name="RemoteUserID">S-1-0-0</Data>
<Data Name="RemoteMachineID">S-1-0-0</Data>
</EventData>
</Event>

<Event xmlns="http://schemas.microsoft.com/win/2004/08/events/event"><System><Provider Name="Microsoft-Windows-Security-Auditing" Guid="{54849625-5478-4994-a5ba-3e3b0328c30d}"></Provider>
<EventID Qualifiers="">5158</EventID>
<Version>0</Version>
<Level>0</Level>
<Task>12810</Task>
<Opcode>0</Opcode>
<Keywords>0x8020000000000000</Keywords>
<TimeCreated SystemTime="2024-07-15 16:31:21.734331+00:00"></TimeCreated>
<EventRecordID>169220</EventRecordID>
<Correlation ActivityID="" RelatedActivityID=""></Correlation>
<Execution ProcessID="4" ThreadID="6000"></Execution>
<Channel>Security</Channel>
<Computer>DESKTOP-EKVR84B</Computer>
<Security UserID=""></Security>
</System>
<EventData><Data Name="ProcessId">5160</Data>
<Data Name="Application">\device\harddiskvolume3\program files (x86)\microsoft\edge\application\msedge.exe</Data>
<Data Name="SourceAddress">0.0.0.0</Data>
<Data Name="SourcePort">60828</Data>
<Data Name="Protocol">17</Data>
<Data Name="FilterRTID">0</Data>
<Data Name="LayerName">%%14608</Data>
<Data Name="LayerRTID">36</Data>
</EventData>
</Event>

<Event xmlns="http://schemas.microsoft.com/win/2004/08/events/event"><System><Provider Name="Microsoft-Windows-Security-Auditing" Guid="{54849625-5478-4994-a5ba-3e3b0328c30d}"></Provider>
<EventID Qualifiers="">5156</EventID>
<Version>1</Version>
<Level>0</Level>
<Task>12810</Task>
<Opcode>0</Opcode>
<Keywords>0x8020000000000000</Keywords>
<TimeCreated SystemTime="2024-07-15 16:31:21.734400+00:00"></TimeCreated>
<EventRecordID>169221</EventRecordID>
<Correlation ActivityID="" RelatedActivityID=""></Correlation>
<Execution ProcessID="4" ThreadID="6000"></Execution>
<Channel>Security</Channel>
<Computer>DESKTOP-EKVR84B</Computer>
<Security UserID=""></Security>
</System>
<EventData><Data Name="ProcessID">5160</Data>
<Data Name="Application">\device\harddiskvolume3\program files (x86)\microsoft\edge\application\msedge.exe</Data>
<Data Name="Direction">%%14593</Data>
<Data Name="SourceAddress">192.168.27.159</Data>
<Data Name="SourcePort">60828</Data>
<Data Name="DestAddress">192.168.27.2</Data>
<Data Name="DestPort">53</Data>
<Data Name="Protocol">17</Data>
<Data Name="FilterRTID">67201</Data>
<Data Name="LayerName">%%14611</Data>
<Data Name="LayerRTID">48</Data>
<Data Name="RemoteUserID">S-1-0-0</Data>
<Data Name="RemoteMachineID">S-1-0-0</Data>
</EventData>
</Event>

<Event xmlns="http://schemas.microsoft.com/win/2004/08/events/event"><System><Provider Name="Microsoft-Windows-Security-Auditing" Guid="{54849625-5478-4994-a5ba-3e3b0328c30d}"></Provider>
<EventID Qualifiers="">5158</EventID>
<Version>0</Version>
<Level>0</Level>
<Task>12810</Task>
<Opcode>0</Opcode>
<Keywords>0x8020000000000000</Keywords>
<TimeCreated SystemTime="2024-07-15 16:31:21.748352+00:00"></TimeCreated>
<EventRecordID>169222</EventRecordID>
<Correlation ActivityID="" RelatedActivityID=""></Correlation>
<Execution ProcessID="4" ThreadID="6000"></Execution>
<Channel>Security</Channel>
<Computer>DESKTOP-EKVR84B</Computer>
<Security UserID=""></Security>
</System>
<EventData><Data Name="ProcessId">5160</Data>
<Data Name="Application">\device\harddiskvolume3\program files (x86)\microsoft\edge\application\msedge.exe</Data>
<Data Name="SourceAddress">0.0.0.0</Data>
<Data Name="SourcePort">49863</Data>
<Data Name="Protocol">6</Data>
<Data Name="FilterRTID">0</Data>
<Data Name="LayerName">%%14608</Data>
<Data Name="LayerRTID">36</Data>
</EventData>
</Event>

<Event xmlns="http://schemas.microsoft.com/win/2004/08/events/event"><System><Provider Name="Microsoft-Windows-Security-Auditing" Guid="{54849625-5478-4994-a5ba-3e3b0328c30d}"></Provider>
<EventID Qualifiers="">5156</EventID>
<Version>1</Version>
<Level>0</Level>
<Task>12810</Task>
<Opcode>0</Opcode>
<Keywords>0x8020000000000000</Keywords>
<TimeCreated SystemTime="2024-07-15 16:31:21.748409+00:00"></TimeCreated>
<EventRecordID>169223</EventRecordID>
<Correlation ActivityID="" RelatedActivityID=""></Correlation>
<Execution ProcessID="4" ThreadID="6000"></Execution>
<Channel>Security</Channel>
<Computer>DESKTOP-EKVR84B</Computer>
<Security UserID=""></Security>
</System>
<EventData><Data Name="ProcessID">5160</Data>
<Data Name="Application">\device\harddiskvolume3\program files (x86)\microsoft\edge\application\msedge.exe</Data>
<Data Name="Direction">%%14593</Data>
<Data Name="SourceAddress">192.168.27.159</Data>
<Data Name="SourcePort">49863</Data>
<Data Name="DestAddress">204.79.197.239</Data>
<Data Name="DestPort">443</Data>
<Data Name="Protocol">6</Data>
<Data Name="FilterRTID">67201</Data>
<Data Name="LayerName">%%14611</Data>
<Data Name="LayerRTID">48</Data>
<Data Name="RemoteUserID">S-1-0-0</Data>
<Data Name="RemoteMachineID">S-1-0-0</Data>
</EventData>
</Event>

<Event xmlns="http://schemas.microsoft.com/win/2004/08/events/event"><System><Provider Name="Microsoft-Windows-Security-Auditing" Guid="{54849625-5478-4994-a5ba-3e3b0328c30d}"></Provider>
<EventID Qualifiers="">5158</EventID>
<Version>0</Version>
<Level>0</Level>
<Task>12810</Task>
<Opcode>0</Opcode>
<Keywords>0x8020000000000000</Keywords>
<TimeCreated SystemTime="2024-07-15 16:31:25.123981+00:00"></TimeCreated>
<EventRecordID>169224</EventRecordID>
<Correlation ActivityID="" RelatedActivityID=""></Correlation>
<Execution ProcessID="4" ThreadID="6000"></Execution>
<Channel>Security</Channel>
<Computer>DESKTOP-EKVR84B</Computer>
<Security UserID=""></Security>
</System>
<EventData><Data Name="ProcessId">2460</Data>
<Data Name="Application">\device\harddiskvolume3\windows\system32\svchost.exe</Data>
<Data Name="SourceAddress">::</Data>
<Data Name="SourcePort">49864</Data>
<Data Name="Protocol">6</Data>
<Data Name="FilterRTID">0</Data>
<Data Name="LayerName">%%14608</Data>
<Data Name="LayerRTID">36</Data>
</EventData>
</Event>

<Event xmlns="http://schemas.microsoft.com/win/2004/08/events/event"><System><Provider Name="Microsoft-Windows-Security-Auditing" Guid="{54849625-5478-4994-a5ba-3e3b0328c30d}"></Provider>
<EventID Qualifiers="">5158</EventID>
<Version>0</Version>
<Level>0</Level>
<Task>12810</Task>
<Opcode>0</Opcode>
<Keywords>0x8020000000000000</Keywords>
<TimeCreated SystemTime="2024-07-15 16:31:25.124006+00:00"></TimeCreated>
<EventRecordID>169225</EventRecordID>
<Correlation ActivityID="" RelatedActivityID=""></Correlation>
<Execution ProcessID="4" ThreadID="6000"></Execution>
<Channel>Security</Channel>
<Computer>DESKTOP-EKVR84B</Computer>
<Security UserID=""></Security>
</System>
<EventData><Data Name="ProcessId">2460</Data>
<Data Name="Application">\device\harddiskvolume3\windows\system32\svchost.exe</Data>
<Data Name="SourceAddress">::</Data>
<Data Name="SourcePort">49864</Data>
<Data Name="Protocol">6</Data>
<Data Name="FilterRTID">0</Data>
<Data Name="LayerName">%%14608</Data>
<Data Name="LayerRTID">38</Data>
</EventData>
</Event>

<Event xmlns="http://schemas.microsoft.com/win/2004/08/events/event"><System><Provider Name="Microsoft-Windows-Security-Auditing" Guid="{54849625-5478-4994-a5ba-3e3b0328c30d}"></Provider>
<EventID Qualifiers="">5156</EventID>
<Version>1</Version>
<Level>0</Level>
<Task>12810</Task>
<Opcode>0</Opcode>
<Keywords>0x8020000000000000</Keywords>
<TimeCreated SystemTime="2024-07-15 16:31:25.124210+00:00"></TimeCreated>
<EventRecordID>169226</EventRecordID>
<Correlation ActivityID="" RelatedActivityID=""></Correlation>
<Execution ProcessID="4" ThreadID="6000"></Execution>
<Channel>Security</Channel>
<Computer>DESKTOP-EKVR84B</Computer>
<Security UserID=""></Security>
</System>
<EventData><Data Name="ProcessID">2460</Data>
<Data Name="Application">\device\harddiskvolume3\windows\system32\svchost.exe</Data>
<Data Name="Direction">%%14593</Data>
<Data Name="SourceAddress">192.168.27.159</Data>
<Data Name="SourcePort">49864</Data>
<Data Name="DestAddress">172.26.13.80</Data>
<Data Name="DestPort">7680</Data>
<Data Name="Protocol">6</Data>
<Data Name="FilterRTID">67201</Data>
<Data Name="LayerName">%%14611</Data>
<Data Name="LayerRTID">48</Data>
<Data Name="RemoteUserID">S-1-0-0</Data>
<Data Name="RemoteMachineID">S-1-0-0</Data>
</EventData>
</Event>

<Event xmlns="http://schemas.microsoft.com/win/2004/08/events/event"><System><Provider Name="Microsoft-Windows-Security-Auditing" Guid="{54849625-5478-4994-a5ba-3e3b0328c30d}"></Provider>
<EventID Qualifiers="">4656</EventID>
<Version>1</Version>
<Level>0</Level>
<Task>12803</Task>
<Opcode>0</Opcode>
<Keywords>0x8020000000000000</Keywords>
<TimeCreated SystemTime="2024-07-15 16:31:31.668741+00:00"></TimeCreated>
<EventRecordID>169227</EventRecordID>
<Correlation ActivityID="" RelatedActivityID=""></Correlation>
<Execution ProcessID="4" ThreadID="8748"></Execution>
<Channel>Security</Channel>
<Computer>DESKTOP-EKVR84B</Computer>
<Security UserID=""></Security>
</System>
<EventData><Data Name="SubjectUserSid">S-1-5-21-3576963320-1344788273-4164204335-1001</Data>
<Data Name="SubjectUserName">user</Data>
<Data Name="SubjectDomainName">DESKTOP-EKVR84B</Data>
<Data Name="SubjectLogonId">0x000000000005a45f</Data>
<Data Name="ObjectServer">Security Account Manager</Data>
<Data Name="ObjectType">SAM_SERVER</Data>
<Data Name="ObjectName">SAM</Data>
<Data Name="HandleId">0x000001946c1e0f40</Data>
<Data Name="TransactionId">{00000000-0000-0000-0000-000000000000}</Data>
<Data Name="AccessList">%%1538
				%%5376
				%%5380
				%%5381
				</Data>
<Data Name="AccessReason">-</Data>
<Data Name="AccessMask">0x00020031</Data>
<Data Name="PrivilegeList">-</Data>
<Data Name="RestrictedSidCount">0</Data>
<Data Name="ProcessId">0x00000000000002ac</Data>
<Data Name="ProcessName">C:\Windows\System32\lsass.exe</Data>
<Data Name="ResourceAttributes">-</Data>
</EventData>
</Event>

<Event xmlns="http://schemas.microsoft.com/win/2004/08/events/event"><System><Provider Name="Microsoft-Windows-Security-Auditing" Guid="{54849625-5478-4994-a5ba-3e3b0328c30d}"></Provider>
<EventID Qualifiers="">4656</EventID>
<Version>1</Version>
<Level>0</Level>
<Task>12803</Task>
<Opcode>0</Opcode>
<Keywords>0x8020000000000000</Keywords>
<TimeCreated SystemTime="2024-07-15 16:31:31.668783+00:00"></TimeCreated>
<EventRecordID>169228</EventRecordID>
<Correlation ActivityID="" RelatedActivityID=""></Correlation>
<Execution ProcessID="4" ThreadID="8748"></Execution>
<Channel>Security</Channel>
<Computer>DESKTOP-EKVR84B</Computer>
<Security UserID=""></Security>
</System>
<EventData><Data Name="SubjectUserSid">S-1-5-21-3576963320-1344788273-4164204335-1001</Data>
<Data Name="SubjectUserName">user</Data>
<Data Name="SubjectDomainName">DESKTOP-EKVR84B</Data>
<Data Name="SubjectLogonId">0x000000000005a45f</Data>
<Data Name="ObjectServer">Security Account Manager</Data>
<Data Name="ObjectType">SAM_DOMAIN</Data>
<Data Name="ObjectName">DESKTOP-EKVR84B</Data>
<Data Name="HandleId">0x000001946c1e2840</Data>
<Data Name="TransactionId">{00000000-0000-0000-0000-000000000000}</Data>
<Data Name="AccessList">%%1538
				%%5392
				%%5394
				%%5399
				%%5400
				%%5401
				</Data>
<Data Name="AccessReason">-</Data>
<Data Name="AccessMask">0x00020385</Data>
<Data Name="PrivilegeList">-</Data>
<Data Name="RestrictedSidCount">0</Data>
<Data Name="ProcessId">0x00000000000002ac</Data>
<Data Name="ProcessName">C:\Windows\System32\lsass.exe</Data>
<Data Name="ResourceAttributes">-</Data>
</EventData>
</Event>

<Event xmlns="http://schemas.microsoft.com/win/2004/08/events/event"><System><Provider Name="Microsoft-Windows-Security-Auditing" Guid="{54849625-5478-4994-a5ba-3e3b0328c30d}"></Provider>
<EventID Qualifiers="">4656</EventID>
<Version>1</Version>
<Level>0</Level>
<Task>12803</Task>
<Opcode>0</Opcode>
<Keywords>0x8020000000000000</Keywords>
<TimeCreated SystemTime="2024-07-15 16:31:31.668972+00:00"></TimeCreated>
<EventRecordID>169229</EventRecordID>
<Correlation ActivityID="" RelatedActivityID=""></Correlation>
<Execution ProcessID="4" ThreadID="8748"></Execution>
<Channel>Security</Channel>
<Computer>DESKTOP-EKVR84B</Computer>
<Security UserID=""></Security>
</System>
<EventData><Data Name="SubjectUserSid">S-1-5-21-3576963320-1344788273-4164204335-1001</Data>
<Data Name="SubjectUserName">user</Data>
<Data Name="SubjectDomainName">DESKTOP-EKVR84B</Data>
<Data Name="SubjectLogonId">0x000000000005a45f</Data>
<Data Name="ObjectServer">Security Account Manager</Data>
<Data Name="ObjectType">SAM_USER</Data>
<Data Name="ObjectName">DOMAINS\Account\Users\000003E9</Data>
<Data Name="HandleId">0x000001946c1e3740</Data>
<Data Name="TransactionId">{00000000-0000-0000-0000-000000000000}</Data>
<Data Name="AccessList">%%1538
				%%5440
				%%5441
				%%5442
				%%5443
				%%5444
				%%5446
				%%5448
				%%5449
				</Data>
<Data Name="AccessReason">-</Data>
<Data Name="AccessMask">0x0002035f</Data>
<Data Name="PrivilegeList">-</Data>
<Data Name="RestrictedSidCount">0</Data>
<Data Name="ProcessId">0x00000000000002ac</Data>
<Data Name="ProcessName">C:\Windows\System32\lsass.exe</Data>
<Data Name="ResourceAttributes">-</Data>
</EventData>
</Event>

<Event xmlns="http://schemas.microsoft.com/win/2004/08/events/event"><System><Provider Name="Microsoft-Windows-Security-Auditing" Guid="{54849625-5478-4994-a5ba-3e3b0328c30d}"></Provider>
<EventID Qualifiers="">4658</EventID>
<Version>0</Version>
<Level>0</Level>
<Task>12804</Task>
<Opcode>0</Opcode>
<Keywords>0x8020000000000000</Keywords>
<TimeCreated SystemTime="2024-07-15 16:31:31.669048+00:00"></TimeCreated>
<EventRecordID>169230</EventRecordID>
<Correlation ActivityID="" RelatedActivityID=""></Correlation>
<Execution ProcessID="4" ThreadID="8748"></Execution>
<Channel>Security</Channel>
<Computer>DESKTOP-EKVR84B</Computer>
<Security UserID=""></Security>
</System>
<EventData><Data Name="SubjectUserSid">S-1-5-21-3576963320-1344788273-4164204335-1001</Data>
<Data Name="SubjectUserName">user</Data>
<Data Name="SubjectDomainName">DESKTOP-EKVR84B</Data>
<Data Name="SubjectLogonId">0x000000000005a45f</Data>
<Data Name="ObjectServer">Security Account Manager</Data>
<Data Name="HandleId">0x000001946c1e3740</Data>
<Data Name="ProcessId">0x00000000000002ac</Data>
<Data Name="ProcessName">C:\Windows\System32\lsass.exe</Data>
</EventData>
</Event>

<Event xmlns="http://schemas.microsoft.com/win/2004/08/events/event"><System><Provider Name="Microsoft-Windows-Security-Auditing" Guid="{54849625-5478-4994-a5ba-3e3b0328c30d}"></Provider>
<EventID Qualifiers="">4658</EventID>
<Version>0</Version>
<Level>0</Level>
<Task>12804</Task>
<Opcode>0</Opcode>
<Keywords>0x8020000000000000</Keywords>
<TimeCreated SystemTime="2024-07-15 16:31:31.669075+00:00"></TimeCreated>
<EventRecordID>169231</EventRecordID>
<Correlation ActivityID="" RelatedActivityID=""></Correlation>
<Execution ProcessID="4" ThreadID="8748"></Execution>
<Channel>Security</Channel>
<Computer>DESKTOP-EKVR84B</Computer>
<Security UserID=""></Security>
</System>
<EventData><Data Name="SubjectUserSid">S-1-5-21-3576963320-1344788273-4164204335-1001</Data>
<Data Name="SubjectUserName">user</Data>
<Data Name="SubjectDomainName">DESKTOP-EKVR84B</Data>
<Data Name="SubjectLogonId">0x000000000005a45f</Data>
<Data Name="ObjectServer">Security Account Manager</Data>
<Data Name="HandleId">0x000001946c1e2840</Data>
<Data Name="ProcessId">0x00000000000002ac</Data>
<Data Name="ProcessName">C:\Windows\System32\lsass.exe</Data>
</EventData>
</Event>

<Event xmlns="http://schemas.microsoft.com/win/2004/08/events/event"><System><Provider Name="Microsoft-Windows-Security-Auditing" Guid="{54849625-5478-4994-a5ba-3e3b0328c30d}"></Provider>
<EventID Qualifiers="">4658</EventID>
<Version>0</Version>
<Level>0</Level>
<Task>12804</Task>
<Opcode>0</Opcode>
<Keywords>0x8020000000000000</Keywords>
<TimeCreated SystemTime="2024-07-15 16:31:31.669102+00:00"></TimeCreated>
<EventRecordID>169232</EventRecordID>
<Correlation ActivityID="" RelatedActivityID=""></Correlation>
<Execution ProcessID="4" ThreadID="8748"></Execution>
<Channel>Security</Channel>
<Computer>DESKTOP-EKVR84B</Computer>
<Security UserID=""></Security>
</System>
<EventData><Data Name="SubjectUserSid">S-1-5-21-3576963320-1344788273-4164204335-1001</Data>
<Data Name="SubjectUserName">user</Data>
<Data Name="SubjectDomainName">DESKTOP-EKVR84B</Data>
<Data Name="SubjectLogonId">0x000000000005a45f</Data>
<Data Name="ObjectServer">Security Account Manager</Data>
<Data Name="HandleId">0x000001946c1e0f40</Data>
<Data Name="ProcessId">0x00000000000002ac</Data>
<Data Name="ProcessName">C:\Windows\System32\lsass.exe</Data>
</EventData>
</Event>

<Event xmlns="http://schemas.microsoft.com/win/2004/08/events/event"><System><Provider Name="Microsoft-Windows-Security-Auditing" Guid="{54849625-5478-4994-a5ba-3e3b0328c30d}"></Provider>
<EventID Qualifiers="">4656</EventID>
<Version>1</Version>
<Level>0</Level>
<Task>12803</Task>
<Opcode>0</Opcode>
<Keywords>0x8020000000000000</Keywords>
<TimeCreated SystemTime="2024-07-15 16:31:31.690516+00:00"></TimeCreated>
<EventRecordID>169233</EventRecordID>
<Correlation ActivityID="" RelatedActivityID=""></Correlation>
<Execution ProcessID="4" ThreadID="9120"></Execution>
<Channel>Security</Channel>
<Computer>DESKTOP-EKVR84B</Computer>
<Security UserID=""></Security>
</System>
<EventData><Data Name="SubjectUserSid">S-1-5-21-3576963320-1344788273-4164204335-1001</Data>
<Data Name="SubjectUserName">user</Data>
<Data Name="SubjectDomainName">DESKTOP-EKVR84B</Data>
<Data Name="SubjectLogonId">0x000000000005a45f</Data>
<Data Name="ObjectServer">Security Account Manager</Data>
<Data Name="ObjectType">SAM_SERVER</Data>
<Data Name="ObjectName">SAM</Data>
<Data Name="HandleId">0x000001946c1e3740</Data>
<Data Name="TransactionId">{00000000-0000-0000-0000-000000000000}</Data>
<Data Name="AccessList">%%1538
				%%5376
				%%5380
				%%5381
				</Data>
<Data Name="AccessReason">-</Data>
<Data Name="AccessMask">0x00020031</Data>
<Data Name="PrivilegeList">-</Data>
<Data Name="RestrictedSidCount">0</Data>
<Data Name="ProcessId">0x00000000000002ac</Data>
<Data Name="ProcessName">C:\Windows\System32\lsass.exe</Data>
<Data Name="ResourceAttributes">-</Data>
</EventData>
</Event>

<Event xmlns="http://schemas.microsoft.com/win/2004/08/events/event"><System><Provider Name="Microsoft-Windows-Security-Auditing" Guid="{54849625-5478-4994-a5ba-3e3b0328c30d}"></Provider>
<EventID Qualifiers="">4656</EventID>
<Version>1</Version>
<Level>0</Level>
<Task>12803</Task>
<Opcode>0</Opcode>
<Keywords>0x8020000000000000</Keywords>
<TimeCreated SystemTime="2024-07-15 16:31:31.690681+00:00"></TimeCreated>
<EventRecordID>169234</EventRecordID>
<Correlation ActivityID="" RelatedActivityID=""></Correlation>
<Execution ProcessID="4" ThreadID="9120"></Execution>
<Channel>Security</Channel>
<Computer>DESKTOP-EKVR84B</Computer>
<Security UserID=""></Security>
</System>
<EventData><Data Name="SubjectUserSid">S-1-5-21-3576963320-1344788273-4164204335-1001</Data>
<Data Name="SubjectUserName">user</Data>
<Data Name="SubjectDomainName">DESKTOP-EKVR84B</Data>
<Data Name="SubjectLogonId">0x000000000005a45f</Data>
<Data Name="ObjectServer">Security Account Manager</Data>
<Data Name="ObjectType">SAM_DOMAIN</Data>
<Data Name="ObjectName">DESKTOP-EKVR84B</Data>
<Data Name="HandleId">0x000001946c1e1e40</Data>
<Data Name="TransactionId">{00000000-0000-0000-0000-000000000000}</Data>
<Data Name="AccessList">%%1538
				%%5392
				%%5394
				%%5399
				%%5400
				%%5401
				</Data>
<Data Name="AccessReason">-</Data>
<Data Name="AccessMask">0x00020385</Data>
<Data Name="PrivilegeList">-</Data>
<Data Name="RestrictedSidCount">0</Data>
<Data Name="ProcessId">0x00000000000002ac</Data>
<Data Name="ProcessName">C:\Windows\System32\lsass.exe</Data>
<Data Name="ResourceAttributes">-</Data>
</EventData>
</Event>

<Event xmlns="http://schemas.microsoft.com/win/2004/08/events/event"><System><Provider Name="Microsoft-Windows-Security-Auditing" Guid="{54849625-5478-4994-a5ba-3e3b0328c30d}"></Provider>
<EventID Qualifiers="">4656</EventID>
<Version>1</Version>
<Level>0</Level>
<Task>12803</Task>
<Opcode>0</Opcode>
<Keywords>0x8020000000000000</Keywords>
<TimeCreated SystemTime="2024-07-15 16:31:31.691059+00:00"></TimeCreated>
<EventRecordID>169235</EventRecordID>
<Correlation ActivityID="" RelatedActivityID=""></Correlation>
<Execution ProcessID="4" ThreadID="9120"></Execution>
<Channel>Security</Channel>
<Computer>DESKTOP-EKVR84B</Computer>
<Security UserID=""></Security>
</System>
<EventData><Data Name="SubjectUserSid">S-1-5-21-3576963320-1344788273-4164204335-1001</Data>
<Data Name="SubjectUserName">user</Data>
<Data Name="SubjectDomainName">DESKTOP-EKVR84B</Data>
<Data Name="SubjectLogonId">0x000000000005a45f</Data>
<Data Name="ObjectServer">Security Account Manager</Data>
<Data Name="ObjectType">SAM_USER</Data>
<Data Name="ObjectName">DOMAINS\Account\Users\000003E9</Data>
<Data Name="HandleId">0x000001946c1e2340</Data>
<Data Name="TransactionId">{00000000-0000-0000-0000-000000000000}</Data>
<Data Name="AccessList">%%1538
				%%5440
				%%5441
				%%5442
				%%5443
				%%5444
				%%5446
				%%5448
				%%5449
				</Data>
<Data Name="AccessReason">-</Data>
<Data Name="AccessMask">0x0002035f</Data>
<Data Name="PrivilegeList">-</Data>
<Data Name="RestrictedSidCount">0</Data>
<Data Name="ProcessId">0x00000000000002ac</Data>
<Data Name="ProcessName">C:\Windows\System32\lsass.exe</Data>
<Data Name="ResourceAttributes">-</Data>
</EventData>
</Event>

<Event xmlns="http://schemas.microsoft.com/win/2004/08/events/event"><System><Provider Name="Microsoft-Windows-Security-Auditing" Guid="{54849625-5478-4994-a5ba-3e3b0328c30d}"></Provider>
<EventID Qualifiers="">4658</EventID>
<Version>0</Version>
<Level>0</Level>
<Task>12804</Task>
<Opcode>0</Opcode>
<Keywords>0x8020000000000000</Keywords>
<TimeCreated SystemTime="2024-07-15 16:31:31.691183+00:00"></TimeCreated>
<EventRecordID>169236</EventRecordID>
<Correlation ActivityID="" RelatedActivityID=""></Correlation>
<Execution ProcessID="4" ThreadID="9120"></Execution>
<Channel>Security</Channel>
<Computer>DESKTOP-EKVR84B</Computer>
<Security UserID=""></Security>
</System>
<EventData><Data Name="SubjectUserSid">S-1-5-21-3576963320-1344788273-4164204335-1001</Data>
<Data Name="SubjectUserName">user</Data>
<Data Name="SubjectDomainName">DESKTOP-EKVR84B</Data>
<Data Name="SubjectLogonId">0x000000000005a45f</Data>
<Data Name="ObjectServer">Security Account Manager</Data>
<Data Name="HandleId">0x000001946c1e2340</Data>
<Data Name="ProcessId">0x00000000000002ac</Data>
<Data Name="ProcessName">C:\Windows\System32\lsass.exe</Data>
</EventData>
</Event>

<Event xmlns="http://schemas.microsoft.com/win/2004/08/events/event"><System><Provider Name="Microsoft-Windows-Security-Auditing" Guid="{54849625-5478-4994-a5ba-3e3b0328c30d}"></Provider>
<EventID Qualifiers="">4658</EventID>
<Version>0</Version>
<Level>0</Level>
<Task>12804</Task>
<Opcode>0</Opcode>
<Keywords>0x8020000000000000</Keywords>
<TimeCreated SystemTime="2024-07-15 16:31:31.691233+00:00"></TimeCreated>
<EventRecordID>169237</EventRecordID>
<Correlation ActivityID="" RelatedActivityID=""></Correlation>
<Execution ProcessID="4" ThreadID="9120"></Execution>
<Channel>Security</Channel>
<Computer>DESKTOP-EKVR84B</Computer>
<Security UserID=""></Security>
</System>
<EventData><Data Name="SubjectUserSid">S-1-5-21-3576963320-1344788273-4164204335-1001</Data>
<Data Name="SubjectUserName">user</Data>
<Data Name="SubjectDomainName">DESKTOP-EKVR84B</Data>
<Data Name="SubjectLogonId">0x000000000005a45f</Data>
<Data Name="ObjectServer">Security Account Manager</Data>
<Data Name="HandleId">0x000001946c1e1e40</Data>
<Data Name="ProcessId">0x00000000000002ac</Data>
<Data Name="ProcessName">C:\Windows\System32\lsass.exe</Data>
</EventData>
</Event>

