<Event xmlns="http://schemas.microsoft.com/win/2004/08/events/event"><System><Provider Name="Microsoft-Windows-Security-Auditing" Guid="{54849625-5478-4994-a5ba-3e3b0328c30d}"></Provider>
<EventID Qualifiers="">5156</EventID>
<Version>1</Version>
<Level>0</Level>
<Task>12810</Task>
<Opcode>0</Opcode>
<Keywords>0x8020000000000000</Keywords>
<TimeCreated SystemTime="2024-07-15 16:11:01.092123+00:00"></TimeCreated>
<EventRecordID>168836</EventRecordID>
<Correlation ActivityID="" RelatedActivityID=""></Correlation>
<Execution ProcessID="4" ThreadID="6672"></Execution>
<Channel>Security</Channel>
<Computer>DESKTOP-EKVR84B</Computer>
<Security UserID=""></Security>
</System>
<EventData><Data Name="ProcessID">4664</Data>
<Data Name="Application">\device\harddiskvolume3\windows\system32\svchost.exe</Data>
<Data Name="Direction">%%14592</Data>
<Data Name="SourceAddress">192.168.27.1</Data>
<Data Name="SourcePort">65124</Data>
<Data Name="DestAddress">239.255.255.250</Data>
<Data Name="DestPort">1900</Data>
<Data Name="Protocol">17</Data>
<Data Name="FilterRTID">66842</Data>
<Data Name="LayerName">%%14610</Data>
<Data Name="LayerRTID">44</Data>
<Data Name="RemoteUserID">S-1-0-0</Data>
<Data Name="RemoteMachineID">S-1-0-0</Data>
</EventData>
</Event>

<Event xmlns="http://schemas.microsoft.com/win/2004/08/events/event"><System><Provider Name="Microsoft-Windows-Security-Auditing" Guid="{54849625-5478-4994-a5ba-3e3b0328c30d}"></Provider>
<EventID Qualifiers="">5156</EventID>
<Version>1</Version>
<Level>0</Level>
<Task>12810</Task>
<Opcode>0</Opcode>
<Keywords>0x8020000000000000</Keywords>
<TimeCreated SystemTime="2024-07-15 16:11:04.093662+00:00"></TimeCreated>
<EventRecordID>168837</EventRecordID>
<Correlation ActivityID="" RelatedActivityID=""></Correlation>
<Execution ProcessID="4" ThreadID="6672"></Execution>
<Channel>Security</Channel>
<Computer>DESKTOP-EKVR84B</Computer>
<Security UserID=""></Security>
</System>
<EventData><Data Name="ProcessID">4664</Data>
<Data Name="Application">\device\harddiskvolume3\windows\system32\svchost.exe</Data>
<Data Name="Direction">%%14592</Data>
<Data Name="SourceAddress">127.0.0.1</Data>
<Data Name="SourcePort">50934</Data>
<Data Name="DestAddress">239.255.255.250</Data>
<Data Name="DestPort">1900</Data>
<Data Name="Protocol">17</Data>
<Data Name="FilterRTID">65888</Data>
<Data Name="LayerName">%%14610</Data>
<Data Name="LayerRTID">44</Data>
<Data Name="RemoteUserID">S-1-0-0</Data>
<Data Name="RemoteMachineID">S-1-0-0</Data>
</EventData>
</Event>

<Event xmlns="http://schemas.microsoft.com/win/2004/08/events/event"><System><Provider Name="Microsoft-Windows-Security-Auditing" Guid="{54849625-5478-4994-a5ba-3e3b0328c30d}"></Provider>
<EventID Qualifiers="">5156</EventID>
<Version>1</Version>
<Level>0</Level>
<Task>12810</Task>
<Opcode>0</Opcode>
<Keywords>0x8020000000000000</Keywords>
<TimeCreated SystemTime="2024-07-15 16:11:04.093786+00:00"></TimeCreated>
<EventRecordID>168838</EventRecordID>
<Correlation ActivityID="" RelatedActivityID=""></Correlation>
<Execution ProcessID="4" ThreadID="6672"></Execution>
<Channel>Security</Channel>
<Computer>DESKTOP-EKVR84B</Computer>
<Security UserID=""></Security>
</System>
<EventData><Data Name="ProcessID">4664</Data>
<Data Name="Application">\device\harddiskvolume3\windows\system32\svchost.exe</Data>
<Data Name="Direction">%%14592</Data>
<Data Name="SourceAddress">192.168.27.1</Data>
<Data Name="SourcePort">65124</Data>
<Data Name="DestAddress">239.255.255.250</Data>
<Data Name="DestPort">1900</Data>
<Data Name="Protocol">17</Data>
<Data Name="FilterRTID">66842</Data>
<Data Name="LayerName">%%14610</Data>
<Data Name="LayerRTID">44</Data>
<Data Name="RemoteUserID">S-1-0-0</Data>
<Data Name="RemoteMachineID">S-1-0-0</Data>
</EventData>
</Event>

<Event xmlns="http://schemas.microsoft.com/win/2004/08/events/event"><System><Provider Name="Microsoft-Windows-Security-Auditing" Guid="{54849625-5478-4994-a5ba-3e3b0328c30d}"></Provider>
<EventID Qualifiers="">5158</EventID>
<Version>0</Version>
<Level>0</Level>
<Task>12810</Task>
<Opcode>0</Opcode>
<Keywords>0x8020000000000000</Keywords>
<TimeCreated SystemTime="2024-07-15 16:11:04.578060+00:00"></TimeCreated>
<EventRecordID>168839</EventRecordID>
<Correlation ActivityID="" RelatedActivityID=""></Correlation>
<Execution ProcessID="4" ThreadID="6672"></Execution>
<Channel>Security</Channel>
<Computer>DESKTOP-EKVR84B</Computer>
<Security UserID=""></Security>
</System>
<EventData><Data Name="ProcessId">2316</Data>
<Data Name="Application">\device\harddiskvolume3\windows\system32\svchost.exe</Data>
<Data Name="SourceAddress">::</Data>
<Data Name="SourcePort">60521</Data>
<Data Name="Protocol">17</Data>
<Data Name="FilterRTID">0</Data>
<Data Name="LayerName">%%14608</Data>
<Data Name="LayerRTID">36</Data>
</EventData>
</Event>

<Event xmlns="http://schemas.microsoft.com/win/2004/08/events/event"><System><Provider Name="Microsoft-Windows-Security-Auditing" Guid="{54849625-5478-4994-a5ba-3e3b0328c30d}"></Provider>
<EventID Qualifiers="">5158</EventID>
<Version>0</Version>
<Level>0</Level>
<Task>12810</Task>
<Opcode>0</Opcode>
<Keywords>0x8020000000000000</Keywords>
<TimeCreated SystemTime="2024-07-15 16:11:04.578066+00:00"></TimeCreated>
<EventRecordID>168840</EventRecordID>
<Correlation ActivityID="" RelatedActivityID=""></Correlation>
<Execution ProcessID="4" ThreadID="6672"></Execution>
<Channel>Security</Channel>
<Computer>DESKTOP-EKVR84B</Computer>
<Security UserID=""></Security>
</System>
<EventData><Data Name="ProcessId">2316</Data>
<Data Name="Application">\device\harddiskvolume3\windows\system32\svchost.exe</Data>
<Data Name="SourceAddress">::</Data>
<Data Name="SourcePort">60521</Data>
<Data Name="Protocol">17</Data>
<Data Name="FilterRTID">0</Data>
<Data Name="LayerName">%%14608</Data>
<Data Name="LayerRTID">38</Data>
</EventData>
</Event>

<Event xmlns="http://schemas.microsoft.com/win/2004/08/events/event"><System><Provider Name="Microsoft-Windows-Security-Auditing" Guid="{54849625-5478-4994-a5ba-3e3b0328c30d}"></Provider>
<EventID Qualifiers="">5156</EventID>
<Version>1</Version>
<Level>0</Level>
<Task>12810</Task>
<Opcode>0</Opcode>
<Keywords>0x8020000000000000</Keywords>
<TimeCreated SystemTime="2024-07-15 16:11:04.578627+00:00"></TimeCreated>
<EventRecordID>168841</EventRecordID>
<Correlation ActivityID="" RelatedActivityID=""></Correlation>
<Execution ProcessID="4" ThreadID="6672"></Execution>
<Channel>Security</Channel>
<Computer>DESKTOP-EKVR84B</Computer>
<Security UserID=""></Security>
</System>
<EventData><Data Name="ProcessID">2316</Data>
<Data Name="Application">\device\harddiskvolume3\windows\system32\svchost.exe</Data>
<Data Name="Direction">%%14593</Data>
<Data Name="SourceAddress">192.168.27.159</Data>
<Data Name="SourcePort">60521</Data>
<Data Name="DestAddress">192.168.27.2</Data>
<Data Name="DestPort">53</Data>
<Data Name="Protocol">17</Data>
<Data Name="FilterRTID">67201</Data>
<Data Name="LayerName">%%14611</Data>
<Data Name="LayerRTID">48</Data>
<Data Name="RemoteUserID">S-1-0-0</Data>
<Data Name="RemoteMachineID">S-1-0-0</Data>
</EventData>
</Event>

<Event xmlns="http://schemas.microsoft.com/win/2004/08/events/event"><System><Provider Name="Microsoft-Windows-Security-Auditing" Guid="{54849625-5478-4994-a5ba-3e3b0328c30d}"></Provider>
<EventID Qualifiers="">5158</EventID>
<Version>0</Version>
<Level>0</Level>
<Task>12810</Task>
<Opcode>0</Opcode>
<Keywords>0x8020000000000000</Keywords>
<TimeCreated SystemTime="2024-07-15 16:11:04.585209+00:00"></TimeCreated>
<EventRecordID>168842</EventRecordID>
<Correlation ActivityID="" RelatedActivityID=""></Correlation>
<Execution ProcessID="4" ThreadID="6672"></Execution>
<Channel>Security</Channel>
<Computer>DESKTOP-EKVR84B</Computer>
<Security UserID=""></Security>
</System>
<EventData><Data Name="ProcessId">3392</Data>
<Data Name="Application">\device\harddiskvolume3\programdata\microsoft\windows defender\platform\4.18.24060.7-0\mpdefendercoreservice.exe</Data>
<Data Name="SourceAddress">0.0.0.0</Data>
<Data Name="SourcePort">49841</Data>
<Data Name="Protocol">6</Data>
<Data Name="FilterRTID">0</Data>
<Data Name="LayerName">%%14608</Data>
<Data Name="LayerRTID">36</Data>
</EventData>
</Event>

<Event xmlns="http://schemas.microsoft.com/win/2004/08/events/event"><System><Provider Name="Microsoft-Windows-Security-Auditing" Guid="{54849625-5478-4994-a5ba-3e3b0328c30d}"></Provider>
<EventID Qualifiers="">5156</EventID>
<Version>1</Version>
<Level>0</Level>
<Task>12810</Task>
<Opcode>0</Opcode>
<Keywords>0x8020000000000000</Keywords>
<TimeCreated SystemTime="2024-07-15 16:11:04.585381+00:00"></TimeCreated>
<EventRecordID>168843</EventRecordID>
<Correlation ActivityID="" RelatedActivityID=""></Correlation>
<Execution ProcessID="4" ThreadID="6672"></Execution>
<Channel>Security</Channel>
<Computer>DESKTOP-EKVR84B</Computer>
<Security UserID=""></Security>
</System>
<EventData><Data Name="ProcessID">3392</Data>
<Data Name="Application">\device\harddiskvolume3\programdata\microsoft\windows defender\platform\4.18.24060.7-0\mpdefendercoreservice.exe</Data>
<Data Name="Direction">%%14593</Data>
<Data Name="SourceAddress">192.168.27.159</Data>
<Data Name="SourcePort">49841</Data>
<Data Name="DestAddress">20.189.173.26</Data>
<Data Name="DestPort">443</Data>
<Data Name="Protocol">6</Data>
<Data Name="FilterRTID">67201</Data>
<Data Name="LayerName">%%14611</Data>
<Data Name="LayerRTID">48</Data>
<Data Name="RemoteUserID">S-1-0-0</Data>
<Data Name="RemoteMachineID">S-1-0-0</Data>
</EventData>
</Event>

<Event xmlns="http://schemas.microsoft.com/win/2004/08/events/event"><System><Provider Name="Microsoft-Windows-Security-Auditing" Guid="{54849625-5478-4994-a5ba-3e3b0328c30d}"></Provider>
<EventID Qualifiers="">5156</EventID>
<Version>1</Version>
<Level>0</Level>
<Task>12810</Task>
<Opcode>0</Opcode>
<Keywords>0x8020000000000000</Keywords>
<TimeCreated SystemTime="2024-07-15 16:11:07.107899+00:00"></TimeCreated>
<EventRecordID>168844</EventRecordID>
<Correlation ActivityID="" RelatedActivityID=""></Correlation>
<Execution ProcessID="4" ThreadID="1084"></Execution>
<Channel>Security</Channel>
<Computer>DESKTOP-EKVR84B</Computer>
<Security UserID=""></Security>
</System>
<EventData><Data Name="ProcessID">4664</Data>
<Data Name="Application">\device\harddiskvolume3\windows\system32\svchost.exe</Data>
<Data Name="Direction">%%14592</Data>
<Data Name="SourceAddress">127.0.0.1</Data>
<Data Name="SourcePort">50934</Data>
<Data Name="DestAddress">239.255.255.250</Data>
<Data Name="DestPort">1900</Data>
<Data Name="Protocol">17</Data>
<Data Name="FilterRTID">65888</Data>
<Data Name="LayerName">%%14610</Data>
<Data Name="LayerRTID">44</Data>
<Data Name="RemoteUserID">S-1-0-0</Data>
<Data Name="RemoteMachineID">S-1-0-0</Data>
</EventData>
</Event>

<Event xmlns="http://schemas.microsoft.com/win/2004/08/events/event"><System><Provider Name="Microsoft-Windows-Security-Auditing" Guid="{54849625-5478-4994-a5ba-3e3b0328c30d}"></Provider>
<EventID Qualifiers="">5156</EventID>
<Version>1</Version>
<Level>0</Level>
<Task>12810</Task>
<Opcode>0</Opcode>
<Keywords>0x8020000000000000</Keywords>
<TimeCreated SystemTime="2024-07-15 16:11:07.107904+00:00"></TimeCreated>
<EventRecordID>168845</EventRecordID>
<Correlation ActivityID="" RelatedActivityID=""></Correlation>
<Execution ProcessID="4" ThreadID="1084"></Execution>
<Channel>Security</Channel>
<Computer>DESKTOP-EKVR84B</Computer>
<Security UserID=""></Security>
</System>
<EventData><Data Name="ProcessID">4664</Data>
<Data Name="Application">\device\harddiskvolume3\windows\system32\svchost.exe</Data>
<Data Name="Direction">%%14592</Data>
<Data Name="SourceAddress">192.168.27.1</Data>
<Data Name="SourcePort">65124</Data>
<Data Name="DestAddress">239.255.255.250</Data>
<Data Name="DestPort">1900</Data>
<Data Name="Protocol">17</Data>
<Data Name="FilterRTID">66842</Data>
<Data Name="LayerName">%%14610</Data>
<Data Name="LayerRTID">44</Data>
<Data Name="RemoteUserID">S-1-0-0</Data>
<Data Name="RemoteMachineID">S-1-0-0</Data>
</EventData>
</Event>

<Event xmlns="http://schemas.microsoft.com/win/2004/08/events/event"><System><Provider Name="Microsoft-Windows-Security-Auditing" Guid="{54849625-5478-4994-a5ba-3e3b0328c30d}"></Provider>
<EventID Qualifiers="">4656</EventID>
<Version>1</Version>
<Level>0</Level>
<Task>12803</Task>
<Opcode>0</Opcode>
<Keywords>0x8020000000000000</Keywords>
<TimeCreated SystemTime="2024-07-15 16:11:10.090500+00:00"></TimeCreated>
<EventRecordID>168846</EventRecordID>
<Correlation ActivityID="" RelatedActivityID=""></Correlation>
<Execution ProcessID="4" ThreadID="6672"></Execution>
<Channel>Security</Channel>
<Computer>DESKTOP-EKVR84B</Computer>
<Security UserID=""></Security>
</System>
<EventData><Data Name="SubjectUserSid">S-1-5-21-3576963320-1344788273-4164204335-1001</Data>
<Data Name="SubjectUserName">user</Data>
<Data Name="SubjectDomainName">DESKTOP-EKVR84B</Data>
<Data Name="SubjectLogonId">0x000000000005a45f</Data>
<Data Name="ObjectServer">Security Account Manager</Data>
<Data Name="ObjectType">SAM_SERVER</Data>
<Data Name="ObjectName">SAM</Data>
<Data Name="HandleId">0x000001946c1e0540</Data>
<Data Name="TransactionId">{00000000-0000-0000-0000-000000000000}</Data>
<Data Name="AccessList">%%1538
				%%5376
				%%5380
				%%5381
				</Data>
<Data Name="AccessReason">-</Data>
<Data Name="AccessMask">0x00020031</Data>
<Data Name="PrivilegeList">-</Data>
<Data Name="RestrictedSidCount">0</Data>
<Data Name="ProcessId">0x00000000000002ac</Data>
<Data Name="ProcessName">C:\Windows\System32\lsass.exe</Data>
<Data Name="ResourceAttributes">-</Data>
</EventData>
</Event>

<Event xmlns="http://schemas.microsoft.com/win/2004/08/events/event"><System><Provider Name="Microsoft-Windows-Security-Auditing" Guid="{54849625-5478-4994-a5ba-3e3b0328c30d}"></Provider>
<EventID Qualifiers="">4656</EventID>
<Version>1</Version>
<Level>0</Level>
<Task>12803</Task>
<Opcode>0</Opcode>
<Keywords>0x8020000000000000</Keywords>
<TimeCreated SystemTime="2024-07-15 16:11:10.090508+00:00"></TimeCreated>
<EventRecordID>168847</EventRecordID>
<Correlation ActivityID="" RelatedActivityID=""></Correlation>
<Execution ProcessID="4" ThreadID="6672"></Execution>
<Channel>Security</Channel>
<Computer>DESKTOP-EKVR84B</Computer>
<Security UserID=""></Security>
</System>
<EventData><Data Name="SubjectUserSid">S-1-5-21-3576963320-1344788273-4164204335-1001</Data>
<Data Name="SubjectUserName">user</Data>
<Data Name="SubjectDomainName">DESKTOP-EKVR84B</Data>
<Data Name="SubjectLogonId">0x000000000005a45f</Data>
<Data Name="ObjectServer">Security Account Manager</Data>
<Data Name="ObjectType">SAM_DOMAIN</Data>
<Data Name="ObjectName">DESKTOP-EKVR84B</Data>
<Data Name="HandleId">0x000001946c1e1e40</Data>
<Data Name="TransactionId">{00000000-0000-0000-0000-000000000000}</Data>
<Data Name="AccessList">%%1538
				%%5392
				%%5394
				%%5399
				%%5400
				%%5401
				</Data>
<Data Name="AccessReason">-</Data>
<Data Name="AccessMask">0x00020385</Data>
<Data Name="PrivilegeList">-</Data>
<Data Name="RestrictedSidCount">0</Data>
<Data Name="ProcessId">0x00000000000002ac</Data>
<Data Name="ProcessName">C:\Windows\System32\lsass.exe</Data>
<Data Name="ResourceAttributes">-</Data>
</EventData>
</Event>

<Event xmlns="http://schemas.microsoft.com/win/2004/08/events/event"><System><Provider Name="Microsoft-Windows-Security-Auditing" Guid="{54849625-5478-4994-a5ba-3e3b0328c30d}"></Provider>
<EventID Qualifiers="">4656</EventID>
<Version>1</Version>
<Level>0</Level>
<Task>12803</Task>
<Opcode>0</Opcode>
<Keywords>0x8020000000000000</Keywords>
<TimeCreated SystemTime="2024-07-15 16:11:10.090717+00:00"></TimeCreated>
<EventRecordID>168848</EventRecordID>
<Correlation ActivityID="" RelatedActivityID=""></Correlation>
<Execution ProcessID="4" ThreadID="6672"></Execution>
<Channel>Security</Channel>
<Computer>DESKTOP-EKVR84B</Computer>
<Security UserID=""></Security>
</System>
<EventData><Data Name="SubjectUserSid">S-1-5-21-3576963320-1344788273-4164204335-1001</Data>
<Data Name="SubjectUserName">user</Data>
<Data Name="SubjectDomainName">DESKTOP-EKVR84B</Data>
<Data Name="SubjectLogonId">0x000000000005a45f</Data>
<Data Name="ObjectServer">Security Account Manager</Data>
<Data Name="ObjectType">SAM_USER</Data>
<Data Name="ObjectName">DOMAINS\Account\Users\000003E9</Data>
<Data Name="HandleId">0x000001946c1e1440</Data>
<Data Name="TransactionId">{00000000-0000-0000-0000-000000000000}</Data>
<Data Name="AccessList">%%1538
				%%5440
				%%5441
				%%5442
				%%5443
				%%5444
				%%5446
				%%5448
				%%5449
				</Data>
<Data Name="AccessReason">-</Data>
<Data Name="AccessMask">0x0002035f</Data>
<Data Name="PrivilegeList">-</Data>
<Data Name="RestrictedSidCount">0</Data>
<Data Name="ProcessId">0x00000000000002ac</Data>
<Data Name="ProcessName">C:\Windows\System32\lsass.exe</Data>
<Data Name="ResourceAttributes">-</Data>
</EventData>
</Event>

<Event xmlns="http://schemas.microsoft.com/win/2004/08/events/event"><System><Provider Name="Microsoft-Windows-Security-Auditing" Guid="{54849625-5478-4994-a5ba-3e3b0328c30d}"></Provider>
<EventID Qualifiers="">4658</EventID>
<Version>0</Version>
<Level>0</Level>
<Task>12804</Task>
<Opcode>0</Opcode>
<Keywords>0x8020000000000000</Keywords>
<TimeCreated SystemTime="2024-07-15 16:11:10.090834+00:00"></TimeCreated>
<EventRecordID>168849</EventRecordID>
<Correlation ActivityID="" RelatedActivityID=""></Correlation>
<Execution ProcessID="4" ThreadID="6672"></Execution>
<Channel>Security</Channel>
<Computer>DESKTOP-EKVR84B</Computer>
<Security UserID=""></Security>
</System>
<EventData><Data Name="SubjectUserSid">S-1-5-21-3576963320-1344788273-4164204335-1001</Data>
<Data Name="SubjectUserName">user</Data>
<Data Name="SubjectDomainName">DESKTOP-EKVR84B</Data>
<Data Name="SubjectLogonId">0x000000000005a45f</Data>
<Data Name="ObjectServer">Security Account Manager</Data>
<Data Name="HandleId">0x000001946c1e1440</Data>
<Data Name="ProcessId">0x00000000000002ac</Data>
<Data Name="ProcessName">C:\Windows\System32\lsass.exe</Data>
</EventData>
</Event>

<Event xmlns="http://schemas.microsoft.com/win/2004/08/events/event"><System><Provider Name="Microsoft-Windows-Security-Auditing" Guid="{54849625-5478-4994-a5ba-3e3b0328c30d}"></Provider>
<EventID Qualifiers="">4658</EventID>
<Version>0</Version>
<Level>0</Level>
<Task>12804</Task>
<Opcode>0</Opcode>
<Keywords>0x8020000000000000</Keywords>
<TimeCreated SystemTime="2024-07-15 16:11:10.090878+00:00"></TimeCreated>
<EventRecordID>168850</EventRecordID>
<Correlation ActivityID="" RelatedActivityID=""></Correlation>
<Execution ProcessID="4" ThreadID="6672"></Execution>
<Channel>Security</Channel>
<Computer>DESKTOP-EKVR84B</Computer>
<Security UserID=""></Security>
</System>
<EventData><Data Name="SubjectUserSid">S-1-5-21-3576963320-1344788273-4164204335-1001</Data>
<Data Name="SubjectUserName">user</Data>
<Data Name="SubjectDomainName">DESKTOP-EKVR84B</Data>
<Data Name="SubjectLogonId">0x000000000005a45f</Data>
<Data Name="ObjectServer">Security Account Manager</Data>
<Data Name="HandleId">0x000001946c1e1e40</Data>
<Data Name="ProcessId">0x00000000000002ac</Data>
<Data Name="ProcessName">C:\Windows\System32\lsass.exe</Data>
</EventData>
</Event>

<Event xmlns="http://schemas.microsoft.com/win/2004/08/events/event"><System><Provider Name="Microsoft-Windows-Security-Auditing" Guid="{54849625-5478-4994-a5ba-3e3b0328c30d}"></Provider>
<EventID Qualifiers="">4658</EventID>
<Version>0</Version>
<Level>0</Level>
<Task>12804</Task>
<Opcode>0</Opcode>
<Keywords>0x8020000000000000</Keywords>
<TimeCreated SystemTime="2024-07-15 16:11:10.090902+00:00"></TimeCreated>
<EventRecordID>168851</EventRecordID>
<Correlation ActivityID="" RelatedActivityID=""></Correlation>
<Execution ProcessID="4" ThreadID="6672"></Execution>
<Channel>Security</Channel>
<Computer>DESKTOP-EKVR84B</Computer>
<Security UserID=""></Security>
</System>
<EventData><Data Name="SubjectUserSid">S-1-5-21-3576963320-1344788273-4164204335-1001</Data>
<Data Name="SubjectUserName">user</Data>
<Data Name="SubjectDomainName">DESKTOP-EKVR84B</Data>
<Data Name="SubjectLogonId">0x000000000005a45f</Data>
<Data Name="ObjectServer">Security Account Manager</Data>
<Data Name="HandleId">0x000001946c1e0540</Data>
<Data Name="ProcessId">0x00000000000002ac</Data>
<Data Name="ProcessName">C:\Windows\System32\lsass.exe</Data>
</EventData>
</Event>

<Event xmlns="http://schemas.microsoft.com/win/2004/08/events/event"><System><Provider Name="Microsoft-Windows-Security-Auditing" Guid="{54849625-5478-4994-a5ba-3e3b0328c30d}"></Provider>
<EventID Qualifiers="">5156</EventID>
<Version>1</Version>
<Level>0</Level>
<Task>12810</Task>
<Opcode>0</Opcode>
<Keywords>0x8020000000000000</Keywords>
<TimeCreated SystemTime="2024-07-15 16:11:10.122757+00:00"></TimeCreated>
<EventRecordID>168852</EventRecordID>
<Correlation ActivityID="" RelatedActivityID=""></Correlation>
<Execution ProcessID="4" ThreadID="6672"></Execution>
<Channel>Security</Channel>
<Computer>DESKTOP-EKVR84B</Computer>
<Security UserID=""></Security>
</System>
<EventData><Data Name="ProcessID">4664</Data>
<Data Name="Application">\device\harddiskvolume3\windows\system32\svchost.exe</Data>
<Data Name="Direction">%%14592</Data>
<Data Name="SourceAddress">127.0.0.1</Data>
<Data Name="SourcePort">50934</Data>
<Data Name="DestAddress">239.255.255.250</Data>
<Data Name="DestPort">1900</Data>
<Data Name="Protocol">17</Data>
<Data Name="FilterRTID">65888</Data>
<Data Name="LayerName">%%14610</Data>
<Data Name="LayerRTID">44</Data>
<Data Name="RemoteUserID">S-1-0-0</Data>
<Data Name="RemoteMachineID">S-1-0-0</Data>
</EventData>
</Event>

<Event xmlns="http://schemas.microsoft.com/win/2004/08/events/event"><System><Provider Name="Microsoft-Windows-Security-Auditing" Guid="{54849625-5478-4994-a5ba-3e3b0328c30d}"></Provider>
<EventID Qualifiers="">5156</EventID>
<Version>1</Version>
<Level>0</Level>
<Task>12810</Task>
<Opcode>0</Opcode>
<Keywords>0x8020000000000000</Keywords>
<TimeCreated SystemTime="2024-07-15 16:11:10.122942+00:00"></TimeCreated>
<EventRecordID>168853</EventRecordID>
<Correlation ActivityID="" RelatedActivityID=""></Correlation>
<Execution ProcessID="4" ThreadID="6672"></Execution>
<Channel>Security</Channel>
<Computer>DESKTOP-EKVR84B</Computer>
<Security UserID=""></Security>
</System>
<EventData><Data Name="ProcessID">4664</Data>
<Data Name="Application">\device\harddiskvolume3\windows\system32\svchost.exe</Data>
<Data Name="Direction">%%14592</Data>
<Data Name="SourceAddress">192.168.27.1</Data>
<Data Name="SourcePort">65124</Data>
<Data Name="DestAddress">239.255.255.250</Data>
<Data Name="DestPort">1900</Data>
<Data Name="Protocol">17</Data>
<Data Name="FilterRTID">66842</Data>
<Data Name="LayerName">%%14610</Data>
<Data Name="LayerRTID">44</Data>
<Data Name="RemoteUserID">S-1-0-0</Data>
<Data Name="RemoteMachineID">S-1-0-0</Data>
</EventData>
</Event>

<Event xmlns="http://schemas.microsoft.com/win/2004/08/events/event"><System><Provider Name="Microsoft-Windows-Security-Auditing" Guid="{54849625-5478-4994-a5ba-3e3b0328c30d}"></Provider>
<EventID Qualifiers="">5158</EventID>
<Version>0</Version>
<Level>0</Level>
<Task>12810</Task>
<Opcode>0</Opcode>
<Keywords>0x8020000000000000</Keywords>
<TimeCreated SystemTime="2024-07-15 16:11:11.322922+00:00"></TimeCreated>
<EventRecordID>168854</EventRecordID>
<Correlation ActivityID="" RelatedActivityID=""></Correlation>
<Execution ProcessID="4" ThreadID="1072"></Execution>
<Channel>Security</Channel>
<Computer>DESKTOP-EKVR84B</Computer>
<Security UserID=""></Security>
</System>
<EventData><Data Name="ProcessId">2316</Data>
<Data Name="Application">\device\harddiskvolume3\windows\system32\svchost.exe</Data>
<Data Name="SourceAddress">::</Data>
<Data Name="SourcePort">51487</Data>
<Data Name="Protocol">17</Data>
<Data Name="FilterRTID">0</Data>
<Data Name="LayerName">%%14608</Data>
<Data Name="LayerRTID">36</Data>
</EventData>
</Event>

<Event xmlns="http://schemas.microsoft.com/win/2004/08/events/event"><System><Provider Name="Microsoft-Windows-Security-Auditing" Guid="{54849625-5478-4994-a5ba-3e3b0328c30d}"></Provider>
<EventID Qualifiers="">5158</EventID>
<Version>0</Version>
<Level>0</Level>
<Task>12810</Task>
<Opcode>0</Opcode>
<Keywords>0x8020000000000000</Keywords>
<TimeCreated SystemTime="2024-07-15 16:11:11.322929+00:00"></TimeCreated>
<EventRecordID>168855</EventRecordID>
<Correlation ActivityID="" RelatedActivityID=""></Correlation>
<Execution ProcessID="4" ThreadID="1072"></Execution>
<Channel>Security</Channel>
<Computer>DESKTOP-EKVR84B</Computer>
<Security UserID=""></Security>
</System>
<EventData><Data Name="ProcessId">2316</Data>
<Data Name="Application">\device\harddiskvolume3\windows\system32\svchost.exe</Data>
<Data Name="SourceAddress">::</Data>
<Data Name="SourcePort">51487</Data>
<Data Name="Protocol">17</Data>
<Data Name="FilterRTID">0</Data>
<Data Name="LayerName">%%14608</Data>
<Data Name="LayerRTID">38</Data>
</EventData>
</Event>

<Event xmlns="http://schemas.microsoft.com/win/2004/08/events/event"><System><Provider Name="Microsoft-Windows-Security-Auditing" Guid="{54849625-5478-4994-a5ba-3e3b0328c30d}"></Provider>
<EventID Qualifiers="">5156</EventID>
<Version>1</Version>
<Level>0</Level>
<Task>12810</Task>
<Opcode>0</Opcode>
<Keywords>0x8020000000000000</Keywords>
<TimeCreated SystemTime="2024-07-15 16:11:11.323143+00:00"></TimeCreated>
<EventRecordID>168856</EventRecordID>
<Correlation ActivityID="" RelatedActivityID=""></Correlation>
<Execution ProcessID="4" ThreadID="1072"></Execution>
<Channel>Security</Channel>
<Computer>DESKTOP-EKVR84B</Computer>
<Security UserID=""></Security>
</System>
<EventData><Data Name="ProcessID">2316</Data>
<Data Name="Application">\device\harddiskvolume3\windows\system32\svchost.exe</Data>
<Data Name="Direction">%%14593</Data>
<Data Name="SourceAddress">192.168.27.159</Data>
<Data Name="SourcePort">51487</Data>
<Data Name="DestAddress">192.168.27.2</Data>
<Data Name="DestPort">53</Data>
<Data Name="Protocol">17</Data>
<Data Name="FilterRTID">67201</Data>
<Data Name="LayerName">%%14611</Data>
<Data Name="LayerRTID">48</Data>
<Data Name="RemoteUserID">S-1-0-0</Data>
<Data Name="RemoteMachineID">S-1-0-0</Data>
</EventData>
</Event>

<Event xmlns="http://schemas.microsoft.com/win/2004/08/events/event"><System><Provider Name="Microsoft-Windows-Security-Auditing" Guid="{54849625-5478-4994-a5ba-3e3b0328c30d}"></Provider>
<EventID Qualifiers="">5158</EventID>
<Version>0</Version>
<Level>0</Level>
<Task>12810</Task>
<Opcode>0</Opcode>
<Keywords>0x8020000000000000</Keywords>
<TimeCreated SystemTime="2024-07-15 16:11:11.328625+00:00"></TimeCreated>
<EventRecordID>168857</EventRecordID>
<Correlation ActivityID="" RelatedActivityID=""></Correlation>
<Execution ProcessID="4" ThreadID="1072"></Execution>
<Channel>Security</Channel>
<Computer>DESKTOP-EKVR84B</Computer>
<Security UserID=""></Security>
</System>
<EventData><Data Name="ProcessId">8952</Data>
<Data Name="Application">\device\harddiskvolume3\windows\system32\backgroundtaskhost.exe</Data>
<Data Name="SourceAddress">0.0.0.0</Data>
<Data Name="SourcePort">49842</Data>
<Data Name="Protocol">6</Data>
<Data Name="FilterRTID">0</Data>
<Data Name="LayerName">%%14608</Data>
<Data Name="LayerRTID">36</Data>
</EventData>
</Event>

<Event xmlns="http://schemas.microsoft.com/win/2004/08/events/event"><System><Provider Name="Microsoft-Windows-Security-Auditing" Guid="{54849625-5478-4994-a5ba-3e3b0328c30d}"></Provider>
<EventID Qualifiers="">5156</EventID>
<Version>1</Version>
<Level>0</Level>
<Task>12810</Task>
<Opcode>0</Opcode>
<Keywords>0x8020000000000000</Keywords>
<TimeCreated SystemTime="2024-07-15 16:11:11.328802+00:00"></TimeCreated>
<EventRecordID>168858</EventRecordID>
<Correlation ActivityID="" RelatedActivityID=""></Correlation>
<Execution ProcessID="4" ThreadID="1072"></Execution>
<Channel>Security</Channel>
<Computer>DESKTOP-EKVR84B</Computer>
<Security UserID=""></Security>
</System>
<EventData><Data Name="ProcessID">8952</Data>
<Data Name="Application">\device\harddiskvolume3\windows\system32\backgroundtaskhost.exe</Data>
<Data Name="Direction">%%14593</Data>
<Data Name="SourceAddress">192.168.27.159</Data>
<Data Name="SourcePort">49842</Data>
<Data Name="DestAddress">13.107.21.237</Data>
<Data Name="DestPort">443</Data>
<Data Name="Protocol">6</Data>
<Data Name="FilterRTID">67226</Data>
<Data Name="LayerName">%%14611</Data>
<Data Name="LayerRTID">48</Data>
<Data Name="RemoteUserID">S-1-0-0</Data>
<Data Name="RemoteMachineID">S-1-0-0</Data>
</EventData>
</Event>

<Event xmlns="http://schemas.microsoft.com/win/2004/08/events/event"><System><Provider Name="Microsoft-Windows-Security-Auditing" Guid="{54849625-5478-4994-a5ba-3e3b0328c30d}"></Provider>
<EventID Qualifiers="">5158</EventID>
<Version>0</Version>
<Level>0</Level>
<Task>12810</Task>
<Opcode>0</Opcode>
<Keywords>0x8020000000000000</Keywords>
<TimeCreated SystemTime="2024-07-15 16:11:11.427393+00:00"></TimeCreated>
<EventRecordID>168859</EventRecordID>
<Correlation ActivityID="" RelatedActivityID=""></Correlation>
<Execution ProcessID="4" ThreadID="1072"></Execution>
<Channel>Security</Channel>
<Computer>DESKTOP-EKVR84B</Computer>
<Security UserID=""></Security>
</System>
<EventData><Data Name="ProcessId">2316</Data>
<Data Name="Application">\device\harddiskvolume3\windows\system32\svchost.exe</Data>
<Data Name="SourceAddress">::</Data>
<Data Name="SourcePort">55247</Data>
<Data Name="Protocol">17</Data>
<Data Name="FilterRTID">0</Data>
<Data Name="LayerName">%%14608</Data>
<Data Name="LayerRTID">36</Data>
</EventData>
</Event>

<Event xmlns="http://schemas.microsoft.com/win/2004/08/events/event"><System><Provider Name="Microsoft-Windows-Security-Auditing" Guid="{54849625-5478-4994-a5ba-3e3b0328c30d}"></Provider>
<EventID Qualifiers="">5158</EventID>
<Version>0</Version>
<Level>0</Level>
<Task>12810</Task>
<Opcode>0</Opcode>
<Keywords>0x8020000000000000</Keywords>
<TimeCreated SystemTime="2024-07-15 16:11:11.427399+00:00"></TimeCreated>
<EventRecordID>168860</EventRecordID>
<Correlation ActivityID="" RelatedActivityID=""></Correlation>
<Execution ProcessID="4" ThreadID="1072"></Execution>
<Channel>Security</Channel>
<Computer>DESKTOP-EKVR84B</Computer>
<Security UserID=""></Security>
</System>
<EventData><Data Name="ProcessId">2316</Data>
<Data Name="Application">\device\harddiskvolume3\windows\system32\svchost.exe</Data>
<Data Name="SourceAddress">::</Data>
<Data Name="SourcePort">55247</Data>
<Data Name="Protocol">17</Data>
<Data Name="FilterRTID">0</Data>
<Data Name="LayerName">%%14608</Data>
<Data Name="LayerRTID">38</Data>
</EventData>
</Event>

<Event xmlns="http://schemas.microsoft.com/win/2004/08/events/event"><System><Provider Name="Microsoft-Windows-Security-Auditing" Guid="{54849625-5478-4994-a5ba-3e3b0328c30d}"></Provider>
<EventID Qualifiers="">5156</EventID>
<Version>1</Version>
<Level>0</Level>
<Task>12810</Task>
<Opcode>0</Opcode>
<Keywords>0x8020000000000000</Keywords>
<TimeCreated SystemTime="2024-07-15 16:11:11.427490+00:00"></TimeCreated>
<EventRecordID>168861</EventRecordID>
<Correlation ActivityID="" RelatedActivityID=""></Correlation>
<Execution ProcessID="4" ThreadID="1072"></Execution>
<Channel>Security</Channel>
<Computer>DESKTOP-EKVR84B</Computer>
<Security UserID=""></Security>
</System>
<EventData><Data Name="ProcessID">2316</Data>
<Data Name="Application">\device\harddiskvolume3\windows\system32\svchost.exe</Data>
<Data Name="Direction">%%14593</Data>
<Data Name="SourceAddress">192.168.27.159</Data>
<Data Name="SourcePort">55247</Data>
<Data Name="DestAddress">192.168.27.2</Data>
<Data Name="DestPort">53</Data>
<Data Name="Protocol">17</Data>
<Data Name="FilterRTID">67201</Data>
<Data Name="LayerName">%%14611</Data>
<Data Name="LayerRTID">48</Data>
<Data Name="RemoteUserID">S-1-0-0</Data>
<Data Name="RemoteMachineID">S-1-0-0</Data>
</EventData>
</Event>

<Event xmlns="http://schemas.microsoft.com/win/2004/08/events/event"><System><Provider Name="Microsoft-Windows-Security-Auditing" Guid="{54849625-5478-4994-a5ba-3e3b0328c30d}"></Provider>
<EventID Qualifiers="">5158</EventID>
<Version>0</Version>
<Level>0</Level>
<Task>12810</Task>
<Opcode>0</Opcode>
<Keywords>0x8020000000000000</Keywords>
<TimeCreated SystemTime="2024-07-15 16:11:11.431700+00:00"></TimeCreated>
<EventRecordID>168862</EventRecordID>
<Correlation ActivityID="" RelatedActivityID=""></Correlation>
<Execution ProcessID="4" ThreadID="1072"></Execution>
<Channel>Security</Channel>
<Computer>DESKTOP-EKVR84B</Computer>
<Security UserID=""></Security>
</System>
<EventData><Data Name="ProcessId">8952</Data>
<Data Name="Application">\device\harddiskvolume3\windows\system32\backgroundtaskhost.exe</Data>
<Data Name="SourceAddress">0.0.0.0</Data>
<Data Name="SourcePort">49843</Data>
<Data Name="Protocol">6</Data>
<Data Name="FilterRTID">0</Data>
<Data Name="LayerName">%%14608</Data>
<Data Name="LayerRTID">36</Data>
</EventData>
</Event>

<Event xmlns="http://schemas.microsoft.com/win/2004/08/events/event"><System><Provider Name="Microsoft-Windows-Security-Auditing" Guid="{54849625-5478-4994-a5ba-3e3b0328c30d}"></Provider>
<EventID Qualifiers="">5156</EventID>
<Version>1</Version>
<Level>0</Level>
<Task>12810</Task>
<Opcode>0</Opcode>
<Keywords>0x8020000000000000</Keywords>
<TimeCreated SystemTime="2024-07-15 16:11:11.431856+00:00"></TimeCreated>
<EventRecordID>168863</EventRecordID>
<Correlation ActivityID="" RelatedActivityID=""></Correlation>
<Execution ProcessID="4" ThreadID="1072"></Execution>
<Channel>Security</Channel>
<Computer>DESKTOP-EKVR84B</Computer>
<Security UserID=""></Security>
</System>
<EventData><Data Name="ProcessID">8952</Data>
<Data Name="Application">\device\harddiskvolume3\windows\system32\backgroundtaskhost.exe</Data>
<Data Name="Direction">%%14593</Data>
<Data Name="SourceAddress">192.168.27.159</Data>
<Data Name="SourcePort">49843</Data>
<Data Name="DestAddress">13.107.21.237</Data>
<Data Name="DestPort">443</Data>
<Data Name="Protocol">6</Data>
<Data Name="FilterRTID">67226</Data>
<Data Name="LayerName">%%14611</Data>
<Data Name="LayerRTID">48</Data>
<Data Name="RemoteUserID">S-1-0-0</Data>
<Data Name="RemoteMachineID">S-1-0-0</Data>
</EventData>
</Event>

<Event xmlns="http://schemas.microsoft.com/win/2004/08/events/event"><System><Provider Name="Microsoft-Windows-Security-Auditing" Guid="{54849625-5478-4994-a5ba-3e3b0328c30d}"></Provider>
<EventID Qualifiers="">4656</EventID>
<Version>1</Version>
<Level>0</Level>
<Task>12803</Task>
<Opcode>0</Opcode>
<Keywords>0x8020000000000000</Keywords>
<TimeCreated SystemTime="2024-07-15 16:11:13.190247+00:00"></TimeCreated>
<EventRecordID>168864</EventRecordID>
<Correlation ActivityID="" RelatedActivityID=""></Correlation>
<Execution ProcessID="4" ThreadID="3076"></Execution>
<Channel>Security</Channel>
<Computer>DESKTOP-EKVR84B</Computer>
<Security UserID=""></Security>
</System>
<EventData><Data Name="SubjectUserSid">S-1-5-21-3576963320-1344788273-4164204335-1001</Data>
<Data Name="SubjectUserName">user</Data>
<Data Name="SubjectDomainName">DESKTOP-EKVR84B</Data>
<Data Name="SubjectLogonId">0x000000000005a45f</Data>
<Data Name="ObjectServer">Security Account Manager</Data>
<Data Name="ObjectType">SAM_SERVER</Data>
<Data Name="ObjectName">SAM</Data>
<Data Name="HandleId">0x000001946c1e2840</Data>
<Data Name="TransactionId">{00000000-0000-0000-0000-000000000000}</Data>
<Data Name="AccessList">%%1538
				%%5376
				%%5380
				%%5381
				</Data>
<Data Name="AccessReason">-</Data>
<Data Name="AccessMask">0x00020031</Data>
<Data Name="PrivilegeList">-</Data>
<Data Name="RestrictedSidCount">0</Data>
<Data Name="ProcessId">0x00000000000002ac</Data>
<Data Name="ProcessName">C:\Windows\System32\lsass.exe</Data>
<Data Name="ResourceAttributes">-</Data>
</EventData>
</Event>

<Event xmlns="http://schemas.microsoft.com/win/2004/08/events/event"><System><Provider Name="Microsoft-Windows-Security-Auditing" Guid="{54849625-5478-4994-a5ba-3e3b0328c30d}"></Provider>
<EventID Qualifiers="">4656</EventID>
<Version>1</Version>
<Level>0</Level>
<Task>12803</Task>
<Opcode>0</Opcode>
<Keywords>0x8020000000000000</Keywords>
<TimeCreated SystemTime="2024-07-15 16:11:13.190292+00:00"></TimeCreated>
<EventRecordID>168865</EventRecordID>
<Correlation ActivityID="" RelatedActivityID=""></Correlation>
<Execution ProcessID="4" ThreadID="3076"></Execution>
<Channel>Security</Channel>
<Computer>DESKTOP-EKVR84B</Computer>
<Security UserID=""></Security>
</System>
<EventData><Data Name="SubjectUserSid">S-1-5-21-3576963320-1344788273-4164204335-1001</Data>
<Data Name="SubjectUserName">user</Data>
<Data Name="SubjectDomainName">DESKTOP-EKVR84B</Data>
<Data Name="SubjectLogonId">0x000000000005a45f</Data>
<Data Name="ObjectServer">Security Account Manager</Data>
<Data Name="ObjectType">SAM_DOMAIN</Data>
<Data Name="ObjectName">DESKTOP-EKVR84B</Data>
<Data Name="HandleId">0x000001946c1e0f40</Data>
<Data Name="TransactionId">{00000000-0000-0000-0000-000000000000}</Data>
<Data Name="AccessList">%%1538
				%%5392
				%%5394
				%%5399
				%%5400
				%%5401
				</Data>
<Data Name="AccessReason">-</Data>
<Data Name="AccessMask">0x00020385</Data>
<Data Name="PrivilegeList">-</Data>
<Data Name="RestrictedSidCount">0</Data>
<Data Name="ProcessId">0x00000000000002ac</Data>
<Data Name="ProcessName">C:\Windows\System32\lsass.exe</Data>
<Data Name="ResourceAttributes">-</Data>
</EventData>
</Event>

<Event xmlns="http://schemas.microsoft.com/win/2004/08/events/event"><System><Provider Name="Microsoft-Windows-Security-Auditing" Guid="{54849625-5478-4994-a5ba-3e3b0328c30d}"></Provider>
<EventID Qualifiers="">4656</EventID>
<Version>1</Version>
<Level>0</Level>
<Task>12803</Task>
<Opcode>0</Opcode>
<Keywords>0x8020000000000000</Keywords>
<TimeCreated SystemTime="2024-07-15 16:11:13.190447+00:00"></TimeCreated>
<EventRecordID>168866</EventRecordID>
<Correlation ActivityID="" RelatedActivityID=""></Correlation>
<Execution ProcessID="4" ThreadID="3076"></Execution>
<Channel>Security</Channel>
<Computer>DESKTOP-EKVR84B</Computer>
<Security UserID=""></Security>
</System>
<EventData><Data Name="SubjectUserSid">S-1-5-21-3576963320-1344788273-4164204335-1001</Data>
<Data Name="SubjectUserName">user</Data>
<Data Name="SubjectDomainName">DESKTOP-EKVR84B</Data>
<Data Name="SubjectLogonId">0x000000000005a45f</Data>
<Data Name="ObjectServer">Security Account Manager</Data>
<Data Name="ObjectType">SAM_USER</Data>
<Data Name="ObjectName">DOMAINS\Account\Users\000003E9</Data>
<Data Name="HandleId">0x000001946c1e1440</Data>
<Data Name="TransactionId">{00000000-0000-0000-0000-000000000000}</Data>
<Data Name="AccessList">%%1538
				%%5440
				%%5441
				%%5442
				%%5443
				%%5444
				%%5446
				%%5448
				%%5449
				</Data>
<Data Name="AccessReason">-</Data>
<Data Name="AccessMask">0x0002035f</Data>
<Data Name="PrivilegeList">-</Data>
<Data Name="RestrictedSidCount">0</Data>
<Data Name="ProcessId">0x00000000000002ac</Data>
<Data Name="ProcessName">C:\Windows\System32\lsass.exe</Data>
<Data Name="ResourceAttributes">-</Data>
</EventData>
</Event>

<Event xmlns="http://schemas.microsoft.com/win/2004/08/events/event"><System><Provider Name="Microsoft-Windows-Security-Auditing" Guid="{54849625-5478-4994-a5ba-3e3b0328c30d}"></Provider>
<EventID Qualifiers="">4658</EventID>
<Version>0</Version>
<Level>0</Level>
<Task>12804</Task>
<Opcode>0</Opcode>
<Keywords>0x8020000000000000</Keywords>
<TimeCreated SystemTime="2024-07-15 16:11:13.190517+00:00"></TimeCreated>
<EventRecordID>168867</EventRecordID>
<Correlation ActivityID="" RelatedActivityID=""></Correlation>
<Execution ProcessID="4" ThreadID="3076"></Execution>
<Channel>Security</Channel>
<Computer>DESKTOP-EKVR84B</Computer>
<Security UserID=""></Security>
</System>
<EventData><Data Name="SubjectUserSid">S-1-5-21-3576963320-1344788273-4164204335-1001</Data>
<Data Name="SubjectUserName">user</Data>
<Data Name="SubjectDomainName">DESKTOP-EKVR84B</Data>
<Data Name="SubjectLogonId">0x000000000005a45f</Data>
<Data Name="ObjectServer">Security Account Manager</Data>
<Data Name="HandleId">0x000001946c1e1440</Data>
<Data Name="ProcessId">0x00000000000002ac</Data>
<Data Name="ProcessName">C:\Windows\System32\lsass.exe</Data>
</EventData>
</Event>

<Event xmlns="http://schemas.microsoft.com/win/2004/08/events/event"><System><Provider Name="Microsoft-Windows-Security-Auditing" Guid="{54849625-5478-4994-a5ba-3e3b0328c30d}"></Provider>
<EventID Qualifiers="">4658</EventID>
<Version>0</Version>
<Level>0</Level>
<Task>12804</Task>
<Opcode>0</Opcode>
<Keywords>0x8020000000000000</Keywords>
<TimeCreated SystemTime="2024-07-15 16:11:13.190544+00:00"></TimeCreated>
<EventRecordID>168868</EventRecordID>
<Correlation ActivityID="" RelatedActivityID=""></Correlation>
<Execution ProcessID="4" ThreadID="3076"></Execution>
<Channel>Security</Channel>
<Computer>DESKTOP-EKVR84B</Computer>
<Security UserID=""></Security>
</System>
<EventData><Data Name="SubjectUserSid">S-1-5-21-3576963320-1344788273-4164204335-1001</Data>
<Data Name="SubjectUserName">user</Data>
<Data Name="SubjectDomainName">DESKTOP-EKVR84B</Data>
<Data Name="SubjectLogonId">0x000000000005a45f</Data>
<Data Name="ObjectServer">Security Account Manager</Data>
<Data Name="HandleId">0x000001946c1e0f40</Data>
<Data Name="ProcessId">0x00000000000002ac</Data>
<Data Name="ProcessName">C:\Windows\System32\lsass.exe</Data>
</EventData>
</Event>

<Event xmlns="http://schemas.microsoft.com/win/2004/08/events/event"><System><Provider Name="Microsoft-Windows-Security-Auditing" Guid="{54849625-5478-4994-a5ba-3e3b0328c30d}"></Provider>
<EventID Qualifiers="">4658</EventID>
<Version>0</Version>
<Level>0</Level>
<Task>12804</Task>
<Opcode>0</Opcode>
<Keywords>0x8020000000000000</Keywords>
<TimeCreated SystemTime="2024-07-15 16:11:13.190565+00:00"></TimeCreated>
<EventRecordID>168869</EventRecordID>
<Correlation ActivityID="" RelatedActivityID=""></Correlation>
<Execution ProcessID="4" ThreadID="3076"></Execution>
<Channel>Security</Channel>
<Computer>DESKTOP-EKVR84B</Computer>
<Security UserID=""></Security>
</System>
<EventData><Data Name="SubjectUserSid">S-1-5-21-3576963320-1344788273-4164204335-1001</Data>
<Data Name="SubjectUserName">user</Data>
<Data Name="SubjectDomainName">DESKTOP-EKVR84B</Data>
<Data Name="SubjectLogonId">0x000000000005a45f</Data>
<Data Name="ObjectServer">Security Account Manager</Data>
<Data Name="HandleId">0x000001946c1e2840</Data>
<Data Name="ProcessId">0x00000000000002ac</Data>
<Data Name="ProcessName">C:\Windows\System32\lsass.exe</Data>
</EventData>
</Event>

<Event xmlns="http://schemas.microsoft.com/win/2004/08/events/event"><System><Provider Name="Microsoft-Windows-Security-Auditing" Guid="{54849625-5478-4994-a5ba-3e3b0328c30d}"></Provider>
<EventID Qualifiers="">4624</EventID>
<Version>2</Version>
<Level>0</Level>
<Task>12544</Task>
<Opcode>0</Opcode>
<Keywords>0x8020000000000000</Keywords>
<TimeCreated SystemTime="2024-07-15 16:11:13.227459+00:00"></TimeCreated>
<EventRecordID>168870</EventRecordID>
<Correlation ActivityID="{5c5fefd0-d6cd-0000-eaf0-5f5ccdd6da01}" RelatedActivityID=""></Correlation>
<Execution ProcessID="684" ThreadID="5540"></Execution>
<Channel>Security</Channel>
<Computer>DESKTOP-EKVR84B</Computer>
<Security UserID=""></Security>
</System>
<EventData><Data Name="SubjectUserSid">S-1-5-18</Data>
<Data Name="SubjectUserName">DESKTOP-EKVR84B$</Data>
<Data Name="SubjectDomainName">WORKGROUP</Data>
<Data Name="SubjectLogonId">0x00000000000003e7</Data>
<Data Name="TargetUserSid">S-1-5-18</Data>
<Data Name="TargetUserName">SYSTEM</Data>
<Data Name="TargetDomainName">NT AUTHORITY</Data>
<Data Name="TargetLogonId">0x00000000000003e7</Data>
<Data Name="LogonType">5</Data>
<Data Name="LogonProcessName">Advapi  </Data>
<Data Name="AuthenticationPackageName">Negotiate</Data>
<Data Name="WorkstationName">-</Data>
<Data Name="LogonGuid">{00000000-0000-0000-0000-000000000000}</Data>
<Data Name="TransmittedServices">-</Data>
<Data Name="LmPackageName">-</Data>
<Data Name="KeyLength">0</Data>
<Data Name="ProcessId">0x0000000000000298</Data>
<Data Name="ProcessName">C:\Windows\System32\services.exe</Data>
<Data Name="IpAddress">-</Data>
<Data Name="IpPort">-</Data>
<Data Name="ImpersonationLevel">%%1833</Data>
<Data Name="RestrictedAdminMode">-</Data>
<Data Name="TargetOutboundUserName">-</Data>
<Data Name="TargetOutboundDomainName">-</Data>
<Data Name="VirtualAccount">%%1843</Data>
<Data Name="TargetLinkedLogonId">0x0000000000000000</Data>
<Data Name="ElevatedToken">%%1842</Data>
</EventData>
</Event>

<Event xmlns="http://schemas.microsoft.com/win/2004/08/events/event"><System><Provider Name="Microsoft-Windows-Security-Auditing" Guid="{54849625-5478-4994-a5ba-3e3b0328c30d}"></Provider>
<EventID Qualifiers="">4672</EventID>
<Version>0</Version>
<Level>0</Level>
<Task>12548</Task>
<Opcode>0</Opcode>
<Keywords>0x8020000000000000</Keywords>
<TimeCreated SystemTime="2024-07-15 16:11:13.227463+00:00"></TimeCreated>
<EventRecordID>168871</EventRecordID>
<Correlation ActivityID="{5c5fefd0-d6cd-0000-eaf0-5f5ccdd6da01}" RelatedActivityID=""></Correlation>
<Execution ProcessID="684" ThreadID="5540"></Execution>
<Channel>Security</Channel>
<Computer>DESKTOP-EKVR84B</Computer>
<Security UserID=""></Security>
</System>
<EventData><Data Name="SubjectUserSid">S-1-5-18</Data>
<Data Name="SubjectUserName">SYSTEM</Data>
<Data Name="SubjectDomainName">NT AUTHORITY</Data>
<Data Name="SubjectLogonId">0x00000000000003e7</Data>
<Data Name="PrivilegeList">SeAssignPrimaryTokenPrivilege
			SeTcbPrivilege
			SeSecurityPrivilege
			SeTakeOwnershipPrivilege
			SeLoadDriverPrivilege
			SeBackupPrivilege
			SeRestorePrivilege
			SeDebugPrivilege
			SeAuditPrivilege
			SeSystemEnvironmentPrivilege
			SeImpersonatePrivilege
			SeDelegateSessionUserImpersonatePrivilege</Data>
</EventData>
</Event>

<Event xmlns="http://schemas.microsoft.com/win/2004/08/events/event"><System><Provider Name="Microsoft-Windows-Security-Auditing" Guid="{54849625-5478-4994-a5ba-3e3b0328c30d}"></Provider>
<EventID Qualifiers="">4658</EventID>
<Version>0</Version>
<Level>0</Level>
<Task>12812</Task>
<Opcode>0</Opcode>
<Keywords>0x8020000000000000</Keywords>
<TimeCreated SystemTime="2024-07-15 16:11:13.396460+00:00"></TimeCreated>
<EventRecordID>168872</EventRecordID>
<Correlation ActivityID="" RelatedActivityID=""></Correlation>
<Execution ProcessID="4" ThreadID="9120"></Execution>
<Channel>Security</Channel>
<Computer>DESKTOP-EKVR84B</Computer>
<Security UserID=""></Security>
</System>
<EventData><Data Name="SubjectUserSid">S-1-5-21-3576963320-1344788273-4164204335-1001</Data>
<Data Name="SubjectUserName">user</Data>
<Data Name="SubjectDomainName">DESKTOP-EKVR84B</Data>
<Data Name="SubjectLogonId">0x000000000005a45f</Data>
<Data Name="ObjectServer">Security</Data>
<Data Name="HandleId">0x0000000000000d3c</Data>
<Data Name="ProcessId">0x0000000000001778</Data>
<Data Name="ProcessName">C:\Windows\explorer.exe</Data>
</EventData>
</Event>

<Event xmlns="http://schemas.microsoft.com/win/2004/08/events/event"><System><Provider Name="Microsoft-Windows-Security-Auditing" Guid="{54849625-5478-4994-a5ba-3e3b0328c30d}"></Provider>
<EventID Qualifiers="">4658</EventID>
<Version>0</Version>
<Level>0</Level>
<Task>12812</Task>
<Opcode>0</Opcode>
<Keywords>0x8020000000000000</Keywords>
<TimeCreated SystemTime="2024-07-15 16:11:13.396526+00:00"></TimeCreated>
<EventRecordID>168873</EventRecordID>
<Correlation ActivityID="" RelatedActivityID=""></Correlation>
<Execution ProcessID="4" ThreadID="9120"></Execution>
<Channel>Security</Channel>
<Computer>DESKTOP-EKVR84B</Computer>
<Security UserID=""></Security>
</System>
<EventData><Data Name="SubjectUserSid">S-1-5-21-3576963320-1344788273-4164204335-1001</Data>
<Data Name="SubjectUserName">user</Data>
<Data Name="SubjectDomainName">DESKTOP-EKVR84B</Data>
<Data Name="SubjectLogonId">0x000000000005a45f</Data>
<Data Name="ObjectServer">Security</Data>
<Data Name="HandleId">0x0000000000003e1c</Data>
<Data Name="ProcessId">0x0000000000001778</Data>
<Data Name="ProcessName">C:\Windows\explorer.exe</Data>
</EventData>
</Event>

<Event xmlns="http://schemas.microsoft.com/win/2004/08/events/event"><System><Provider Name="Microsoft-Windows-Security-Auditing" Guid="{54849625-5478-4994-a5ba-3e3b0328c30d}"></Provider>
<EventID Qualifiers="">4690</EventID>
<Version>0</Version>
<Level>0</Level>
<Task>12807</Task>
<Opcode>0</Opcode>
<Keywords>0x8020000000000000</Keywords>
<TimeCreated SystemTime="2024-07-15 16:11:13.417055+00:00"></TimeCreated>
<EventRecordID>168874</EventRecordID>
<Correlation ActivityID="" RelatedActivityID=""></Correlation>
<Execution ProcessID="4" ThreadID="3076"></Execution>
<Channel>Security</Channel>
<Computer>DESKTOP-EKVR84B</Computer>
<Security UserID=""></Security>
</System>
<EventData><Data Name="SubjectUserSid">S-1-5-21-3576963320-1344788273-4164204335-1001</Data>
<Data Name="SubjectUserName">user</Data>
<Data Name="SubjectDomainName">DESKTOP-EKVR84B</Data>
<Data Name="SubjectLogonId">0x000000000005a45f</Data>
<Data Name="SourceHandleId">0x000000000000335c</Data>
<Data Name="SourceProcessId">0x0000000000001778</Data>
<Data Name="TargetHandleId">0x0000000000002328</Data>
<Data Name="TargetProcessId">0x0000000000000004</Data>
</EventData>
</Event>

