<Event xmlns="http://schemas.microsoft.com/win/2004/08/events/event"><System><Provider Name="Microsoft-Windows-Security-Auditing" Guid="{54849625-5478-4994-a5ba-3e3b0328c30d}"></Provider>
<EventID Qualifiers="">5156</EventID>
<Version>1</Version>
<Level>0</Level>
<Task>12810</Task>
<Opcode>0</Opcode>
<Keywords>0x8020000000000000</Keywords>
<TimeCreated SystemTime="2024-07-15 16:11:16.154926+00:00"></TimeCreated>
<EventRecordID>168914</EventRecordID>
<Correlation ActivityID="" RelatedActivityID=""></Correlation>
<Execution ProcessID="4" ThreadID="9140"></Execution>
<Channel>Security</Channel>
<Computer>DESKTOP-EKVR84B</Computer>
<Security UserID=""></Security>
</System>
<EventData><Data Name="ProcessID">2460</Data>
<Data Name="Application">\device\harddiskvolume3\windows\system32\svchost.exe</Data>
<Data Name="Direction">%%14593</Data>
<Data Name="SourceAddress">192.168.27.159</Data>
<Data Name="SourcePort">49844</Data>
<Data Name="DestAddress">172.26.13.80</Data>
<Data Name="DestPort">7680</Data>
<Data Name="Protocol">6</Data>
<Data Name="FilterRTID">67201</Data>
<Data Name="LayerName">%%14611</Data>
<Data Name="LayerRTID">48</Data>
<Data Name="RemoteUserID">S-1-0-0</Data>
<Data Name="RemoteMachineID">S-1-0-0</Data>
</EventData>
</Event>

<Event xmlns="http://schemas.microsoft.com/win/2004/08/events/event"><System><Provider Name="Microsoft-Windows-Security-Auditing" Guid="{54849625-5478-4994-a5ba-3e3b0328c30d}"></Provider>
<EventID Qualifiers="">4658</EventID>
<Version>0</Version>
<Level>0</Level>
<Task>12812</Task>
<Opcode>0</Opcode>
<Keywords>0x8020000000000000</Keywords>
<TimeCreated SystemTime="2024-07-15 16:11:16.669041+00:00"></TimeCreated>
<EventRecordID>168915</EventRecordID>
<Correlation ActivityID="" RelatedActivityID=""></Correlation>
<Execution ProcessID="4" ThreadID="9140"></Execution>
<Channel>Security</Channel>
<Computer>DESKTOP-EKVR84B</Computer>
<Security UserID=""></Security>
</System>
<EventData><Data Name="SubjectUserSid">S-1-5-21-3576963320-1344788273-4164204335-1001</Data>
<Data Name="SubjectUserName">user</Data>
<Data Name="SubjectDomainName">DESKTOP-EKVR84B</Data>
<Data Name="SubjectLogonId">0x000000000005a45f</Data>
<Data Name="ObjectServer">Security</Data>
<Data Name="HandleId">0x0000000000000bdc</Data>
<Data Name="ProcessId">0x0000000000001778</Data>
<Data Name="ProcessName">C:\Windows\explorer.exe</Data>
</EventData>
</Event>

<Event xmlns="http://schemas.microsoft.com/win/2004/08/events/event"><System><Provider Name="Microsoft-Windows-Security-Auditing" Guid="{54849625-5478-4994-a5ba-3e3b0328c30d}"></Provider>
<EventID Qualifiers="">4658</EventID>
<Version>0</Version>
<Level>0</Level>
<Task>12812</Task>
<Opcode>0</Opcode>
<Keywords>0x8020000000000000</Keywords>
<TimeCreated SystemTime="2024-07-15 16:11:16.669111+00:00"></TimeCreated>
<EventRecordID>168916</EventRecordID>
<Correlation ActivityID="" RelatedActivityID=""></Correlation>
<Execution ProcessID="4" ThreadID="9140"></Execution>
<Channel>Security</Channel>
<Computer>DESKTOP-EKVR84B</Computer>
<Security UserID=""></Security>
</System>
<EventData><Data Name="SubjectUserSid">S-1-5-21-3576963320-1344788273-4164204335-1001</Data>
<Data Name="SubjectUserName">user</Data>
<Data Name="SubjectDomainName">DESKTOP-EKVR84B</Data>
<Data Name="SubjectLogonId">0x000000000005a45f</Data>
<Data Name="ObjectServer">Security</Data>
<Data Name="HandleId">0x00000000000011a0</Data>
<Data Name="ProcessId">0x0000000000001778</Data>
<Data Name="ProcessName">C:\Windows\explorer.exe</Data>
</EventData>
</Event>

<Event xmlns="http://schemas.microsoft.com/win/2004/08/events/event"><System><Provider Name="Microsoft-Windows-Security-Auditing" Guid="{54849625-5478-4994-a5ba-3e3b0328c30d}"></Provider>
<EventID Qualifiers="">4690</EventID>
<Version>0</Version>
<Level>0</Level>
<Task>12807</Task>
<Opcode>0</Opcode>
<Keywords>0x8020000000000000</Keywords>
<TimeCreated SystemTime="2024-07-15 16:11:16.688633+00:00"></TimeCreated>
<EventRecordID>168917</EventRecordID>
<Correlation ActivityID="" RelatedActivityID=""></Correlation>
<Execution ProcessID="4" ThreadID="9120"></Execution>
<Channel>Security</Channel>
<Computer>DESKTOP-EKVR84B</Computer>
<Security UserID=""></Security>
</System>
<EventData><Data Name="SubjectUserSid">S-1-5-21-3576963320-1344788273-4164204335-1001</Data>
<Data Name="SubjectUserName">user</Data>
<Data Name="SubjectDomainName">DESKTOP-EKVR84B</Data>
<Data Name="SubjectLogonId">0x000000000005a45f</Data>
<Data Name="SourceHandleId">0x0000000000003ce4</Data>
<Data Name="SourceProcessId">0x0000000000001778</Data>
<Data Name="TargetHandleId">0x0000000000002328</Data>
<Data Name="TargetProcessId">0x0000000000000004</Data>
</EventData>
</Event>

<Event xmlns="http://schemas.microsoft.com/win/2004/08/events/event"><System><Provider Name="Microsoft-Windows-Security-Auditing" Guid="{54849625-5478-4994-a5ba-3e3b0328c30d}"></Provider>
<EventID Qualifiers="">4658</EventID>
<Version>0</Version>
<Level>0</Level>
<Task>12812</Task>
<Opcode>0</Opcode>
<Keywords>0x8020000000000000</Keywords>
<TimeCreated SystemTime="2024-07-15 16:11:16.688643+00:00"></TimeCreated>
<EventRecordID>168918</EventRecordID>
<Correlation ActivityID="" RelatedActivityID=""></Correlation>
<Execution ProcessID="4" ThreadID="9120"></Execution>
<Channel>Security</Channel>
<Computer>DESKTOP-EKVR84B</Computer>
<Security UserID=""></Security>
</System>
<EventData><Data Name="SubjectUserSid">S-1-5-21-3576963320-1344788273-4164204335-1001</Data>
<Data Name="SubjectUserName">user</Data>
<Data Name="SubjectDomainName">DESKTOP-EKVR84B</Data>
<Data Name="SubjectLogonId">0x000000000005a45f</Data>
<Data Name="ObjectServer">Security</Data>
<Data Name="HandleId">0x0000000000002328</Data>
<Data Name="ProcessId">0x0000000000001778</Data>
<Data Name="ProcessName">C:\Windows\explorer.exe</Data>
</EventData>
</Event>

<Event xmlns="http://schemas.microsoft.com/win/2004/08/events/event"><System><Provider Name="Microsoft-Windows-Security-Auditing" Guid="{54849625-5478-4994-a5ba-3e3b0328c30d}"></Provider>
<EventID Qualifiers="">4656</EventID>
<Version>1</Version>
<Level>0</Level>
<Task>12812</Task>
<Opcode>0</Opcode>
<Keywords>0x8020000000000000</Keywords>
<TimeCreated SystemTime="2024-07-15 16:11:16.688648+00:00"></TimeCreated>
<EventRecordID>168919</EventRecordID>
<Correlation ActivityID="" RelatedActivityID=""></Correlation>
<Execution ProcessID="4" ThreadID="9120"></Execution>
<Channel>Security</Channel>
<Computer>DESKTOP-EKVR84B</Computer>
<Security UserID=""></Security>
</System>
<EventData><Data Name="SubjectUserSid">S-1-5-21-3576963320-1344788273-4164204335-1001</Data>
<Data Name="SubjectUserName">user</Data>
<Data Name="SubjectDomainName">DESKTOP-EKVR84B</Data>
<Data Name="SubjectLogonId">0x000000000005a45f</Data>
<Data Name="ObjectServer">Security</Data>
<Data Name="ObjectType">File</Data>
<Data Name="ObjectName">\Device\CdRom0\</Data>
<Data Name="HandleId">0x0000000000003ce4</Data>
<Data Name="TransactionId">{00000000-0000-0000-0000-000000000000}</Data>
<Data Name="AccessList">%%1541
				%%4416
				%%4423
				</Data>
<Data Name="AccessReason">-</Data>
<Data Name="AccessMask">0x00100081</Data>
<Data Name="PrivilegeList">-</Data>
<Data Name="RestrictedSidCount">0</Data>
<Data Name="ProcessId">0x0000000000001778</Data>
<Data Name="ProcessName">C:\Windows\explorer.exe</Data>
<Data Name="ResourceAttributes">-</Data>
</EventData>
</Event>

<Event xmlns="http://schemas.microsoft.com/win/2004/08/events/event"><System><Provider Name="Microsoft-Windows-Security-Auditing" Guid="{54849625-5478-4994-a5ba-3e3b0328c30d}"></Provider>
<EventID Qualifiers="">4663</EventID>
<Version>1</Version>
<Level>0</Level>
<Task>12812</Task>
<Opcode>0</Opcode>
<Keywords>0x8020000000000000</Keywords>
<TimeCreated SystemTime="2024-07-15 16:11:16.688715+00:00"></TimeCreated>
<EventRecordID>168920</EventRecordID>
<Correlation ActivityID="" RelatedActivityID=""></Correlation>
<Execution ProcessID="4" ThreadID="9120"></Execution>
<Channel>Security</Channel>
<Computer>DESKTOP-EKVR84B</Computer>
<Security UserID=""></Security>
</System>
<EventData><Data Name="SubjectUserSid">S-1-5-21-3576963320-1344788273-4164204335-1001</Data>
<Data Name="SubjectUserName">user</Data>
<Data Name="SubjectDomainName">DESKTOP-EKVR84B</Data>
<Data Name="SubjectLogonId">0x000000000005a45f</Data>
<Data Name="ObjectServer">Security</Data>
<Data Name="ObjectType">File</Data>
<Data Name="ObjectName">\Device\CdRom0\</Data>
<Data Name="HandleId">0x0000000000003ce4</Data>
<Data Name="AccessList">%%4416
				</Data>
<Data Name="AccessMask">0x00000001</Data>
<Data Name="ProcessId">0x0000000000001778</Data>
<Data Name="ProcessName">C:\Windows\explorer.exe</Data>
<Data Name="ResourceAttributes"></Data>
</EventData>
</Event>

<Event xmlns="http://schemas.microsoft.com/win/2004/08/events/event"><System><Provider Name="Microsoft-Windows-Security-Auditing" Guid="{54849625-5478-4994-a5ba-3e3b0328c30d}"></Provider>
<EventID Qualifiers="">4690</EventID>
<Version>0</Version>
<Level>0</Level>
<Task>12807</Task>
<Opcode>0</Opcode>
<Keywords>0x8020000000000000</Keywords>
<TimeCreated SystemTime="2024-07-15 16:11:16.689476+00:00"></TimeCreated>
<EventRecordID>168921</EventRecordID>
<Correlation ActivityID="" RelatedActivityID=""></Correlation>
<Execution ProcessID="4" ThreadID="9120"></Execution>
<Channel>Security</Channel>
<Computer>DESKTOP-EKVR84B</Computer>
<Security UserID=""></Security>
</System>
<EventData><Data Name="SubjectUserSid">S-1-5-21-3576963320-1344788273-4164204335-1001</Data>
<Data Name="SubjectUserName">user</Data>
<Data Name="SubjectDomainName">DESKTOP-EKVR84B</Data>
<Data Name="SubjectLogonId">0x000000000005a45f</Data>
<Data Name="SourceHandleId">0x0000000000002468</Data>
<Data Name="SourceProcessId">0x0000000000001778</Data>
<Data Name="TargetHandleId">0x0000000000002734</Data>
<Data Name="TargetProcessId">0x0000000000000004</Data>
</EventData>
</Event>

<Event xmlns="http://schemas.microsoft.com/win/2004/08/events/event"><System><Provider Name="Microsoft-Windows-Security-Auditing" Guid="{54849625-5478-4994-a5ba-3e3b0328c30d}"></Provider>
<EventID Qualifiers="">4658</EventID>
<Version>0</Version>
<Level>0</Level>
<Task>12812</Task>
<Opcode>0</Opcode>
<Keywords>0x8020000000000000</Keywords>
<TimeCreated SystemTime="2024-07-15 16:11:16.689482+00:00"></TimeCreated>
<EventRecordID>168922</EventRecordID>
<Correlation ActivityID="" RelatedActivityID=""></Correlation>
<Execution ProcessID="4" ThreadID="9120"></Execution>
<Channel>Security</Channel>
<Computer>DESKTOP-EKVR84B</Computer>
<Security UserID=""></Security>
</System>
<EventData><Data Name="SubjectUserSid">S-1-5-21-3576963320-1344788273-4164204335-1001</Data>
<Data Name="SubjectUserName">user</Data>
<Data Name="SubjectDomainName">DESKTOP-EKVR84B</Data>
<Data Name="SubjectLogonId">0x000000000005a45f</Data>
<Data Name="ObjectServer">Security</Data>
<Data Name="HandleId">0x0000000000002734</Data>
<Data Name="ProcessId">0x0000000000001778</Data>
<Data Name="ProcessName">C:\Windows\explorer.exe</Data>
</EventData>
</Event>

<Event xmlns="http://schemas.microsoft.com/win/2004/08/events/event"><System><Provider Name="Microsoft-Windows-Security-Auditing" Guid="{54849625-5478-4994-a5ba-3e3b0328c30d}"></Provider>
<EventID Qualifiers="">4656</EventID>
<Version>1</Version>
<Level>0</Level>
<Task>12812</Task>
<Opcode>0</Opcode>
<Keywords>0x8020000000000000</Keywords>
<TimeCreated SystemTime="2024-07-15 16:11:16.689487+00:00"></TimeCreated>
<EventRecordID>168923</EventRecordID>
<Correlation ActivityID="" RelatedActivityID=""></Correlation>
<Execution ProcessID="4" ThreadID="9120"></Execution>
<Channel>Security</Channel>
<Computer>DESKTOP-EKVR84B</Computer>
<Security UserID=""></Security>
</System>
<EventData><Data Name="SubjectUserSid">S-1-5-21-3576963320-1344788273-4164204335-1001</Data>
<Data Name="SubjectUserName">user</Data>
<Data Name="SubjectDomainName">DESKTOP-EKVR84B</Data>
<Data Name="SubjectLogonId">0x000000000005a45f</Data>
<Data Name="ObjectServer">Security</Data>
<Data Name="ObjectType">File</Data>
<Data Name="ObjectName">\Device\CdRom0\</Data>
<Data Name="HandleId">0x0000000000002468</Data>
<Data Name="TransactionId">{00000000-0000-0000-0000-000000000000}</Data>
<Data Name="AccessList">%%1541
				%%4416
				%%4423
				</Data>
<Data Name="AccessReason">-</Data>
<Data Name="AccessMask">0x00100081</Data>
<Data Name="PrivilegeList">-</Data>
<Data Name="RestrictedSidCount">0</Data>
<Data Name="ProcessId">0x0000000000001778</Data>
<Data Name="ProcessName">C:\Windows\explorer.exe</Data>
<Data Name="ResourceAttributes">-</Data>
</EventData>
</Event>

<Event xmlns="http://schemas.microsoft.com/win/2004/08/events/event"><System><Provider Name="Microsoft-Windows-Security-Auditing" Guid="{54849625-5478-4994-a5ba-3e3b0328c30d}"></Provider>
<EventID Qualifiers="">4663</EventID>
<Version>1</Version>
<Level>0</Level>
<Task>12812</Task>
<Opcode>0</Opcode>
<Keywords>0x8020000000000000</Keywords>
<TimeCreated SystemTime="2024-07-15 16:11:16.689531+00:00"></TimeCreated>
<EventRecordID>168924</EventRecordID>
<Correlation ActivityID="" RelatedActivityID=""></Correlation>
<Execution ProcessID="4" ThreadID="9120"></Execution>
<Channel>Security</Channel>
<Computer>DESKTOP-EKVR84B</Computer>
<Security UserID=""></Security>
</System>
<EventData><Data Name="SubjectUserSid">S-1-5-21-3576963320-1344788273-4164204335-1001</Data>
<Data Name="SubjectUserName">user</Data>
<Data Name="SubjectDomainName">DESKTOP-EKVR84B</Data>
<Data Name="SubjectLogonId">0x000000000005a45f</Data>
<Data Name="ObjectServer">Security</Data>
<Data Name="ObjectType">File</Data>
<Data Name="ObjectName">\Device\CdRom0\</Data>
<Data Name="HandleId">0x0000000000002468</Data>
<Data Name="AccessList">%%4416
				</Data>
<Data Name="AccessMask">0x00000001</Data>
<Data Name="ProcessId">0x0000000000001778</Data>
<Data Name="ProcessName">C:\Windows\explorer.exe</Data>
<Data Name="ResourceAttributes"></Data>
</EventData>
</Event>

<Event xmlns="http://schemas.microsoft.com/win/2004/08/events/event"><System><Provider Name="Microsoft-Windows-Security-Auditing" Guid="{54849625-5478-4994-a5ba-3e3b0328c30d}"></Provider>
<EventID Qualifiers="">4656</EventID>
<Version>1</Version>
<Level>0</Level>
<Task>12803</Task>
<Opcode>0</Opcode>
<Keywords>0x8020000000000000</Keywords>
<TimeCreated SystemTime="2024-07-15 16:11:18.788080+00:00"></TimeCreated>
<EventRecordID>168925</EventRecordID>
<Correlation ActivityID="" RelatedActivityID=""></Correlation>
<Execution ProcessID="4" ThreadID="9140"></Execution>
<Channel>Security</Channel>
<Computer>DESKTOP-EKVR84B</Computer>
<Security UserID=""></Security>
</System>
<EventData><Data Name="SubjectUserSid">S-1-5-21-3576963320-1344788273-4164204335-1001</Data>
<Data Name="SubjectUserName">user</Data>
<Data Name="SubjectDomainName">DESKTOP-EKVR84B</Data>
<Data Name="SubjectLogonId">0x000000000005a45f</Data>
<Data Name="ObjectServer">Security Account Manager</Data>
<Data Name="ObjectType">SAM_SERVER</Data>
<Data Name="ObjectName">SAM</Data>
<Data Name="HandleId">0x000001946c1e0040</Data>
<Data Name="TransactionId">{00000000-0000-0000-0000-000000000000}</Data>
<Data Name="AccessList">%%1538
				%%5376
				%%5380
				%%5381
				</Data>
<Data Name="AccessReason">-</Data>
<Data Name="AccessMask">0x00020031</Data>
<Data Name="PrivilegeList">-</Data>
<Data Name="RestrictedSidCount">0</Data>
<Data Name="ProcessId">0x00000000000002ac</Data>
<Data Name="ProcessName">C:\Windows\System32\lsass.exe</Data>
<Data Name="ResourceAttributes">-</Data>
</EventData>
</Event>

<Event xmlns="http://schemas.microsoft.com/win/2004/08/events/event"><System><Provider Name="Microsoft-Windows-Security-Auditing" Guid="{54849625-5478-4994-a5ba-3e3b0328c30d}"></Provider>
<EventID Qualifiers="">4656</EventID>
<Version>1</Version>
<Level>0</Level>
<Task>12803</Task>
<Opcode>0</Opcode>
<Keywords>0x8020000000000000</Keywords>
<TimeCreated SystemTime="2024-07-15 16:11:18.788134+00:00"></TimeCreated>
<EventRecordID>168926</EventRecordID>
<Correlation ActivityID="" RelatedActivityID=""></Correlation>
<Execution ProcessID="4" ThreadID="9140"></Execution>
<Channel>Security</Channel>
<Computer>DESKTOP-EKVR84B</Computer>
<Security UserID=""></Security>
</System>
<EventData><Data Name="SubjectUserSid">S-1-5-21-3576963320-1344788273-4164204335-1001</Data>
<Data Name="SubjectUserName">user</Data>
<Data Name="SubjectDomainName">DESKTOP-EKVR84B</Data>
<Data Name="SubjectLogonId">0x000000000005a45f</Data>
<Data Name="ObjectServer">Security Account Manager</Data>
<Data Name="ObjectType">SAM_DOMAIN</Data>
<Data Name="ObjectName">DESKTOP-EKVR84B</Data>
<Data Name="HandleId">0x000001946c1e0f40</Data>
<Data Name="TransactionId">{00000000-0000-0000-0000-000000000000}</Data>
<Data Name="AccessList">%%1538
				%%5392
				%%5394
				%%5399
				%%5400
				%%5401
				</Data>
<Data Name="AccessReason">-</Data>
<Data Name="AccessMask">0x00020385</Data>
<Data Name="PrivilegeList">-</Data>
<Data Name="RestrictedSidCount">0</Data>
<Data Name="ProcessId">0x00000000000002ac</Data>
<Data Name="ProcessName">C:\Windows\System32\lsass.exe</Data>
<Data Name="ResourceAttributes">-</Data>
</EventData>
</Event>

<Event xmlns="http://schemas.microsoft.com/win/2004/08/events/event"><System><Provider Name="Microsoft-Windows-Security-Auditing" Guid="{54849625-5478-4994-a5ba-3e3b0328c30d}"></Provider>
<EventID Qualifiers="">4656</EventID>
<Version>1</Version>
<Level>0</Level>
<Task>12803</Task>
<Opcode>0</Opcode>
<Keywords>0x8020000000000000</Keywords>
<TimeCreated SystemTime="2024-07-15 16:11:18.788347+00:00"></TimeCreated>
<EventRecordID>168927</EventRecordID>
<Correlation ActivityID="" RelatedActivityID=""></Correlation>
<Execution ProcessID="4" ThreadID="9140"></Execution>
<Channel>Security</Channel>
<Computer>DESKTOP-EKVR84B</Computer>
<Security UserID=""></Security>
</System>
<EventData><Data Name="SubjectUserSid">S-1-5-21-3576963320-1344788273-4164204335-1001</Data>
<Data Name="SubjectUserName">user</Data>
<Data Name="SubjectDomainName">DESKTOP-EKVR84B</Data>
<Data Name="SubjectLogonId">0x000000000005a45f</Data>
<Data Name="ObjectServer">Security Account Manager</Data>
<Data Name="ObjectType">SAM_USER</Data>
<Data Name="ObjectName">DOMAINS\Account\Users\000003E9</Data>
<Data Name="HandleId">0x000001946c1e0540</Data>
<Data Name="TransactionId">{00000000-0000-0000-0000-000000000000}</Data>
<Data Name="AccessList">%%1538
				%%5440
				%%5441
				%%5442
				%%5443
				%%5444
				%%5446
				%%5448
				%%5449
				</Data>
<Data Name="AccessReason">-</Data>
<Data Name="AccessMask">0x0002035f</Data>
<Data Name="PrivilegeList">-</Data>
<Data Name="RestrictedSidCount">0</Data>
<Data Name="ProcessId">0x00000000000002ac</Data>
<Data Name="ProcessName">C:\Windows\System32\lsass.exe</Data>
<Data Name="ResourceAttributes">-</Data>
</EventData>
</Event>

<Event xmlns="http://schemas.microsoft.com/win/2004/08/events/event"><System><Provider Name="Microsoft-Windows-Security-Auditing" Guid="{54849625-5478-4994-a5ba-3e3b0328c30d}"></Provider>
<EventID Qualifiers="">4658</EventID>
<Version>0</Version>
<Level>0</Level>
<Task>12804</Task>
<Opcode>0</Opcode>
<Keywords>0x8020000000000000</Keywords>
<TimeCreated SystemTime="2024-07-15 16:11:18.788427+00:00"></TimeCreated>
<EventRecordID>168928</EventRecordID>
<Correlation ActivityID="" RelatedActivityID=""></Correlation>
<Execution ProcessID="4" ThreadID="9140"></Execution>
<Channel>Security</Channel>
<Computer>DESKTOP-EKVR84B</Computer>
<Security UserID=""></Security>
</System>
<EventData><Data Name="SubjectUserSid">S-1-5-21-3576963320-1344788273-4164204335-1001</Data>
<Data Name="SubjectUserName">user</Data>
<Data Name="SubjectDomainName">DESKTOP-EKVR84B</Data>
<Data Name="SubjectLogonId">0x000000000005a45f</Data>
<Data Name="ObjectServer">Security Account Manager</Data>
<Data Name="HandleId">0x000001946c1e0540</Data>
<Data Name="ProcessId">0x00000000000002ac</Data>
<Data Name="ProcessName">C:\Windows\System32\lsass.exe</Data>
</EventData>
</Event>

<Event xmlns="http://schemas.microsoft.com/win/2004/08/events/event"><System><Provider Name="Microsoft-Windows-Security-Auditing" Guid="{54849625-5478-4994-a5ba-3e3b0328c30d}"></Provider>
<EventID Qualifiers="">4658</EventID>
<Version>0</Version>
<Level>0</Level>
<Task>12804</Task>
<Opcode>0</Opcode>
<Keywords>0x8020000000000000</Keywords>
<TimeCreated SystemTime="2024-07-15 16:11:18.788498+00:00"></TimeCreated>
<EventRecordID>168929</EventRecordID>
<Correlation ActivityID="" RelatedActivityID=""></Correlation>
<Execution ProcessID="4" ThreadID="9140"></Execution>
<Channel>Security</Channel>
<Computer>DESKTOP-EKVR84B</Computer>
<Security UserID=""></Security>
</System>
<EventData><Data Name="SubjectUserSid">S-1-5-21-3576963320-1344788273-4164204335-1001</Data>
<Data Name="SubjectUserName">user</Data>
<Data Name="SubjectDomainName">DESKTOP-EKVR84B</Data>
<Data Name="SubjectLogonId">0x000000000005a45f</Data>
<Data Name="ObjectServer">Security Account Manager</Data>
<Data Name="HandleId">0x000001946c1e0f40</Data>
<Data Name="ProcessId">0x00000000000002ac</Data>
<Data Name="ProcessName">C:\Windows\System32\lsass.exe</Data>
</EventData>
</Event>

<Event xmlns="http://schemas.microsoft.com/win/2004/08/events/event"><System><Provider Name="Microsoft-Windows-Security-Auditing" Guid="{54849625-5478-4994-a5ba-3e3b0328c30d}"></Provider>
<EventID Qualifiers="">4658</EventID>
<Version>0</Version>
<Level>0</Level>
<Task>12804</Task>
<Opcode>0</Opcode>
<Keywords>0x8020000000000000</Keywords>
<TimeCreated SystemTime="2024-07-15 16:11:18.788502+00:00"></TimeCreated>
<EventRecordID>168930</EventRecordID>
<Correlation ActivityID="" RelatedActivityID=""></Correlation>
<Execution ProcessID="4" ThreadID="9140"></Execution>
<Channel>Security</Channel>
<Computer>DESKTOP-EKVR84B</Computer>
<Security UserID=""></Security>
</System>
<EventData><Data Name="SubjectUserSid">S-1-5-21-3576963320-1344788273-4164204335-1001</Data>
<Data Name="SubjectUserName">user</Data>
<Data Name="SubjectDomainName">DESKTOP-EKVR84B</Data>
<Data Name="SubjectLogonId">0x000000000005a45f</Data>
<Data Name="ObjectServer">Security Account Manager</Data>
<Data Name="HandleId">0x000001946c1e0040</Data>
<Data Name="ProcessId">0x00000000000002ac</Data>
<Data Name="ProcessName">C:\Windows\System32\lsass.exe</Data>
</EventData>
</Event>

<Event xmlns="http://schemas.microsoft.com/win/2004/08/events/event"><System><Provider Name="Microsoft-Windows-Security-Auditing" Guid="{54849625-5478-4994-a5ba-3e3b0328c30d}"></Provider>
<EventID Qualifiers="">4702</EventID>
<Version>1</Version>
<Level>0</Level>
<Task>12804</Task>
<Opcode>0</Opcode>
<Keywords>0x8020000000000000</Keywords>
<TimeCreated SystemTime="2024-07-15 16:11:25.888956+00:00"></TimeCreated>
<EventRecordID>168931</EventRecordID>
<Correlation ActivityID="{5c5fefd0-d6cd-0000-eaf0-5f5ccdd6da01}" RelatedActivityID=""></Correlation>
<Execution ProcessID="684" ThreadID="764"></Execution>
<Channel>Security</Channel>
<Computer>DESKTOP-EKVR84B</Computer>
<Security UserID=""></Security>
</System>
<EventData><Data Name="SubjectUserSid">S-1-5-18</Data>
<Data Name="SubjectUserName">DESKTOP-EKVR84B$</Data>
<Data Name="SubjectDomainName">WORKGROUP</Data>
<Data Name="SubjectLogonId">0x00000000000003e7</Data>
<Data Name="TaskName">\Microsoft\Windows\WindowsUpdate\Scheduled Start</Data>
<Data Name="TaskContentNew">&lt;?xml version="1.0" encoding="UTF-16"?&gt;
&lt;Task version="1.4" xmlns="http://schemas.microsoft.com/windows/2004/02/mit/task"&gt;
  &lt;RegistrationInfo&gt;
    &lt;Source&gt;Microsoft Corporation.&lt;/Source&gt;
    &lt;Author&gt;Microsoft Corporation.&lt;/Author&gt;
    &lt;Description&gt;This task is used to start the Windows Update service when needed to perform scheduled operations such as scans.&lt;/Description&gt;
    &lt;URI&gt;\Microsoft\Windows\WindowsUpdate\Scheduled Start&lt;/URI&gt;
    &lt;SecurityDescriptor&gt;D:(A;;FA;;;SY)(A;;FRFX;;;LS)(A;;FA;;;BA)&lt;/SecurityDescriptor&gt;
  &lt;/RegistrationInfo&gt;
  &lt;Triggers&gt;
    &lt;TimeTrigger&gt;
      &lt;StartBoundary&gt;2024-07-15T16:19:11Z&lt;/StartBoundary&gt;
      &lt;Enabled&gt;true&lt;/Enabled&gt;
      &lt;RandomDelay&gt;PT1M&lt;/RandomDelay&gt;
    &lt;/TimeTrigger&gt;
    &lt;SessionStateChangeTrigger&gt;
      &lt;Enabled&gt;false&lt;/Enabled&gt;
      &lt;StateChange&gt;ConsoleDisconnect&lt;/StateChange&gt;
    &lt;/SessionStateChangeTrigger&gt;
    &lt;SessionStateChangeTrigger&gt;
      &lt;Enabled&gt;false&lt;/Enabled&gt;
      &lt;StateChange&gt;RemoteDisconnect&lt;/StateChange&gt;
    &lt;/SessionStateChangeTrigger&gt;
    &lt;WnfStateChangeTrigger&gt;
      &lt;Enabled&gt;false&lt;/Enabled&gt;
      &lt;StateName&gt;7508BCA3380C960C&lt;/StateName&gt;
      &lt;Data&gt;01&lt;/Data&gt;
      &lt;DataOffset&gt;0&lt;/DataOffset&gt;
    &lt;/WnfStateChangeTrigger&gt;
  &lt;/Triggers&gt;
  &lt;Principals&gt;
    &lt;Principal id="LocalSystem"&gt;
      &lt;RunLevel&gt;LeastPrivilege&lt;/RunLevel&gt;
      &lt;UserId&gt;NT AUTHORITY\SYSTEM&lt;/UserId&gt;
    &lt;/Principal&gt;
  &lt;/Principals&gt;
  &lt;Settings&gt;
    &lt;MultipleInstancesPolicy&gt;IgnoreNew&lt;/MultipleInstancesPolicy&gt;
    &lt;DisallowStartIfOnBatteries&gt;false&lt;/DisallowStartIfOnBatteries&gt;
    &lt;StopIfGoingOnBatteries&gt;false&lt;/StopIfGoingOnBatteries&gt;
    &lt;AllowHardTerminate&gt;true&lt;/AllowHardTerminate&gt;
    &lt;StartWhenAvailable&gt;true&lt;/StartWhenAvailable&gt;
    &lt;RunOnlyIfNetworkAvailable&gt;false&lt;/RunOnlyIfNetworkAvailable&gt;
    &lt;IdleSettings&gt;
      &lt;Duration&gt;PT10M&lt;/Duration&gt;
      &lt;WaitTimeout&gt;PT1H&lt;/WaitTimeout&gt;
      &lt;StopOnIdleEnd&gt;true&lt;/StopOnIdleEnd&gt;
      &lt;RestartOnIdle&gt;false&lt;/RestartOnIdle&gt;
    &lt;/IdleSettings&gt;
    &lt;AllowStartOnDemand&gt;false&lt;/AllowStartOnDemand&gt;
    &lt;Enabled&gt;true&lt;/Enabled&gt;
    &lt;Hidden&gt;false&lt;/Hidden&gt;
    &lt;RunOnlyIfIdle&gt;false&lt;/RunOnlyIfIdle&gt;
    &lt;DisallowStartOnRemoteAppSession&gt;false&lt;/DisallowStartOnRemoteAppSession&gt;
    &lt;UseUnifiedSchedulingEngine&gt;true&lt;/UseUnifiedSchedulingEngine&gt;
    &lt;WakeToRun&gt;false&lt;/WakeToRun&gt;
    &lt;ExecutionTimeLimit&gt;PT72H&lt;/ExecutionTimeLimit&gt;
    &lt;Priority&gt;7&lt;/Priority&gt;
  &lt;/Settings&gt;
  &lt;Actions Context="LocalSystem"&gt;
    &lt;Exec&gt;
      &lt;Command&gt;C:\Windows\system32\sc.exe&lt;/Command&gt;
      &lt;Arguments&gt;start wuauserv&lt;/Arguments&gt;
    &lt;/Exec&gt;
  &lt;/Actions&gt;
&lt;/Task&gt;</Data>
<Data Name="ClientProcessStartKey">10414574138295800</Data>
<Data Name="ClientProcessId">7720</Data>
<Data Name="ParentProcessId">664</Data>
<Data Name="RpcCallClientLocality">0</Data>
<Data Name="FQDN">DESKTOP-EKVR84B</Data>
</EventData>
</Event>

<Event xmlns="http://schemas.microsoft.com/win/2004/08/events/event"><System><Provider Name="Microsoft-Windows-Security-Auditing" Guid="{54849625-5478-4994-a5ba-3e3b0328c30d}"></Provider>
<EventID Qualifiers="">5158</EventID>
<Version>0</Version>
<Level>0</Level>
<Task>12810</Task>
<Opcode>0</Opcode>
<Keywords>0x8020000000000000</Keywords>
<TimeCreated SystemTime="2024-07-15 16:11:36.563828+00:00"></TimeCreated>
<EventRecordID>168932</EventRecordID>
<Correlation ActivityID="" RelatedActivityID=""></Correlation>
<Execution ProcessID="4" ThreadID="9140"></Execution>
<Channel>Security</Channel>
<Computer>DESKTOP-EKVR84B</Computer>
<Security UserID=""></Security>
</System>
<EventData><Data Name="ProcessId">9360</Data>
<Data Name="Application">\device\harddiskvolume3\program files (x86)\microsoft\edge\application\msedge.exe</Data>
<Data Name="SourceAddress">192.168.27.159</Data>
<Data Name="SourcePort">55248</Data>
<Data Name="Protocol">17</Data>
<Data Name="FilterRTID">0</Data>
<Data Name="LayerName">%%14608</Data>
<Data Name="LayerRTID">36</Data>
</EventData>
</Event>

<Event xmlns="http://schemas.microsoft.com/win/2004/08/events/event"><System><Provider Name="Microsoft-Windows-Security-Auditing" Guid="{54849625-5478-4994-a5ba-3e3b0328c30d}"></Provider>
<EventID Qualifiers="">5156</EventID>
<Version>1</Version>
<Level>0</Level>
<Task>12810</Task>
<Opcode>0</Opcode>
<Keywords>0x8020000000000000</Keywords>
<TimeCreated SystemTime="2024-07-15 16:11:36.563993+00:00"></TimeCreated>
<EventRecordID>168933</EventRecordID>
<Correlation ActivityID="" RelatedActivityID=""></Correlation>
<Execution ProcessID="4" ThreadID="9140"></Execution>
<Channel>Security</Channel>
<Computer>DESKTOP-EKVR84B</Computer>
<Security UserID=""></Security>
</System>
<EventData><Data Name="ProcessID">9360</Data>
<Data Name="Application">\device\harddiskvolume3\program files (x86)\microsoft\edge\application\msedge.exe</Data>
<Data Name="Direction">%%14593</Data>
<Data Name="SourceAddress">192.168.27.159</Data>
<Data Name="SourcePort">55248</Data>
<Data Name="DestAddress">239.255.255.250</Data>
<Data Name="DestPort">1900</Data>
<Data Name="Protocol">17</Data>
<Data Name="FilterRTID">67201</Data>
<Data Name="LayerName">%%14611</Data>
<Data Name="LayerRTID">48</Data>
<Data Name="RemoteUserID">S-1-0-0</Data>
<Data Name="RemoteMachineID">S-1-0-0</Data>
</EventData>
</Event>

<Event xmlns="http://schemas.microsoft.com/win/2004/08/events/event"><System><Provider Name="Microsoft-Windows-Security-Auditing" Guid="{54849625-5478-4994-a5ba-3e3b0328c30d}"></Provider>
<EventID Qualifiers="">5158</EventID>
<Version>0</Version>
<Level>0</Level>
<Task>12810</Task>
<Opcode>0</Opcode>
<Keywords>0x8020000000000000</Keywords>
<TimeCreated SystemTime="2024-07-15 16:13:36.580275+00:00"></TimeCreated>
<EventRecordID>168934</EventRecordID>
<Correlation ActivityID="" RelatedActivityID=""></Correlation>
<Execution ProcessID="4" ThreadID="6000"></Execution>
<Channel>Security</Channel>
<Computer>DESKTOP-EKVR84B</Computer>
<Security UserID=""></Security>
</System>
<EventData><Data Name="ProcessId">9360</Data>
<Data Name="Application">\device\harddiskvolume3\program files (x86)\microsoft\edge\application\msedge.exe</Data>
<Data Name="SourceAddress">192.168.27.159</Data>
<Data Name="SourcePort">55249</Data>
<Data Name="Protocol">17</Data>
<Data Name="FilterRTID">0</Data>
<Data Name="LayerName">%%14608</Data>
<Data Name="LayerRTID">36</Data>
</EventData>
</Event>

<Event xmlns="http://schemas.microsoft.com/win/2004/08/events/event"><System><Provider Name="Microsoft-Windows-Security-Auditing" Guid="{54849625-5478-4994-a5ba-3e3b0328c30d}"></Provider>
<EventID Qualifiers="">5156</EventID>
<Version>1</Version>
<Level>0</Level>
<Task>12810</Task>
<Opcode>0</Opcode>
<Keywords>0x8020000000000000</Keywords>
<TimeCreated SystemTime="2024-07-15 16:13:36.580530+00:00"></TimeCreated>
<EventRecordID>168935</EventRecordID>
<Correlation ActivityID="" RelatedActivityID=""></Correlation>
<Execution ProcessID="4" ThreadID="6000"></Execution>
<Channel>Security</Channel>
<Computer>DESKTOP-EKVR84B</Computer>
<Security UserID=""></Security>
</System>
<EventData><Data Name="ProcessID">9360</Data>
<Data Name="Application">\device\harddiskvolume3\program files (x86)\microsoft\edge\application\msedge.exe</Data>
<Data Name="Direction">%%14593</Data>
<Data Name="SourceAddress">192.168.27.159</Data>
<Data Name="SourcePort">55249</Data>
<Data Name="DestAddress">239.255.255.250</Data>
<Data Name="DestPort">1900</Data>
<Data Name="Protocol">17</Data>
<Data Name="FilterRTID">67201</Data>
<Data Name="LayerName">%%14611</Data>
<Data Name="LayerRTID">48</Data>
<Data Name="RemoteUserID">S-1-0-0</Data>
<Data Name="RemoteMachineID">S-1-0-0</Data>
</EventData>
</Event>

<Event xmlns="http://schemas.microsoft.com/win/2004/08/events/event"><System><Provider Name="Microsoft-Windows-Security-Auditing" Guid="{54849625-5478-4994-a5ba-3e3b0328c30d}"></Provider>
<EventID Qualifiers="">4624</EventID>
<Version>2</Version>
<Level>0</Level>
<Task>12544</Task>
<Opcode>0</Opcode>
<Keywords>0x8020000000000000</Keywords>
<TimeCreated SystemTime="2024-07-15 16:15:03.086224+00:00"></TimeCreated>
<EventRecordID>168936</EventRecordID>
<Correlation ActivityID="{5c5fefd0-d6cd-0000-eaf0-5f5ccdd6da01}" RelatedActivityID=""></Correlation>
<Execution ProcessID="684" ThreadID="764"></Execution>
<Channel>Security</Channel>
<Computer>DESKTOP-EKVR84B</Computer>
<Security UserID=""></Security>
</System>
<EventData><Data Name="SubjectUserSid">S-1-5-18</Data>
<Data Name="SubjectUserName">DESKTOP-EKVR84B$</Data>
<Data Name="SubjectDomainName">WORKGROUP</Data>
<Data Name="SubjectLogonId">0x00000000000003e7</Data>
<Data Name="TargetUserSid">S-1-5-18</Data>
<Data Name="TargetUserName">SYSTEM</Data>
<Data Name="TargetDomainName">NT AUTHORITY</Data>
<Data Name="TargetLogonId">0x00000000000003e7</Data>
<Data Name="LogonType">5</Data>
<Data Name="LogonProcessName">Advapi  </Data>
<Data Name="AuthenticationPackageName">Negotiate</Data>
<Data Name="WorkstationName">-</Data>
<Data Name="LogonGuid">{00000000-0000-0000-0000-000000000000}</Data>
<Data Name="TransmittedServices">-</Data>
<Data Name="LmPackageName">-</Data>
<Data Name="KeyLength">0</Data>
<Data Name="ProcessId">0x0000000000000298</Data>
<Data Name="ProcessName">C:\Windows\System32\services.exe</Data>
<Data Name="IpAddress">-</Data>
<Data Name="IpPort">-</Data>
<Data Name="ImpersonationLevel">%%1833</Data>
<Data Name="RestrictedAdminMode">-</Data>
<Data Name="TargetOutboundUserName">-</Data>
<Data Name="TargetOutboundDomainName">-</Data>
<Data Name="VirtualAccount">%%1843</Data>
<Data Name="TargetLinkedLogonId">0x0000000000000000</Data>
<Data Name="ElevatedToken">%%1842</Data>
</EventData>
</Event>

<Event xmlns="http://schemas.microsoft.com/win/2004/08/events/event"><System><Provider Name="Microsoft-Windows-Security-Auditing" Guid="{54849625-5478-4994-a5ba-3e3b0328c30d}"></Provider>
<EventID Qualifiers="">4672</EventID>
<Version>0</Version>
<Level>0</Level>
<Task>12548</Task>
<Opcode>0</Opcode>
<Keywords>0x8020000000000000</Keywords>
<TimeCreated SystemTime="2024-07-15 16:15:03.086233+00:00"></TimeCreated>
<EventRecordID>168937</EventRecordID>
<Correlation ActivityID="{5c5fefd0-d6cd-0000-eaf0-5f5ccdd6da01}" RelatedActivityID=""></Correlation>
<Execution ProcessID="684" ThreadID="764"></Execution>
<Channel>Security</Channel>
<Computer>DESKTOP-EKVR84B</Computer>
<Security UserID=""></Security>
</System>
<EventData><Data Name="SubjectUserSid">S-1-5-18</Data>
<Data Name="SubjectUserName">SYSTEM</Data>
<Data Name="SubjectDomainName">NT AUTHORITY</Data>
<Data Name="SubjectLogonId">0x00000000000003e7</Data>
<Data Name="PrivilegeList">SeAssignPrimaryTokenPrivilege
			SeTcbPrivilege
			SeSecurityPrivilege
			SeTakeOwnershipPrivilege
			SeLoadDriverPrivilege
			SeBackupPrivilege
			SeRestorePrivilege
			SeDebugPrivilege
			SeAuditPrivilege
			SeSystemEnvironmentPrivilege
			SeImpersonatePrivilege
			SeDelegateSessionUserImpersonatePrivilege</Data>
</EventData>
</Event>

<Event xmlns="http://schemas.microsoft.com/win/2004/08/events/event"><System><Provider Name="Microsoft-Windows-Security-Auditing" Guid="{54849625-5478-4994-a5ba-3e3b0328c30d}"></Provider>
<EventID Qualifiers="">4624</EventID>
<Version>2</Version>
<Level>0</Level>
<Task>12544</Task>
<Opcode>0</Opcode>
<Keywords>0x8020000000000000</Keywords>
<TimeCreated SystemTime="2024-07-15 16:15:03.172462+00:00"></TimeCreated>
<EventRecordID>168938</EventRecordID>
<Correlation ActivityID="{5c5fefd0-d6cd-0000-eaf0-5f5ccdd6da01}" RelatedActivityID=""></Correlation>
<Execution ProcessID="684" ThreadID="764"></Execution>
<Channel>Security</Channel>
<Computer>DESKTOP-EKVR84B</Computer>
<Security UserID=""></Security>
</System>
<EventData><Data Name="SubjectUserSid">S-1-5-18</Data>
<Data Name="SubjectUserName">DESKTOP-EKVR84B$</Data>
<Data Name="SubjectDomainName">WORKGROUP</Data>
<Data Name="SubjectLogonId">0x00000000000003e7</Data>
<Data Name="TargetUserSid">S-1-5-18</Data>
<Data Name="TargetUserName">SYSTEM</Data>
<Data Name="TargetDomainName">NT AUTHORITY</Data>
<Data Name="TargetLogonId">0x00000000000003e7</Data>
<Data Name="LogonType">5</Data>
<Data Name="LogonProcessName">Advapi  </Data>
<Data Name="AuthenticationPackageName">Negotiate</Data>
<Data Name="WorkstationName">-</Data>
<Data Name="LogonGuid">{00000000-0000-0000-0000-000000000000}</Data>
<Data Name="TransmittedServices">-</Data>
<Data Name="LmPackageName">-</Data>
<Data Name="KeyLength">0</Data>
<Data Name="ProcessId">0x0000000000000298</Data>
<Data Name="ProcessName">C:\Windows\System32\services.exe</Data>
<Data Name="IpAddress">-</Data>
<Data Name="IpPort">-</Data>
<Data Name="ImpersonationLevel">%%1833</Data>
<Data Name="RestrictedAdminMode">-</Data>
<Data Name="TargetOutboundUserName">-</Data>
<Data Name="TargetOutboundDomainName">-</Data>
<Data Name="VirtualAccount">%%1843</Data>
<Data Name="TargetLinkedLogonId">0x0000000000000000</Data>
<Data Name="ElevatedToken">%%1842</Data>
</EventData>
</Event>

<Event xmlns="http://schemas.microsoft.com/win/2004/08/events/event"><System><Provider Name="Microsoft-Windows-Security-Auditing" Guid="{54849625-5478-4994-a5ba-3e3b0328c30d}"></Provider>
<EventID Qualifiers="">4672</EventID>
<Version>0</Version>
<Level>0</Level>
<Task>12548</Task>
<Opcode>0</Opcode>
<Keywords>0x8020000000000000</Keywords>
<TimeCreated SystemTime="2024-07-15 16:15:03.172470+00:00"></TimeCreated>
<EventRecordID>168939</EventRecordID>
<Correlation ActivityID="{5c5fefd0-d6cd-0000-eaf0-5f5ccdd6da01}" RelatedActivityID=""></Correlation>
<Execution ProcessID="684" ThreadID="764"></Execution>
<Channel>Security</Channel>
<Computer>DESKTOP-EKVR84B</Computer>
<Security UserID=""></Security>
</System>
<EventData><Data Name="SubjectUserSid">S-1-5-18</Data>
<Data Name="SubjectUserName">SYSTEM</Data>
<Data Name="SubjectDomainName">NT AUTHORITY</Data>
<Data Name="SubjectLogonId">0x00000000000003e7</Data>
<Data Name="PrivilegeList">SeAssignPrimaryTokenPrivilege
			SeTcbPrivilege
			SeSecurityPrivilege
			SeTakeOwnershipPrivilege
			SeLoadDriverPrivilege
			SeBackupPrivilege
			SeRestorePrivilege
			SeDebugPrivilege
			SeAuditPrivilege
			SeSystemEnvironmentPrivilege
			SeImpersonatePrivilege
			SeDelegateSessionUserImpersonatePrivilege</Data>
</EventData>
</Event>

<Event xmlns="http://schemas.microsoft.com/win/2004/08/events/event"><System><Provider Name="Microsoft-Windows-Security-Auditing" Guid="{54849625-5478-4994-a5ba-3e3b0328c30d}"></Provider>
<EventID Qualifiers="">4690</EventID>
<Version>0</Version>
<Level>0</Level>
<Task>12807</Task>
<Opcode>0</Opcode>
<Keywords>0x8020000000000000</Keywords>
<TimeCreated SystemTime="2024-07-15 16:15:03.246050+00:00"></TimeCreated>
<EventRecordID>168940</EventRecordID>
<Correlation ActivityID="" RelatedActivityID=""></Correlation>
<Execution ProcessID="4" ThreadID="6000"></Execution>
<Channel>Security</Channel>
<Computer>DESKTOP-EKVR84B</Computer>
<Security UserID=""></Security>
</System>
<EventData><Data Name="SubjectUserSid">S-1-5-18</Data>
<Data Name="SubjectUserName">DESKTOP-EKVR84B$</Data>
<Data Name="SubjectDomainName">WORKGROUP</Data>
<Data Name="SubjectLogonId">0x00000000000003e7</Data>
<Data Name="SourceHandleId">0x0000000000000668</Data>
<Data Name="SourceProcessId">0x0000000000000d98</Data>
<Data Name="TargetHandleId">0x0000000000004614</Data>
<Data Name="TargetProcessId">0x0000000000000004</Data>
</EventData>
</Event>

<Event xmlns="http://schemas.microsoft.com/win/2004/08/events/event"><System><Provider Name="Microsoft-Windows-Security-Auditing" Guid="{54849625-5478-4994-a5ba-3e3b0328c30d}"></Provider>
<EventID Qualifiers="">4658</EventID>
<Version>0</Version>
<Level>0</Level>
<Task>12812</Task>
<Opcode>0</Opcode>
<Keywords>0x8020000000000000</Keywords>
<TimeCreated SystemTime="2024-07-15 16:15:03.246096+00:00"></TimeCreated>
<EventRecordID>168941</EventRecordID>
<Correlation ActivityID="" RelatedActivityID=""></Correlation>
<Execution ProcessID="4" ThreadID="6000"></Execution>
<Channel>Security</Channel>
<Computer>DESKTOP-EKVR84B</Computer>
<Security UserID=""></Security>
</System>
<EventData><Data Name="SubjectUserSid">S-1-5-18</Data>
<Data Name="SubjectUserName">DESKTOP-EKVR84B$</Data>
<Data Name="SubjectDomainName">WORKGROUP</Data>
<Data Name="SubjectLogonId">0x00000000000003e7</Data>
<Data Name="ObjectServer">Security</Data>
<Data Name="HandleId">0x0000000000004614</Data>
<Data Name="ProcessId">0x0000000000000d98</Data>
<Data Name="ProcessName">C:\Windows\System32\wbem\WmiPrvSE.exe</Data>
</EventData>
</Event>

<Event xmlns="http://schemas.microsoft.com/win/2004/08/events/event"><System><Provider Name="Microsoft-Windows-Security-Auditing" Guid="{54849625-5478-4994-a5ba-3e3b0328c30d}"></Provider>
<EventID Qualifiers="">4656</EventID>
<Version>1</Version>
<Level>0</Level>
<Task>12812</Task>
<Opcode>0</Opcode>
<Keywords>0x8020000000000000</Keywords>
<TimeCreated SystemTime="2024-07-15 16:15:03.246140+00:00"></TimeCreated>
<EventRecordID>168942</EventRecordID>
<Correlation ActivityID="" RelatedActivityID=""></Correlation>
<Execution ProcessID="4" ThreadID="6000"></Execution>
<Channel>Security</Channel>
<Computer>DESKTOP-EKVR84B</Computer>
<Security UserID=""></Security>
</System>
<EventData><Data Name="SubjectUserSid">S-1-5-18</Data>
<Data Name="SubjectUserName">DESKTOP-EKVR84B$</Data>
<Data Name="SubjectDomainName">WORKGROUP</Data>
<Data Name="SubjectLogonId">0x00000000000003e7</Data>
<Data Name="ObjectServer">Security</Data>
<Data Name="ObjectType">File</Data>
<Data Name="ObjectName">\Device\0000006b</Data>
<Data Name="HandleId">0x0000000000000668</Data>
<Data Name="TransactionId">{00000000-0000-0000-0000-000000000000}</Data>
<Data Name="AccessList">%%1538
				%%1541
				%%4416
				%%4419
				%%4423
				</Data>
<Data Name="AccessReason">-</Data>
<Data Name="AccessMask">0x00120089</Data>
<Data Name="PrivilegeList">-</Data>
<Data Name="RestrictedSidCount">0</Data>
<Data Name="ProcessId">0x0000000000000d98</Data>
<Data Name="ProcessName">C:\Windows\System32\wbem\WmiPrvSE.exe</Data>
<Data Name="ResourceAttributes">-</Data>
</EventData>
</Event>

<Event xmlns="http://schemas.microsoft.com/win/2004/08/events/event"><System><Provider Name="Microsoft-Windows-Security-Auditing" Guid="{54849625-5478-4994-a5ba-3e3b0328c30d}"></Provider>
<EventID Qualifiers="">4690</EventID>
<Version>0</Version>
<Level>0</Level>
<Task>12807</Task>
<Opcode>0</Opcode>
<Keywords>0x8020000000000000</Keywords>
<TimeCreated SystemTime="2024-07-15 16:15:03.246634+00:00"></TimeCreated>
<EventRecordID>168943</EventRecordID>
<Correlation ActivityID="" RelatedActivityID=""></Correlation>
<Execution ProcessID="4" ThreadID="6000"></Execution>
<Channel>Security</Channel>
<Computer>DESKTOP-EKVR84B</Computer>
<Security UserID=""></Security>
</System>
<EventData><Data Name="SubjectUserSid">S-1-5-18</Data>
<Data Name="SubjectUserName">DESKTOP-EKVR84B$</Data>
<Data Name="SubjectDomainName">WORKGROUP</Data>
<Data Name="SubjectLogonId">0x00000000000003e7</Data>
<Data Name="SourceHandleId">0x0000000000000678</Data>
<Data Name="SourceProcessId">0x0000000000000d98</Data>
<Data Name="TargetHandleId">0x0000000000004614</Data>
<Data Name="TargetProcessId">0x0000000000000004</Data>
</EventData>
</Event>

<Event xmlns="http://schemas.microsoft.com/win/2004/08/events/event"><System><Provider Name="Microsoft-Windows-Security-Auditing" Guid="{54849625-5478-4994-a5ba-3e3b0328c30d}"></Provider>
<EventID Qualifiers="">4658</EventID>
<Version>0</Version>
<Level>0</Level>
<Task>12812</Task>
<Opcode>0</Opcode>
<Keywords>0x8020000000000000</Keywords>
<TimeCreated SystemTime="2024-07-15 16:15:03.246651+00:00"></TimeCreated>
<EventRecordID>168944</EventRecordID>
<Correlation ActivityID="" RelatedActivityID=""></Correlation>
<Execution ProcessID="4" ThreadID="6000"></Execution>
<Channel>Security</Channel>
<Computer>DESKTOP-EKVR84B</Computer>
<Security UserID=""></Security>
</System>
<EventData><Data Name="SubjectUserSid">S-1-5-18</Data>
<Data Name="SubjectUserName">DESKTOP-EKVR84B$</Data>
<Data Name="SubjectDomainName">WORKGROUP</Data>
<Data Name="SubjectLogonId">0x00000000000003e7</Data>
<Data Name="ObjectServer">Security</Data>
<Data Name="HandleId">0x0000000000004614</Data>
<Data Name="ProcessId">0x0000000000000d98</Data>
<Data Name="ProcessName">C:\Windows\System32\wbem\WmiPrvSE.exe</Data>
</EventData>
</Event>

<Event xmlns="http://schemas.microsoft.com/win/2004/08/events/event"><System><Provider Name="Microsoft-Windows-Security-Auditing" Guid="{54849625-5478-4994-a5ba-3e3b0328c30d}"></Provider>
<EventID Qualifiers="">4656</EventID>
<Version>1</Version>
<Level>0</Level>
<Task>12812</Task>
<Opcode>0</Opcode>
<Keywords>0x8020000000000000</Keywords>
<TimeCreated SystemTime="2024-07-15 16:15:03.246668+00:00"></TimeCreated>
<EventRecordID>168945</EventRecordID>
<Correlation ActivityID="" RelatedActivityID=""></Correlation>
<Execution ProcessID="4" ThreadID="6000"></Execution>
<Channel>Security</Channel>
<Computer>DESKTOP-EKVR84B</Computer>
<Security UserID=""></Security>
</System>
<EventData><Data Name="SubjectUserSid">S-1-5-18</Data>
<Data Name="SubjectUserName">DESKTOP-EKVR84B$</Data>
<Data Name="SubjectDomainName">WORKGROUP</Data>
<Data Name="SubjectLogonId">0x00000000000003e7</Data>
<Data Name="ObjectServer">Security</Data>
<Data Name="ObjectType">File</Data>
<Data Name="ObjectName">\Device\CdRom0</Data>
<Data Name="HandleId">0x0000000000000678</Data>
<Data Name="TransactionId">{00000000-0000-0000-0000-000000000000}</Data>
<Data Name="AccessList">%%1538
				%%1541
				%%4416
				%%4417
				%%4418
				%%4419
				%%4420
				%%4423
				%%4424
				</Data>
<Data Name="AccessReason">-</Data>
<Data Name="AccessMask">0x0012019f</Data>
<Data Name="PrivilegeList">-</Data>
<Data Name="RestrictedSidCount">0</Data>
<Data Name="ProcessId">0x0000000000000d98</Data>
<Data Name="ProcessName">C:\Windows\System32\wbem\WmiPrvSE.exe</Data>
<Data Name="ResourceAttributes">-</Data>
</EventData>
</Event>

<Event xmlns="http://schemas.microsoft.com/win/2004/08/events/event"><System><Provider Name="Microsoft-Windows-Security-Auditing" Guid="{54849625-5478-4994-a5ba-3e3b0328c30d}"></Provider>
<EventID Qualifiers="">4658</EventID>
<Version>0</Version>
<Level>0</Level>
<Task>12812</Task>
<Opcode>0</Opcode>
<Keywords>0x8020000000000000</Keywords>
<TimeCreated SystemTime="2024-07-15 16:15:03.246765+00:00"></TimeCreated>
<EventRecordID>168946</EventRecordID>
<Correlation ActivityID="" RelatedActivityID=""></Correlation>
<Execution ProcessID="4" ThreadID="6000"></Execution>
<Channel>Security</Channel>
<Computer>DESKTOP-EKVR84B</Computer>
<Security UserID=""></Security>
</System>
<EventData><Data Name="SubjectUserSid">S-1-5-18</Data>
<Data Name="SubjectUserName">DESKTOP-EKVR84B$</Data>
<Data Name="SubjectDomainName">WORKGROUP</Data>
<Data Name="SubjectLogonId">0x00000000000003e7</Data>
<Data Name="ObjectServer">Security</Data>
<Data Name="HandleId">0x0000000000000678</Data>
<Data Name="ProcessId">0x0000000000000d98</Data>
<Data Name="ProcessName">C:\Windows\System32\wbem\WmiPrvSE.exe</Data>
</EventData>
</Event>

<Event xmlns="http://schemas.microsoft.com/win/2004/08/events/event"><System><Provider Name="Microsoft-Windows-Security-Auditing" Guid="{54849625-5478-4994-a5ba-3e3b0328c30d}"></Provider>
<EventID Qualifiers="">4658</EventID>
<Version>0</Version>
<Level>0</Level>
<Task>12812</Task>
<Opcode>0</Opcode>
<Keywords>0x8020000000000000</Keywords>
<TimeCreated SystemTime="2024-07-15 16:15:03.246807+00:00"></TimeCreated>
<EventRecordID>168947</EventRecordID>
<Correlation ActivityID="" RelatedActivityID=""></Correlation>
<Execution ProcessID="4" ThreadID="6000"></Execution>
<Channel>Security</Channel>
<Computer>DESKTOP-EKVR84B</Computer>
<Security UserID=""></Security>
</System>
<EventData><Data Name="SubjectUserSid">S-1-5-18</Data>
<Data Name="SubjectUserName">DESKTOP-EKVR84B$</Data>
<Data Name="SubjectDomainName">WORKGROUP</Data>
<Data Name="SubjectLogonId">0x00000000000003e7</Data>
<Data Name="ObjectServer">Security</Data>
<Data Name="HandleId">0x0000000000000668</Data>
<Data Name="ProcessId">0x0000000000000d98</Data>
<Data Name="ProcessName">C:\Windows\System32\wbem\WmiPrvSE.exe</Data>
</EventData>
</Event>

